[12:27:43.499] Relay mux connected on /dev/cu.usbserial-11310
[12:27:43.502] Enrolled rods: ['1', '2', '3', '4'] (['A', 'B', 'C', 'E'])
[12:27:44.665] PicoScope opened (Ch A ±1V DC)
[12:27:44.665] 
======================================================================
[12:27:44.665]   EXPERIMENT 1: Temporal Stability (24h retest)
[12:27:44.665] ======================================================================
[12:27:44.666] 
  [Recall] Measuring 4×4 matrix...
[12:28:06.950]     Q=1: winner=Rod 1 ✓  score=+6.8  margin=+2.7
[12:28:29.121]     Q=2: winner=Rod 2 ✓  score=+7.6  margin=+3.5
[12:28:51.276]     Q=3: winner=Rod 3 ✓  score=+10.7  margin=+10.0
[12:29:13.403]     Q=4: winner=Rod 4 ✓  score=+8.4  margin=+4.9
[12:29:13.403] 
  [Recall] Accuracy: 4/4 (100%), mean margin=+5.28
[12:29:13.403] 
  [Boolean] Rod 1 vs 2 with pre-scan...
[12:29:16.802]   Rod 1 (A): 4/10 strong, thresh=383881, peaks=[1826, 2105, 2299, 2645]
[12:29:20.308]   Rod 2 (B): 7/10 strong, thresh=339331, peaks=[1203, 1617, 2118, 2924, 6303, 6507, 6793]
[12:29:22.655]     f 1  1203.2 Hz  R1=  312650  R2=  399153  R3=  508449  R4=  449735
[12:29:31.094]     f 5  2299.2 Hz  R1=25414072  R2= 5577616  R3= 4663058  R4= 4104887
[12:29:35.490]     f 7  2924.3 Hz  R1=  681880  R2=  631582  R3=  693882  R4=  542498
[12:29:35.545] 
  [Boolean] AND=100%  OR=100%  XOR=100%  Mean=100%
[12:29:35.545] 
======================================================================
[12:29:35.545]   EXPERIMENT 2: Boolean Compute — All 6 Rod Pairs
[12:29:35.545] ======================================================================
[12:29:35.545] 
  ── Pair Rod 1 vs Rod 2 ──
[12:29:38.940]   Rod 1 (A): 4/10 strong, thresh=349348, peaks=[1826, 2105, 2299, 2645]
[12:29:42.357]   Rod 2 (B): 6/10 strong, thresh=332780, peaks=[1203, 1617, 2118, 2924, 6507, 6793]
[12:29:42.413]     Union: 7 freqs (both=1, a-only=3, b-only=3, guarded=2)
[12:29:42.413]     Guard-band excluded: [6506.6, 6792.7]
[12:29:57.570]     AND=100%  OR=100%  XOR=100%  Mean=100%  Overlap=16.7%
[12:29:57.570] 
  ── Pair Rod 1 vs Rod 3 ──
[12:30:00.982]   Rod 1 (A): 5/10 strong, thresh=306985, peaks=[1826, 2105, 2299, 2645, 6023]
[12:30:04.346]   Rod 3 (C): 4/10 strong, thresh=636684, peaks=[1536, 1714, 2001, 2834]
[12:30:04.399]     Union: 6 freqs (both=0, a-only=3, b-only=3, guarded=3)
[12:30:04.399]     Guard-band excluded: [2001.1, 2104.9, 6022.8]
[12:30:17.524]     AND=100%  OR=100%  XOR=100%  Mean=100%  Overlap=0.0%
[12:30:17.524] 
  ── Pair Rod 1 vs Rod 4 ──
[12:30:20.964]   Rod 1 (A): 4/10 strong, thresh=377708, peaks=[1826, 2105, 2299, 2645]
[12:30:24.330]   Rod 4 (E): 5/10 strong, thresh=595277, peaks=[1632, 1896, 2088, 2584, 6320]
[12:30:24.383]     Union: 4 freqs (both=2, a-only=1, b-only=1, guarded=3)
[12:30:24.383]     Guard-band excluded: [1825.5, 1895.7, 6319.8]
[12:30:32.991]     AND=100%  OR=100%  XOR=100%  Mean=100%  Overlap=40.0%
[12:30:32.992] 
  ── Pair Rod 2 vs Rod 3 ──
[12:30:36.411]   Rod 2 (B): 6/10 strong, thresh=347544, peaks=[1203, 1617, 2118, 2924, 6507, 6793]
[12:30:39.768]   Rod 3 (C): 4/10 strong, thresh=657206, peaks=[1536, 1714, 2001, 2834]
[12:30:39.824]     Union: 5 freqs (both=0, a-only=3, b-only=2, guarded=5)
[12:30:39.824]     Guard-band excluded: [1536.4, 1616.9, 2833.8, 2924.3, 6506.6]
[12:30:50.575]     AND=100%  OR=100%  XOR=100%  Mean=100%  Overlap=0.0%
[12:30:50.575] 
  ── Pair Rod 2 vs Rod 4 ──
[12:30:53.961]   Rod 2 (B): 7/10 strong, thresh=344369, peaks=[1203, 1617, 2118, 2924, 6303, 6507, 6793]
[12:30:57.342]   Rod 4 (E): 5/10 strong, thresh=609181, peaks=[1632, 1896, 2088, 2584, 6320]
[12:30:57.398]     Union: 7 freqs (both=3, a-only=2, b-only=2, guarded=2)
[12:30:57.398]     Guard-band excluded: [6506.6, 6792.7]
[12:31:12.672]     AND=100%  OR=100%  XOR=100%  Mean=100%  Overlap=42.9%
[12:31:12.672] 
  ── Pair Rod 3 vs Rod 4 ──
[12:31:16.067]   Rod 3 (C): 4/10 strong, thresh=665037, peaks=[1536, 1714, 2001, 2834]
[12:31:19.434]   Rod 4 (E): 5/10 strong, thresh=591868, peaks=[1632, 1896, 2088, 2584, 6320]
[12:31:19.489]     Union: 4 freqs (both=0, a-only=2, b-only=2, guarded=5)
[12:31:19.489]     Guard-band excluded: [1631.9, 1714.2, 2001.1, 2088.0, 6319.8]
[12:31:28.251]     AND=100%  OR=100%  XOR=100%  Mean=100%  Overlap=0.0%
[12:31:28.252] 
======================================================================
[12:31:28.252]   EXPERIMENT 3: Nearest-Neighbor — All 6 Rod Pairs
[12:31:28.252] ======================================================================
[12:31:28.252] 
  ── Pair Rod 1 (→A) vs Rod 2 (→B) ──
[12:31:49.868]     α=0.0  winner=Rod 1 ✓  A=+6.8  B=-1.0
[12:32:11.654]     α=0.1  winner=Rod 1 ✓  A=+6.8  B=-1.0
[12:32:33.421]     α=0.2  winner=Rod 1 ✓  A=+6.8  B=-1.0
[12:32:55.184]     α=0.3  winner=Rod 1 ✓  A=+6.8  B=-0.9
[12:33:16.945]     α=0.4  winner=Rod 1 ✓  A=+6.9  B=-1.0
[12:33:38.907]     α=0.5  winner=Rod 1 ✓  A=+6.9  B=-0.9
[12:34:01.190]     α=0.6  winner=Rod 2 ✓  A=+1.4  B=+7.7
[12:34:23.505]     α=0.7  winner=Rod 2 ✓  A=+1.4  B=+7.7
[12:34:45.807]     α=0.8  winner=Rod 2 ✓  A=+1.4  B=+7.6
[12:35:08.058]     α=0.9  winner=Rod 2 ✓  A=+1.4  B=+7.7
[12:35:30.136]     α=1.0  winner=Rod 2 ✓  A=+1.4  B=+7.6
[12:35:30.136]     Score: 11/11 (100%), τ=1.000
[12:35:30.137] 
  ── Pair Rod 1 (→A) vs Rod 3 (→C) ──
[12:35:51.996]     α=0.0  winner=Rod 1 ✓  A=+6.8  B=+0.6
[12:36:13.797]     α=0.1  winner=Rod 1 ✓  A=+6.9  B=+0.7
[12:36:35.704]     α=0.2  winner=Rod 1 ✓  A=+6.9  B=+0.7
[12:36:57.683]     α=0.3  winner=Rod 1 ✓  A=+6.9  B=+0.6
[12:37:19.616]     α=0.4  winner=Rod 1 ✓  A=+6.9  B=+0.5
[12:37:41.520]     α=0.5  winner=Rod 1 ✓  A=+6.8  B=+0.7
[12:38:03.775]     α=0.6  winner=Rod 3 ✓  A=-0.7  B=+10.6
[12:38:25.601]     α=0.7  winner=Rod 3 ✓  A=-0.7  B=+10.6
[12:38:47.683]     α=0.8  winner=Rod 3 ✓  A=-0.7  B=+10.7
[12:39:09.893]     α=0.9  winner=Rod 3 ✓  A=-0.7  B=+10.7
[12:39:32.110]     α=1.0  winner=Rod 3 ✓  A=-0.7  B=+10.7
[12:39:32.110]     Score: 11/11 (100%), τ=1.000
[12:39:32.110] 
  ── Pair Rod 1 (→A) vs Rod 4 (→E) ──
[12:39:54.777]     α=0.0  winner=Rod 1 ✓  A=+6.8  B=+4.2
[12:40:17.374]     α=0.1  winner=Rod 1 ✓  A=+6.9  B=+4.2
[12:40:40.097]     α=0.2  winner=Rod 1 ✓  A=+6.8  B=+4.2
[12:41:02.766]     α=0.3  winner=Rod 1 ✓  A=+6.9  B=+4.2
[12:41:25.460]     α=0.4  winner=Rod 1 ✓  A=+6.8  B=+4.1
[12:41:48.103]     α=0.5  winner=Rod 1 ✓  A=+6.8  B=+4.2
[12:42:10.995]     α=0.6  winner=Rod 4 ✓  A=+3.6  B=+8.4
[12:42:33.753]     α=0.7  winner=Rod 4 ✓  A=+3.5  B=+8.4
[12:42:56.503]     α=0.8  winner=Rod 4 ✓  A=+3.6  B=+8.5
[12:43:19.209]     α=0.9  winner=Rod 4 ✓  A=+3.6  B=+8.4
[12:43:41.313]     α=1.0  winner=Rod 4 ✓  A=+3.6  B=+8.5
[12:43:41.314]     Score: 11/11 (100%), τ=1.000
[12:43:41.314] 
  ── Pair Rod 2 (→B) vs Rod 3 (→C) ──
[12:44:03.502]     α=0.0  winner=Rod 2 ✓  A=+7.6  B=+0.8
[12:44:25.879]     α=0.1  winner=Rod 2 ✓  A=+7.7  B=+0.8
[12:44:48.289]     α=0.2  winner=Rod 2 ✓  A=+7.6  B=+0.8
[12:45:10.303]     α=0.3  winner=Rod 2 ✓  A=+7.6  B=+0.8
[12:45:32.334]     α=0.4  winner=Rod 2 ✓  A=+7.6  B=+0.8
[12:45:54.468]     α=0.5  winner=Rod 2 ✓  A=+7.6  B=+0.8
[12:46:16.430]     α=0.6  winner=Rod 3 ✓  A=+0.7  B=+10.7
[12:46:38.525]     α=0.7  winner=Rod 3 ✓  A=+0.7  B=+10.7
[12:47:00.924]     α=0.8  winner=Rod 3 ✓  A=+0.7  B=+10.6
[12:47:23.112]     α=0.9  winner=Rod 3 ✓  A=+0.7  B=+10.7
[12:47:45.183]     α=1.0  winner=Rod 3 ✓  A=+0.7  B=+10.8
[12:47:45.183]     Score: 11/11 (100%), τ=1.000
[12:47:45.183] 
  ── Pair Rod 2 (→B) vs Rod 4 (→E) ──
[12:48:07.208]     α=0.0  winner=Rod 2 ✓  A=+7.6  B=+4.1
[12:48:29.337]     α=0.1  winner=Rod 2 ✓  A=+7.6  B=+4.0
[12:48:51.720]     α=0.2  winner=Rod 2 ✓  A=+7.6  B=+4.1
[12:49:13.750]     α=0.3  winner=Rod 2 ✓  A=+7.6  B=+4.1
[12:49:36.086]     α=0.4  winner=Rod 2 ✓  A=+7.6  B=+4.1
[12:49:59.050]     α=0.5  winner=Rod 2 ✓  A=+7.7  B=+4.1
[12:50:21.813]     α=0.6  winner=Rod 4 ✓  A=+0.7  B=+8.4
[12:50:44.700]     α=0.7  winner=Rod 4 ✓  A=+0.7  B=+8.4
[12:51:07.587]     α=0.8  winner=Rod 4 ✓  A=+0.7  B=+8.4
[12:51:30.362]     α=0.9  winner=Rod 4 ✓  A=+0.8  B=+8.4
[12:51:52.851]     α=1.0  winner=Rod 4 ✓  A=+0.8  B=+8.4
[12:51:52.851]     Score: 11/11 (100%), τ=1.000
[12:51:52.851] 
  ── Pair Rod 3 (→C) vs Rod 4 (→E) ──
[12:52:15.801]     α=0.0  winner=Rod 3 ✓  A=+10.7  B=+0.1
[12:52:38.658]     α=0.1  winner=Rod 3 ✓  A=+10.6  B=+0.1
[12:53:01.632]     α=0.2  winner=Rod 3 ✓  A=+10.6  B=+0.1
[12:53:24.524]     α=0.3  winner=Rod 3 ✓  A=+10.7  B=+0.2
[12:53:47.463]     α=0.4  winner=Rod 3 ✓  A=+10.7  B=+0.1
[12:54:10.233]     α=0.5  winner=Rod 3 ✓  A=+10.7  B=+0.2
[12:54:32.991]     α=0.6  winner=Rod 4 ✓  A=+0.7  B=+8.4
[12:54:55.606]     α=0.7  winner=Rod 4 ✓  A=+0.8  B=+8.5
[12:55:18.675]     α=0.8  winner=Rod 4 ✓  A=+0.8  B=+8.5
[12:55:41.768]     α=0.9  winner=Rod 4 ✓  A=+0.8  B=+8.4
[12:56:04.742]     α=1.0  winner=Rod 4 ✓  A=+0.8  B=+8.4
[12:56:04.742]     Score: 11/11 (100%), τ=1.000
[12:56:04.742] 
======================================================================
[12:56:04.742]   EXPERIMENT 4: 3-Pattern Boolean (Rods 1, 2, 3)
[12:56:04.742] ======================================================================
[12:56:04.742] 
  Pre-scan phase:
[12:56:08.229]   Rod 1 (A): 4/10 strong, thresh=391678, peaks=[1826, 2105, 2299, 2645]
[12:56:11.762]   Rod 2 (B): 7/10 strong, thresh=336515, peaks=[1203, 1617, 2118, 2924, 6303, 6507, 6793]
[12:56:15.291]   Rod 3 (C): 4/10 strong, thresh=648353, peaks=[1536, 1714, 2001, 2834]
[12:56:15.353] 
  Patterns: A=Rod 1, B=Rod 2, C=Rod 3
[12:56:15.353]   Strong: A=4, B=7, C=4
[12:56:15.353]   Classification: abc=0, ab=1, ac=0, bc=0, a=3, b=6, c=4
[12:56:15.353]   Union: 14 freqs
[12:56:15.353] 
  Measuring...
[12:56:17.631]     f 1  1203.2 Hz  R1=  314688  R2=  390220  R3=  488335  R4=  433389
[12:56:26.689]     f 5  1825.5 Hz  R1= 2789931  R2= 4346196  R3= 8667924  R4= 7648276
[12:56:37.886]     f10  2833.8 Hz  R1=  899290  R2=  735512  R3=  853390  R4=  647787
[12:56:47.045]     f14  6792.7 Hz  R1=   74720  R2=  464286  R3=  234460  R4=  284986
[12:56:47.098] 
      Freq     Cat   dA   dB   dC  AND3  OR3  MAJ  XOR3
[12:56:47.099]     1203.2  b_only    0    1    0     ✓    ✓    ✓     ✓  ✓
[12:56:47.099]     1536.4  c_only    0    0    1     ✓    ✓    ✓     ✓  ✓
[12:56:47.099]     1616.9  b_only    0    1    0     ✓    ✓    ✓     ✓  ✓
[12:56:47.099]     1714.2  c_only    0    0    1     ✓    ✓    ✓     ✓  ✓
[12:56:47.099]     1825.5  a_only    1    0    0     ✓    ✓    ✓     ✓  ✓
[12:56:47.099]     2001.1  c_only    0    0    1     ✓    ✓    ✓     ✓  ✓
[12:56:47.099]     2104.9      ab    1    1    0     ✓    ✓    ✓     ✓  ✓
[12:56:47.099]     2299.2  a_only    1    0    0     ✓    ✓    ✓     ✓  ✓
[12:56:47.099]     2644.6  a_only    1    0    0     ✓    ✓    ✓     ✓  ✓
[12:56:47.099]     2833.8  c_only    0    0    1     ✓    ✓    ✓     ✓  ✓
[12:56:47.099]     2924.3  b_only    0    1    0     ✓    ✓    ✓     ✓  ✓
[12:56:47.099]     6303.4  b_only    0    1    0     ✓    ✓    ✓     ✓  ✓
[12:56:47.099]     6506.6  b_only    0    1    0     ✓    ✓    ✓     ✓  ✓
[12:56:47.099]     6792.7  b_only    0    1    0     ✓    ✓    ✓     ✓  ✓
[12:56:47.099] 
  AND3=100%  OR3=100%  MAJ=100%  XOR3=100%  Mean=100%
[12:56:47.099] 
======================================================================
[12:56:47.099]   EXPERIMENT 5: Chained Boolean — (A AND B) XOR C
[12:56:47.099] ======================================================================
[12:56:47.099] 
  Pre-scan phase:
[12:56:50.574]   Rod 1 (A): 4/10 strong, thresh=365608, peaks=[1826, 2105, 2299, 2645]
[12:56:54.141]   Rod 2 (B): 7/10 strong, thresh=339003, peaks=[1203, 1617, 2118, 2924, 6303, 6507, 6793]
[12:56:57.656]   Rod 3 (C): 4/10 strong, thresh=662221, peaks=[1536, 1714, 2001, 2834]
[12:56:57.716] 
  Step 1: A AND B
[12:56:57.716]     A strong: [1826, 2105, 2299, 2645]
[12:56:57.716]     B strong: [1203, 1617, 2118, 2924, 6303, 6507, 6793]
[12:56:57.716]     A ∩ B (AND result): 1 freqs: [2111]
[12:56:57.716] 
  Step 2: (A AND B) XOR C
[12:56:57.716]     AND-result: [2111]
[12:56:57.716]     C strong: [1536, 1714, 2001, 2834]
[12:56:57.716]     Both: 0, AND-only: 1, C-only: 4
[12:56:57.716]     XOR expected: 5 freqs
[12:56:57.716]     Total union: 5 freqs
[12:56:57.716] 
  Physical verification:
[12:57:00.038]     f 1  1536.4 Hz  R1=  869381  R2= 1550988  R3= 3132647  R4=  940709
[12:57:08.979]     f 5  2833.8 Hz  R1=  891548  R2=  716620  R3=  833113  R4=  660270
[12:57:09.039]     f= 1536.4  cat=  c-only  dA=0 dB=0 dC=1  AND=0 XOR_C=1  exp=1  ✓
[12:57:09.040]     f= 1714.2  cat=  c-only  dA=0 dB=0 dC=1  AND=0 XOR_C=1  exp=1  ✓
[12:57:09.040]     f= 2001.1  cat=  c-only  dA=0 dB=0 dC=1  AND=0 XOR_C=1  exp=1  ✓
[12:57:09.040]     f= 2111.3  cat=and-only  dA=1 dB=1 dC=0  AND=1 XOR_C=1  exp=1  ✓
[12:57:09.040]     f= 2833.8  cat=  c-only  dA=0 dB=0 dC=1  AND=0 XOR_C=1  exp=1  ✓
[12:57:09.040] 
  Chained (A AND B) XOR C: 5/5 (100%)
[12:57:09.040] 
======================================================================
[12:57:09.040]   EXPERIMENT 6: Noise Robustness — Drive Voltage Sweep
[12:57:09.040] ======================================================================
[12:57:09.040] 
  ── Drive = 100% (2.0 Vpp) ──
[12:57:54.903]     Recall: Rod 1 ✓  margin=+2.5  Boolean: AND=100% OR=100% XOR=100% Mean=100%
[12:57:54.904] 
  ── Drive = 80% (1.6 Vpp) ──
[12:58:41.474]     Recall: Rod 1 ✓  margin=+2.6  Boolean: AND=100% OR=100% XOR=100% Mean=100%
[12:58:41.475] 
  ── Drive = 60% (1.2 Vpp) ──
[12:59:27.758]     Recall: Rod 1 ✓  margin=+3.0  Boolean: AND=100% OR=100% XOR=100% Mean=100%
[12:59:27.758] 
  ── Drive = 40% (0.8 Vpp) ──
[13:00:14.111]     Recall: Rod 1 ✓  margin=+3.3  Boolean: AND=100% OR=100% XOR=100% Mean=100%
[13:00:14.112] 
  ── Drive = 20% (0.4 Vpp) ──
[13:01:00.668]     Recall: Rod 1 ✓  margin=+3.7  Boolean: AND=100% OR=100% XOR=100% Mean=100%
[13:01:00.668] 
  ── Drive = 10% (0.2 Vpp) ──
[13:01:45.090]     Recall: Rod 1 ✓  margin=+3.6  Boolean: AND=100% OR=100% XOR=100% Mean=100%
[13:01:46.138] PicoScope closed
[13:01:46.205] 
======================================================================
[13:01:46.206]   SUITE SUMMARY
[13:01:46.206] ======================================================================
[13:01:46.206]   Temporal: Recall=100% (margin=+5.28)  Boolean=100%
[13:01:46.206]   Bool 1v2: AND=100% OR=100% XOR=100% (overlap=16.7%)
[13:01:46.206]   Bool 1v3: AND=100% OR=100% XOR=100% (overlap=0.0%)
[13:01:46.206]   Bool 1v4: AND=100% OR=100% XOR=100% (overlap=40.0%)
[13:01:46.206]   Bool 2v3: AND=100% OR=100% XOR=100% (overlap=0.0%)
[13:01:46.206]   Bool 2v4: AND=100% OR=100% XOR=100% (overlap=42.9%)
[13:01:46.206]   Bool 3v4: AND=100% OR=100% XOR=100% (overlap=0.0%)
[13:01:46.206]   NN 1→2: 11/11 τ=1.000
[13:01:46.206]   NN 1→3: 11/11 τ=1.000
[13:01:46.206]   NN 1→4: 11/11 τ=1.000
[13:01:46.206]   NN 2→3: 11/11 τ=1.000
[13:01:46.206]   NN 2→4: 11/11 τ=1.000
[13:01:46.206]   NN 3→4: 11/11 τ=1.000
[13:01:46.206]   3-Bool: AND3=100% OR3=100% MAJ=100% XOR3=100%
[13:01:46.206]   Chained: (A AND B) XOR C = 5/5 (100%)
[13:01:46.206]   Noise 100%Vpp: recall=✓ (margin=+2.5)  bool=100%
[13:01:46.206]   Noise 80%Vpp: recall=✓ (margin=+2.6)  bool=100%
[13:01:46.206]   Noise 60%Vpp: recall=✓ (margin=+3.0)  bool=100%
[13:01:46.206]   Noise 40%Vpp: recall=✓ (margin=+3.3)  bool=100%
[13:01:46.206]   Noise 20%Vpp: recall=✓ (margin=+3.7)  bool=100%
[13:01:46.206]   Noise 10%Vpp: recall=✓ (margin=+3.6)  bool=100%
[13:01:46.206] 
  Total duration: 2042s
[13:01:46.213] 
  Results saved to data/results/lab/cim_suite/suite_20260409_122740.json
