[11:07:30.052] Relay mux connected on /dev/cu.usbserial-11310
[11:07:30.054] Enrolled rods: ['1', '2', '3', '4'] (['A', 'B', 'C', 'E'])
[11:07:31.208] PicoScope opened (Ch A ±1V DC)
[11:07:31.209] 
======================================================================
[11:07:31.210]   EXPERIMENT 1: Temporal Stability (24h retest)
[11:07:31.210] ======================================================================
[11:07:31.210] 
  [Recall] Measuring 4×4 matrix...
[11:07:53.502]     Q=1: winner=Rod 1 ✓  score=+6.8  margin=+2.7
[11:08:15.572]     Q=2: winner=Rod 2 ✓  score=+7.6  margin=+3.6
[11:08:37.776]     Q=3: winner=Rod 3 ✓  score=+10.8  margin=+10.1
[11:08:59.929]     Q=4: winner=Rod 4 ✓  score=+8.5  margin=+4.9
[11:08:59.929] 
  [Recall] Accuracy: 4/4 (100%), mean margin=+5.33
[11:08:59.929] 
  [Boolean] Rod 1 vs 2 with pre-scan...
[11:09:03.303]   Rod 1 (A): 4/10 strong, thresh=382556, peaks=[1826, 2105, 2299, 2645]
[11:09:06.709]   Rod 2 (B): 6/10 strong, thresh=344274, peaks=[1203, 1617, 2118, 2924, 6507, 6793]
[11:09:08.990]     f 1  1203.2 Hz  R1=  322374  R2=  402402  R3=  502046  R4=  435394
[11:09:17.342]     f 5  2299.2 Hz  R1=25747811  R2= 5576518  R3= 4681035  R4= 4121093
[11:09:26.186]     f 9  6792.7 Hz  R1=   77192  R2=  470020  R3=  235050  R4=  286930
[11:09:26.240] 
  [Boolean] AND=100%  OR=100%  XOR=100%  Mean=100%
[11:09:26.240] 
======================================================================
[11:09:26.240]   EXPERIMENT 2: Boolean Compute — All 6 Rod Pairs
[11:09:26.240] ======================================================================
[11:09:26.240] 
  ── Pair Rod 1 vs Rod 2 ──
[11:09:29.653]   Rod 1 (A): 4/10 strong, thresh=362225, peaks=[1826, 2105, 2299, 2645]
[11:09:33.037]   Rod 2 (B): 7/10 strong, thresh=324587, peaks=[1203, 1617, 2118, 2924, 6303, 6507, 6793]
[11:09:33.089]     Union: 10 freqs (both=1, a-only=3, b-only=6)
[11:09:54.831]     AND=100%  OR=100%  XOR=100%  Mean=100%  Overlap=14.3%
[11:09:54.831] 
  ── Pair Rod 1 vs Rod 3 ──
[11:09:58.210]   Rod 1 (A): 4/10 strong, thresh=356528, peaks=[1826, 2105, 2299, 2645]
[11:10:01.646]   Rod 3 (C): 4/10 strong, thresh=670148, peaks=[1536, 1714, 2001, 2834]
[11:10:01.700]     Union: 8 freqs (both=0, a-only=4, b-only=4)
[11:10:18.828]     AND=100%  OR=100%  XOR=100%  Mean=100%  Overlap=0.0%
[11:10:18.828] 
  ── Pair Rod 1 vs Rod 4 ──
[11:10:22.188]   Rod 1 (A): 4/10 strong, thresh=339360, peaks=[1826, 2105, 2299, 2645]
[11:10:25.678]   Rod 4 (E): 5/10 strong, thresh=599390, peaks=[1632, 1896, 2088, 2584, 6320]
[11:10:25.734]     Union: 7 freqs (both=2, a-only=2, b-only=3)
[11:10:40.762]     AND=100%  OR=100%  XOR=100%  Mean=100%  Overlap=40.0%
[11:10:40.762] 
  ── Pair Rod 2 vs Rod 3 ──
[11:10:44.180]   Rod 2 (B): 7/10 strong, thresh=339911, peaks=[1203, 1617, 2118, 2924, 6303, 6507, 6793]
[11:10:47.593]   Rod 3 (C): 4/10 strong, thresh=657011, peaks=[1536, 1714, 2001, 2834]
[11:10:47.649]     Union: 11 freqs (both=0, a-only=7, b-only=4)
[11:11:11.597]     AND=100%  OR=100%  XOR=100%  Mean=100%  Overlap=0.0%
[11:11:11.598] 
  ── Pair Rod 2 vs Rod 4 ──
[11:11:14.991]   Rod 2 (B): 7/10 strong, thresh=336144, peaks=[1203, 1617, 2118, 2924, 6303, 6507, 6793]
[11:11:18.403]   Rod 4 (E): 5/10 strong, thresh=606849, peaks=[1632, 1896, 2088, 2584, 6320]
[11:11:18.458]     Union: 9 freqs (both=3, a-only=4, b-only=2)
[11:11:38.251]     AND=89%  OR=100%  XOR=89%  Mean=93%  Overlap=42.9%
[11:11:38.251] 
  ── Pair Rod 3 vs Rod 4 ──
[11:11:41.679]   Rod 3 (C): 4/10 strong, thresh=657621, peaks=[1536, 1714, 2001, 2834]
[11:11:45.091]   Rod 4 (E): 5/10 strong, thresh=585745, peaks=[1632, 1896, 2088, 2584, 6320]
[11:11:45.146]     Union: 9 freqs (both=0, a-only=4, b-only=5)
[11:12:04.625]     AND=100%  OR=100%  XOR=100%  Mean=100%  Overlap=0.0%
[11:12:04.625] 
======================================================================
[11:12:04.625]   EXPERIMENT 3: Nearest-Neighbor — All 6 Rod Pairs
[11:12:04.625] ======================================================================
[11:12:04.625] 
  ── Pair Rod 1 (→A) vs Rod 2 (→B) ──
[11:12:26.680]     α=0.0  winner=Rod 1 ✓  A=+6.8  B=-1.0
[11:12:48.636]     α=0.1  winner=Rod 1 ✓  A=+6.9  B=-1.0
[11:13:10.720]     α=0.2  winner=Rod 1 ✓  A=+7.1  B=-0.9
[11:13:32.818]     α=0.3  winner=Rod 1 ✓  A=+6.8  B=-0.9
[11:13:54.964]     α=0.4  winner=Rod 1 ✓  A=+6.8  B=-0.9
[11:14:16.704]     α=0.5  winner=Rod 1 ✓  A=+7.0  B=-0.9
[11:14:38.794]     α=0.6  winner=Rod 2 ✓  A=+1.4  B=+7.6
[11:15:00.851]     α=0.7  winner=Rod 2 ✓  A=+1.4  B=+7.5
[11:15:23.114]     α=0.8  winner=Rod 2 ✓  A=+1.4  B=+7.7
[11:15:45.183]     α=0.9  winner=Rod 2 ✓  A=+1.4  B=+7.7
[11:16:07.222]     α=1.0  winner=Rod 2 ✓  A=+1.4  B=+7.6
[11:16:07.222]     Score: 11/11 (100%), τ=1.000
[11:16:07.222] 
  ── Pair Rod 1 (→A) vs Rod 3 (→C) ──
[11:16:29.169]     α=0.0  winner=Rod 1 ✓  A=+7.0  B=+0.6
[11:16:51.088]     α=0.1  winner=Rod 1 ✓  A=+6.8  B=+0.7
[11:17:13.098]     α=0.2  winner=Rod 1 ✓  A=+6.7  B=+0.7
[11:17:35.021]     α=0.3  winner=Rod 1 ✓  A=+6.9  B=+0.7
[11:17:56.823]     α=0.4  winner=Rod 1 ✓  A=+6.9  B=+0.7
[11:18:18.804]     α=0.5  winner=Rod 1 ✓  A=+6.8  B=+0.7
[11:18:41.120]     α=0.6  winner=Rod 3 ✓  A=-0.7  B=+10.7
[11:19:03.308]     α=0.7  winner=Rod 3 ✓  A=-0.7  B=+10.7
[11:19:25.343]     α=0.8  winner=Rod 3 ✓  A=-0.7  B=+10.7
[11:19:47.420]     α=0.9  winner=Rod 3 ✓  A=-0.8  B=+10.6
[11:20:10.060]     α=1.0  winner=Rod 3 ✓  A=-0.8  B=+10.7
[11:20:10.060]     Score: 11/11 (100%), τ=1.000
[11:20:10.060] 
  ── Pair Rod 1 (→A) vs Rod 4 (→E) ──
[11:20:32.821]     α=0.0  winner=Rod 1 ✓  A=+7.0  B=+4.1
[11:20:55.530]     α=0.1  winner=Rod 1 ✓  A=+6.7  B=+4.2
[11:21:18.157]     α=0.2  winner=Rod 1 ✓  A=+6.8  B=+4.1
[11:21:41.122]     α=0.3  winner=Rod 1 ✓  A=+6.8  B=+4.2
[11:22:03.936]     α=0.4  winner=Rod 1 ✓  A=+7.0  B=+4.1
[11:22:26.804]     α=0.5  winner=Rod 1 ✓  A=+7.0  B=+4.2
[11:22:49.809]     α=0.6  winner=Rod 4 ✓  A=+3.6  B=+8.4
[11:23:12.738]     α=0.7  winner=Rod 4 ✓  A=+3.6  B=+8.4
[11:23:35.841]     α=0.8  winner=Rod 4 ✓  A=+3.6  B=+8.4
[11:23:58.602]     α=0.9  winner=Rod 4 ✓  A=+3.5  B=+8.4
[11:24:21.424]     α=1.0  winner=Rod 4 ✓  A=+3.6  B=+8.4
[11:24:21.424]     Score: 11/11 (100%), τ=1.000
[11:24:21.424] 
  ── Pair Rod 2 (→B) vs Rod 3 (→C) ──
[11:24:44.286]     α=0.0  winner=Rod 2 ✓  A=+7.6  B=+0.8
[11:25:07.234]     α=0.1  winner=Rod 2 ✓  A=+7.7  B=+0.8
[11:25:30.085]     α=0.2  winner=Rod 2 ✓  A=+7.6  B=+0.8
[11:25:53.218]     α=0.3  winner=Rod 2 ✓  A=+7.6  B=+0.8
[11:26:16.009]     α=0.4  winner=Rod 2 ✓  A=+7.6  B=+0.8
[11:26:38.974]     α=0.5  winner=Rod 2 ✓  A=+7.6  B=+0.8
[11:27:02.105]     α=0.6  winner=Rod 3 ✓  A=+0.7  B=+10.7
[11:27:25.183]     α=0.7  winner=Rod 3 ✓  A=+0.7  B=+10.7
[11:27:48.217]     α=0.8  winner=Rod 3 ✓  A=+0.7  B=+10.7
[11:28:11.150]     α=0.9  winner=Rod 3 ✓  A=+0.7  B=+10.6
[11:28:33.953]     α=1.0  winner=Rod 3 ✓  A=+0.8  B=+10.6
[11:28:33.953]     Score: 11/11 (100%), τ=1.000
[11:28:33.953] 
  ── Pair Rod 2 (→B) vs Rod 4 (→E) ──
[11:28:56.756]     α=0.0  winner=Rod 2 ✓  A=+7.5  B=+4.0
[11:29:18.913]     α=0.1  winner=Rod 2 ✓  A=+7.6  B=+4.1
[11:29:41.081]     α=0.2  winner=Rod 2 ✓  A=+7.6  B=+4.0
[11:30:03.253]     α=0.3  winner=Rod 2 ✓  A=+7.7  B=+4.0
[11:30:25.233]     α=0.4  winner=Rod 2 ✓  A=+7.7  B=+4.1
[11:30:47.415]     α=0.5  winner=Rod 2 ✓  A=+7.6  B=+4.1
[11:31:09.483]     α=0.6  winner=Rod 4 ✓  A=+0.8  B=+8.4
[11:31:31.371]     α=0.7  winner=Rod 4 ✓  A=+0.8  B=+8.4
[11:31:53.446]     α=0.8  winner=Rod 4 ✓  A=+0.8  B=+8.4
[11:32:15.538]     α=0.9  winner=Rod 4 ✓  A=+0.8  B=+8.4
[11:32:37.880]     α=1.0  winner=Rod 4 ✓  A=+0.7  B=+8.4
[11:32:37.881]     Score: 11/11 (100%), τ=1.000
[11:32:37.881] 
  ── Pair Rod 3 (→C) vs Rod 4 (→E) ──
[11:33:00.045]     α=0.0  winner=Rod 3 ✓  A=+10.6  B=+0.1
[11:33:22.170]     α=0.1  winner=Rod 3 ✓  A=+10.6  B=+0.2
[11:33:44.562]     α=0.2  winner=Rod 3 ✓  A=+10.8  B=+0.2
[11:34:06.834]     α=0.3  winner=Rod 3 ✓  A=+10.8  B=+0.2
[11:34:28.979]     α=0.4  winner=Rod 3 ✓  A=+10.7  B=+0.2
[11:34:51.987]     α=0.5  winner=Rod 3 ✓  A=+10.8  B=+0.2
[11:35:14.866]     α=0.6  winner=Rod 4 ✓  A=+0.7  B=+8.4
[11:35:37.570]     α=0.7  winner=Rod 4 ✓  A=+0.8  B=+8.4
[11:36:00.284]     α=0.8  winner=Rod 4 ✓  A=+0.7  B=+8.4
[11:36:23.275]     α=0.9  winner=Rod 4 ✓  A=+0.8  B=+8.4
[11:36:46.103]     α=1.0  winner=Rod 4 ✓  A=+0.7  B=+8.4
[11:36:46.104]     Score: 11/11 (100%), τ=1.000
[11:36:46.104] 
======================================================================
[11:36:46.104]   EXPERIMENT 4: 3-Pattern Boolean (Rods 1, 2, 3)
[11:36:46.104] ======================================================================
[11:36:46.104] 
  Pre-scan phase:
[11:36:49.600]   Rod 1 (A): 4/10 strong, thresh=361185, peaks=[1826, 2105, 2299, 2645]
[11:36:53.147]   Rod 2 (B): 7/10 strong, thresh=331998, peaks=[1203, 1617, 2118, 2924, 6303, 6507, 6793]
[11:36:56.576]   Rod 3 (C): 4/10 strong, thresh=649449, peaks=[1536, 1714, 2001, 2834]
[11:36:56.636] 
  Patterns: A=Rod 1, B=Rod 2, C=Rod 3
[11:36:56.636]   Strong: A=4, B=7, C=4
[11:36:56.636]   Classification: abc=0, ab=1, ac=0, bc=0, a=3, b=6, c=4
[11:36:56.636]   Union: 14 freqs
[11:36:56.636] 
  Measuring...
[11:36:58.940]     f 1  1203.2 Hz  R1=  312425  R2=  400731  R3=  498402  R4=  452185
[11:37:07.959]     f 5  1825.5 Hz  R1= 2859461  R2= 4386564  R3= 8845340  R4= 7824583
[11:37:18.995]     f10  2833.8 Hz  R1=  894297  R2=  718533  R3=  836114  R4=  650294
[11:37:28.179]     f14  6792.7 Hz  R1=   76149  R2=  466530  R3=  236462  R4=  288015
[11:37:28.230] 
      Freq     Cat   dA   dB   dC  AND3  OR3  MAJ  XOR3
[11:37:28.230]     1203.2  b_only    0    1    0     ✓    ✓    ✓     ✓  ✓
[11:37:28.230]     1536.4  c_only    0    0    1     ✓    ✓    ✓     ✓  ✓
[11:37:28.230]     1616.9  b_only    0    1    0     ✓    ✓    ✓     ✓  ✓
[11:37:28.230]     1714.2  c_only    0    0    1     ✓    ✓    ✓     ✓  ✓
[11:37:28.230]     1825.5  a_only    1    0    0     ✓    ✓    ✓     ✓  ✓
[11:37:28.230]     2001.1  c_only    0    0    1     ✓    ✓    ✓     ✓  ✓
[11:37:28.230]     2104.9      ab    1    1    0     ✓    ✓    ✓     ✓  ✓
[11:37:28.230]     2299.2  a_only    1    0    0     ✓    ✓    ✓     ✓  ✓
[11:37:28.230]     2644.6  a_only    1    0    0     ✓    ✓    ✓     ✓  ✓
[11:37:28.230]     2833.8  c_only    0    0    1     ✓    ✓    ✓     ✓  ✓
[11:37:28.230]     2924.3  b_only    0    1    0     ✓    ✓    ✓     ✓  ✓
[11:37:28.230]     6303.4  b_only    0    1    0     ✓    ✓    ✓     ✓  ✓
[11:37:28.230]     6506.6  b_only    0    1    0     ✓    ✓    ✓     ✓  ✓
[11:37:28.230]     6792.7  b_only    0    1    0     ✓    ✓    ✓     ✓  ✓
[11:37:28.230] 
  AND3=100%  OR3=100%  MAJ=100%  XOR3=100%  Mean=100%
[11:37:28.230] 
======================================================================
[11:37:28.230]   EXPERIMENT 5: Chained Boolean — (A AND B) XOR C
[11:37:28.230] ======================================================================
[11:37:28.230] 
  Pre-scan phase:
[11:37:31.627]   Rod 1 (A): 4/10 strong, thresh=390780, peaks=[1826, 2105, 2299, 2645]
[11:37:35.094]   Rod 2 (B): 6/10 strong, thresh=339985, peaks=[1203, 1617, 2118, 2924, 6507, 6793]
[11:37:38.527]   Rod 3 (C): 4/10 strong, thresh=650753, peaks=[1536, 1714, 2001, 2834]
[11:37:38.580] 
  Step 1: A AND B
[11:37:38.580]     A strong: [1826, 2105, 2299, 2645]
[11:37:38.580]     B strong: [1203, 1617, 2118, 2924, 6507, 6793]
[11:37:38.580]     A ∩ B (AND result): 1 freqs: [2111]
[11:37:38.580] 
  Step 2: (A AND B) XOR C
[11:37:38.580]     AND-result: [2111]
[11:37:38.580]     C strong: [1536, 1714, 2001, 2834]
[11:37:38.580]     Both: 0, AND-only: 1, C-only: 4
[11:37:38.580]     XOR expected: 5 freqs
[11:37:38.580]     Total union: 5 freqs
[11:37:38.580] 
  Physical verification:
[11:37:40.855]     f 1  1536.4 Hz  R1=  894838  R2= 1563230  R3= 3139105  R4=  940729
[11:37:49.656]     f 5  2833.8 Hz  R1=  887632  R2=  711805  R3=  837888  R4=  640074
[11:37:49.715]     f= 1536.4  cat=  c-only  dA=0 dB=0 dC=1  AND=0 XOR_C=1  exp=1  ✓
[11:37:49.716]     f= 1714.2  cat=  c-only  dA=0 dB=0 dC=1  AND=0 XOR_C=1  exp=1  ✓
[11:37:49.716]     f= 2001.1  cat=  c-only  dA=0 dB=0 dC=1  AND=0 XOR_C=1  exp=1  ✓
[11:37:49.716]     f= 2111.3  cat=and-only  dA=1 dB=1 dC=0  AND=1 XOR_C=1  exp=1  ✓
[11:37:49.717]     f= 2833.8  cat=  c-only  dA=0 dB=0 dC=1  AND=0 XOR_C=1  exp=1  ✓
[11:37:49.717] 
  Chained (A AND B) XOR C: 5/5 (100%)
[11:37:49.717] 
======================================================================
[11:37:49.717]   EXPERIMENT 6: Noise Robustness — Drive Voltage Sweep
[11:37:49.717] ======================================================================
[11:37:49.717] 
  ── Drive = 100% (2.0 Vpp) ──
[11:38:42.214]     Recall: Rod 1 ✓  margin=+2.5  Boolean: AND=100% OR=100% XOR=100% Mean=100%
[11:38:42.214] 
  ── Drive = 80% (1.6 Vpp) ──
[11:39:34.787]     Recall: Rod 1 ✓  margin=+2.8  Boolean: AND=100% OR=100% XOR=100% Mean=100%
[11:39:34.787] 
  ── Drive = 60% (1.2 Vpp) ──
[11:40:27.213]     Recall: Rod 1 ✓  margin=+3.0  Boolean: AND=100% OR=100% XOR=100% Mean=100%
[11:40:27.213] 
  ── Drive = 40% (0.8 Vpp) ──
[11:41:20.377]     Recall: Rod 1 ✓  margin=+3.1  Boolean: AND=100% OR=100% XOR=100% Mean=100%
[11:41:20.377] 
  ── Drive = 20% (0.4 Vpp) ──
[11:42:14.368]     Recall: Rod 1 ✓  margin=+3.4  Boolean: AND=100% OR=100% XOR=100% Mean=100%
[11:42:14.368] 
  ── Drive = 10% (0.2 Vpp) ──
[11:43:03.698]     Recall: Rod 1 ✓  margin=+4.2  Boolean: AND=100% OR=100% XOR=100% Mean=100%
[11:43:04.760] PicoScope closed
[11:43:04.821] 
======================================================================
[11:43:04.821]   SUITE SUMMARY
[11:43:04.821] ======================================================================
[11:43:04.821]   Temporal: Recall=100% (margin=+5.33)  Boolean=100%
[11:43:04.821]   Bool 1v2: AND=100% OR=100% XOR=100% (overlap=14.3%)
[11:43:04.821]   Bool 1v3: AND=100% OR=100% XOR=100% (overlap=0.0%)
[11:43:04.821]   Bool 1v4: AND=100% OR=100% XOR=100% (overlap=40.0%)
[11:43:04.821]   Bool 2v3: AND=100% OR=100% XOR=100% (overlap=0.0%)
[11:43:04.821]   Bool 2v4: AND=89% OR=100% XOR=89% (overlap=42.9%)
[11:43:04.821]   Bool 3v4: AND=100% OR=100% XOR=100% (overlap=0.0%)
[11:43:04.821]   NN 1→2: 11/11 τ=1.000
[11:43:04.821]   NN 1→3: 11/11 τ=1.000
[11:43:04.821]   NN 1→4: 11/11 τ=1.000
[11:43:04.821]   NN 2→3: 11/11 τ=1.000
[11:43:04.821]   NN 2→4: 11/11 τ=1.000
[11:43:04.821]   NN 3→4: 11/11 τ=1.000
[11:43:04.821]   3-Bool: AND3=100% OR3=100% MAJ=100% XOR3=100%
[11:43:04.821]   Chained: (A AND B) XOR C = 5/5 (100%)
[11:43:04.821]   Noise 100%Vpp: recall=✓ (margin=+2.5)  bool=100%
[11:43:04.821]   Noise 80%Vpp: recall=✓ (margin=+2.8)  bool=100%
[11:43:04.821]   Noise 60%Vpp: recall=✓ (margin=+3.0)  bool=100%
[11:43:04.821]   Noise 40%Vpp: recall=✓ (margin=+3.1)  bool=100%
[11:43:04.821]   Noise 20%Vpp: recall=✓ (margin=+3.4)  bool=100%
[11:43:04.821]   Noise 10%Vpp: recall=✓ (margin=+4.2)  bool=100%
[11:43:04.821] 
  Total duration: 2134s
[11:43:04.825] 
  Results saved to data/results/lab/cim_suite/suite_20260409_110727.json
