[23:20:17.302] Relay mux connected on /dev/cu.usbserial-11310
[23:20:17.304] ======================================================================
[23:20:17.304]   HARDWARE BOOLEAN COMPUTE — Cross-Relay Normalization
[23:20:17.304] ======================================================================
[23:20:17.304]   Pattern A: Rod 1 (A) — 10 peaks
[23:20:17.304]   Pattern B: Rod 2 (B) — 10 peaks
[23:20:17.304]   Sense rods: ALL ['1', '2', '3', '4'] (cross-relay normalization)
[23:20:17.304]   Frequency classification (at 3% tolerance):
[23:20:17.304]     Both A∩B:  1 freqs
[23:20:17.304]     A only:    9 freqs
[23:20:17.304]     B only:    9 freqs
[23:20:17.304]     Union A∪B: 19 freqs
[23:20:17.304]   Relay mux: /dev/cu.usbserial-11310
[23:20:17.304] 
[23:20:18.476] PicoScope opened (Ch A ±1V DC)
[23:20:20.857]   f 1   516.8 Hz  R1=   51931  R2=   50618  R3=   48735  R4=   44425
[23:20:23.235]   f 2   709.4 Hz  R1=   64307  R2=   68406  R3=   90307  R4=   73675
[23:20:25.609]   f 3   891.3 Hz  R1=  109374  R2=   91663  R3=  174047  R4=  144039
[23:20:27.923]   f 4  1026.0 Hz  R1=  201991  R2=  175301  R3=  227775  R4=  227439
[23:20:30.244]   f 5  1127.2 Hz  R1=  265324  R2=  293896  R3=  365767  R4=  319736
[23:20:32.628]   f 6  1203.2 Hz  R1=  334991  R2=  387451  R3=  554894  R4=  449640
[23:20:34.944]   f 7  1616.9 Hz  R1= 1295742  R2= 2238947  R3= 1459494  R4= 3287761
[23:20:37.051]   f 8  1825.5 Hz  R1= 2678248  R2= 4190867  R3= 9281302  R4= 7854956
[23:20:39.073]   f 9  2111.3 Hz  R1=19064024  R2=49539463  R3=28505720  R4=30767569
[23:20:41.157]   f10  2299.2 Hz  R1=25475137  R2= 5613935  R3= 4460553  R4= 4182401
[23:20:43.501]   f11  2644.6 Hz  R1= 1548035  R2= 1319407  R3= 1145156  R4=  971894
[23:20:45.930]   f12  2924.3 Hz  R1=  681034  R2=  633745  R3=  673899  R4=  538949
[23:20:48.251]   f13  5197.8 Hz  R1=   23919  R2=   49989  R3=   34896  R4=   36021
[23:20:50.554]   f14  5460.7 Hz  R1=   15962  R2=   27649  R3=   64154  R4=   22481
[23:20:52.970]   f15  5689.9 Hz  R1=   12338  R2=   23033  R3=  201708  R4=   11562
[23:20:55.287]   f16  6022.8 Hz  R1=  245017  R2=  651553  R3=  327950  R4= 1020016
[23:20:57.573]   f17  6303.4 Hz  R1=  416998  R2=  349914  R3=  173161  R4=  875363
[23:20:59.875]   f18  6506.6 Hz  R1= 1173042  R2=  591667  R3=  110258  R4=  926429
[23:21:02.171]   f19  6792.7 Hz  R1=   81307  R2=  482232  R3=  228399  R4=  280435
[23:21:03.251] PicoScope closed
[23:21:03.251] 
======================================================================
[23:21:03.251]   RESULTS — Cross-Relay Normalization
[23:21:03.251] ======================================================================
[23:21:03.251] 
  Detection threshold: 30% of cross-relay total
[23:21:03.251] 
      Freq      Cat  frac_A  frac_B  det_A  det_B   AND   OR   XOR   ok
[23:21:03.252]   ────────  ───────  ──────  ──────  ─────  ─────  ────  ───  ────  ───
[23:21:03.252]      516.8   a-only   0.265   0.259      ✗      ✓     ✓    ✗     ✗    ✗
[23:21:03.252]      709.4   b-only   0.217   0.231      ✓      ✗     ✓    ✗     ✗    ✗
[23:21:03.252]      891.3   a-only   0.211   0.177      ✗      ✓     ✓    ✗     ✗    ✗
[23:21:03.252]     1026.0   b-only   0.243   0.211      ✓      ✗     ✓    ✗     ✗    ✗
[23:21:03.252]     1127.2   a-only   0.213   0.236      ✗      ✓     ✓    ✗     ✗    ✗
[23:21:03.252]     1203.2   b-only   0.194   0.224      ✓      ✗     ✓    ✗     ✗    ✗
[23:21:03.252]     1616.9   b-only   0.156   0.270      ✓      ✗     ✓    ✗     ✗    ✗
[23:21:03.252]     1825.5   a-only   0.112   0.175      ✗      ✓     ✓    ✗     ✗    ✗
[23:21:03.252]     2111.3     both   0.149   0.387      ✗      ✓     ✗    ✓     ✗    ✗
[23:21:03.252]     2299.2   a-only   0.641   0.141      ✓      ✓     ✓    ✓     ✓    ✓
[23:21:03.252]     2644.6   a-only   0.311   0.265      ✓      ✓     ✓    ✓     ✓    ✓
[23:21:03.252]     2924.3   b-only   0.269   0.251      ✓      ✗     ✓    ✗     ✗    ✗
[23:21:03.252]     5197.8   a-only   0.165   0.345      ✗      ✓     ✓    ✗     ✗    ✗
[23:21:03.252]     5460.7   a-only   0.123   0.212      ✗      ✓     ✓    ✗     ✗    ✗
[23:21:03.252]     5689.9   b-only   0.050   0.093      ✓      ✗     ✓    ✗     ✗    ✗
[23:21:03.252]     6022.8   a-only   0.109   0.290      ✗      ✓     ✓    ✗     ✗    ✗
[23:21:03.252]     6303.4   b-only   0.230   0.193      ✓      ✗     ✓    ✗     ✗    ✗
[23:21:03.252]     6506.6   b-only   0.419   0.211      ✗      ✗     ✓    ✓     ✓    ✓
[23:21:03.253]     6792.7   b-only   0.076   0.450      ✓      ✓     ✓    ✓     ✓    ✓
[23:21:03.253] 
  ─── Summary ───
[23:21:03.253]   AND fidelity: 18/19 (95%)
[23:21:03.253]   OR  fidelity: 5/19 (26%)
[23:21:03.253]   XOR fidelity: 4/19 (21%)
[23:21:03.253]   Mean fidelity: 47%
[23:21:03.253]   Mean frac_A (A-peaks): 0.230
[23:21:03.253]   Mean frac_B (B-peaks): 0.252
[23:21:03.253]   Duration: 45.9s
[23:21:03.317] 
Results saved to data/results/lab/boolean_compute/bool_20260408_232014.json
