[23:34:13.965] Relay mux connected on /dev/cu.usbserial-11310
[23:34:15.125] PicoScope opened (Ch A ±1V DC)
[23:34:15.126] ======================================================================
[23:34:15.126]   HARDWARE BOOLEAN COMPUTE — Per-Rod Self-Response Detection
[23:34:15.126] ======================================================================
[23:34:15.236] 
  Pre-scan Rod 1 (A) — 10 peaks:
[23:34:15.603]     f 1=  516.8 Hz  mag=       43982
[23:34:15.944]     f 2=  891.3 Hz  mag=      106480
[23:34:16.290]     f 3= 1127.2 Hz  mag=      254185
[23:34:16.614]     f 4= 1825.5 Hz  mag=     2660384
[23:34:16.925]     f 5= 2104.9 Hz  mag=    21146626
[23:34:17.235]     f 6= 2299.2 Hz  mag=    25367065
[23:34:17.583]     f 7= 2644.6 Hz  mag=     1540164
[23:34:17.959]     f 8= 5197.8 Hz  mag=       27741
[23:34:18.308]     f 9= 5460.7 Hz  mag=       16684
[23:34:18.658]     f10= 6022.8 Hz  mag=      232389
[23:34:18.668]     Threshold: 342065  Strong: 4/10  Weak: 6/10
[23:34:18.668]     Strong peaks: [1826, 2105, 2299, 2645]
[23:34:18.774] 
  Pre-scan Rod 2 (B) — 10 peaks:
[23:34:19.109]     f 1=  709.4 Hz  mag=       73340
[23:34:19.445]     f 2= 1026.0 Hz  mag=      177423
[23:34:19.777]     f 3= 1203.2 Hz  mag=      373393
[23:34:20.123]     f 4= 1616.9 Hz  mag=     2246746
[23:34:20.438]     f 5= 2117.8 Hz  mag=    53248381
[23:34:20.794]     f 6= 2924.3 Hz  mag=      646954
[23:34:21.137]     f 7= 5689.9 Hz  mag=       25718
[23:34:21.495]     f 8= 6303.4 Hz  mag=      360778
[23:34:21.857]     f 9= 6506.6 Hz  mag=      604390
[23:34:22.196]     f10= 6792.7 Hz  mag=      457154
[23:34:22.196]     Threshold: 338799  Strong: 7/10  Weak: 3/10
[23:34:22.196]     Strong peaks: [1203, 1617, 2118, 2924, 6303, 6507, 6793]
[23:34:22.252] 
  Pattern A: Rod 1 (A) — 4 strong peaks
[23:34:22.252]   Pattern B: Rod 2 (B) — 7 strong peaks
[23:34:22.252]   Sense rods: ALL ['1', '2', '3', '4']
[23:34:22.252]   Frequency classification (at 3% tolerance):
[23:34:22.252]     Both A∩B:  1 freqs
[23:34:22.252]     A only:    3 freqs
[23:34:22.252]     B only:    6 freqs
[23:34:22.252]     Union A∪B: 10 freqs
[23:34:22.252]   Relay mux: /dev/cu.usbserial-11310
[23:34:22.252] 
[23:34:24.567]   f 1  1203.2 Hz  R1=  334586  R2=  392703  R3=  551567  R4=  455021
[23:34:26.815]   f 2  1616.9 Hz  R1= 1290650  R2= 2235043  R3= 1444225  R4= 3244640
[23:34:28.894]   f 3  1825.5 Hz  R1= 2672618  R2= 4224306  R3= 9352999  R4= 7912258
[23:34:30.937]   f 4  2111.3 Hz  R1=18829600  R2=49645764  R3=28463288  R4=30930070
[23:34:33.043]   f 5  2299.2 Hz  R1=25363615  R2= 5611046  R3= 4429306  R4= 4168657
[23:34:35.364]   f 6  2644.6 Hz  R1= 1541753  R2= 1316881  R3= 1201499  R4=  969249
[23:34:37.728]   f 7  2924.3 Hz  R1=  686228  R2=  651021  R3=  688286  R4=  545250
[23:34:40.014]   f 8  6303.4 Hz  R1=  428111  R2=  348012  R3=  157598  R4=  875257
[23:34:42.349]   f 9  6506.6 Hz  R1= 1158836  R2=  611458  R3=  111763  R4=  914775
[23:34:44.662]   f10  6792.7 Hz  R1=   71929  R2=  470162  R3=  244100  R4=  282345
[23:34:45.736] PicoScope closed
[23:34:45.736] 
======================================================================
[23:34:45.736]   RESULTS — Per-Rod Self-Response Detection
[23:34:45.736] ======================================================================
[23:34:45.736] 
  Rod 1: weakest strong peak self-mag=1541753  threshold=770877
[23:34:45.737] 
  Rod 2: weakest strong peak self-mag=348012  threshold=174006
[23:34:45.737] 
      Freq      Cat       mag_A       mag_B  det_A  det_B   AND   OR   XOR   ok
[23:34:45.737]   ────────  ───────  ──────────  ──────────  ─────  ─────  ────  ───  ────  ───
[23:34:45.737]     1203.2   b-only      334586      392703      ✓      ✓     ✓    ✓     ✓    ✓
[23:34:45.737]     1616.9   b-only     1290650     2235043      ✓      ✓     ✓    ✓     ✓    ✓
[23:34:45.737]     1825.5   a-only     2672618     4224306      ✓      ✓     ✓    ✓     ✓    ✓
[23:34:45.737]     2111.3     both    18829600    49645764      ✓      ✓     ✓    ✓     ✓    ✓
[23:34:45.737]     2299.2   a-only    25363615     5611046      ✓      ✓     ✓    ✓     ✓    ✓
[23:34:45.737]     2644.6   a-only     1541753     1316881      ✓      ✓     ✓    ✓     ✓    ✓
[23:34:45.737]     2924.3   b-only      686228      651021      ✓      ✓     ✓    ✓     ✓    ✓
[23:34:45.737]     6303.4   b-only      428111      348012      ✓      ✓     ✓    ✓     ✓    ✓
[23:34:45.737]     6506.6   b-only     1158836      611458      ✓      ✓     ✓    ✓     ✓    ✓
[23:34:45.737]     6792.7   b-only       71929      470162      ✓      ✓     ✓    ✓     ✓    ✓
[23:34:45.737] 
  ─── Summary ───
[23:34:45.737]   AND fidelity: 10/10 (100%)
[23:34:45.737]   OR  fidelity: 10/10 (100%)
[23:34:45.737]   XOR fidelity: 10/10 (100%)
[23:34:45.737]   Mean fidelity: 100%
[23:34:45.737]   Rod thresholds: A=770877  B=174006
[23:34:45.737]   Duration: 31.8s
[23:34:45.797] 
Results saved to data/results/lab/boolean_compute/bool_20260408_233411.json
