[23:28:02.056] Relay mux connected on /dev/cu.usbserial-11310
[23:28:02.058] ======================================================================
[23:28:02.058]   HARDWARE BOOLEAN COMPUTE — Cross-Relay Normalization
[23:28:02.058] ======================================================================
[23:28:02.058]   Pattern A: Rod 1 (A) — 10 peaks
[23:28:02.058]   Pattern B: Rod 2 (B) — 10 peaks
[23:28:02.059]   Sense rods: ALL ['1', '2', '3', '4'] (cross-relay normalization)
[23:28:02.059]   Frequency classification (at 3% tolerance):
[23:28:02.059]     Both A∩B:  1 freqs
[23:28:02.059]     A only:    9 freqs
[23:28:02.059]     B only:    9 freqs
[23:28:02.059]     Union A∪B: 19 freqs
[23:28:02.059]   Relay mux: /dev/cu.usbserial-11310
[23:28:02.059] 
[23:28:03.227] PicoScope opened (Ch A ±1V DC)
[23:28:05.604]   f 1   516.8 Hz  R1=   42050  R2=   45741  R3=   53905  R4=   41045
[23:28:07.914]   f 2   709.4 Hz  R1=   68481  R2=   62669  R3=   85747  R4=   66847
[23:28:10.260]   f 3   891.3 Hz  R1=  106438  R2=  104517  R3=  174928  R4=  147082
[23:28:12.593]   f 4  1026.0 Hz  R1=  202746  R2=  171411  R3=  236431  R4=  214898
[23:28:14.966]   f 5  1127.2 Hz  R1=  274760  R2=  287242  R3=  373041  R4=  334232
[23:28:17.280]   f 6  1203.2 Hz  R1=  321542  R2=  387600  R3=  556383  R4=  441769
[23:28:19.525]   f 7  1616.9 Hz  R1= 1301306  R2= 2235229  R3= 1437929  R4= 3269363
[23:28:21.662]   f 8  1825.5 Hz  R1= 2673439  R2= 4212373  R3= 9310439  R4= 7876342
[23:28:23.715]   f 9  2111.3 Hz  R1=18939248  R2=49618468  R3=28520901  R4=30818066
[23:28:25.839]   f10  2299.2 Hz  R1=25428848  R2= 5619598  R3= 4476360  R4= 4173991
[23:28:28.168]   f11  2644.6 Hz  R1= 1543698  R2= 1315231  R3= 1141867  R4=  961143
[23:28:30.481]   f12  2924.3 Hz  R1=  675884  R2=  634938  R3=  671450  R4=  557932
[23:28:32.811]   f13  5197.8 Hz  R1=   24938  R2=   49970  R3=   35271  R4=   40266
[23:28:35.179]   f14  5460.7 Hz  R1=   15582  R2=   25808  R3=   63284  R4=   23993
[23:28:37.489]   f15  5689.9 Hz  R1=   13127  R2=   25334  R3=  212979  R4=   18677
[23:28:39.761]   f16  6022.8 Hz  R1=  250464  R2=  641856  R3=  323370  R4= 1022975
[23:28:42.084]   f17  6303.4 Hz  R1=  425758  R2=  347999  R3=  171403  R4=  884130
[23:28:44.327]   f18  6506.6 Hz  R1= 1168269  R2=  595583  R3=  110968  R4=  920793
[23:28:46.586]   f19  6792.7 Hz  R1=   75017  R2=  473396  R3=  234953  R4=  284098
[23:28:47.664] PicoScope closed
[23:28:47.665] 
======================================================================
[23:28:47.665]   RESULTS — Per-Rod Self-Response Detection
[23:28:47.665] ======================================================================
[23:28:47.681] 
  Rod 1: enrolled median=274760  non-enrolled median=262144  threshold=268378
[23:28:47.682] 
  Rod 2: enrolled median=430498  non-enrolled median=287242  threshold=351649
[23:28:47.682] 
      Freq      Cat       mag_A       mag_B  det_A  det_B   AND   OR   XOR   ok
[23:28:47.682]   ────────  ───────  ──────────  ──────────  ─────  ─────  ────  ───  ────  ───
[23:28:47.682]      516.8   a-only       42050       45741      ✗      ✓     ✓    ✗     ✗    ✗
[23:28:47.682]      709.4   b-only       68481       62669      ✓      ✗     ✓    ✗     ✗    ✗
[23:28:47.682]      891.3   a-only      106438      104517      ✗      ✓     ✓    ✗     ✗    ✗
[23:28:47.682]     1026.0   b-only      202746      171411      ✓      ✗     ✓    ✗     ✗    ✗
[23:28:47.682]     1127.2   a-only      274760      287242      ✓      ✓     ✓    ✓     ✓    ✓
[23:28:47.682]     1203.2   b-only      321542      387600      ✓      ✓     ✓    ✓     ✓    ✓
[23:28:47.682]     1616.9   b-only     1301306     2235229      ✓      ✓     ✓    ✓     ✓    ✓
[23:28:47.682]     1825.5   a-only     2673439     4212373      ✓      ✓     ✓    ✓     ✓    ✓
[23:28:47.682]     2111.3     both    18939248    49618468      ✓      ✓     ✓    ✓     ✓    ✓
[23:28:47.682]     2299.2   a-only    25428848     5619598      ✓      ✓     ✓    ✓     ✓    ✓
[23:28:47.682]     2644.6   a-only     1543698     1315231      ✓      ✓     ✓    ✓     ✓    ✓
[23:28:47.682]     2924.3   b-only      675884      634938      ✓      ✓     ✓    ✓     ✓    ✓
[23:28:47.682]     5197.8   a-only       24938       49970      ✗      ✓     ✓    ✗     ✗    ✗
[23:28:47.682]     5460.7   a-only       15582       25808      ✗      ✓     ✓    ✗     ✗    ✗
[23:28:47.682]     5689.9   b-only       13127       25334      ✓      ✗     ✓    ✗     ✗    ✗
[23:28:47.682]     6022.8   a-only      250464      641856      ✗      ✓     ✓    ✗     ✗    ✗
[23:28:47.682]     6303.4   b-only      425758      347999      ✗      ✗     ✓    ✓     ✓    ✓
[23:28:47.682]     6506.6   b-only     1168269      595583      ✗      ✓     ✗    ✓     ✗    ✗
[23:28:47.682]     6792.7   b-only       75017      473396      ✓      ✓     ✓    ✓     ✓    ✓
[23:28:47.682] 
  ─── Summary ───
[23:28:47.682]   AND fidelity: 18/19 (95%)
[23:28:47.682]   OR  fidelity: 11/19 (58%)
[23:28:47.682]   XOR fidelity: 10/19 (53%)
[23:28:47.682]   Mean fidelity: 68%
[23:28:47.682]   Rod thresholds: A=268378  B=351649
[23:28:47.682]   Duration: 45.6s
[23:28:47.743] 
Results saved to data/results/lab/boolean_compute/bool_20260408_232759.json
