[23:13:28.596] Relay mux connected on /dev/cu.usbserial-11310
[23:13:28.598] ======================================================================
[23:13:28.598]   HARDWARE BOOLEAN COMPUTE — AND/OR/XOR via Mode Superposition
[23:13:28.598] ======================================================================
[23:13:28.598]   Pattern A: Rod 1 (A) — 10 peaks
[23:13:28.598]   Pattern B: Rod 2 (B) — 10 peaks
[23:13:28.598]   Sense rod: Rod 1 (A)
[23:13:28.598]   Frequency classification (at 3% tolerance):
[23:13:28.598]     Both A∩B:  1 freqs
[23:13:28.598]     A only:    9 freqs
[23:13:28.598]     B only:    9 freqs
[23:13:28.598]     Union A∪B: 19 freqs
[23:13:28.598]   Relay mux: /dev/cu.usbserial-11310
[23:13:28.598] 
[23:13:29.743] PicoScope opened (Ch A ±1V DC)
[23:13:29.854] Sense relay 1 selected

[23:13:29.854] Phase 1: Pattern A frequencies only
[23:13:30.343]   A f 1=  516.8 Hz  mag=     49138
[23:13:30.826]   A f 2=  891.3 Hz  mag=    110789
[23:13:31.340]   A f 3= 1127.2 Hz  mag=    264037
[23:13:31.853]   A f 4= 1825.5 Hz  mag=   2633919
[23:13:32.258]   A f 5= 2104.9 Hz  mag=  21702522
[23:13:32.642]   A f 6= 2299.2 Hz  mag=  25598049
[23:13:33.089]   A f 7= 2644.6 Hz  mag=   1579916
[23:13:33.570]   A f 8= 5197.8 Hz  mag=     23647
[23:13:34.040]   A f 9= 5460.7 Hz  mag=     13637
[23:13:34.547]   A f10= 6022.8 Hz  mag=    231354
[23:13:34.547]   → 10 freqs measured, mean=5220701
[23:13:34.547] 
Phase 2: Pattern B frequencies only
[23:13:35.019]   B f 1=  709.4 Hz  mag=     68358
[23:13:35.484]   B f 2= 1026.0 Hz  mag=    197901
[23:13:35.927]   B f 3= 1203.2 Hz  mag=    336540
[23:13:36.408]   B f 4= 1616.9 Hz  mag=   1291507
[23:13:36.798]   B f 5= 2117.8 Hz  mag=  16568924
[23:13:37.254]   B f 6= 2924.3 Hz  mag=    682864
[23:13:37.739]   B f 7= 5689.9 Hz  mag=     10627
[23:13:38.258]   B f 8= 6303.4 Hz  mag=    414758
[23:13:38.708]   B f 9= 6506.6 Hz  mag=   1190175
[23:13:39.175]   B f10= 6792.7 Hz  mag=     82433
[23:13:39.175]   → 10 freqs measured, mean=2084409
[23:13:39.175] 
Phase 3: Categorized measurements (both/a-only/b-only)
[23:13:39.567]   BOTH  f= 2111.3 Hz  mag=  19282683
[23:13:40.007]   A-only f=  516.8 Hz  mag=     46398
[23:13:40.533]   A-only f=  891.3 Hz  mag=    109757
[23:13:41.012]   A-only f= 1127.2 Hz  mag=    256616
[23:13:41.480]   A-only f= 1825.5 Hz  mag=   2650298
[23:13:41.882]   A-only f= 2299.2 Hz  mag=  25590136
[23:13:42.346]   A-only f= 2644.6 Hz  mag=   1563350
[23:13:42.865]   A-only f= 5197.8 Hz  mag=     24880
[23:13:43.289]   A-only f= 5460.7 Hz  mag=     13255
[23:13:43.795]   A-only f= 6022.8 Hz  mag=    233021
[23:13:44.248]   B-only f=  709.4 Hz  mag=     64075
[23:13:44.745]   B-only f= 1026.0 Hz  mag=    200234
[23:13:45.222]   B-only f= 1203.2 Hz  mag=    319189
[23:13:45.720]   B-only f= 1616.9 Hz  mag=   1289517
[23:13:46.179]   B-only f= 2924.3 Hz  mag=    678948
[23:13:46.666]   B-only f= 5689.9 Hz  mag=     13866
[23:13:47.161]   B-only f= 6303.4 Hz  mag=    417771
[23:13:47.575]   B-only f= 6506.6 Hz  mag=   1178052
[23:13:48.093]   B-only f= 6792.7 Hz  mag=     77794
[23:13:48.485]   Noise floor at 450 Hz: 53494
[23:13:49.573] PicoScope closed
[23:13:49.573] 
======================================================================
[23:13:49.573]   RESULTS
[23:13:49.573] ======================================================================
[23:13:49.573] 
  Amplitude Clusters:
[23:13:49.573]     Both-high (AND=1): 19282683
[23:13:49.573]     One-high  (XOR=1): 1929286
[23:13:49.573]     Noise floor:       53494
[23:13:49.573]     Contrast ratio:    9.99:1
[23:13:49.573]     AND threshold:     10605985
[23:13:49.573]     OR threshold:      991390
[23:13:49.573] 
  Per-Frequency Boolean Truth Table:
[23:13:49.573]       Freq      Cat         Amp  AND_exp  AND_got  OR_exp  OR_got  XOR_exp  XOR_got
[23:13:49.573]   ────────  ───────  ──────────  ───────  ───────  ──────  ──────  ───────  ───────
[23:13:49.574]     2111.3     both    19282683        1        1✓       1       1✓        0        0✓
[23:13:49.574]      516.8   a-only       46398        0        0✓       1       0✗        1        0✗
[23:13:49.574]      891.3   a-only      109757        0        0✓       1       0✗        1        0✗
[23:13:49.574]     1127.2   a-only      256616        0        0✓       1       0✗        1        0✗
[23:13:49.574]     1825.5   a-only     2650298        0        0✓       1       1✓        1        1✓
[23:13:49.574]     2299.2   a-only    25590136        0        1✗       1       1✓        1        0✗
[23:13:49.574]     2644.6   a-only     1563350        0        0✓       1       1✓        1        1✓
[23:13:49.574]     5197.8   a-only       24880        0        0✓       1       0✗        1        0✗
[23:13:49.574]     5460.7   a-only       13255        0        0✓       1       0✗        1        0✗
[23:13:49.574]     6022.8   a-only      233021        0        0✓       1       0✗        1        0✗
[23:13:49.574]      709.4   b-only       64075        0        0✓       1       0✗        1        0✗
[23:13:49.574]     1026.0   b-only      200234        0        0✓       1       0✗        1        0✗
[23:13:49.574]     1203.2   b-only      319189        0        0✓       1       0✗        1        0✗
[23:13:49.574]     1616.9   b-only     1289517        0        0✓       1       1✓        1        1✓
[23:13:49.574]     2924.3   b-only      678948        0        0✓       1       0✗        1        0✗
[23:13:49.574]     5689.9   b-only       13866        0        0✓       1       0✗        1        0✗
[23:13:49.574]     6303.4   b-only      417771        0        0✓       1       0✗        1        0✗
[23:13:49.574]     6506.6   b-only     1178052        0        0✓       1       1✓        1        1✓
[23:13:49.574]     6792.7   b-only       77794        0        0✓       1       0✗        1        0✗
[23:13:49.574] 
  ─── Summary ───
[23:13:49.574]   AND fidelity: 18/19 (95%)
[23:13:49.574]   OR  fidelity: 6/19 (32%)
[23:13:49.574]   XOR fidelity: 5/19 (26%)
[23:13:49.574]   Mean fidelity: 51%
[23:13:49.574]   Contrast ratio: 9.99:1
[23:13:49.574]   Duration: 21.0s
[23:13:49.633] 
Results saved to data/results/lab/boolean_compute/bool_20260408_231326.json
