[23:23:21.367] Relay mux connected on /dev/cu.usbserial-11310
[23:23:21.370] ======================================================================
[23:23:21.370]   HARDWARE BOOLEAN COMPUTE — Cross-Relay Normalization
[23:23:21.370] ======================================================================
[23:23:21.370]   Pattern A: Rod 1 (A) — 10 peaks
[23:23:21.370]   Pattern B: Rod 2 (B) — 10 peaks
[23:23:21.370]   Sense rods: ALL ['1', '2', '3', '4'] (cross-relay normalization)
[23:23:21.370]   Frequency classification (at 3% tolerance):
[23:23:21.370]     Both A∩B:  1 freqs
[23:23:21.370]     A only:    9 freqs
[23:23:21.370]     B only:    9 freqs
[23:23:21.370]     Union A∪B: 19 freqs
[23:23:21.370]   Relay mux: /dev/cu.usbserial-11310
[23:23:21.370] 
[23:23:22.529] PicoScope opened (Ch A ±1V DC)
[23:23:24.936]   f 1   516.8 Hz  R1=   43808  R2=   48899  R3=   52960  R4=   50408
[23:23:27.349]   f 2   709.4 Hz  R1=   63231  R2=   61586  R3=   87995  R4=   72943
[23:23:29.757]   f 3   891.3 Hz  R1=  111966  R2=   99883  R3=  177092  R4=  147692
[23:23:32.117]   f 4  1026.0 Hz  R1=  199196  R2=  175446  R3=  248518  R4=  223585
[23:23:34.483]   f 5  1127.2 Hz  R1=  252257  R2=  292061  R3=  365644  R4=  317600
[23:23:36.850]   f 6  1203.2 Hz  R1=  328384  R2=  387414  R3=  557450  R4=  447585
[23:23:39.122]   f 7  1616.9 Hz  R1= 1294988  R2= 2230163  R3= 1443276  R4= 3276821
[23:23:41.226]   f 8  1825.5 Hz  R1= 2673952  R2= 4203457  R3= 9301985  R4= 7868478
[23:23:43.270]   f 9  2111.3 Hz  R1=19019753  R2=49561480  R3=28467775  R4=30749709
[23:23:45.338]   f10  2299.2 Hz  R1=25474673  R2= 5625340  R3= 4474266  R4= 4183011
[23:23:47.610]   f11  2644.6 Hz  R1= 1551294  R2= 1318426  R3= 1154124  R4=  971804
[23:23:49.939]   f12  2924.3 Hz  R1=  688122  R2=  635863  R3=  686255  R4=  550894
[23:23:52.251]   f13  5197.8 Hz  R1=   20146  R2=   47971  R3=   36615  R4=   39788
[23:23:54.505]   f14  5460.7 Hz  R1=   15524  R2=   24911  R3=   62357  R4=   21970
[23:23:56.826]   f15  5689.9 Hz  R1=   13741  R2=   20392  R3=  195295  R4=   12762
[23:23:59.203]   f16  6022.8 Hz  R1=  243071  R2=  640017  R3=  323667  R4= 1027424
[23:24:01.421]   f17  6303.4 Hz  R1=  417163  R2=  352447  R3=  166354  R4=  874095
[23:24:03.787]   f18  6506.6 Hz  R1= 1170852  R2=  605712  R3=  111091  R4=  920085
[23:24:06.166]   f19  6792.7 Hz  R1=   76974  R2=  470373  R3=  229759  R4=  278852
[23:24:07.245] PicoScope closed
[23:24:07.245] 
======================================================================
[23:24:07.245]   RESULTS — Cross-Relay Normalization (rank-based detection)
[23:24:07.245] ======================================================================
[23:24:07.245] 
      Freq      Cat  frac_A  frac_B  det_A  det_B   AND   OR   XOR   ok
[23:24:07.245]   ────────  ───────  ──────  ──────  ─────  ─────  ────  ───  ────  ───
[23:24:07.245]      516.8   a-only   0.223   0.249      ✗      ✓     ✓    ✗     ✗    ✗
[23:24:07.246]      709.4   b-only   0.221   0.216      ✓      ✗     ✓    ✗     ✗    ✗
[23:24:07.246]      891.3   a-only   0.209   0.186      ✗      ✓     ✓    ✗     ✗    ✗
[23:24:07.246]     1026.0   b-only   0.235   0.207      ✓      ✗     ✓    ✗     ✗    ✗
[23:24:07.246]     1127.2   a-only   0.205   0.238      ✗      ✓     ✓    ✗     ✗    ✗
[23:24:07.246]     1203.2   b-only   0.191   0.225      ✓      ✗     ✓    ✗     ✗    ✗
[23:24:07.246]     1616.9   b-only   0.157   0.270      ✓      ✗     ✓    ✗     ✗    ✗
[23:24:07.246]     1825.5   a-only   0.111   0.175      ✗      ✓     ✓    ✗     ✗    ✗
[23:24:07.247]     2111.3     both   0.149   0.388      ✗      ✓     ✗    ✓     ✗    ✗
[23:24:07.247]     2299.2   a-only   0.641   0.141      ✓      ✓     ✓    ✓     ✓    ✓
[23:24:07.247]     2644.6   a-only   0.311   0.264      ✓      ✓     ✓    ✓     ✓    ✓
[23:24:07.247]     2924.3   b-only   0.269   0.248      ✓      ✗     ✓    ✗     ✗    ✗
[23:24:07.247]     5197.8   a-only   0.139   0.332      ✗      ✓     ✓    ✗     ✗    ✗
[23:24:07.247]     5460.7   a-only   0.124   0.200      ✗      ✓     ✓    ✗     ✗    ✗
[23:24:07.247]     5689.9   b-only   0.057   0.084      ✓      ✗     ✓    ✗     ✗    ✗
[23:24:07.247]     6022.8   a-only   0.109   0.286      ✗      ✓     ✓    ✗     ✗    ✗
[23:24:07.247]     6303.4   b-only   0.230   0.195      ✓      ✗     ✓    ✗     ✗    ✗
[23:24:07.247]     6506.6   b-only   0.417   0.216      ✗      ✓     ✗    ✓     ✗    ✗
[23:24:07.247]     6792.7   b-only   0.073   0.445      ✓      ✓     ✓    ✓     ✓    ✓
[23:24:07.247] 
  ─── Summary ───
[23:24:07.247]   AND fidelity: 17/19 (89%)
[23:24:07.247]   OR  fidelity: 5/19 (26%)
[23:24:07.247]   XOR fidelity: 3/19 (16%)
[23:24:07.247]   Mean fidelity: 44%
[23:24:07.247]   Mean frac_A (A-peaks): 0.222
[23:24:07.247]   Mean frac_B (B-peaks): 0.249
[23:24:07.247]   Duration: 45.9s
[23:24:07.311] 
Results saved to data/results/lab/boolean_compute/bool_20260408_232318.json
