[23:32:28.944] Relay mux connected on /dev/cu.usbserial-11310
[23:32:30.127] PicoScope opened (Ch A ±1V DC)
[23:32:30.127] ======================================================================
[23:32:30.127]   HARDWARE BOOLEAN COMPUTE — Per-Rod Self-Response Detection
[23:32:30.127] ======================================================================
[23:32:30.233] 
  Pre-scan Rod 1 (A) — 10 peaks:
[23:32:30.600]     f 1=  516.8 Hz  mag=       50723
[23:32:30.940]     f 2=  891.3 Hz  mag=      103816
[23:32:31.284]     f 3= 1127.2 Hz  mag=      266313
[23:32:31.608]     f 4= 1825.5 Hz  mag=     2653684
[23:32:31.918]     f 5= 2104.9 Hz  mag=    21234321
[23:32:32.221]     f 6= 2299.2 Hz  mag=    25400310
[23:32:32.561]     f 7= 2644.6 Hz  mag=     1557074
[23:32:32.906]     f 8= 5197.8 Hz  mag=       26952
[23:32:33.254]     f 9= 5460.7 Hz  mag=        9778
[23:32:33.611]     f10= 6022.8 Hz  mag=      247971
[23:32:33.624]     Threshold: 366883  Strong: 4/10  Weak: 6/10
[23:32:33.624]     Strong peaks: [1826, 2105, 2299, 2645]
[23:32:33.734] 
  Pre-scan Rod 2 (B) — 10 peaks:
[23:32:34.089]     f 1=  709.4 Hz  mag=       67397
[23:32:34.468]     f 2= 1026.0 Hz  mag=      182640
[23:32:34.820]     f 3= 1203.2 Hz  mag=      385402
[23:32:35.144]     f 4= 1616.9 Hz  mag=     2220965
[23:32:35.454]     f 5= 2117.8 Hz  mag=    53206750
[23:32:35.782]     f 6= 2924.3 Hz  mag=      637861
[23:32:36.123]     f 7= 5689.9 Hz  mag=       21988
[23:32:36.456]     f 8= 6303.4 Hz  mag=      326863
[23:32:36.810]     f 9= 6506.6 Hz  mag=      617199
[23:32:37.146]     f10= 6792.7 Hz  mag=      470976
[23:32:37.147]     Threshold: 341320  Strong: 6/10  Weak: 4/10
[23:32:37.147]     Strong peaks: [1203, 1617, 2118, 2924, 6507, 6793]
[23:32:37.202] 
  Pattern A: Rod 1 (A) — 4 strong peaks
[23:32:37.202]   Pattern B: Rod 2 (B) — 6 strong peaks
[23:32:37.202]   Sense rods: ALL ['1', '2', '3', '4']
[23:32:37.202]   Frequency classification (at 3% tolerance):
[23:32:37.202]     Both A∩B:  1 freqs
[23:32:37.202]     A only:    3 freqs
[23:32:37.202]     B only:    5 freqs
[23:32:37.202]     Union A∪B: 9 freqs
[23:32:37.202]   Relay mux: /dev/cu.usbserial-11310
[23:32:37.202] 
[23:32:39.545]   f 1  1203.2 Hz  R1=  329400  R2=  381873  R3=  562458  R4=  459852
[23:32:41.792]   f 2  1616.9 Hz  R1= 1291520  R2= 2227063  R3= 1454307  R4= 3248317
[23:32:43.893]   f 3  1825.5 Hz  R1= 2667006  R2= 4218960  R3= 9356918  R4= 7916386
[23:32:45.953]   f 4  2111.3 Hz  R1=18845610  R2=49647542  R3=28428516  R4=30907391
[23:32:48.090]   f 5  2299.2 Hz  R1=25376355  R2= 5609270  R3= 4428391  R4= 4173363
[23:32:50.389]   f 6  2644.6 Hz  R1= 1547499  R2= 1316000  R3= 1198638  R4=  970005
[23:32:52.691]   f 7  2924.3 Hz  R1=  691030  R2=  638840  R3=  672857  R4=  537823
[23:32:55.050]   f 8  6506.6 Hz  R1= 1167107  R2=  601506  R3=  115332  R4=  921999
[23:32:57.391]   f 9  6792.7 Hz  R1=   76871  R2=  466047  R3=  229657  R4=  281367
[23:32:58.477] PicoScope closed
[23:32:58.477] 
======================================================================
[23:32:58.477]   RESULTS — Per-Rod Self-Response Detection
[23:32:58.477] ======================================================================
[23:32:58.478] 
  Rod 1: enrolled median=2107252  non-enrolled median=691030  threshold=1206721
[23:32:58.478] 
  Rod 2: enrolled median=620173  non-enrolled median=4218960  threshold=1617555
[23:32:58.478] 
      Freq      Cat       mag_A       mag_B  det_A  det_B   AND   OR   XOR   ok
[23:32:58.479]   ────────  ───────  ──────────  ──────────  ─────  ─────  ────  ───  ────  ───
[23:32:58.479]     1203.2   b-only      329400      381873      ✓      ✗     ✓    ✗     ✗    ✗
[23:32:58.479]     1616.9   b-only     1291520     2227063      ✓      ✓     ✓    ✓     ✓    ✓
[23:32:58.479]     1825.5   a-only     2667006     4218960      ✓      ✓     ✓    ✓     ✓    ✓
[23:32:58.479]     2111.3     both    18845610    49647542      ✓      ✓     ✓    ✓     ✓    ✓
[23:32:58.479]     2299.2   a-only    25376355     5609270      ✓      ✓     ✓    ✓     ✓    ✓
[23:32:58.479]     2644.6   a-only     1547499     1316000      ✓      ✓     ✓    ✓     ✓    ✓
[23:32:58.479]     2924.3   b-only      691030      638840      ✓      ✗     ✓    ✗     ✗    ✗
[23:32:58.479]     6506.6   b-only     1167107      601506      ✓      ✗     ✓    ✗     ✗    ✗
[23:32:58.479]     6792.7   b-only       76871      466047      ✓      ✗     ✓    ✗     ✗    ✗
[23:32:58.479] 
  ─── Summary ───
[23:32:58.479]   AND fidelity: 9/9 (100%)
[23:32:58.479]   OR  fidelity: 5/9 (56%)
[23:32:58.479]   XOR fidelity: 5/9 (56%)
[23:32:58.479]   Mean fidelity: 70%
[23:32:58.479]   Rod thresholds: A=1206721  B=1617555
[23:32:58.479]   Duration: 29.5s
[23:32:58.537] 
Results saved to data/results/lab/boolean_compute/bool_20260408_233226.json
