[11:18:49.935] 
══════════════════════════════════════════════════════════════════════
[11:18:49.935]   CHAINED PLATE BOOLEAN COMPUTE — V5 Pre-Scan + Self-Response
[11:18:49.935] ══════════════════════════════════════════════════════════════════════
[11:18:49.935]   Pattern A: D-NE (key=4_NE, relay=5)
[11:18:49.935]     Enrolled modes: 9
[11:18:49.935]     Freqs: ['29.3k', '47.8k', '48.5k', '28.9k', '68.2k', '19.0k', '33.2k', '47.3k', '11.4k']
[11:18:49.935]   Pattern B: G-NE (key=3_NE, relay=3)
[11:18:49.935]     Enrolled modes: 8
[11:18:49.935]     Freqs: ['29.2k', '34.9k', '34.5k', '51.5k', '78.8k', '45.0k', '68.0k', '18.9k']
[11:18:49.935]   Chain plates: ['B-NE', 'G-NE', 'D-NE', 'H-NE']
[11:18:51.107]   PicoScope opened (Ch A ±1V DC)
[11:18:51.108] 
━━━━━━━━━━━━━━━━━━━━━━━━━━━━━━━━━━━━━━━━━━━━━━━━━━━━━━━━━━━━━━━━━━━━━━
[11:18:51.108]   PHASE 0: Pre-scan — self-response filtering
[11:18:51.108] ━━━━━━━━━━━━━━━━━━━━━━━━━━━━━━━━━━━━━━━━━━━━━━━━━━━━━━━━━━━━━━━━━━━━━━
[11:18:51.265] 
  Pre-scan D-NE — 9 enrolled modes:
[11:18:51.503]     f 1=  29.30 kHz  mag=     6790721
[11:18:51.733]     f 2=  47.80 kHz  mag=     7039804
[11:18:51.972]     f 3=  48.52 kHz  mag=     5477292
[11:18:52.223]     f 4=  28.90 kHz  mag=     4558953
[11:18:52.838]     f 5=  68.17 kHz  mag=     2161510
[11:18:53.477]     f 6=  18.98 kHz  mag=     1958562
[11:18:54.100]     f 7=  33.25 kHz  mag=     2041646
[11:18:54.723]     f 8=  47.33 kHz  mag=     1550517
[11:18:55.349]     f 9=  11.43 kHz  mag=     1270597
[11:18:55.362]     Threshold: 3100020
[11:18:55.362]     Strong: 4/9  Weak: 5/9
[11:18:55.362]     Strong freqs: ['29.3k', '47.8k', '48.5k', '28.9k']
[11:18:55.521] 
  Pre-scan G-NE — 8 enrolled modes:
[11:18:55.789]     f 1=  29.25 kHz  mag=     5206884
[11:18:56.026]     f 2=  34.90 kHz  mag=     4613433
[11:18:56.287]     f 3=  34.55 kHz  mag=     3570315
[11:18:56.543]     f 4=  51.52 kHz  mag=     3674451
[11:18:56.835]     f 5=  78.85 kHz  mag=     3569310
[11:18:57.141]     f 6=  44.95 kHz  mag=     2821908
[11:18:57.649]     f 7=  68.03 kHz  mag=     1902053
[11:18:58.274]     f 8=  18.95 kHz  mag=     1581216
[11:18:58.274]     Threshold: 3128564
[11:18:58.274]     Strong: 5/8  Weak: 3/8
[11:18:58.274]     Strong freqs: ['29.2k', '34.9k', '34.5k', '51.5k', '78.8k']
[11:18:58.327] 
━━━━━━━━━━━━━━━━━━━━━━━━━━━━━━━━━━━━━━━━━━━━━━━━━━━━━━━━━━━━━━━━━━━━━━
[11:18:58.327]   PHASE 1: Frequency classification
[11:18:58.327] ━━━━━━━━━━━━━━━━━━━━━━━━━━━━━━━━━━━━━━━━━━━━━━━━━━━━━━━━━━━━━━━━━━━━━━
[11:18:58.327]   A strong: 4 modes
[11:18:58.327]   B strong: 5 modes
[11:18:58.327]   Both A∩B:  1 — ['29.3k']
[11:18:58.327]   A only:    3 — ['28.9k', '47.8k', '48.5k']
[11:18:58.327]   B only:    4 — ['34.5k', '34.9k', '51.5k', '78.8k']
[11:18:58.327]   Union:     8 frequencies
[11:18:58.327] 
━━━━━━━━━━━━━━━━━━━━━━━━━━━━━━━━━━━━━━━━━━━━━━━━━━━━━━━━━━━━━━━━━━━━━━
[11:18:58.327]   PHASE 2: Chain measurement — all plates at each frequency
[11:18:58.327] ━━━━━━━━━━━━━━━━━━━━━━━━━━━━━━━━━━━━━━━━━━━━━━━━━━━━━━━━━━━━━━━━━━━━━━
[11:19:01.046]   f 1   28.90 kHz  B-NE=  2431517  G-NE=  1787881  D-NE=  4583086  H-NE=  2859704
[11:19:02.984]   f 2   29.27 kHz  B-NE=  3037778  G-NE=  4689383  D-NE=  6061764  H-NE=  4941328
[11:19:05.733]   f 3   34.55 kHz  B-NE=  2388070  G-NE=  3572121  D-NE=  2240534  H-NE=  2558843
[11:19:07.823]   f 4   34.90 kHz  B-NE=  1863263  G-NE=  4617180  D-NE=  6063991  H-NE=  3546229
[11:19:10.111]   f 5   47.80 kHz  B-NE=  1981242  G-NE=  2755146  D-NE=  7039517  H-NE=  1890293
[11:19:12.275]   f 6   48.52 kHz  B-NE=  1430027  G-NE=  4406923  D-NE=  5471857  H-NE=  3859780
[11:19:15.482]   f 7   51.52 kHz  B-NE=   577823  G-NE=  3662601  D-NE=   609698  H-NE=  3335470
[11:19:18.741]   f 8   78.85 kHz  B-NE=  2386918  G-NE=  3567532  D-NE=  1038520  H-NE=  1953695
[11:19:19.819]   PicoScope closed
[11:19:19.819] 
━━━━━━━━━━━━━━━━━━━━━━━━━━━━━━━━━━━━━━━━━━━━━━━━━━━━━━━━━━━━━━━━━━━━━━
[11:19:19.819]   PHASE 3: Boolean extraction — per-plate self-response
[11:19:19.819] ━━━━━━━━━━━━━━━━━━━━━━━━━━━━━━━━━━━━━━━━━━━━━━━━━━━━━━━━━━━━━━━━━━━━━━
[11:19:19.819]   D-NE: weakest strong self-mag=4583086  threshold=2291543
[11:19:19.819]   G-NE: weakest strong self-mag=1787881  threshold=893941
[11:19:19.819] 
      Freq      Cat       mag_A       mag_B  det_A  det_B   AND   OR   XOR   ok
[11:19:19.819]   ────────  ───────  ──────────  ──────────  ─────  ─────  ────  ───  ────  ───
[11:19:19.819]     28.90k   a-only     4583086     1787881      ✓      ✓     ✓    ✓     ✓    ✓
[11:19:19.819]     29.27k     both     6061764     4689383      ✓      ✓     ✓    ✓     ✓    ✓
[11:19:19.819]     34.55k   b-only     2240534     3572121      ✓      ✓     ✓    ✓     ✓    ✓
[11:19:19.819]     34.90k   b-only     6063991     4617180      ✓      ✓     ✓    ✓     ✓    ✓
[11:19:19.820]     47.80k   a-only     7039517     2755146      ✓      ✓     ✓    ✓     ✓    ✓
[11:19:19.820]     48.52k   a-only     5471857     4406923      ✓      ✓     ✓    ✓     ✓    ✓
[11:19:19.820]     51.52k   b-only      609698     3662601      ✓      ✓     ✓    ✓     ✓    ✓
[11:19:19.820]     78.85k   b-only     1038520     3567532      ✓      ✓     ✓    ✓     ✓    ✓
[11:19:19.820] 
━━━━━━━━━━━━━━━━━━━━━━━━━━━━━━━━━━━━━━━━━━━━━━━━━━━━━━━━━━━━━━━━━━━━━━
[11:19:19.820]   RESULTS — Chained Plate Boolean Compute
[11:19:19.820] ━━━━━━━━━━━━━━━━━━━━━━━━━━━━━━━━━━━━━━━━━━━━━━━━━━━━━━━━━━━━━━━━━━━━━━
[11:19:19.820]   AND fidelity: 8/8 (100%)
[11:19:19.820]   OR  fidelity: 8/8 (100%)
[11:19:19.820]   XOR fidelity: 8/8 (100%)
[11:19:19.820]   Mean fidelity: 100%
[11:19:19.820]   Duration: 29.9s
[11:19:19.820] 
━━━━━━━━━━━━━━━━━━━━━━━━━━━━━━━━━━━━━━━━━━━━━━━━━━━━━━━━━━━━━━━━━━━━━━
[11:19:19.820]   PHASE 4: Witness plate analysis
[11:19:19.820] ━━━━━━━━━━━━━━━━━━━━━━━━━━━━━━━━━━━━━━━━━━━━━━━━━━━━━━━━━━━━━━━━━━━━━━
[11:19:19.820]     B-NE @ 28.9k: mag=2431517  cat=a_only  in_A=True  in_B=False
[11:19:19.820]     B-NE @ 29.3k: mag=3037778  cat=both  in_A=True  in_B=True
[11:19:19.820]     B-NE @ 48.5k: mag=1430027  cat=a_only  in_A=True  in_B=False
[11:19:19.820]     B-NE: 3 enrolled modes overlap with union A∪B (3 checked)
[11:19:19.820]     H-NE @ 34.5k: mag=2558843  cat=b_only  in_A=False  in_B=True
[11:19:19.820]     H-NE @ 34.9k: mag=3546229  cat=b_only  in_A=False  in_B=True
[11:19:19.820]     H-NE @ 51.5k: mag=3335470  cat=b_only  in_A=False  in_B=True
[11:19:19.820]     H-NE: 3 enrolled modes overlap with union A∪B (3 checked)
[11:19:19.825] 
  Results saved: bool_chain_20260418_111919.json
