[11:16:41.897] 
══════════════════════════════════════════════════════════════════════
[11:16:41.897]   CHAINED PLATE BOOLEAN COMPUTE — V5 Pre-Scan + Self-Response
[11:16:41.897] ══════════════════════════════════════════════════════════════════════
[11:16:41.897]   Pattern A: D-NE (key=4_NE, relay=5)
[11:16:41.897]     Enrolled modes: 9
[11:16:41.897]     Freqs: ['29.3k', '47.8k', '48.5k', '28.9k', '68.2k', '19.0k', '33.2k', '47.3k', '11.4k']
[11:16:41.897]   Pattern B: G-NE (key=3_NE, relay=3)
[11:16:41.897]     Enrolled modes: 8
[11:16:41.897]     Freqs: ['29.2k', '34.9k', '34.5k', '51.5k', '78.8k', '45.0k', '68.0k', '18.9k']
[11:16:41.897]   Chain plates: ['B-NE', 'G-NE', 'D-NE', 'H-NE']
[11:16:43.087]   PicoScope opened (Ch A ±1V DC)
[11:16:43.087] 
━━━━━━━━━━━━━━━━━━━━━━━━━━━━━━━━━━━━━━━━━━━━━━━━━━━━━━━━━━━━━━━━━━━━━━
[11:16:43.087]   PHASE 0: Pre-scan — self-response filtering
[11:16:43.087] ━━━━━━━━━━━━━━━━━━━━━━━━━━━━━━━━━━━━━━━━━━━━━━━━━━━━━━━━━━━━━━━━━━━━━━
[11:16:43.087] 
  --no-prescan: using ALL enrolled modes
[11:16:43.087]     D-NE: 9 modes (all kept)
[11:16:43.087]     G-NE: 8 modes (all kept)
[11:16:43.088] 
━━━━━━━━━━━━━━━━━━━━━━━━━━━━━━━━━━━━━━━━━━━━━━━━━━━━━━━━━━━━━━━━━━━━━━
[11:16:43.088]   PHASE 1: Frequency classification
[11:16:43.088] ━━━━━━━━━━━━━━━━━━━━━━━━━━━━━━━━━━━━━━━━━━━━━━━━━━━━━━━━━━━━━━━━━━━━━━
[11:16:43.088]   A strong: 9 modes
[11:16:43.088]   B strong: 8 modes
[11:16:43.088]   Both A∩B:  3 — ['19.0k', '29.3k', '68.1k']
[11:16:43.088]   A only:    6 — ['11.4k', '28.9k', '33.2k', '47.3k', '47.8k', '48.5k']
[11:16:43.088]   B only:    5 — ['34.5k', '34.9k', '45.0k', '51.5k', '78.8k']
[11:16:43.088]   Union:     14 frequencies
[11:16:43.088] 
━━━━━━━━━━━━━━━━━━━━━━━━━━━━━━━━━━━━━━━━━━━━━━━━━━━━━━━━━━━━━━━━━━━━━━
[11:16:43.088]   PHASE 2: Chain measurement — all plates at each frequency
[11:16:43.088] ━━━━━━━━━━━━━━━━━━━━━━━━━━━━━━━━━━━━━━━━━━━━━━━━━━━━━━━━━━━━━━━━━━━━━━
[11:16:47.061]   f 1   11.43 kHz  B-NE=   973503  G-NE=   563902  D-NE=  1281171  H-NE=   669544
[11:16:50.849]   f 2   18.96 kHz  B-NE=  1844562  G-NE=  1585697  D-NE=  1972296  H-NE=  2119655
[11:16:53.473]   f 3   28.90 kHz  B-NE=  2438765  G-NE=  1782957  D-NE=  4560966  H-NE=  2847496
[11:16:55.382]   f 4   29.27 kHz  B-NE=  3040193  G-NE=  4693803  D-NE=  6072798  H-NE=  4934712
[11:16:59.194]   f 5   33.25 kHz  B-NE=  1192773  G-NE=  1066829  D-NE=  2047449  H-NE=  2195895
[11:17:02.091]   f 6   34.55 kHz  B-NE=  2386192  G-NE=  3565665  D-NE=  2223730  H-NE=  2571868
[11:17:04.088]   f 7   34.90 kHz  B-NE=  1865182  G-NE=  4626514  D-NE=  6071731  H-NE=  3545628
[11:17:07.144]   f 8   44.95 kHz  B-NE=   718059  G-NE=  2805385  D-NE=  3007929  H-NE=  2542756
[11:17:12.117]   f 9   47.33 kHz  B-NE=  2258974  G-NE=  1746654  D-NE=  1548626  H-NE=   660948
[11:17:16.314]   f10   47.80 kHz  B-NE=  1957768  G-NE=  2757558  D-NE=  7044824  H-NE=  1909197
[11:17:19.136]   f11   48.52 kHz  B-NE=  1436041  G-NE=  4395504  D-NE=  5478706  H-NE=  3860063
[11:17:23.387]   f12   51.52 kHz  B-NE=   541901  G-NE=  3673105  D-NE=   559531  H-NE=  3303505
[11:17:28.366]   f13   68.10 kHz  B-NE=   640686  G-NE=   781183  D-NE=  1912736  H-NE=  1325836
[11:17:33.146]   f14   78.85 kHz  B-NE=  2408711  G-NE=  3569149  D-NE=  1046490  H-NE=  1932462
[11:17:34.232]   PicoScope closed
[11:17:34.232] 
━━━━━━━━━━━━━━━━━━━━━━━━━━━━━━━━━━━━━━━━━━━━━━━━━━━━━━━━━━━━━━━━━━━━━━
[11:17:34.232]   PHASE 3: Boolean extraction — per-plate self-response
[11:17:34.232] ━━━━━━━━━━━━━━━━━━━━━━━━━━━━━━━━━━━━━━━━━━━━━━━━━━━━━━━━━━━━━━━━━━━━━━
[11:17:34.232]   D-NE: weakest strong self-mag=1281171  threshold=640585
[11:17:34.232]   G-NE: weakest strong self-mag=781183  threshold=390591
[11:17:34.232] 
      Freq      Cat       mag_A       mag_B  det_A  det_B   AND   OR   XOR   ok
[11:17:34.233]   ────────  ───────  ──────────  ──────────  ─────  ─────  ────  ───  ────  ───
[11:17:34.233]     11.43k   a-only     1281171      563902      ✓      ✓     ✓    ✓     ✓    ✓
[11:17:34.233]     18.96k     both     1972296     1585697      ✓      ✓     ✓    ✓     ✓    ✓
[11:17:34.233]     28.90k   a-only     4560966     1782957      ✓      ✓     ✓    ✓     ✓    ✓
[11:17:34.233]     29.27k     both     6072798     4693803      ✓      ✓     ✓    ✓     ✓    ✓
[11:17:34.233]     33.25k   a-only     2047449     1066829      ✓      ✓     ✓    ✓     ✓    ✓
[11:17:34.233]     34.55k   b-only     2223730     3565665      ✓      ✓     ✓    ✓     ✓    ✓
[11:17:34.233]     34.90k   b-only     6071731     4626514      ✓      ✓     ✓    ✓     ✓    ✓
[11:17:34.233]     44.95k   b-only     3007929     2805385      ✓      ✓     ✓    ✓     ✓    ✓
[11:17:34.233]     47.33k   a-only     1548626     1746654      ✓      ✓     ✓    ✓     ✓    ✓
[11:17:34.233]     47.80k   a-only     7044824     2757558      ✓      ✓     ✓    ✓     ✓    ✓
[11:17:34.233]     48.52k   a-only     5478706     4395504      ✓      ✓     ✓    ✓     ✓    ✓
[11:17:34.233]     51.52k   b-only      559531     3673105      ✓      ✓     ✓    ✓     ✓    ✓
[11:17:34.233]     68.10k     both     1912736      781183      ✓      ✓     ✓    ✓     ✓    ✓
[11:17:34.233]     78.85k   b-only     1046490     3569149      ✓      ✓     ✓    ✓     ✓    ✓
[11:17:34.233] 
━━━━━━━━━━━━━━━━━━━━━━━━━━━━━━━━━━━━━━━━━━━━━━━━━━━━━━━━━━━━━━━━━━━━━━
[11:17:34.233]   RESULTS — Chained Plate Boolean Compute
[11:17:34.233] ━━━━━━━━━━━━━━━━━━━━━━━━━━━━━━━━━━━━━━━━━━━━━━━━━━━━━━━━━━━━━━━━━━━━━━
[11:17:34.233]   AND fidelity: 14/14 (100%)
[11:17:34.233]   OR  fidelity: 14/14 (100%)
[11:17:34.233]   XOR fidelity: 14/14 (100%)
[11:17:34.233]   Mean fidelity: 100%
[11:17:34.233]   Duration: 52.3s
[11:17:34.233] 
━━━━━━━━━━━━━━━━━━━━━━━━━━━━━━━━━━━━━━━━━━━━━━━━━━━━━━━━━━━━━━━━━━━━━━
[11:17:34.233]   PHASE 4: Witness plate analysis
[11:17:34.233] ━━━━━━━━━━━━━━━━━━━━━━━━━━━━━━━━━━━━━━━━━━━━━━━━━━━━━━━━━━━━━━━━━━━━━━
[11:17:34.233]     B-NE @ 19.0k: mag=1844562  cat=both  in_A=True  in_B=True
[11:17:34.233]     B-NE @ 28.9k: mag=2438765  cat=a_only  in_A=True  in_B=False
[11:17:34.233]     B-NE @ 29.3k: mag=3040193  cat=both  in_A=True  in_B=True
[11:17:34.233]     B-NE @ 48.5k: mag=1436041  cat=a_only  in_A=True  in_B=False
[11:17:34.233]     B-NE: 4 enrolled modes overlap with union A∪B (4 checked)
[11:17:34.233]     H-NE @ 19.0k: mag=2119655  cat=both  in_A=True  in_B=True
[11:17:34.233]     H-NE @ 33.2k: mag=2195895  cat=a_only  in_A=True  in_B=False
[11:17:34.233]     H-NE @ 34.5k: mag=2571868  cat=b_only  in_A=False  in_B=True
[11:17:34.233]     H-NE @ 34.9k: mag=3545628  cat=b_only  in_A=False  in_B=True
[11:17:34.233]     H-NE @ 51.5k: mag=3303505  cat=b_only  in_A=False  in_B=True
[11:17:34.233]     H-NE @ 68.1k: mag=1325836  cat=both  in_A=True  in_B=True
[11:17:34.233]     H-NE: 6 enrolled modes overlap with union A∪B (6 checked)
[11:17:34.234] 
  Results saved: bool_chain_20260418_111734.json
