[11:03:18.622] 
══════════════════════════════════════════════════════════════════════
[11:03:18.623]   CHAINED PLATE BOOLEAN COMPUTE — V5 Pre-Scan + Self-Response
[11:03:18.623] ══════════════════════════════════════════════════════════════════════
[11:03:18.623]   Pattern A: B-NE (key=2, relay=2)
[11:03:18.623]     Enrolled modes: 7
[11:03:18.623]     Freqs: ['29.2k', '49.6k', '28.8k', '18.9k', '15.1k', '89.3k', '17.4k']
[11:03:18.623]   Pattern B: G-NE (key=3_NE, relay=3)
[11:03:18.623]     Enrolled modes: 8
[11:03:18.623]     Freqs: ['29.2k', '34.9k', '34.5k', '51.5k', '78.8k', '45.0k', '68.0k', '18.9k']
[11:03:18.623]   Chain plates: ['B-NE', 'G-NE', 'D-NE', 'H-NE']
[11:03:19.808]   PicoScope opened (Ch A ±1V DC)
[11:03:19.808] 
━━━━━━━━━━━━━━━━━━━━━━━━━━━━━━━━━━━━━━━━━━━━━━━━━━━━━━━━━━━━━━━━━━━━━━
[11:03:19.808]   PHASE 0: Pre-scan — self-response filtering
[11:03:19.808] ━━━━━━━━━━━━━━━━━━━━━━━━━━━━━━━━━━━━━━━━━━━━━━━━━━━━━━━━━━━━━━━━━━━━━━
[11:03:19.968] 
  Pre-scan B-NE — 7 enrolled modes:
[11:03:20.203]     f 1=  29.20 kHz  mag=     6846727
[11:03:20.452]     f 2=  49.62 kHz  mag=     5023507
[11:03:20.727]     f 3=  28.82 kHz  mag=     3809435
[11:03:21.061]     f 4=  18.95 kHz  mag=     1832176
[11:03:21.354]     f 5=  15.12 kHz  mag=     1566885
[11:03:21.610]     f 6=  89.35 kHz  mag=     1076865
[11:03:21.916]     f 7=  17.38 kHz  mag=     1090748
[11:03:21.929]     Threshold: 2194825
[11:03:21.929]     Strong: 3/7  Weak: 4/7
[11:03:21.929]     Strong freqs: ['29.2k', '49.6k', '28.8k']
[11:03:22.089] 
  Pre-scan G-NE — 8 enrolled modes:
[11:03:22.334]     f 1=  29.25 kHz  mag=     5172973
[11:03:22.574]     f 2=  34.90 kHz  mag=     4629519
[11:03:22.847]     f 3=  34.55 kHz  mag=     3546366
[11:03:23.117]     f 4=  51.52 kHz  mag=     3642315
[11:03:23.376]     f 5=  78.85 kHz  mag=     3557274
[11:03:23.723]     f 6=  44.95 kHz  mag=     2818269
[11:03:24.176]     f 7=  68.03 kHz  mag=     1860154
[11:03:24.588]     f 8=  18.95 kHz  mag=     1568552
[11:03:24.588]     Threshold: 3110431
[11:03:24.588]     Strong: 5/8  Weak: 3/8
[11:03:24.588]     Strong freqs: ['29.2k', '34.9k', '34.5k', '51.5k', '78.8k']
[11:03:24.643] 
━━━━━━━━━━━━━━━━━━━━━━━━━━━━━━━━━━━━━━━━━━━━━━━━━━━━━━━━━━━━━━━━━━━━━━
[11:03:24.644]   PHASE 1: Frequency classification
[11:03:24.644] ━━━━━━━━━━━━━━━━━━━━━━━━━━━━━━━━━━━━━━━━━━━━━━━━━━━━━━━━━━━━━━━━━━━━━━
[11:03:24.644]   A strong: 3 modes
[11:03:24.644]   B strong: 5 modes
[11:03:24.644]   Both A∩B:  1 — ['29.2k']
[11:03:24.644]   A only:    2 — ['28.8k', '49.6k']
[11:03:24.644]   B only:    4 — ['34.5k', '34.9k', '51.5k', '78.8k']
[11:03:24.644]   Union:     7 frequencies
[11:03:24.644] 
━━━━━━━━━━━━━━━━━━━━━━━━━━━━━━━━━━━━━━━━━━━━━━━━━━━━━━━━━━━━━━━━━━━━━━
[11:03:24.644]   PHASE 2: Chain measurement — all plates at each frequency
[11:03:24.644] ━━━━━━━━━━━━━━━━━━━━━━━━━━━━━━━━━━━━━━━━━━━━━━━━━━━━━━━━━━━━━━━━━━━━━━
[11:03:27.659]   f 1   28.82 kHz  B-NE=  3806958  G-NE=  2170145  D-NE=  1980067  H-NE=  2565472
[11:03:29.596]   f 2   29.23 kHz  B-NE=  5077234  G-NE=  4761524  D-NE=  3981101  H-NE=  4328548
[11:03:32.319]   f 3   34.55 kHz  B-NE=  2401574  G-NE=  3538818  D-NE=  2233758  H-NE=  2567613
[11:03:34.429]   f 4   34.90 kHz  B-NE=  1872180  G-NE=  4630959  D-NE=  6075308  H-NE=  3548450
[11:03:36.615]   f 5   49.62 kHz  B-NE=  5023488  G-NE=  2358933  D-NE=  3287189  H-NE=  3237985
[11:03:39.659]   f 6   51.52 kHz  B-NE=   566352  G-NE=  3632110  D-NE=   571642  H-NE=  3343279
[11:03:42.494]   f 7   78.85 kHz  B-NE=  2411116  G-NE=  3566805  D-NE=  1068683  H-NE=  1950749
[11:03:43.578]   PicoScope closed
[11:03:43.578] 
━━━━━━━━━━━━━━━━━━━━━━━━━━━━━━━━━━━━━━━━━━━━━━━━━━━━━━━━━━━━━━━━━━━━━━
[11:03:43.578]   PHASE 3: Boolean extraction — per-plate self-response
[11:03:43.578] ━━━━━━━━━━━━━━━━━━━━━━━━━━━━━━━━━━━━━━━━━━━━━━━━━━━━━━━━━━━━━━━━━━━━━━
[11:03:43.579]   B-NE: weakest strong self-mag=3806958  threshold=1903479
[11:03:43.579]   G-NE: weakest strong self-mag=2170145  threshold=1085072
[11:03:43.579] 
      Freq      Cat       mag_A       mag_B  det_A  det_B   AND   OR   XOR   ok
[11:03:43.579]   ────────  ───────  ──────────  ──────────  ─────  ─────  ────  ───  ────  ───
[11:03:43.579]     28.82k   a-only     3806958     2170145      ✓      ✗     ✗    ✓     ✗    ✗
[11:03:43.579]     29.23k     both     5077234     4761524      ✓      ✓     ✓    ✓     ✓    ✓
[11:03:43.579]     34.55k   b-only     2401574     3538818      ✓      ✓     ✓    ✓     ✓    ✓
[11:03:43.579]     34.90k   b-only     1872180     4630959      ✓      ✓     ✓    ✓     ✓    ✓
[11:03:43.579]     49.62k   a-only     5023488     2358933      ✓      ✓     ✓    ✓     ✓    ✓
[11:03:43.579]     51.52k   b-only      566352     3632110      ✓      ✓     ✓    ✓     ✓    ✓
[11:03:43.579]     78.85k   b-only     2411116     3566805      ✓      ✓     ✓    ✓     ✓    ✓
[11:03:43.579] 
━━━━━━━━━━━━━━━━━━━━━━━━━━━━━━━━━━━━━━━━━━━━━━━━━━━━━━━━━━━━━━━━━━━━━━
[11:03:43.579]   RESULTS — Chained Plate Boolean Compute
[11:03:43.579] ━━━━━━━━━━━━━━━━━━━━━━━━━━━━━━━━━━━━━━━━━━━━━━━━━━━━━━━━━━━━━━━━━━━━━━
[11:03:43.579]   AND fidelity: 6/7 (86%)
[11:03:43.579]   OR  fidelity: 7/7 (100%)
[11:03:43.580]   XOR fidelity: 6/7 (86%)
[11:03:43.580]   Mean fidelity: 90%
[11:03:43.580]   Duration: 25.0s
[11:03:43.580] 
━━━━━━━━━━━━━━━━━━━━━━━━━━━━━━━━━━━━━━━━━━━━━━━━━━━━━━━━━━━━━━━━━━━━━━
[11:03:43.580]   PHASE 4: Witness plate analysis
[11:03:43.580] ━━━━━━━━━━━━━━━━━━━━━━━━━━━━━━━━━━━━━━━━━━━━━━━━━━━━━━━━━━━━━━━━━━━━━━
[11:03:43.580]     D-NE @ 28.8k: mag=1980067  cat=a_only  in_A=True  in_B=False
[11:03:43.580]     D-NE @ 29.2k: mag=3981101  cat=both  in_A=True  in_B=True
[11:03:43.580]     D-NE @ 49.6k: mag=3287189  cat=a_only  in_A=True  in_B=False
[11:03:43.580]     D-NE: 3 enrolled modes overlap with union A∪B (3 checked)
[11:03:43.580]     H-NE @ 34.5k: mag=2567613  cat=b_only  in_A=False  in_B=True
[11:03:43.580]     H-NE @ 34.9k: mag=3548450  cat=b_only  in_A=False  in_B=True
[11:03:43.580]     H-NE @ 51.5k: mag=3343279  cat=b_only  in_A=False  in_B=True
[11:03:43.580]     H-NE: 3 enrolled modes overlap with union A∪B (3 checked)
[11:03:43.584] 
  Results saved: bool_chain_20260418_110343.json
