[11:04:49.699] 
══════════════════════════════════════════════════════════════════════
[11:04:49.699]   CHAINED PLATE BOOLEAN COMPUTE — V5 Pre-Scan + Self-Response
[11:04:49.699] ══════════════════════════════════════════════════════════════════════
[11:04:49.699]   Pattern A: B-NE (key=2, relay=2)
[11:04:49.699]     Enrolled modes: 7
[11:04:49.699]     Freqs: ['29.2k', '49.6k', '28.8k', '18.9k', '15.1k', '89.3k', '17.4k']
[11:04:49.699]   Pattern B: G-NE (key=3_NE, relay=3)
[11:04:49.699]     Enrolled modes: 8
[11:04:49.699]     Freqs: ['29.2k', '34.9k', '34.5k', '51.5k', '78.8k', '45.0k', '68.0k', '18.9k']
[11:04:49.699]   Chain plates: ['B-NE', 'G-NE', 'D-NE', 'H-NE']
[11:04:50.872]   PicoScope opened (Ch A ±1V DC)
[11:04:50.873] 
━━━━━━━━━━━━━━━━━━━━━━━━━━━━━━━━━━━━━━━━━━━━━━━━━━━━━━━━━━━━━━━━━━━━━━
[11:04:50.873]   PHASE 0: Pre-scan — self-response filtering
[11:04:50.873] ━━━━━━━━━━━━━━━━━━━━━━━━━━━━━━━━━━━━━━━━━━━━━━━━━━━━━━━━━━━━━━━━━━━━━━
[11:04:51.032] 
  Pre-scan B-NE — 7 enrolled modes:
[11:04:51.269]     f 1=  29.20 kHz  mag=     6847735
[11:04:51.525]     f 2=  49.62 kHz  mag=     5027909
[11:04:51.783]     f 3=  28.82 kHz  mag=     3809992
[11:04:52.074]     f 4=  18.95 kHz  mag=     1845793
[11:04:52.397]     f 5=  15.12 kHz  mag=     1550486
[11:04:52.874]     f 6=  89.35 kHz  mag=     1074850
[11:04:53.196]     f 7=  17.38 kHz  mag=     1089386
[11:04:53.211]     Threshold: 2194069
[11:04:53.211]     Strong: 3/7  Weak: 4/7
[11:04:53.211]     Strong freqs: ['29.2k', '49.6k', '28.8k']
[11:04:53.371] 
  Pre-scan G-NE — 8 enrolled modes:
[11:04:53.599]     f 1=  29.25 kHz  mag=     5182204
[11:04:53.845]     f 2=  34.90 kHz  mag=     4622128
[11:04:54.118]     f 3=  34.55 kHz  mag=     3548851
[11:04:54.375]     f 4=  51.52 kHz  mag=     3644148
[11:04:54.617]     f 5=  78.85 kHz  mag=     3566216
[11:04:54.900]     f 6=  44.95 kHz  mag=     2809239
[11:04:55.439]     f 7=  68.03 kHz  mag=     1876849
[11:04:55.930]     f 8=  18.95 kHz  mag=     1574939
[11:04:55.930]     Threshold: 3111933
[11:04:55.930]     Strong: 5/8  Weak: 3/8
[11:04:55.930]     Strong freqs: ['29.2k', '34.9k', '34.5k', '51.5k', '78.8k']
[11:04:55.986] 
━━━━━━━━━━━━━━━━━━━━━━━━━━━━━━━━━━━━━━━━━━━━━━━━━━━━━━━━━━━━━━━━━━━━━━
[11:04:55.986]   PHASE 1: Frequency classification
[11:04:55.986] ━━━━━━━━━━━━━━━━━━━━━━━━━━━━━━━━━━━━━━━━━━━━━━━━━━━━━━━━━━━━━━━━━━━━━━
[11:04:55.986]   A strong: 3 modes
[11:04:55.986]   B strong: 5 modes
[11:04:55.986]   Both A∩B:  1 — ['29.2k']
[11:04:55.986]   A only:    2 — ['28.8k', '49.6k']
[11:04:55.986]   B only:    4 — ['34.5k', '34.9k', '51.5k', '78.8k']
[11:04:55.986]   Union:     7 frequencies
[11:04:55.986] 
━━━━━━━━━━━━━━━━━━━━━━━━━━━━━━━━━━━━━━━━━━━━━━━━━━━━━━━━━━━━━━━━━━━━━━
[11:04:55.986]   PHASE 2: Chain measurement — all plates at each frequency
[11:04:55.986] ━━━━━━━━━━━━━━━━━━━━━━━━━━━━━━━━━━━━━━━━━━━━━━━━━━━━━━━━━━━━━━━━━━━━━━
[11:04:59.047]   f 1   28.82 kHz  B-NE=  3803563  G-NE=  2196961  D-NE=  2028629  H-NE=  2576879
[11:05:00.968]   f 2   29.23 kHz  B-NE=  5079145  G-NE=  4753704  D-NE=  3975032  H-NE=  4325396
[11:05:03.812]   f 3   34.55 kHz  B-NE=  2406036  G-NE=  3534529  D-NE=  2253961  H-NE=  2583194
[11:05:05.945]   f 4   34.90 kHz  B-NE=  1869064  G-NE=  4635238  D-NE=  6073086  H-NE=  3549295
[11:05:08.493]   f 5   49.62 kHz  B-NE=  5011809  G-NE=  2358369  D-NE=  3293700  H-NE=  3237591
[11:05:11.734]   f 6   51.52 kHz  B-NE=   598559  G-NE=  3638331  D-NE=   565015  H-NE=  3333920
[11:05:14.678]   f 7   78.85 kHz  B-NE=  2416554  G-NE=  3558106  D-NE=  1064617  H-NE=  1942395
[11:05:15.768]   PicoScope closed
[11:05:15.769] 
━━━━━━━━━━━━━━━━━━━━━━━━━━━━━━━━━━━━━━━━━━━━━━━━━━━━━━━━━━━━━━━━━━━━━━
[11:05:15.769]   PHASE 3: Boolean extraction — per-plate self-response
[11:05:15.769] ━━━━━━━━━━━━━━━━━━━━━━━━━━━━━━━━━━━━━━━━━━━━━━━━━━━━━━━━━━━━━━━━━━━━━━
[11:05:15.769]   B-NE: weakest strong self-mag=3803563  threshold=1901782
[11:05:15.769]   G-NE: weakest strong self-mag=2196961  threshold=1098481
[11:05:15.769] 
      Freq      Cat       mag_A       mag_B  det_A  det_B   AND   OR   XOR   ok
[11:05:15.769]   ────────  ───────  ──────────  ──────────  ─────  ─────  ────  ───  ────  ───
[11:05:15.769]     28.82k   a-only     3803563     2196961      ✓      ✓     ✓    ✓     ✓    ✓
[11:05:15.769]     29.23k     both     5079145     4753704      ✓      ✓     ✓    ✓     ✓    ✓
[11:05:15.769]     34.55k   b-only     2406036     3534529      ✓      ✓     ✓    ✓     ✓    ✓
[11:05:15.769]     34.90k   b-only     1869064     4635238      ✓      ✓     ✓    ✓     ✓    ✓
[11:05:15.769]     49.62k   a-only     5011809     2358369      ✓      ✓     ✓    ✓     ✓    ✓
[11:05:15.769]     51.52k   b-only      598559     3638331      ✓      ✓     ✓    ✓     ✓    ✓
[11:05:15.769]     78.85k   b-only     2416554     3558106      ✓      ✓     ✓    ✓     ✓    ✓
[11:05:15.769] 
━━━━━━━━━━━━━━━━━━━━━━━━━━━━━━━━━━━━━━━━━━━━━━━━━━━━━━━━━━━━━━━━━━━━━━
[11:05:15.769]   RESULTS — Chained Plate Boolean Compute
[11:05:15.769] ━━━━━━━━━━━━━━━━━━━━━━━━━━━━━━━━━━━━━━━━━━━━━━━━━━━━━━━━━━━━━━━━━━━━━━
[11:05:15.769]   AND fidelity: 7/7 (100%)
[11:05:15.769]   OR  fidelity: 7/7 (100%)
[11:05:15.769]   XOR fidelity: 7/7 (100%)
[11:05:15.769]   Mean fidelity: 100%
[11:05:15.769]   Duration: 26.1s
[11:05:15.769] 
━━━━━━━━━━━━━━━━━━━━━━━━━━━━━━━━━━━━━━━━━━━━━━━━━━━━━━━━━━━━━━━━━━━━━━
[11:05:15.769]   PHASE 4: Witness plate analysis
[11:05:15.769] ━━━━━━━━━━━━━━━━━━━━━━━━━━━━━━━━━━━━━━━━━━━━━━━━━━━━━━━━━━━━━━━━━━━━━━
[11:05:15.769]     D-NE @ 28.8k: mag=2028629  cat=a_only  in_A=True  in_B=False
[11:05:15.770]     D-NE @ 29.2k: mag=3975032  cat=both  in_A=True  in_B=True
[11:05:15.770]     D-NE @ 49.6k: mag=3293700  cat=a_only  in_A=True  in_B=False
[11:05:15.770]     D-NE: 3 enrolled modes overlap with union A∪B (3 checked)
[11:05:15.770]     H-NE @ 34.5k: mag=2583194  cat=b_only  in_A=False  in_B=True
[11:05:15.770]     H-NE @ 34.9k: mag=3549295  cat=b_only  in_A=False  in_B=True
[11:05:15.770]     H-NE @ 51.5k: mag=3333920  cat=b_only  in_A=False  in_B=True
[11:05:15.770]     H-NE: 3 enrolled modes overlap with union A∪B (3 checked)
[11:05:15.773] 
  Results saved: bool_chain_20260418_110515.json
