[11:14:11.335] 
══════════════════════════════════════════════════════════════════════
[11:14:11.335]   CHAINED PLATE BOOLEAN COMPUTE — V5 Pre-Scan + Self-Response
[11:14:11.335] ══════════════════════════════════════════════════════════════════════
[11:14:11.335]   Pattern A: D-NE (key=4_NE, relay=5)
[11:14:11.335]     Enrolled modes: 9
[11:14:11.336]     Freqs: ['29.3k', '47.8k', '48.5k', '28.9k', '68.2k', '19.0k', '33.2k', '47.3k', '11.4k']
[11:14:11.336]   Pattern B: G-NE (key=3_NE, relay=3)
[11:14:11.336]     Enrolled modes: 8
[11:14:11.336]     Freqs: ['29.2k', '34.9k', '34.5k', '51.5k', '78.8k', '45.0k', '68.0k', '18.9k']
[11:14:11.336]   Chain plates: ['B-NE', 'G-NE', 'D-NE', 'H-NE']
[11:14:12.517]   PicoScope opened (Ch A ±1V DC)
[11:14:12.517] 
━━━━━━━━━━━━━━━━━━━━━━━━━━━━━━━━━━━━━━━━━━━━━━━━━━━━━━━━━━━━━━━━━━━━━━
[11:14:12.517]   PHASE 0: Pre-scan — self-response filtering
[11:14:12.517] ━━━━━━━━━━━━━━━━━━━━━━━━━━━━━━━━━━━━━━━━━━━━━━━━━━━━━━━━━━━━━━━━━━━━━━
[11:14:12.678] 
  Pre-scan D-NE — 9 enrolled modes:
[11:14:12.910]     f 1=  29.30 kHz  mag=     6788449
[11:14:13.139]     f 2=  47.80 kHz  mag=     7044632
[11:14:13.375]     f 3=  48.52 kHz  mag=     5471602
[11:14:13.615]     f 4=  28.90 kHz  mag=     4556088
[11:14:14.239]     f 5=  68.17 kHz  mag=     2168880
[11:14:14.865]     f 6=  18.98 kHz  mag=     1931194
[11:14:15.487]     f 7=  33.25 kHz  mag=     2041026
[11:14:16.107]     f 8=  47.33 kHz  mag=     1544963
[11:14:16.727]     f 9=  11.43 kHz  mag=     1286715
[11:14:16.739]     Threshold: 3083841
[11:14:16.739]     Strong: 4/9  Weak: 5/9
[11:14:16.739]     Strong freqs: ['29.3k', '47.8k', '48.5k', '28.9k']
[11:14:16.896] 
  Pre-scan G-NE — 8 enrolled modes:
[11:14:17.130]     f 1=  29.25 kHz  mag=     5216813
[11:14:17.372]     f 2=  34.90 kHz  mag=     4622875
[11:14:17.628]     f 3=  34.55 kHz  mag=     3559474
[11:14:17.872]     f 4=  51.52 kHz  mag=     3663115
[11:14:18.149]     f 5=  78.85 kHz  mag=     3569802
[11:14:18.446]     f 6=  44.95 kHz  mag=     2813958
[11:14:18.891]     f 7=  68.03 kHz  mag=     1863794
[11:14:19.511]     f 8=  18.95 kHz  mag=     1577306
[11:14:19.512]     Threshold: 3112869
[11:14:19.512]     Strong: 5/8  Weak: 3/8
[11:14:19.512]     Strong freqs: ['29.2k', '34.9k', '34.5k', '51.5k', '78.8k']
[11:14:19.567] 
━━━━━━━━━━━━━━━━━━━━━━━━━━━━━━━━━━━━━━━━━━━━━━━━━━━━━━━━━━━━━━━━━━━━━━
[11:14:19.567]   PHASE 1: Frequency classification
[11:14:19.567] ━━━━━━━━━━━━━━━━━━━━━━━━━━━━━━━━━━━━━━━━━━━━━━━━━━━━━━━━━━━━━━━━━━━━━━
[11:14:19.568]   A strong: 4 modes
[11:14:19.568]   B strong: 5 modes
[11:14:19.568]   Both A∩B:  1 — ['29.3k']
[11:14:19.568]   A only:    3 — ['28.9k', '47.8k', '48.5k']
[11:14:19.568]   B only:    4 — ['34.5k', '34.9k', '51.5k', '78.8k']
[11:14:19.568]   Union:     8 frequencies
[11:14:19.568] 
━━━━━━━━━━━━━━━━━━━━━━━━━━━━━━━━━━━━━━━━━━━━━━━━━━━━━━━━━━━━━━━━━━━━━━
[11:14:19.568]   PHASE 2: Chain measurement — all plates at each frequency
[11:14:19.568] ━━━━━━━━━━━━━━━━━━━━━━━━━━━━━━━━━━━━━━━━━━━━━━━━━━━━━━━━━━━━━━━━━━━━━━
[11:14:22.207]   f 1   28.90 kHz  B-NE=  2432814  G-NE=  1790093  D-NE=  4571378  H-NE=  2852430
[11:14:24.145]   f 2   29.27 kHz  B-NE=  3030618  G-NE=  4693422  D-NE=  6072298  H-NE=  4943661
[11:14:26.924]   f 3   34.55 kHz  B-NE=  2381507  G-NE=  3564454  D-NE=  2247302  H-NE=  2575628
[11:14:29.092]   f 4   34.90 kHz  B-NE=  1872190  G-NE=  4631904  D-NE=  6071584  H-NE=  3550155
[11:14:31.288]   f 5   47.80 kHz  B-NE=  1958510  G-NE=  2758538  D-NE=  7039004  H-NE=  1900570
[11:14:33.403]   f 6   48.52 kHz  B-NE=  1432777  G-NE=  4395183  D-NE=  5464540  H-NE=  3858983
[11:14:36.653]   f 7   51.52 kHz  B-NE=   603240  G-NE=  3653496  D-NE=   586539  H-NE=  3341980
[11:14:39.557]   f 8   78.85 kHz  B-NE=  2401763  G-NE=  3566919  D-NE=  1050438  H-NE=  1931366
[11:14:40.648]   PicoScope closed
[11:14:40.649] 
━━━━━━━━━━━━━━━━━━━━━━━━━━━━━━━━━━━━━━━━━━━━━━━━━━━━━━━━━━━━━━━━━━━━━━
[11:14:40.649]   PHASE 3: Boolean extraction — per-plate self-response
[11:14:40.649] ━━━━━━━━━━━━━━━━━━━━━━━━━━━━━━━━━━━━━━━━━━━━━━━━━━━━━━━━━━━━━━━━━━━━━━
[11:14:40.649]   D-NE: weakest strong self-mag=4571378  threshold=2285689
[11:14:40.649]   G-NE: weakest strong self-mag=1790093  threshold=895046
[11:14:40.649] 
      Freq      Cat       mag_A       mag_B  det_A  det_B   AND   OR   XOR   ok
[11:14:40.649]   ────────  ───────  ──────────  ──────────  ─────  ─────  ────  ───  ────  ───
[11:14:40.649]     28.90k   a-only     4571378     1790093      ✓      ✓     ✓    ✓     ✓    ✓
[11:14:40.649]     29.27k     both     6072298     4693422      ✓      ✓     ✓    ✓     ✓    ✓
[11:14:40.649]     34.55k   b-only     2247302     3564454      ✓      ✓     ✓    ✓     ✓    ✓
[11:14:40.649]     34.90k   b-only     6071584     4631904      ✓      ✓     ✓    ✓     ✓    ✓
[11:14:40.649]     47.80k   a-only     7039004     2758538      ✓      ✓     ✓    ✓     ✓    ✓
[11:14:40.649]     48.52k   a-only     5464540     4395183      ✓      ✓     ✓    ✓     ✓    ✓
[11:14:40.649]     51.52k   b-only      586539     3653496      ✓      ✓     ✓    ✓     ✓    ✓
[11:14:40.649]     78.85k   b-only     1050438     3566919      ✓      ✓     ✓    ✓     ✓    ✓
[11:14:40.649] 
━━━━━━━━━━━━━━━━━━━━━━━━━━━━━━━━━━━━━━━━━━━━━━━━━━━━━━━━━━━━━━━━━━━━━━
[11:14:40.649]   RESULTS — Chained Plate Boolean Compute
[11:14:40.649] ━━━━━━━━━━━━━━━━━━━━━━━━━━━━━━━━━━━━━━━━━━━━━━━━━━━━━━━━━━━━━━━━━━━━━━
[11:14:40.649]   AND fidelity: 8/8 (100%)
[11:14:40.649]   OR  fidelity: 8/8 (100%)
[11:14:40.649]   XOR fidelity: 8/8 (100%)
[11:14:40.649]   Mean fidelity: 100%
[11:14:40.649]   Duration: 29.3s
[11:14:40.649] 
━━━━━━━━━━━━━━━━━━━━━━━━━━━━━━━━━━━━━━━━━━━━━━━━━━━━━━━━━━━━━━━━━━━━━━
[11:14:40.649]   PHASE 4: Witness plate analysis
[11:14:40.649] ━━━━━━━━━━━━━━━━━━━━━━━━━━━━━━━━━━━━━━━━━━━━━━━━━━━━━━━━━━━━━━━━━━━━━━
[11:14:40.649]     B-NE @ 28.9k: mag=2432814  cat=a_only  in_A=True  in_B=False
[11:14:40.650]     B-NE @ 29.3k: mag=3030618  cat=both  in_A=True  in_B=True
[11:14:40.650]     B-NE @ 48.5k: mag=1432777  cat=a_only  in_A=True  in_B=False
[11:14:40.650]     B-NE: 3 enrolled modes overlap with union A∪B (3 checked)
[11:14:40.650]     H-NE @ 34.5k: mag=2575628  cat=b_only  in_A=False  in_B=True
[11:14:40.650]     H-NE @ 34.9k: mag=3550155  cat=b_only  in_A=False  in_B=True
[11:14:40.650]     H-NE @ 51.5k: mag=3341980  cat=b_only  in_A=False  in_B=True
[11:14:40.650]     H-NE: 3 enrolled modes overlap with union A∪B (3 checked)
[11:14:40.654] 
  Results saved: bool_chain_20260418_111440.json
