[13:37:05.496]   Census loaded: 7/7 receivers available
[13:37:08.585] 
══════════════════════════════════════════════════════════════════════
[13:37:08.586]   PROGRESSIVE BOOLEAN SWEEP — Find the Bit-Count Limit
[13:37:08.586] ══════════════════════════════════════════════════════════════════════
[13:37:08.586] 
  Master frequency list: 49 unique frequencies
[13:37:08.586]   Range: 11.4k – 89.3k
[13:37:08.586]   Receivers: 7
[13:37:08.586]   Total measurements: 343
[13:37:08.586]   Estimated capture time: 83s
[13:37:08.586] 
━━━━━━━━━━━━━━━━━━━━━━━━━━━━━━━━━━━━━━━━━━━━━━━━━━━━━━━━━━━━━━━━━━━━━━
[13:37:08.586]   PHASE 0: Comprehensive capture — all freqs × all receivers
[13:37:08.586] ━━━━━━━━━━━━━━━━━━━━━━━━━━━━━━━━━━━━━━━━━━━━━━━━━━━━━━━━━━━━━━━━━━━━━━
[13:37:09.739]   PicoScope opened (Ch A ±1V DC)
[13:37:40.398]     5/49 freqs  (35/343 meas)  last=16.0k
[13:38:03.119]     10/49 freqs  (70/343 meas)  last=28.8k
[13:38:16.857]     15/49 freqs  (105/343 meas)  last=29.3k
[13:38:37.399]     20/49 freqs  (140/343 meas)  last=34.5k
[13:38:54.981]     25/49 freqs  (175/343 meas)  last=34.9k
[13:39:15.388]     30/49 freqs  (210/343 meas)  last=47.7k
[13:39:31.593]     35/49 freqs  (245/343 meas)  last=49.6k
[13:39:52.606]     40/49 freqs  (280/343 meas)  last=61.7k
[13:40:14.363]     45/49 freqs  (315/343 meas)  last=68.0k
[13:40:33.045]     49/49 freqs  (343/343 meas)  last=89.3k
[13:40:34.127]   PicoScope closed
[13:40:34.127] 
  Capture complete: 205.5s (343 measurements)
[13:40:34.127] 
━━━━━━━━━━━━━━━━━━━━━━━━━━━━━━━━━━━━━━━━━━━━━━━━━━━━━━━━━━━━━━━━━━━━━━
[13:40:34.127]   PHASE 1: Progressive analysis — 6 steps × 2 variants
[13:40:34.127] ━━━━━━━━━━━━━━━━━━━━━━━━━━━━━━━━━━━━━━━━━━━━━━━━━━━━━━━━━━━━━━━━━━━━━━
[13:40:34.140] 
  ──────────────────────────────────────────────────────────────────
[13:40:34.140]   Step 1: B vs G (NE)  [prescan]
[13:40:34.140]   ──────────────────────────────────────────────────────────────────
[13:40:34.140]     A: B-NE(7→3) → 3 merged strong
[13:40:34.140]     B: G-NE(8→5) → 5 merged strong
[13:40:34.140]     Union: 7 bits  (1 both, 2 a-only, 4 b-only)
[13:40:34.140]     Thresholds: B-NE=1.90M, G-NE=1.80M
[13:40:34.140] 
        Freq      Cat       mag_A       mag_B  dA dB  AND OR XOR ok
[13:40:34.140]     ────────  ───────  ──────────  ──────────  ── ──  ─── ── ─── ──
[13:40:34.140]       29.04k     both     2437092     1804707   ✓  ✓    ✓  ✓   ✓  ✓
[13:40:34.140]       29.20k   a-only     6918665           0   ✓  ✓    ✓  ✓   ✓  ✓
[13:40:34.140]       34.55k   b-only           0     3638565   ✓  ✓    ✓  ✓   ✓  ✓
[13:40:34.140]       34.90k   b-only           0     4602616   ✓  ✓    ✓  ✓   ✓  ✓
[13:40:34.140]       49.62k   a-only     5222570           0   ✓  ✓    ✓  ✓   ✓  ✓
[13:40:34.140]       51.52k   b-only           0     3721810   ✓  ✓    ✓  ✓   ✓  ✓
[13:40:34.140]       78.85k   b-only           0     3591027   ✓  ✓    ✓  ✓   ✓  ✓
[13:40:34.141] 
    AND: 7/7 (100%)  OR: 7/7 (100%)  XOR: 7/7 (100%)  Mean: 100%
[13:40:34.141] 
  ──────────────────────────────────────────────────────────────────
[13:40:34.141]   Step 1: B vs G (NE)  [no-prescan]
[13:40:34.141]   ──────────────────────────────────────────────────────────────────
[13:40:34.141]     A: B-NE(7→7) → 7 merged strong
[13:40:34.141]     B: G-NE(8→8) → 8 merged strong
[13:40:34.141]     Union: 13 bits  (2 both, 5 a-only, 6 b-only)
[13:40:34.141]     Thresholds: B-NE=0.55M, G-NE=0.78M
[13:40:34.141] 
        Freq      Cat       mag_A       mag_B  dA dB  AND OR XOR ok
[13:40:34.141]     ────────  ───────  ──────────  ──────────  ── ──  ─── ── ─── ──
[13:40:34.141]       15.12k   a-only     1547631           0   ✓  ✓    ✓  ✓   ✓  ✓
[13:40:34.141]       17.38k   a-only     1107066           0   ✓  ✓    ✓  ✓   ✓  ✓
[13:40:34.141]       18.95k     both     1850439     1564117   ✓  ✓    ✓  ✓   ✓  ✓
[13:40:34.141]       29.04k     both     2437092     1804707   ✓  ✓    ✓  ✓   ✓  ✓
[13:40:34.141]       29.20k   a-only     6918665           0   ✓  ✓    ✓  ✓   ✓  ✓
[13:40:34.141]       34.55k   b-only           0     3638565   ✓  ✓    ✓  ✓   ✓  ✓
[13:40:34.141]       34.90k   b-only           0     4602616   ✓  ✓    ✓  ✓   ✓  ✓
[13:40:34.141]       44.95k   b-only           0     2817555   ✓  ✓    ✓  ✓   ✓  ✓
[13:40:34.141]       49.62k   a-only     5222570           0   ✓  ✓    ✓  ✓   ✓  ✓
[13:40:34.141]       51.52k   b-only           0     3721810   ✓  ✓    ✓  ✓   ✓  ✓
[13:40:34.141]       68.03k   b-only           0     1912556   ✓  ✓    ✓  ✓   ✓  ✓
[13:40:34.141]       78.85k   b-only           0     3591027   ✓  ✓    ✓  ✓   ✓  ✓
[13:40:34.141]       89.35k   a-only     1130044           0   ✓  ✓    ✓  ✓   ✓  ✓
[13:40:34.141] 
    AND: 13/13 (100%)  OR: 13/13 (100%)  XOR: 13/13 (100%)  Mean: 100%
[13:40:34.141] 
  ──────────────────────────────────────────────────────────────────
[13:40:34.141]   Step 2: D_NE vs G_NE  [prescan]
[13:40:34.141]   ──────────────────────────────────────────────────────────────────
[13:40:34.141]     A: D-NE(9→4) → 4 merged strong
[13:40:34.141]     B: G-NE(8→5) → 5 merged strong
[13:40:34.141]     Union: 8 bits  (1 both, 3 a-only, 4 b-only)
[13:40:34.141]     Thresholds: D-NE=2.28M, G-NE=1.80M
[13:40:34.141] 
        Freq      Cat       mag_A       mag_B  dA dB  AND OR XOR ok
[13:40:34.141]     ────────  ───────  ──────────  ──────────  ── ──  ─── ── ─── ──
[13:40:34.141]       29.07k     both     3377929     3718014   ✓  ✓    ✓  ✓   ✓  ✓
[13:40:34.141]       29.30k   a-only     6813503           0   ✓  ✓    ✓  ✓   ✓  ✓
[13:40:34.141]       34.55k   b-only           0     3638565   ✓  ✓    ✓  ✓   ✓  ✓
[13:40:34.141]       34.90k   b-only           0     4602616   ✓  ✓    ✓  ✓   ✓  ✓
[13:40:34.141]       47.80k   a-only     7058975           0   ✓  ✓    ✓  ✓   ✓  ✓
[13:40:34.141]       48.52k   a-only     5541034           0   ✓  ✓    ✓  ✓   ✓  ✓
[13:40:34.141]       51.52k   b-only           0     3721810   ✓  ✓    ✓  ✓   ✓  ✓
[13:40:34.141]       78.85k   b-only           0     3591027   ✓  ✓    ✓  ✓   ✓  ✓
[13:40:34.141] 
    AND: 8/8 (100%)  OR: 8/8 (100%)  XOR: 8/8 (100%)  Mean: 100%
[13:40:34.141] 
  ──────────────────────────────────────────────────────────────────
[13:40:34.141]   Step 2: D_NE vs G_NE  [no-prescan]
[13:40:34.141]   ──────────────────────────────────────────────────────────────────
[13:40:34.141]     A: D-NE(9→9) → 8 merged strong
[13:40:34.141]     B: G-NE(8→8) → 8 merged strong
[13:40:34.141]     Union: 13 bits  (3 both, 5 a-only, 5 b-only)
[13:40:34.141]     Thresholds: D-NE=0.64M, G-NE=0.78M
[13:40:34.141] 
        Freq      Cat       mag_A       mag_B  dA dB  AND OR XOR ok
[13:40:34.141]     ────────  ───────  ──────────  ──────────  ── ──  ─── ── ─── ──
[13:40:34.141]       11.43k   a-only     1278914           0   ✓  ✓    ✓  ✓   ✓  ✓
[13:40:34.141]       18.96k     both     1836562     1564117   ✓  ✓    ✓  ✓   ✓  ✓
[13:40:34.141]       29.07k     both     3377929     3718014   ✓  ✓    ✓  ✓   ✓  ✓
[13:40:34.141]       29.30k   a-only     6813503           0   ✓  ✓    ✓  ✓   ✓  ✓
[13:40:34.141]       33.25k   a-only     1985599           0   ✓  ✓    ✓  ✓   ✓  ✓
[13:40:34.142]       34.55k   b-only           0     3638565   ✓  ✓    ✓  ✓   ✓  ✓
[13:40:34.142]       34.90k   b-only           0     4602616   ✓  ✓    ✓  ✓   ✓  ✓
[13:40:34.142]       44.95k   b-only           0     2817555   ✓  ✓    ✓  ✓   ✓  ✓
[13:40:34.142]       47.33k   a-only     1521987           0   ✓  ✓    ✓  ✓   ✓  ✓
[13:40:34.142]       48.52k   a-only     5541034           0   ✓  ✓    ✓  ✓   ✓  ✓
[13:40:34.142]       51.52k   b-only           0     3721810   ✓  ✓    ✓  ✓   ✓  ✓
[13:40:34.142]       68.10k     both     1208418     1627433   ✓  ✓    ✓  ✓   ✓  ✓
[13:40:34.142]       78.85k   b-only           0     3591027   ✓  ✓    ✓  ✓   ✓  ✓
[13:40:34.142] 
    AND: 13/13 (100%)  OR: 13/13 (100%)  XOR: 13/13 (100%)  Mean: 100%
[13:40:34.142] 
  ──────────────────────────────────────────────────────────────────
[13:40:34.142]   Step 3: D(NE+NW) vs G(NE+NW)  [prescan]
[13:40:34.142]   ──────────────────────────────────────────────────────────────────
[13:40:34.142]     A: D-NE(9→4), D-NW(11→4) → 5 merged strong
[13:40:34.142]     B: G-NE(8→5), G-NW(8→4) → 5 merged strong
[13:40:34.142]     Union: 9 bits  (1 both, 4 a-only, 4 b-only)
[13:40:34.142]     Thresholds: D-NE=2.28M, D-NW=0.58M, G-NE=1.80M, G-NW=1.19M
[13:40:34.142] 
        Freq      Cat       mag_A       mag_B  dA dB  AND OR XOR ok
[13:40:34.142]     ────────  ───────  ──────────  ──────────  ── ──  ─── ── ─── ──
[13:40:34.142]       29.07k     both     3377929     3898257   ✓  ✓    ✓  ✓   ✓  ✓
[13:40:34.142]       29.30k   a-only     6813503           0   ✓  ✓    ✓  ✓   ✓  ✓
[13:40:34.142]       34.52k   b-only           0     3805858   ✓  ✓    ✓  ✓   ✓  ✓
[13:40:34.142]       34.88k   b-only           0     4234995   ✓  ✓    ✓  ✓   ✓  ✓
[13:40:34.142]       47.80k   a-only     7058975           0   ✓  ✓    ✓  ✓   ✓  ✓
[13:40:34.142]       48.52k   a-only     5541034           0   ✓  ✓    ✓  ✓   ✓  ✓
[13:40:34.142]       51.52k   b-only           0     3810860   ✓  ✓    ✓  ✓   ✓  ✓
[13:40:34.142]       60.98k   a-only     2316752           0   ✓  ✓    ✓  ✓   ✓  ✓
[13:40:34.142]       78.85k   b-only           0     3591027   ✓  ✓    ✓  ✓   ✓  ✓
[13:40:34.142] 
    AND: 9/9 (100%)  OR: 9/9 (100%)  XOR: 9/9 (100%)  Mean: 100%
[13:40:34.142] 
  ──────────────────────────────────────────────────────────────────
[13:40:34.142]   Step 3: D(NE+NW) vs G(NE+NW)  [no-prescan]
[13:40:34.142]   ──────────────────────────────────────────────────────────────────
[13:40:34.142]     A: D-NE(9→9), D-NW(11→11) → 13 merged strong
[13:40:34.142]     B: G-NE(8→8), G-NW(8→8) → 11 merged strong
[13:40:34.142]     Union: 17 bits  (7 both, 6 a-only, 4 b-only)
[13:40:34.142]     Thresholds: D-NE=0.64M, D-NW=0.36M, G-NE=0.78M, G-NW=0.41M
[13:40:34.142] 
        Freq      Cat       mag_A       mag_B  dA dB  AND OR XOR ok
[13:40:34.142]     ────────  ───────  ──────────  ──────────  ── ──  ─── ── ─── ──
[13:40:34.142]       11.40k     both      913421      830496   ✓  ✓    ✓  ✓   ✓  ✓
[13:40:34.142]       18.96k     both     1836562     1564117   ✓  ✓    ✓  ✓   ✓  ✓
[13:40:34.142]       29.07k     both     3377929     3898257   ✓  ✓    ✓  ✓   ✓  ✓
[13:40:34.142]       29.30k   a-only     6813503           0   ✓  ✓    ✓  ✓   ✓  ✓
[13:40:34.142]       30.02k   a-only     4359456           0   ✓  ✓    ✓  ✓   ✓  ✓
[13:40:34.142]       33.25k   a-only     1985599           0   ✓  ✓    ✓  ✓   ✓  ✓
[13:40:34.143]       34.73k     both      876891     3035913   ✓  ✓    ✓  ✓   ✓  ✓
[13:40:34.143]       34.88k   b-only           0     4234995   ✓  ✓    ✓  ✓   ✓  ✓
[13:40:34.143]       37.05k   a-only     1246215           0   ✓  ✓    ✓  ✓   ✓  ✓
[13:40:34.143]       44.95k   b-only           0     2817555   ✓  ✓    ✓  ✓   ✓  ✓
[13:40:34.143]       47.27k     both     1090868     1106839   ✓  ✓    ✓  ✓   ✓  ✓
[13:40:34.143]       47.85k   a-only     4139492           0   ✓  ✓    ✓  ✓   ✓  ✓
[13:40:34.143]       48.52k   a-only     5541034           0   ✓  ✓    ✓  ✓   ✓  ✓
[13:40:34.143]       51.52k   b-only           0     3810860   ✓  ✓    ✓  ✓   ✓  ✓
[13:40:34.143]       61.49k     both      762872      943005   ✓  ✓    ✓  ✓   ✓  ✓
[13:40:34.143]       68.10k     both     1208418     1627433   ✓  ✓    ✓  ✓   ✓  ✓
[13:40:34.143]       78.85k   b-only           0     3591027   ✓  ✓    ✓  ✓   ✓  ✓
[13:40:34.143] 
    AND: 17/17 (100%)  OR: 17/17 (100%)  XOR: 17/17 (100%)  Mean: 100%
[13:40:34.143] 
  ──────────────────────────────────────────────────────────────────
[13:40:34.143]   Step 4: D+H(NE) vs G+B  [prescan]
[13:40:34.143]   ──────────────────────────────────────────────────────────────────
[13:40:34.143]     A: D-NE(9→4), H-NE(7→3) → 7 merged strong
[13:40:34.143]     B: G-NE(8→5), B-NE(7→3) → 7 merged strong
[13:40:34.143]     Union: 9 bits  (5 both, 2 a-only, 2 b-only)
[13:40:34.143]     Thresholds: D-NE=2.28M, H-NE=1.14M, G-NE=1.80M, B-NE=1.90M
[13:40:34.143] 
        Freq      Cat       mag_A       mag_B  dA dB  AND OR XOR ok
[13:40:34.143]     ────────  ───────  ──────────  ──────────  ── ──  ─── ── ─── ──
[13:40:34.143]       28.86k     both     1960892     3807168   ✗  ✓    ✗  ✓   ✗  ✗
[13:40:34.143]       29.25k     both     4751069     3875615   ✓  ✓    ✓  ✓   ✓  ✓
[13:40:34.143]       33.23k   a-only     2274289           0   ✓  ✓    ✓  ✓   ✓  ✓
[13:40:34.143]       34.56k     both     2544013     3638565   ✓  ✓    ✓  ✓   ✓  ✓
[13:40:34.143]       34.90k   b-only           0     4602616   ✓  ✓    ✓  ✓   ✓  ✓
[13:40:34.143]       47.80k   a-only     7058975           0   ✓  ✓    ✓  ✓   ✓  ✓
[13:40:34.143]       49.08k     both     5541034     1431706   ✓  ✗    ✗  ✓   ✗  ✗
[13:40:34.143]       51.52k     both     3299547     3721810   ✓  ✓    ✓  ✓   ✓  ✓
[13:40:34.143]       78.85k   b-only           0     3591027   ✓  ✓    ✓  ✓   ✓  ✓
[13:40:34.143] 
    AND: 7/9 (78%)  OR: 9/9 (100%)  XOR: 7/9 (78%)  Mean: 85%
[13:40:34.143] 
  ──────────────────────────────────────────────────────────────────
[13:40:34.143]   Step 4: D+H(NE) vs G+B  [no-prescan]
[13:40:34.143]   ──────────────────────────────────────────────────────────────────
[13:40:34.143]     A: D-NE(9→9), H-NE(7→7) → 12 merged strong
[13:40:34.143]     B: G-NE(8→8), B-NE(7→7) → 13 merged strong
[13:40:34.143]     Union: 18 bits  (7 both, 5 a-only, 6 b-only)
[13:40:34.143]     Thresholds: D-NE=0.60M, H-NE=0.93M, G-NE=0.78M, B-NE=0.55M
[13:40:34.143] 
        Freq      Cat       mag_A       mag_B  dA dB  AND OR XOR ok
[13:40:34.143]     ────────  ───────  ──────────  ──────────  ── ──  ─── ── ─── ──
[13:40:34.143]       11.43k   a-only     1278914           0   ✓  ✓    ✓  ✓   ✓  ✓
[13:40:34.143]       15.12k   b-only           0     1547631   ✓  ✓    ✓  ✓   ✓  ✓
[13:40:34.143]       16.00k   a-only     1854539           0   ✓  ✓    ✓  ✓   ✓  ✓
[13:40:34.143]       17.38k   b-only           0     1107066   ✓  ✓    ✓  ✓   ✓  ✓
[13:40:34.143]       18.96k     both     1965223     1850439   ✓  ✓    ✓  ✓   ✓  ✓
[13:40:34.144]       28.86k     both     1960892     3807168   ✓  ✓    ✓  ✓   ✓  ✓
[13:40:34.144]       29.25k     both     4751069     3875615   ✓  ✓    ✓  ✓   ✓  ✓
[13:40:34.144]       33.23k   a-only     2274289           0   ✓  ✓    ✓  ✓   ✓  ✓
[13:40:34.144]       34.56k     both     2544013     3638565   ✓  ✓    ✓  ✓   ✓  ✓
[13:40:34.144]       34.90k   b-only           0     4602616   ✓  ✓    ✓  ✓   ✓  ✓
[13:40:34.144]       44.95k   b-only           0     2817555   ✓  ✓    ✓  ✓   ✓  ✓
[13:40:34.144]       47.33k   a-only     1521987           0   ✓  ✓    ✓  ✓   ✓  ✓
[13:40:34.144]       49.08k     both     5541034     1431706   ✓  ✓    ✓  ✓   ✓  ✓
[13:40:34.144]       51.52k     both     3299547     3721810   ✓  ✓    ✓  ✓   ✓  ✓
[13:40:34.144]       61.77k   a-only     1974877           0   ✓  ✓    ✓  ✓   ✓  ✓
[13:40:34.144]       68.04k     both     1986603     1912556   ✓  ✓    ✓  ✓   ✓  ✓
[13:40:34.144]       78.85k   b-only           0     3591027   ✓  ✓    ✓  ✓   ✓  ✓
[13:40:34.144]       89.35k   b-only           0     1130044   ✓  ✓    ✓  ✓   ✓  ✓
[13:40:34.144] 
    AND: 18/18 (100%)  OR: 18/18 (100%)  XOR: 18/18 (100%)  Mean: 100%
[13:40:34.144] 
  ──────────────────────────────────────────────────────────────────
[13:40:34.144]   Step 5: D(all)+H(NE) vs G(all)+B  [prescan]
[13:40:34.144]   ──────────────────────────────────────────────────────────────────
[13:40:34.144]     A: D-NE(9→4), D-NW(11→4), H-NE(7→3) → 8 merged strong
[13:40:34.144]     B: G-NE(8→5), G-NW(8→4), B-NE(7→3) → 7 merged strong
[13:40:34.144]     Union: 10 bits  (5 both, 3 a-only, 2 b-only)
[13:40:34.144]     Thresholds: D-NE=2.28M, D-NW=0.58M, H-NE=1.14M, G-NE=1.80M, G-NW=1.19M, B-NE=1.90M
[13:40:34.144] 
        Freq      Cat       mag_A       mag_B  dA dB  AND OR XOR ok
[13:40:34.144]     ────────  ───────  ──────────  ──────────  ── ──  ─── ── ─── ──
[13:40:34.144]       28.86k     both     1960892     3807168   ✗  ✓    ✗  ✓   ✗  ✗
[13:40:34.144]       29.25k     both     4751069     3875615   ✓  ✓    ✓  ✓   ✓  ✓
[13:40:34.144]       33.23k   a-only     2274289           0   ✓  ✓    ✓  ✓   ✓  ✓
[13:40:34.144]       34.55k     both     2544013     3638565   ✓  ✓    ✓  ✓   ✓  ✓
[13:40:34.144]       34.88k   b-only           0     4234995   ✓  ✓    ✓  ✓   ✓  ✓
[13:40:34.144]       47.80k   a-only     7058975           0   ✓  ✓    ✓  ✓   ✓  ✓
[13:40:34.144]       49.08k     both     5541034     1431706   ✓  ✗    ✗  ✓   ✗  ✗
[13:40:34.144]       51.52k     both     3299547     3810860   ✓  ✓    ✓  ✓   ✓  ✓
[13:40:34.144]       60.98k   a-only     2316752           0   ✓  ✓    ✓  ✓   ✓  ✓
[13:40:34.144]       78.85k   b-only           0     3591027   ✓  ✓    ✓  ✓   ✓  ✓
[13:40:34.144] 
    AND: 8/10 (80%)  OR: 10/10 (100%)  XOR: 8/10 (80%)  Mean: 87%
[13:40:34.145] 
  ──────────────────────────────────────────────────────────────────
[13:40:34.145]   Step 5: D(all)+H(NE) vs G(all)+B  [no-prescan]
[13:40:34.145]   ──────────────────────────────────────────────────────────────────
[13:40:34.145]     A: D-NE(9→9), D-NW(11→11), H-NE(7→7) → 17 merged strong
[13:40:34.145]     B: G-NE(8→8), G-NW(8→8), B-NE(7→7) → 16 merged strong
[13:40:34.145]     Union: 22 bits  (11 both, 6 a-only, 5 b-only)
[13:40:34.145]     Thresholds: D-NE=0.60M, D-NW=0.36M, H-NE=0.93M, G-NE=0.78M, G-NW=0.41M, B-NE=0.55M
[13:40:34.145] 
        Freq      Cat       mag_A       mag_B  dA dB  AND OR XOR ok
[13:40:34.145]     ────────  ───────  ──────────  ──────────  ── ──  ─── ── ─── ──
[13:40:34.145]       11.40k     both      913421      830496   ✓  ✓    ✓  ✓   ✓  ✓
[13:40:34.145]       15.12k   b-only           0     1547631   ✓  ✓    ✓  ✓   ✓  ✓
[13:40:34.145]       16.00k   a-only     1854539           0   ✓  ✓    ✓  ✓   ✓  ✓
[13:40:34.145]       17.38k   b-only           0     1107066   ✓  ✓    ✓  ✓   ✓  ✓
[13:40:34.145]       18.96k     both     1965223     1850439   ✓  ✓    ✓  ✓   ✓  ✓
[13:40:34.145]       28.86k     both     1960892     3807168   ✓  ✓    ✓  ✓   ✓  ✓
[13:40:34.145]       29.25k     both     4751069     3875615   ✓  ✓    ✓  ✓   ✓  ✓
[13:40:34.145]       30.02k   a-only     4359456           0   ✓  ✓    ✓  ✓   ✓  ✓
[13:40:34.145]       33.23k   a-only     2274289           0   ✓  ✓    ✓  ✓   ✓  ✓
[13:40:34.145]       34.55k     both     2544013     3638565   ✓  ✓    ✓  ✓   ✓  ✓
[13:40:34.145]       34.90k     both     3558993     4602616   ✓  ✓    ✓  ✓   ✓  ✓
[13:40:34.145]       37.05k   a-only     1246215           0   ✓  ✓    ✓  ✓   ✓  ✓
[13:40:34.145]       44.95k   b-only           0     2817555   ✓  ✓    ✓  ✓   ✓  ✓
[13:40:34.145]       47.27k     both     1090868     1106839   ✓  ✓    ✓  ✓   ✓  ✓
[13:40:34.145]       47.85k   a-only     4139492           0   ✓  ✓    ✓  ✓   ✓  ✓
[13:40:34.145]       49.08k     both     4736547     1431706   ✓  ✓    ✓  ✓   ✓  ✓
[13:40:34.145]       51.52k     both     3299547     3810860   ✓  ✓    ✓  ✓   ✓  ✓
[13:40:34.145]       61.49k     both      762872      943005   ✓  ✓    ✓  ✓   ✓  ✓
[13:40:34.145]       61.77k   a-only      753314           0   ✓  ✓    ✓  ✓   ✓  ✓
[13:40:34.145]       68.04k     both     1986603     1912556   ✓  ✓    ✓  ✓   ✓  ✓
[13:40:34.145]       78.85k   b-only           0     3591027   ✓  ✓    ✓  ✓   ✓  ✓
[13:40:34.145]       89.35k   b-only           0     1130044   ✓  ✓    ✓  ✓   ✓  ✓
[13:40:34.145] 
    AND: 22/22 (100%)  OR: 22/22 (100%)  XOR: 22/22 (100%)  Mean: 100%
[13:40:34.146] 
  ──────────────────────────────────────────────────────────────────
[13:40:34.146]   Step 6: D(all)+H(all) vs G(all)+B  [prescan]
[13:40:34.146]   ──────────────────────────────────────────────────────────────────
[13:40:34.146]     A: D-NE(9→4), D-NW(11→4), H-NE(7→3), H-NW(10→5) → 10 merged strong
[13:40:34.146]     B: G-NE(8→5), G-NW(8→4), B-NE(7→3) → 7 merged strong
[13:40:34.146]     Union: 12 bits  (5 both, 5 a-only, 2 b-only)
[13:40:34.146]     Thresholds: D-NE=2.28M, D-NW=0.58M, H-NE=1.14M, H-NW=0.95M, G-NE=1.80M, G-NW=1.19M, B-NE=1.90M
[13:40:34.146] 
        Freq      Cat       mag_A       mag_B  dA dB  AND OR XOR ok
[13:40:34.146]     ────────  ───────  ──────────  ──────────  ── ──  ─── ── ─── ──
[13:40:34.146]       16.00k   a-only     1945488           0   ✓  ✓    ✓  ✓   ✓  ✓
[13:40:34.146]       28.86k     both     1960892     3807168   ✗  ✓    ✗  ✓   ✗  ✗
[13:40:34.146]       29.24k     both     4751069     3875615   ✓  ✓    ✓  ✓   ✓  ✓
[13:40:34.146]       33.23k   a-only     2274289           0   ✓  ✓    ✓  ✓   ✓  ✓
[13:40:34.146]       34.54k     both     2148832     3805858   ✓  ✓    ✓  ✓   ✓  ✓
[13:40:34.146]       34.88k   b-only           0     4234995   ✓  ✓    ✓  ✓   ✓  ✓
[13:40:34.146]       47.80k   a-only     7058975           0   ✓  ✓    ✓  ✓   ✓  ✓
[13:40:34.146]       49.08k     both     5541034     1431706   ✓  ✗    ✗  ✓   ✗  ✗
[13:40:34.146]       51.52k     both     3531953     3810860   ✓  ✓    ✓  ✓   ✓  ✓
[13:40:34.146]       60.98k   a-only     2316752           0   ✓  ✓    ✓  ✓   ✓  ✓
[13:40:34.146]       78.85k   b-only           0     3591027   ✓  ✓    ✓  ✓   ✓  ✓
[13:40:34.146]       86.88k   a-only     1903744           0   ✓  ✓    ✓  ✓   ✓  ✓
[13:40:34.146] 
    AND: 10/12 (83%)  OR: 12/12 (100%)  XOR: 10/12 (83%)  Mean: 89%
[13:40:34.147] 
  ──────────────────────────────────────────────────────────────────
[13:40:34.147]   Step 6: D(all)+H(all) vs G(all)+B  [no-prescan]
[13:40:34.147]   ──────────────────────────────────────────────────────────────────
[13:40:34.147]     A: D-NE(9→9), D-NW(11→11), H-NE(7→7), H-NW(10→10) → 19 merged strong
[13:40:34.147]     B: G-NE(8→8), G-NW(8→8), B-NE(7→7) → 16 merged strong
[13:40:34.147]     Union: 23 bits  (12 both, 7 a-only, 4 b-only)
[13:40:34.148]     Thresholds: D-NE=0.60M, D-NW=0.20M, H-NE=0.62M, H-NW=0.09M, G-NE=0.78M, G-NW=0.41M, B-NE=0.55M
[13:40:34.148] 
        Freq      Cat       mag_A       mag_B  dA dB  AND OR XOR ok
[13:40:34.148]     ────────  ───────  ──────────  ──────────  ── ──  ─── ── ─── ──
[13:40:34.148]       11.40k     both      913421      830496   ✓  ✓    ✓  ✓   ✓  ✓
[13:40:34.148]       15.12k   b-only           0     1547631   ✓  ✓    ✓  ✓   ✓  ✓
[13:40:34.148]       16.00k   a-only     1945488           0   ✓  ✓    ✓  ✓   ✓  ✓
[13:40:34.148]       17.38k   b-only           0     1107066   ✓  ✓    ✓  ✓   ✓  ✓
[13:40:34.148]       18.96k     both     1965223     1850439   ✓  ✓    ✓  ✓   ✓  ✓
[13:40:34.148]       28.86k     both     1960892     3807168   ✓  ✓    ✓  ✓   ✓  ✓
[13:40:34.148]       29.24k     both     4751069     3875615   ✓  ✓    ✓  ✓   ✓  ✓
[13:40:34.148]       29.95k   a-only     4861987           0   ✓  ✓    ✓  ✓   ✓  ✓
[13:40:34.148]       33.23k   a-only     2274289           0   ✓  ✓    ✓  ✓   ✓  ✓
[13:40:34.148]       34.54k     both     2148832     3805858   ✓  ✓    ✓  ✓   ✓  ✓
[13:40:34.148]       34.90k     both     3558993     4602616   ✓  ✓    ✓  ✓   ✓  ✓
[13:40:34.148]       37.05k   a-only     1246215           0   ✓  ✓    ✓  ✓   ✓  ✓
[13:40:34.148]       44.95k   b-only           0     2817555   ✓  ✓    ✓  ✓   ✓  ✓
[13:40:34.148]       47.27k     both     1090868     1106839   ✓  ✓    ✓  ✓   ✓  ✓
[13:40:34.148]       47.85k   a-only     4139492           0   ✓  ✓    ✓  ✓   ✓  ✓
[13:40:34.148]       49.08k     both     4736547     1431706   ✓  ✓    ✓  ✓   ✓  ✓
[13:40:34.148]       51.52k     both     3531953     3810860   ✓  ✓    ✓  ✓   ✓  ✓
[13:40:34.148]       58.52k   a-only     1338613           0   ✓  ✓    ✓  ✓   ✓  ✓
[13:40:34.148]       61.49k     both      762872      943005   ✓  ✓    ✓  ✓   ✓  ✓
[13:40:34.148]       61.73k   a-only      762872           0   ✓  ✓    ✓  ✓   ✓  ✓
[13:40:34.148]       68.04k     both     1986603     1912556   ✓  ✓    ✓  ✓   ✓  ✓
[13:40:34.148]       78.85k   b-only           0     3591027   ✓  ✓    ✓  ✓   ✓  ✓
[13:40:34.148]       88.11k     both     1903744      825230   ✓  ✓    ✓  ✓   ✓  ✓
[13:40:34.148] 
    AND: 23/23 (100%)  OR: 23/23 (100%)  XOR: 23/23 (100%)  Mean: 100%
[13:40:34.148] 
══════════════════════════════════════════════════════════════════════
[13:40:34.148]   SUMMARY — Progressive Boolean Sweep
[13:40:34.148] ══════════════════════════════════════════════════════════════════════
[13:40:34.148] 
  Step  Config                        Prescan  Bits   AND    OR   XOR  Mean
[13:40:34.148]   ────  ────────────────────────────  ───────  ────  ────  ────  ────  ────
[13:40:34.148]      1  B vs G (NE)                       yes     7  100%  100%  100%  100%
[13:40:34.148]      1  B vs G (NE)                        no    13  100%  100%  100%  100%
[13:40:34.148]      2  D_NE vs G_NE                      yes     8  100%  100%  100%  100%
[13:40:34.148]      2  D_NE vs G_NE                       no    13  100%  100%  100%  100%
[13:40:34.148]      3  D(NE+NW) vs G(NE+NW)              yes     9  100%  100%  100%  100%
[13:40:34.148]      3  D(NE+NW) vs G(NE+NW)               no    17  100%  100%  100%  100%
[13:40:34.148]      4  D+H(NE) vs G+B                    yes     9   78%  100%   78%   85%
[13:40:34.148]      4  D+H(NE) vs G+B                     no    18  100%  100%  100%  100%
[13:40:34.148]      5  D(all)+H(NE) vs G(all)+B          yes    10   80%  100%   80%   87%
[13:40:34.148]      5  D(all)+H(NE) vs G(all)+B           no    22  100%  100%  100%  100%
[13:40:34.148]      6  D(all)+H(all) vs G(all)+B         yes    12   83%  100%   83%   89%
[13:40:34.148]      6  D(all)+H(all) vs G(all)+B          no    23  100%  100%  100%  100%
[13:40:34.148] 
  Total duration: 205.6s (capture: 205.5s)
[13:40:34.155] 
  Results saved: bool_sweep_20260418_134034.json
