[23:08:39.473] Relay mux connected on /dev/cu.usbserial-11310
[23:08:39.476] ======================================================================
[23:08:39.476]   HARDWARE NEAREST-NEIGHBOR SEARCH — α-Interpolation
[23:08:39.476] ======================================================================
[23:08:39.476]   Rod A: 1 (Pattern A)
[23:08:39.476]   Rod B: 2 (Pattern B)
[23:08:39.476]   α steps: 11 (0.0 → 1.0)
[23:08:39.476]   Peaks per query: 10
[23:08:39.476]   Sense rods: ['1', '2', '3', '4']
[23:08:39.476]   Relay mux: /dev/cu.usbserial-11310
[23:08:39.476] 
[23:08:40.638] PicoScope opened (Ch A ±1V DC)
[23:08:40.640] ═══ α=0.00 (10 from A, 0 from B) ═══
[23:08:59.146]   Scores: R1=+6.7◄  R2=-1.0   R3=+0.6   R4=+4.1   → R1 ✓  τ=1.00
[23:08:59.146] 
[23:08:59.147] ═══ α=0.10 (10 from A, 0 from B) ═══
[23:09:17.988]   Scores: R1=+6.7◄  R2=-0.9   R3=+0.6   R4=+4.2   → R1 ✓  τ=1.00
[23:09:17.988] 
[23:09:17.988] ═══ α=0.20 (10 from A, 0 from B) ═══
[23:09:37.112]   Scores: R1=+6.7◄  R2=-0.9   R3=+0.5   R4=+4.2   → R1 ✓  τ=1.00
[23:09:37.112] 
[23:09:37.113] ═══ α=0.30 (10 from A, 0 from B) ═══
[23:09:56.132]   Scores: R1=+6.8◄  R2=-0.9   R3=+0.6   R4=+4.1   → R1 ✓  τ=1.00
[23:09:56.132] 
[23:09:56.132] ═══ α=0.40 (10 from A, 0 from B) ═══
[23:10:15.184]   Scores: R1=+6.9◄  R2=-0.9   R3=+0.5   R4=+4.2   → R1 ✓  τ=1.00
[23:10:15.184] 
[23:10:15.184] ═══ α=0.50 (10 from A, 0 from B) ═══
[23:10:34.216]   Scores: R1=+6.8◄  R2=-0.9   R3=+0.5   R4=+4.2   → R1 ✓  τ=1.00
[23:10:34.216] 
[23:10:34.216] ═══ α=0.60 (0 from A, 10 from B) ═══
[23:10:53.462]   Scores: R1=+1.4   R2=+7.5◄  R3=+0.8   R4=+4.1   → R2 ✓  τ=1.00
[23:10:53.462] 
[23:10:53.463] ═══ α=0.70 (0 from A, 10 from B) ═══
[23:11:12.474]   Scores: R1=+1.4   R2=+7.7◄  R3=+0.8   R4=+4.1   → R2 ✓  τ=1.00
[23:11:12.474] 
[23:11:12.474] ═══ α=0.80 (0 from A, 10 from B) ═══
[23:11:31.787]   Scores: R1=+1.4   R2=+7.5◄  R3=+0.8   R4=+4.1   → R2 ✓  τ=1.00
[23:11:31.787] 
[23:11:31.787] ═══ α=0.90 (0 from A, 10 from B) ═══
[23:11:51.138]   Scores: R1=+1.4   R2=+7.5◄  R3=+0.8   R4=+4.1   → R2 ✓  τ=1.00
[23:11:51.138] 
[23:11:51.138] ═══ α=1.00 (0 from A, 10 from B) ═══
[23:12:10.620]   Scores: R1=+1.4   R2=+7.5◄  R3=+0.8   R4=+4.0   → R2 ✓  τ=1.00
[23:12:10.620] 
[23:12:11.701] PicoScope closed
[23:12:11.701] ======================================================================
[23:12:11.701]   RESULTS
[23:12:11.701] ======================================================================
[23:12:11.701] 
  Winner Trajectory:
[23:12:11.701]       α  Winner  Correct      τ  A-peaks  B-peaks
[23:12:11.701]   ─────  ──────  ───────  ─────  ───────  ───────
[23:12:11.701]    0.00  Rod  1        ✓   1.00       10        0
[23:12:11.701]    0.10  Rod  1        ✓   1.00       10        0
[23:12:11.701]    0.20  Rod  1        ✓   1.00       10        0
[23:12:11.701]    0.30  Rod  1        ✓   1.00       10        0
[23:12:11.701]    0.40  Rod  1        ✓   1.00       10        0
[23:12:11.701]    0.50  Rod  1        ✓   1.00       10        0
[23:12:11.701]    0.60  Rod  2        ✓   1.00        0       10
[23:12:11.701]    0.70  Rod  2        ✓   1.00        0       10
[23:12:11.701]    0.80  Rod  2        ✓   1.00        0       10
[23:12:11.701]    0.90  Rod  2        ✓   1.00        0       10
[23:12:11.701]    1.00  Rod  2        ✓   1.00        0       10
[23:12:11.701] 
  Crossover α: 0.6
[23:12:11.701]   Accuracy: 11/11 (100%)
[23:12:11.701]   Mean Kendall τ: 1.000
[23:12:11.701]   Duration: 212.2s
[23:12:11.701] 
  Score Trajectory (Rod A=1, Rod B=2):
[23:12:11.701]       α      R1      R2     gap
[23:12:11.701]   ─────  ──────  ──────  ──────
[23:12:11.701]    0.00    +6.7    -1.0    +7.7
[23:12:11.701]    0.10    +6.7    -0.9    +7.6
[23:12:11.701]    0.20    +6.7    -0.9    +7.6
[23:12:11.701]    0.30    +6.8    -0.9    +7.7
[23:12:11.701]    0.40    +6.9    -0.9    +7.8
[23:12:11.701]    0.50    +6.8    -0.9    +7.7
[23:12:11.701]    0.60    +1.4    +7.5    -6.1
[23:12:11.701]    0.70    +1.4    +7.7    -6.2
[23:12:11.702]    0.80    +1.4    +7.5    -6.1
[23:12:11.702]    0.90    +1.4    +7.5    -6.1
[23:12:11.702]    1.00    +1.4    +7.5    -6.1
[23:12:11.762] 
Results saved to data/results/lab/nearest_neighbor/nn_20260408_230836.json
