[07:37:51.209] 
======================================================================
[07:37:51.209]   PLATE CIM EXPERIMENT SUITE
[07:37:51.209]   Blocks: boolean-pairs, 3plate-boolean, chained
[07:37:51.209] ======================================================================
[07:37:52.382] PicoScope opened (Ch A ±1V DC)
[07:37:54.965] Relay mux connected on /dev/cu.usbserial-11310
[07:37:54.966] Census: plate_census_20260412_180543.json
[07:37:54.968] Loaded enrollment: 5 plates, 10 peaks each
[07:37:54.968] 
=================================================================
[07:37:54.968]   PRE-SCAN: filtering strong modes per plate
[07:37:54.968] =================================================================
[07:37:56.712]   Plate A: 2/3 strong  (thresh 3,236,266)  peaks [29700, 89425]
[07:38:00.900]   Plate B: 3/6 strong  (thresh 2,991,351)  peaks [29200, 49650, 28825]
[07:38:04.300]   Plate C: 3/6 strong  (thresh 2,588,258)  peaks [43175, 49625, 31400]
[07:38:12.216]   Plate D: 3/8 strong  (thresh 544,481)  peaks [49625, 29925, 89375]
[07:38:18.027]   Plate E: 4/8 strong  (thresh 2,528,971)  peaks [49675, 29250, 29975, 28875]
[07:38:18.077]   Total strong modes: 15
[07:38:18.077] 
=================================================================
[07:38:18.077]   BLOCK 2: BOOLEAN ALL PAIRS (V5 pre-scan filtered)
[07:38:18.077] =================================================================
[07:38:18.078] 
  Pair: Plate A × Plate B
[07:38:18.078]     A-only: 1, B-only: 2, Shared: 1
[07:38:22.963]     Fidelity: AND=75.0%, OR=100.0%, XOR=75.0%, mean=83.3%
[07:38:22.963] 
  Pair: Plate A × Plate C
[07:38:22.963]     A-only: 2, B-only: 3, Shared: 0
[07:38:30.054]     Fidelity: AND=100.0%, OR=100.0%, XOR=100.0%, mean=100.0%
[07:38:30.054] 
  Pair: Plate A × Plate D
[07:38:30.055]     A-only: 0, B-only: 1, Shared: 2
[07:38:34.981]     Fidelity: AND=100.0%, OR=100.0%, XOR=100.0%, mean=100.0%
[07:38:34.981] 
  Pair: Plate A × Plate E
[07:38:34.981]     A-only: 1, B-only: 3, Shared: 1
[07:38:41.655]     Fidelity: AND=60.0%, OR=100.0%, XOR=60.0%, mean=73.3%
[07:38:41.656] 
  Pair: Plate B × Plate C
[07:38:41.656]     A-only: 2, B-only: 2, Shared: 1
[07:38:45.662]     Fidelity: AND=100.0%, OR=100.0%, XOR=100.0%, mean=100.0%
[07:38:45.662] 
  Pair: Plate B × Plate D
[07:38:45.662]     A-only: 1, B-only: 1, Shared: 2
[07:38:50.912]     Fidelity: AND=100.0%, OR=100.0%, XOR=100.0%, mean=100.0%
[07:38:50.912] 
  Pair: Plate B × Plate E
[07:38:50.912]     A-only: 0, B-only: 1, Shared: 3
[07:38:54.943]     Fidelity: AND=75.0%, OR=100.0%, XOR=75.0%, mean=83.3%
[07:38:54.943] 
  Pair: Plate C × Plate D
[07:38:54.943]     A-only: 2, B-only: 2, Shared: 1
[07:39:01.058]     Fidelity: AND=100.0%, OR=100.0%, XOR=100.0%, mean=100.0%
[07:39:01.059] 
  Pair: Plate C × Plate E
[07:39:01.059]     A-only: 2, B-only: 3, Shared: 1
[07:39:06.056]     Fidelity: AND=100.0%, OR=100.0%, XOR=100.0%, mean=100.0%
[07:39:06.056] 
  Pair: Plate D × Plate E
[07:39:06.056]     A-only: 1, B-only: 2, Shared: 2
[07:39:13.385]     Fidelity: AND=80.0%, OR=100.0%, XOR=80.0%, mean=86.7%
[07:39:13.437] 
  Boolean fidelity: mean=92.7%, worst=73.3%
[07:39:13.437] 
=================================================================
[07:39:13.437]   BLOCK 4: 3-PLATE BOOLEAN (V5 pre-scan filtered)
[07:39:13.437] =================================================================
[07:39:13.437] 
  Triple: A × B × C
[07:39:23.993]     Fidelity: AND3=100.0%, OR3=100.0%, mean=100.0%
[07:39:23.993] 
  Triple: A × B × D
[07:39:31.210]     Fidelity: AND3=100.0%, OR3=100.0%, mean=100.0%
[07:39:31.210] 
  Triple: A × B × E
[07:39:37.825]     Fidelity: AND3=100.0%, OR3=100.0%, mean=100.0%
[07:39:37.825] 
  Triple: A × C × D
[07:39:48.579]     Fidelity: AND3=100.0%, OR3=100.0%, mean=100.0%
[07:39:48.579] 
  Triple: A × C × E
[07:39:58.727]     Fidelity: AND3=100.0%, OR3=100.0%, mean=100.0%
[07:39:58.727] 
  Triple: A × D × E
[07:40:05.979]     Fidelity: AND3=100.0%, OR3=100.0%, mean=100.0%
[07:40:05.979] 
  Triple: B × C × D
[07:40:14.293]     Fidelity: AND3=100.0%, OR3=100.0%, mean=100.0%
[07:40:14.293] 
  Triple: B × C × E
[07:40:18.890]     Fidelity: AND3=100.0%, OR3=100.0%, mean=100.0%
[07:40:18.890] 
  Triple: B × D × E
[07:40:24.520]     Fidelity: AND3=100.0%, OR3=100.0%, mean=100.0%
[07:40:24.520] 
  Triple: C × D × E
[07:40:35.538]     Fidelity: AND3=100.0%, OR3=100.0%, mean=100.0%
[07:40:35.590] 
  3-plate Boolean overall fidelity: 100.0%
[07:40:35.591] 
=================================================================
[07:40:35.591]   BLOCK 5: CHAINED BOOLEAN (V5 pre-scan filtered)
[07:40:35.591] =================================================================
[07:40:35.591]   Chain: (A AND B) XOR C
[07:40:46.463]   Chained fidelity: 100.0% (5/5)
[07:40:47.488] PicoScope closed
[07:40:47.549] 
  Saved: /Users/Mike/Code/wcfoma/data/results/lab/plate_exps/cim_suite/plate_suite_20260417_073751.json
[07:40:47.549] 
=================================================================
[07:40:47.549]   FIRESTORE SUBMISSION
[07:40:47.549] =================================================================
[07:40:47.549]   Skipped (--dry-run or --no-submit)
[07:40:47.549] 
=================================================================
[07:40:47.549]   SUITE SUMMARY (172.6s)
[07:40:47.549] =================================================================
[07:40:47.549]   Boolean:      92.7% mean fidelity
[07:40:47.549]   3-plate:      100.0% mean fidelity
[07:40:47.549]   Chained:      100.0% fidelity
