[07:15:10.833] 
======================================================================
[07:15:10.833]   PLATE CIM EXPERIMENT SUITE
[07:15:10.833]   Blocks: temporal, boolean-pairs, nn-pairs, 3plate-boolean, chained, noise
[07:15:10.833] ======================================================================
[07:15:11.984] PicoScope opened (Ch A ±1V DC)
[07:15:14.573] Relay mux connected on /dev/cu.usbserial-11310
[07:15:14.573] Census: plate_census_20260412_180543.json
[07:15:14.574] Loaded enrollment: 5 plates, 10 peaks each
[07:15:14.574] 
=================================================================
[07:15:14.574]   BLOCK 1: TEMPORAL STABILITY
[07:15:14.574] =================================================================
[07:15:14.728] 
  Plate A: measuring 3 enrolled frequencies
[07:15:15.159]     29700 Hz: 8169836
[07:15:15.452]     89425 Hz: 4524336
[07:15:16.481]     18775 Hz: 1685926
[07:15:16.481]     → 3/3 modes alive
[07:15:16.640] 
  Plate B: measuring 6 enrolled frequencies
[07:15:16.877]     29200 Hz: 6748941
[07:15:17.150]     49650 Hz: 4906836
[07:15:17.467]     28825 Hz: 3906273
[07:15:18.496]     18950 Hz: 2017474
[07:15:19.551]     15125 Hz: 1842576
[07:15:20.589]     89350 Hz: 1241971
[07:15:20.589]     → 6/6 modes alive
[07:15:20.748] 
  Plate C: measuring 6 enrolled frequencies
[07:15:21.084]     43175 Hz: 4028448
[07:15:21.649]     49625 Hz: 2742730
[07:15:21.999]     31400 Hz: 3429645
[07:15:22.854]     26175 Hz: 1895640
[07:15:23.220]     61650 Hz: 2254325
[07:15:24.045]     89325 Hz: 665808
[07:15:24.045]     → 6/6 modes alive
[07:15:24.201] 
  Plate D: measuring 8 enrolled frequencies
[07:15:25.209]     49625 Hz: 1320091
[07:15:26.089]     29925 Hz: 1128404
[07:15:27.126]     90275 Hz: 358166
[07:15:28.172]     78125 Hz: 327513
[07:15:29.210]     89375 Hz: 639290
[07:15:30.257]     90025 Hz: 536454
[07:15:31.303]     45025 Hz: 88822
[07:15:32.343]     94675 Hz: 445819
[07:15:32.343]     → 7/8 modes alive
[07:15:32.503] 
  Plate E: measuring 8 enrolled frequencies
[07:15:32.776]     49675 Hz: 5171458
[07:15:33.046]     29250 Hz: 5212253
[07:15:33.280]     29975 Hz: 6356048
[07:15:33.968]     28875 Hz: 2912792
[07:15:35.006]     34500 Hz: 2036356
[07:15:36.057]     26200 Hz: 2016156
[07:15:37.103]     89475 Hz: 406679
[07:15:38.141]     94775 Hz: 23464
[07:15:38.141]     → 7/8 modes alive
[07:15:38.197] 
  Temporal stability: 29/31 (93.5%) modes alive across 5 plates
[07:15:38.197] 
=================================================================
[07:15:38.197]   BLOCK 2: BOOLEAN ALL PAIRS
[07:15:38.197] =================================================================
[07:15:38.197] 
  Pair: Plate A × Plate B
[07:15:38.197]     A-only: 0, B-only: 3, Shared: 3
[07:15:47.925]     Fidelity: AND=33.3%, OR=100.0%, XOR=33.3%, mean=55.5%
[07:15:47.926] 
  Pair: Plate A × Plate C
[07:15:47.926]     A-only: 2, B-only: 5, Shared: 1
[07:16:01.440]     Fidelity: AND=12.5%, OR=100.0%, XOR=12.5%, mean=41.7%
[07:16:01.440] 
  Pair: Plate A × Plate D
[07:16:01.440]     A-only: 1, B-only: 6, Shared: 2
[07:16:18.707]     Fidelity: AND=33.3%, OR=100.0%, XOR=33.3%, mean=55.5%
[07:16:18.707] 
  Pair: Plate A × Plate E
[07:16:18.707]     A-only: 1, B-only: 6, Shared: 2
[07:16:33.916]     Fidelity: AND=44.4%, OR=100.0%, XOR=44.4%, mean=62.9%
[07:16:33.916] 
  Pair: Plate B × Plate C
[07:16:33.916]     A-only: 4, B-only: 4, Shared: 2
[07:16:49.212]     Fidelity: AND=20.0%, OR=100.0%, XOR=20.0%, mean=46.7%
[07:16:49.213] 
  Pair: Plate B × Plate D
[07:16:49.213]     A-only: 3, B-only: 5, Shared: 3
[07:17:09.066]     Fidelity: AND=54.5%, OR=100.0%, XOR=54.5%, mean=69.7%
[07:17:09.067] 
  Pair: Plate B × Plate E
[07:17:09.067]     A-only: 2, B-only: 4, Shared: 4
[07:17:25.096]     Fidelity: AND=50.0%, OR=100.0%, XOR=50.0%, mean=66.7%
[07:17:25.096] 
  Pair: Plate C × Plate D
[07:17:25.096]     A-only: 4, B-only: 6, Shared: 2
[07:17:45.040]     Fidelity: AND=33.3%, OR=100.0%, XOR=33.3%, mean=55.5%
[07:17:45.040] 
  Pair: Plate C × Plate E
[07:17:45.040]     A-only: 3, B-only: 5, Shared: 3
[07:17:59.724]     Fidelity: AND=36.4%, OR=100.0%, XOR=36.4%, mean=57.6%
[07:17:59.724] 
  Pair: Plate D × Plate E
[07:17:59.724]     A-only: 4, B-only: 4, Shared: 4
[07:18:21.941]     Fidelity: AND=50.0%, OR=100.0%, XOR=50.0%, mean=66.7%
[07:18:21.995] 
  Boolean fidelity: mean=57.9%, worst=41.7%
[07:18:21.996] 
=================================================================
[07:18:21.996]   BLOCK 3: NEAREST-NEIGHBOR (cross-relay)
[07:18:21.996] =================================================================
[07:18:21.996] 
  Query: Plate A (3 freqs)
[07:18:38.319]     Winner: Plate A (✓)  margin=+4.59
[07:18:38.319]     Scores: [A:+5.47, B:+0.88, C:-0.02, D:+0.20, E:+0.57]
[07:18:38.319] 
  Query: Plate B (6 freqs)
[07:19:07.194]     Winner: Plate B (✓)  margin=+3.07
[07:19:07.194]     Scores: [A:+2.19, B:+5.51, C:+0.13, D:+1.15, E:+2.44]
[07:19:07.194] 
  Query: Plate C (6 freqs)
[07:19:35.580]     Winner: Plate C (✓)  margin=+1.93
[07:19:35.581]     Scores: [A:+0.02, B:+0.93, C:+3.99, D:+0.02, E:+2.06]
[07:19:35.581] 
  Query: Plate D (8 freqs)
[07:20:18.667]     Winner: Plate E (✗)  margin=-1.44
[07:20:18.668]     Scores: [A:+1.66, B:+3.11, C:+1.52, D:+2.23, E:+3.67]
[07:20:18.668] 
  Query: Plate E (8 freqs)
[07:20:56.694]     Winner: Plate E (✓)  margin=+3.40
[07:20:56.694]     Scores: [A:+1.74, B:+2.42, C:+0.94, D:+1.94, E:+5.82]
[07:20:56.694] 
  NN accuracy: 4/5 (80.0%), mean margin=+2.31
[07:20:56.694] 
=================================================================
[07:20:56.694]   BLOCK 4: 3-PLATE BOOLEAN
[07:20:56.694] =================================================================
[07:20:56.695] 
  Triple: A × B × C
[07:21:18.642]     Fidelity: AND3=77.8%, OR3=100.0%, mean=88.9%
[07:21:18.643] 
  Triple: A × B × D
[07:21:41.657]     Fidelity: AND3=87.5%, OR3=87.5%, mean=87.5%
[07:21:41.657] 
  Triple: A × B × E
[07:22:03.462]     Fidelity: AND3=87.5%, OR3=87.5%, mean=87.5%
[07:22:03.462] 
  Triple: A × C × D
[07:22:33.018]     Fidelity: AND3=90.9%, OR3=90.9%, mean=90.9%
[07:22:33.019] 
  Triple: A × C × E
[07:22:58.104]     Fidelity: AND3=80.0%, OR3=90.0%, mean=85.0%
[07:22:58.104] 
  Triple: A × D × E
[07:23:23.712]     Fidelity: AND3=77.8%, OR3=100.0%, mean=88.9%
[07:23:23.712] 
  Triple: B × C × D
[07:23:53.575]     Fidelity: AND3=66.7%, OR3=91.7%, mean=79.2%
[07:23:53.575] 
  Triple: B × C × E
[07:24:19.912]     Fidelity: AND3=36.4%, OR3=90.9%, mean=63.7%
[07:24:19.912] 
  Triple: B × D × E
[07:24:47.864]     Fidelity: AND3=100.0%, OR3=100.0%, mean=100.0%
[07:24:47.864] 
  Triple: C × D × E
[07:25:16.966]     Fidelity: AND3=66.7%, OR3=100.0%, mean=83.3%
[07:25:17.023] 
  3-plate Boolean overall fidelity: 85.5%
[07:25:17.023] 
=================================================================
[07:25:17.023]   BLOCK 5: CHAINED BOOLEAN
[07:25:17.023] =================================================================
[07:25:17.023]   Chain: (A AND B) XOR C
[07:25:39.568]   Chained fidelity: 55.6% (5/9)
[07:25:39.571] 
=================================================================
[07:25:39.571]   BLOCK 6: NOISE ROBUSTNESS (drive voltage sweep)
[07:25:39.571] =================================================================
[07:25:39.571] 
  Baseline: full-drive cross-relay NN on 5 plates
[07:25:39.571] 
  Drive 100% (2000000 µVpp):
[07:25:55.103]     Winner: A (✓)  margin=+4.59  corr=1.0000
[07:25:55.104] 
  Drive 75% (1500000 µVpp):
[07:26:11.414]     Winner: A (✓)  margin=+4.53  corr=0.9999
[07:26:11.414] 
  Drive 50% (1000000 µVpp):
[07:26:28.725]     Winner: A (✓)  margin=+4.50  corr=0.9996
[07:26:28.726] 
  Drive 25% (500000 µVpp):
[07:26:46.695]     Winner: A (✓)  margin=+4.46  corr=1.0000
[07:26:46.695] 
  Drive 10% (200000 µVpp):
[07:27:04.974]     Winner: A (✓)  margin=+4.69  corr=0.9996
[07:27:04.974] 
  Noise floor: correct recall down to 10.0% drive
[07:27:06.030] PicoScope closed
[07:27:06.104] 
  Saved: /Users/Mike/Code/wcfoma/data/results/lab/plate_exps/cim_suite/plate_suite_20260417_071510.json
[07:27:06.104] 
=================================================================
[07:27:06.104]   FIRESTORE SUBMISSION
[07:27:06.104] =================================================================
[07:27:07.518]   ✓ Firebase auth OK
[07:27:12.761]   temporal: ✓ xKVDMGkXkZUw0co6AEkl
[07:27:14.334]   boolean-pairs: ✓ AkcSsyR3fbq86Fs77Lvl
[07:27:15.910]   nn-pairs: ✓ tRugR9Ei3QRJIuoN11iI
[07:27:18.001]   3plate-boolean: ✓ BTcn24g30lKfTY0HUnCu
[07:27:19.578]   chained: ✓ 34QQyOEN9fz8gJ0UjA9X
[07:27:21.147]   noise: ✗ {
  "error": true,
  "url": "https://coherent-wave-memory.web.app/api/submit-experiment",
  "statusCode": 429,
  "statusMessage": "Too many submissions. Please wait a minute.",
  "message": "Too many submissions. Please wait a minute."
}
[07:27:22.157] 
=================================================================
[07:27:22.157]   SUITE SUMMARY (711.5s)
[07:27:22.157] =================================================================
[07:27:22.157]   Temporal:     93.5% modes alive
[07:27:22.157]   Boolean:      57.9% mean fidelity
[07:27:22.157]   NN:           80.0% accuracy, margin +2.31
[07:27:22.157]   3-plate:      85.5% mean fidelity
[07:27:22.157]   Chained:      55.6% fidelity
[07:27:22.157]   Noise floor:  10.0% drive
