[14:55:14.032] ══════════════════════════════════════════════════════════════
[14:55:14.032]   NARMA-10 HARMONIC LADDER — Spatial Encoding of Temporal Memory
[14:55:14.032] ══════════════════════════════════════════════════════════════
[14:55:14.032] 
[14:55:14.033]   Census modes: 61
[14:55:14.033]   Carriers: [19.0, 23.9, 29.2, 29.9, 34.55, 37.0, 45.0, 49.6, 56.2, 58.5]k
[14:55:14.034]   Readout frequencies: 117
[14:55:14.034]     Carriers: 10, Ambient modes: 23, IM2: 44, IM3: 40
[14:55:14.034]   Step pairs with IM coverage: 43/45
[14:55:14.034]   Critical u(t-9)×u(t) pair: ✓ COVERED
[14:55:14.034] 
[14:55:14.034]   Generating NARMA-10 time series...
[14:55:14.037]   Steps: 360 total, 300 usable (201 train / 99 test)
[14:55:14.037] 
[14:55:14.037] ━━━━━━━━━━━━━━━━━━━━━━━━━━━━━━━━━━━━━━━━
[14:55:14.037]   HARDWARE CAPTURE
[14:55:14.037] ━━━━━━━━━━━━━━━━━━━━━━━━━━━━━━━━━━━━━━━━
[14:55:15.198]   PicoScope opened (Ch A ±1V DC)
[14:55:18.294]   f_rep = 29.0 Hz
[14:55:30.627]     10/300 steps (0.81/s, ETA 358s)
[14:55:42.841]     20/300 steps (0.81/s, ETA 344s)
[14:55:55.095]     30/300 steps (0.82/s, ETA 331s)
[14:56:07.217]     40/300 steps (0.82/s, ETA 318s)
[14:56:19.378]     50/300 steps (0.82/s, ETA 305s)
[14:56:31.526]     60/300 steps (0.82/s, ETA 293s)
[14:56:43.833]     70/300 steps (0.82/s, ETA 281s)
[14:56:56.128]     80/300 steps (0.82/s, ETA 269s)
[14:57:08.367]     90/300 steps (0.82/s, ETA 257s)
[14:57:20.548]     100/300 steps (0.82/s, ETA 245s)
[14:57:32.773]     110/300 steps (0.82/s, ETA 232s)
[14:57:44.959]     120/300 steps (0.82/s, ETA 220s)
[14:57:57.121]     130/300 steps (0.82/s, ETA 208s)
[14:58:09.353]     140/300 steps (0.82/s, ETA 195s)
[14:58:21.527]     150/300 steps (0.82/s, ETA 183s)
[14:58:33.639]     160/300 steps (0.82/s, ETA 171s)
[14:58:45.882]     170/300 steps (0.82/s, ETA 159s)
[14:58:58.185]     180/300 steps (0.82/s, ETA 147s)
[14:59:10.418]     190/300 steps (0.82/s, ETA 134s)
[14:59:22.612]     200/300 steps (0.82/s, ETA 122s)
[14:59:34.853]     210/300 steps (0.82/s, ETA 110s)
[14:59:46.985]     220/300 steps (0.82/s, ETA 98s)
[14:59:59.316]     230/300 steps (0.82/s, ETA 86s)
[15:00:11.640]     240/300 steps (0.82/s, ETA 73s)
[15:00:23.856]     250/300 steps (0.82/s, ETA 61s)
[15:00:36.130]     260/300 steps (0.82/s, ETA 49s)
[15:00:48.377]     270/300 steps (0.82/s, ETA 37s)
[15:01:00.599]     280/300 steps (0.82/s, ETA 24s)
[15:01:13.056]     290/300 steps (0.82/s, ETA 12s)
[15:01:25.432]     300/300 steps (0.82/s, ETA 0s)
[15:01:25.432]   Open-loop capture complete, scope stays open for eval...
[15:01:25.432] 
  Feature matrix: (300, 127)
[15:01:25.432] 
━━━━━━━━━━━━━━━━━━━━━━━━━━━━━━━━━━━━━━━━
[15:01:25.432]   RESULTS
[15:01:25.432] ━━━━━━━━━━━━━━━━━━━━━━━━━━━━━━━━━━━━━━━━
[15:01:25.434] 
  Approach                                 Train       Test  Feats
[15:01:25.434]   ─────────────────────────────────── ────────── ────────── ──────
[15:01:25.434]   mean_baseline                            1.000     1.0054      0
[15:01:25.455]   ladder_full                             0.4662     0.9450    127
[15:01:25.462]   ladder_spectrum_only                    0.4983     1.0343    117
[15:01:25.466]   input_window_only                       0.6481     0.7829     10
[15:01:25.470]   input_poly2                             0.6054     0.8333     65
[15:01:25.482]   ladder_top20_poly_interact              0.5202     0.9364    465
[15:01:25.482] 
  Running software ESN baseline...
[15:01:25.488]   software_esn                            0.1028     0.1706     64
[15:01:25.494]   ladder_esn                              0.6135     1.0995     64
[15:01:25.500]   ladder_plus_esn_concat                  0.2875     0.8848    191
[15:01:25.500] 
  Running closed-loop (output feedback on 11th carrier)...
[15:01:25.501]   Closed-loop: 136 readout freqs (was 117 without feedback carrier)
[15:01:25.501]   Pass 1: Open-loop capture (teacher forcing)...
[15:02:27.248]     50/300 (61.7s)
[15:03:29.083]     100/300 (123.6s)
[15:04:30.730]     150/300 (185.2s)
[15:05:32.641]     200/300 (247.1s)
[15:06:34.539]     250/300 (309.0s)
[15:07:36.406]     300/300 (370.9s)
[15:07:36.441]   Pass 1 ridge α=0.001
[15:07:36.441]   Pass 2: Closed-loop capture (predicted feedback)...
[15:07:59.808]     220/300 (23.4s)
[15:08:24.405]     240/300 (48.0s)
[15:08:49.211]     260/300 (72.8s)
[15:09:14.089]     280/300 (97.6s)
[15:09:38.797]     300/300 (122.4s)
[15:09:38.799]   ladder_feedback_openloop                0.0000     0.0000    147
[15:09:38.799]   ladder_feedback_closedloop              0.0000     1.0619    147
[15:09:38.799] 
  ★ BEST: ladder_feedback_openloop — NMSE 0.0000
[15:09:38.799]   Quality: EXCELLENT
[15:09:38.799]   ▲ BEATS previous best (0.666) by 100.0%
[15:09:38.806] 
  Saved: narma10_ladder_20260418_145514.json
