[08:18:09.184] 
======================================================================
[08:18:09.184]   NARMA-10 BENCHMARK
[08:18:09.184]   Steps: 300, Washout: 50, Seed: 42
[08:18:09.184] ======================================================================
[08:18:09.186] 
  NARMA-10 generated: 300 steps
[08:18:09.186]   u range: [0.0037, 0.4962]
[08:18:09.186]   y range: [0.0000, 0.6912]
[08:18:09.186]   y mean: 0.3856, std: 0.1040
[08:18:09.187]   Plate D: 8 modes, 7 carriers at indices [np.int64(0), np.int64(1), np.int64(2), np.int64(3), np.int64(4), np.int64(5), np.int64(7)]
[08:18:10.362] PicoScope opened (Ch A ±1V DC)
[08:18:12.972]   Relay mux connected on /dev/cu.usbserial-11310
[08:18:12.973] 
  Capturing 300 time steps (hardware mode)...
[08:20:11.378]     Step 50/300 done
[08:22:03.018]     Step 100/300 done
[08:23:51.526]     Step 150/300 done
[08:25:43.364]     Step 200/300 done
[08:27:42.654]     Step 250/300 done
[08:29:30.470]     Step 300/300 done
[08:29:31.502] PicoScope closed
[08:29:31.620]   Capture complete: 677.5s (2258 ms/step)
[08:29:31.620] 
  Building feature matrices...
[08:29:31.718]   Train: steps 50–200 (150 samples)
[08:29:31.718]   Test:  steps 200–300 (100 samples)
[08:29:31.718]   y_train mean=0.3809 std=0.0874
[08:29:31.718] 
======================================================================
[08:29:31.718]   RESULTS
[08:29:31.718] ======================================================================
[08:29:31.718] 
  Approach                    NMSE (train)    NMSE (test)   Features
[08:29:31.718]   ───────────────────────── ────────────── ────────────── ──────────
[08:29:31.718]   mean_baseline                   1.000000       1.004961          0
[08:29:31.727]   input_esn                       0.274590       0.665998         64
[08:29:31.728]   input_only                      0.975032       1.032406          7
[08:29:31.729]   input_poly                      0.731272       1.178518         35
[08:29:31.730]   input_window                    0.360221       1.061814         70
[08:29:31.731]   plate_esn                       0.477960       1.520034         64
[08:29:31.732]   plate_esn_plus                  0.291565       1.170238        120
[08:29:31.738]   plate_poly                      0.368454       1.192392       1652
[08:29:31.740]   plate_raw                       0.941939       1.031509         56
[08:29:31.742]   plate_window                    0.253229       1.066455        560
[08:29:31.756]   sw_rbf_auto                     0.655374       1.151501          7
[08:29:31.759]   sw_rbf_0.1                      0.695220       1.112475          7
[08:29:31.761]   sw_rbf_window                   0.329803       1.016519         70
[08:29:31.761] 
  ─────────────────────────────────────────────────────────────────
[08:29:31.761]   Best overall:  input_esn (NMSE = 0.665998)
[08:29:31.761]   Best plate:    NMSE = 1.031509
[08:29:31.761]   Best software: NMSE = 0.665998
[08:29:31.761]   → Software wins by 54.9%
[08:29:31.761] 
  NARMA-10 quality thresholds:
[08:29:31.761]     NMSE < 0.1  → excellent reservoir
[08:29:31.761]     NMSE < 0.3  → good reservoir
[08:29:31.761]     NMSE < 0.5  → marginal reservoir
[08:29:31.761]     NMSE ≥ 1.0  → no better than predicting the mean
[08:29:31.761] 
  Total time: 678.8s
[08:29:31.764] 
  Saved: /Users/Mike/Code/wcfoma/data/results/lab/plate_exps/narma10/narma10_20260417_081809.json
