[08:41:58.585] 
======================================================================
[08:41:58.585]   NARMA-10 BENCHMARK
[08:41:58.585]   Steps: 300, Washout: 50, Seed: 42
[08:41:58.585]   Capture: hardware + burst
[08:41:58.585] ======================================================================
[08:41:58.587] 
  NARMA-10 generated: 300 steps
[08:41:58.587]   u range: [0.0037, 0.4962]
[08:41:58.587]   y range: [0.0000, 0.6912]
[08:41:58.587]   y mean: 0.3856, std: 0.1040
[08:41:58.588]   Plate D: 8 modes, 7 carriers at indices [np.int64(0), np.int64(1), np.int64(2), np.int64(3), np.int64(4), np.int64(5), np.int64(7)]
[08:41:59.753] PicoScope opened (Ch A ±1V DC)
[08:42:02.367]   Relay mux connected on /dev/cu.usbserial-11310
[08:42:02.367] 
  Capturing 300 time steps (hardware + burst)...
[08:47:43.094]     Step 50/300 done
[08:53:25.073]     Step 100/300 done
[08:59:09.401]     Step 150/300 done
[09:04:57.346]     Step 200/300 done
[09:10:51.537]     Step 250/300 done
[09:16:22.157]     Step 300/300 done
[09:16:23.201] PicoScope closed
[09:16:23.329]   Capture complete: 2059.8s (6866 ms/step)
[09:16:23.329] 
  Building feature matrices...
[09:16:23.446]   Train: steps 50–200 (150 samples)
[09:16:23.447]   Test:  steps 200–300 (100 samples)
[09:16:23.447]   y_train mean=0.3809 std=0.0874
[09:16:23.447] 
======================================================================
[09:16:23.447]   RESULTS
[09:16:23.447] ======================================================================
[09:16:23.447] 
  Approach                    NMSE (train)    NMSE (test)   Features
[09:16:23.447]   ───────────────────────── ────────────── ────────────── ──────────
[09:16:23.448]   mean_baseline                   1.000000       1.004961          0
[09:16:23.466]   burst_combined_esn              0.409990       2.963834         64
[09:16:23.467]   burst_esn                       0.333285       1.285900         64
[09:16:23.468]   burst_plus_ss                   0.622478       1.306672        112
[09:16:23.469]   burst_raw                       0.654705       1.292041         56
[09:16:23.472]   burst_window                    0.000007       1.129970        560
[09:16:23.473]   input_esn                       0.274590       0.665998         64
[09:16:23.478]   input_only                      0.975032       1.032406          7
[09:16:23.480]   input_poly                      0.731272       1.178518         35
[09:16:23.480]   input_window                    0.360221       1.061814         70
[09:16:23.481]   plate_esn                       0.448072       1.765856         64
[09:16:23.483]   plate_esn_plus                  0.295158       1.388445        120
[09:16:23.488]   plate_poly                      0.388535       1.140195       1652
[09:16:23.491]   plate_raw                       0.945197       1.025388         56
[09:16:23.493]   plate_window                    0.264073       1.053676        560
[09:16:23.507]   sw_rbf_auto                     0.655374       1.151501          7
[09:16:23.509]   sw_rbf_0.1                      0.695220       1.112475          7
[09:16:23.511]   sw_rbf_window                   0.329803       1.016519         70
[09:16:23.511] 
  ─────────────────────────────────────────────────────────────────
[09:16:23.511]   Best overall:  input_esn (NMSE = 0.665998)
[09:16:23.511]   Best plate:    NMSE = 1.025388
[09:16:23.511]   Best software: NMSE = 0.665998
[09:16:23.511]   → Software wins by 54.0%
[09:16:23.511] 
  NARMA-10 quality thresholds:
[09:16:23.511]     NMSE < 0.1  → excellent reservoir
[09:16:23.511]     NMSE < 0.3  → good reservoir
[09:16:23.511]     NMSE < 0.5  → marginal reservoir
[09:16:23.511]     NMSE ≥ 1.0  → no better than predicting the mean
[09:16:23.511] 
  Total time: 2061.1s
[09:16:23.512] 
  Saved: /Users/Mike/Code/wcfoma/data/results/lab/plate_exps/narma10/narma10_20260417_084158.json
