[14:42:07.396] ══════════════════════════════════════════════════════════════
[14:42:07.396]   NARMA-10 HARMONIC LADDER — Spatial Encoding of Temporal Memory
[14:42:07.396] ══════════════════════════════════════════════════════════════
[14:42:07.396] 
[14:42:07.396]   Census modes: 61
[14:42:07.396]   Carriers: [19.0, 23.9, 29.2, 29.9, 34.55, 37.0, 45.0, 49.6, 56.2, 58.5]k
[14:42:07.397]   Readout frequencies: 117
[14:42:07.397]     Carriers: 10, Ambient modes: 23, IM2: 44, IM3: 40
[14:42:07.397]   Step pairs with IM coverage: 43/45
[14:42:07.397]   Critical u(t-9)×u(t) pair: ✓ COVERED
[14:42:07.397] 
[14:42:07.397]   Generating NARMA-10 time series...
[14:42:07.399]   Steps: 360 total, 300 usable (201 train / 99 test)
[14:42:07.399] 
[14:42:07.399] ━━━━━━━━━━━━━━━━━━━━━━━━━━━━━━━━━━━━━━━━
[14:42:07.399]   SIMULATION MODE
[14:42:07.399] ━━━━━━━━━━━━━━━━━━━━━━━━━━━━━━━━━━━━━━━━
[14:42:26.940]     50/300 steps (19.5s)
[14:42:46.382]     100/300 steps (39.0s)
[14:43:05.629]     150/300 steps (58.2s)
[14:43:24.866]     200/300 steps (77.5s)
[14:43:44.412]     250/300 steps (97.0s)
[14:44:03.633]     300/300 steps (116.2s)
[14:44:03.633] 
  Feature matrix: (300, 127)
[14:44:03.633] 
━━━━━━━━━━━━━━━━━━━━━━━━━━━━━━━━━━━━━━━━
[14:44:03.633]   RESULTS
[14:44:03.633] ━━━━━━━━━━━━━━━━━━━━━━━━━━━━━━━━━━━━━━━━
[14:44:03.634] 
  Approach                                 Train       Test  Feats
[14:44:03.634]   ─────────────────────────────────── ────────── ────────── ──────
[14:44:03.634]   mean_baseline                            1.000     1.0054      0
[14:44:03.641]   ladder_full                             0.4787     0.9149    127
[14:44:03.644]   ladder_spectrum_only                    0.4805     0.9158    117
[14:44:03.646]   input_window_only                       0.6481     0.7829     10
[14:44:03.649]   input_poly2                             0.6054     0.8333     65
[14:44:03.656]   ladder_top20_poly_interact              0.5241     0.9257    465
[14:44:03.656] 
  Running software ESN baseline...
[14:44:03.662]   software_esn                            0.1028     0.1706     64
[14:44:03.667]   ladder_esn                              0.5815     0.8561     64
[14:44:03.672]   ladder_plus_esn_concat                  0.2692     0.6973    191
[14:44:03.672] 
  Running closed-loop (output feedback on 11th carrier)...
[14:44:03.673]   Closed-loop: 136 readout freqs (was 117 without feedback carrier)
[14:44:03.673]   Pass 1: Open-loop capture (teacher forcing)...
[14:44:30.911]     50/300 (27.2s)
[14:44:57.933]     100/300 (54.3s)
[14:45:24.963]     150/300 (81.3s)
[14:45:52.242]     200/300 (108.6s)
[14:46:19.542]     250/300 (135.9s)
[14:46:46.731]     300/300 (163.1s)
[14:46:46.737]   Pass 1 ridge α=0.001
[14:46:46.737]   Pass 2: Closed-loop capture (predicted feedback)...
[14:46:57.016]     220/300 (10.3s)
[14:47:08.085]     240/300 (21.3s)
[14:47:19.129]     260/300 (32.4s)
[14:47:30.165]     280/300 (43.4s)
[14:47:41.115]     300/300 (54.4s)
[14:47:41.116]   ladder_feedback_openloop                0.0000     0.0000    147
[14:47:41.116]   ladder_feedback_closedloop              0.0000     1.0592    147
[14:47:41.116] 
  ★ BEST: ladder_feedback_openloop — NMSE 0.0000
[14:47:41.116]   Quality: EXCELLENT
[14:47:41.116]   ▲ BEATS previous best (0.666) by 100.0%
[14:47:41.118] 
  Saved: narma10_ladder_20260418_144207.json
