[21:36:15.890] ══════════════════════════════════════════════════════════════
[21:36:15.890]   NARMA-10 HARMONIC LADDER — Spatial Encoding of Temporal Memory
[21:36:15.890] ══════════════════════════════════════════════════════════════
[21:36:15.890] 
[21:36:15.891]   Census modes: 61
[21:36:15.891]   Carriers: [19.0, 23.9, 29.2, 29.9, 34.55, 37.0, 45.0, 49.6, 56.2, 58.5]k
[21:36:15.892]   Readout frequencies: 117
[21:36:15.892]     Carriers: 10, Ambient modes: 23, IM2: 44, IM3: 40
[21:36:15.892]   Step pairs with IM coverage: 43/45
[21:36:15.892]   Critical u(t-9)×u(t) pair: ✓ COVERED
[21:36:15.892] 
[21:36:15.892]   Generating NARMA-10 time series...
[21:36:15.904]   Steps: 3060 total, 3000 usable (2010 train / 990 test)
[21:36:15.904] 
[21:36:15.904] ━━━━━━━━━━━━━━━━━━━━━━━━━━━━━━━━━━━━━━━━
[21:36:15.904]   HARDWARE CAPTURE
[21:36:15.904] ━━━━━━━━━━━━━━━━━━━━━━━━━━━━━━━━━━━━━━━━
[21:36:17.076]   PicoScope opened (Ch A ±1V DC)
[21:36:20.163]   f_rep = 29.0 Hz
[21:36:20.164]   All-open mode: activating all NE relays...
[21:36:20.322]   All-open: 5 plates summed → 117 spectral + 10 input = 127 features
[21:36:20.322]   Expected speed: ~3 steps/s (no relay switching)
[21:36:20.322]   Enrollment prescan (per-plate solo + all-open combined)...
[21:36:22.243]     A-NE: nf_max=19425, solo_max=6176935
[21:36:23.409]     B-NE: nf_max=17012, solo_max=6378794
[21:36:25.072]     G-NE: nf_max=17106, solo_max=3173207
[21:36:27.888]     D-NE: nf_max=15740, solo_max=2882735
[21:36:29.203]     H-NE: nf_max=17450, solo_max=2839733
[21:36:30.185]   All-open enrollment done (9.9s, noise_floor max=16684, solo range=490693–2741522)
[21:36:31.145]     10/3000 steps (10.42/s, ETA 287s)
[21:36:31.965]     20/3000 steps (11.24/s, ETA 265s)
[21:36:32.741]     30/3000 steps (11.74/s, ETA 253s)
[21:36:33.579]     40/3000 steps (11.79/s, ETA 251s)
[21:36:34.368]     50/3000 steps (11.95/s, ETA 247s)
[21:36:35.012]     60/3000 steps (12.43/s, ETA 237s)
[21:36:35.825]     70/3000 steps (12.41/s, ETA 236s)
[21:36:36.668]     80/3000 steps (12.34/s, ETA 237s)
[21:36:37.479]     90/3000 steps (12.34/s, ETA 236s)
[21:36:38.368]     100/3000 steps (12.22/s, ETA 237s)
[21:36:39.126]     110/3000 steps (12.30/s, ETA 235s)
[21:36:39.905]     120/3000 steps (12.35/s, ETA 233s)
[21:36:40.764]     130/3000 steps (12.29/s, ETA 234s)
[21:36:41.692]     140/3000 steps (12.17/s, ETA 235s)
[21:36:42.402]     150/3000 steps (12.28/s, ETA 232s)
[21:36:43.152]     160/3000 steps (12.34/s, ETA 230s)
[21:36:44.034]     170/3000 steps (12.28/s, ETA 231s)
[21:36:44.804]     180/3000 steps (12.31/s, ETA 229s)
[21:36:45.574]     190/3000 steps (12.35/s, ETA 228s)
[21:36:46.351]     200/3000 steps (12.37/s, ETA 226s)
[21:36:47.203]     210/3000 steps (12.34/s, ETA 226s)
[21:36:47.934]     220/3000 steps (12.40/s, ETA 224s)
[21:36:48.751]     230/3000 steps (12.39/s, ETA 224s)
[21:36:49.601]     240/3000 steps (12.36/s, ETA 223s)
[21:36:50.475]     250/3000 steps (12.32/s, ETA 223s)
[21:36:51.359]     260/3000 steps (12.28/s, ETA 223s)
[21:36:52.187]     270/3000 steps (12.27/s, ETA 222s)
[21:36:53.090]     280/3000 steps (12.22/s, ETA 222s)
[21:36:53.837]     290/3000 steps (12.26/s, ETA 221s)
[21:36:54.706]     300/3000 steps (12.23/s, ETA 221s)
[21:36:55.494]     310/3000 steps (12.25/s, ETA 220s)
[21:36:56.169]     320/3000 steps (12.32/s, ETA 218s)
[21:36:56.974]     330/3000 steps (12.32/s, ETA 217s)
[21:36:57.821]     340/3000 steps (12.30/s, ETA 216s)
[21:36:58.625]     350/3000 steps (12.31/s, ETA 215s)
[21:36:59.405]     360/3000 steps (12.32/s, ETA 214s)
[21:37:00.281]     370/3000 steps (12.29/s, ETA 214s)
[21:37:01.000]     380/3000 steps (12.33/s, ETA 212s)
[21:37:01.769]     390/3000 steps (12.35/s, ETA 211s)
[21:37:02.606]     400/3000 steps (12.34/s, ETA 211s)
[21:37:03.438]     410/3000 steps (12.33/s, ETA 210s)
[21:37:04.189]     420/3000 steps (12.35/s, ETA 209s)
[21:37:04.965]     430/3000 steps (12.36/s, ETA 208s)
[21:37:05.816]     440/3000 steps (12.35/s, ETA 207s)
[21:37:06.600]     450/3000 steps (12.36/s, ETA 206s)
[21:37:07.515]     460/3000 steps (12.32/s, ETA 206s)
[21:37:08.305]     470/3000 steps (12.33/s, ETA 205s)
[21:37:09.149]     480/3000 steps (12.32/s, ETA 205s)
[21:37:09.956]     490/3000 steps (12.32/s, ETA 204s)
[21:37:10.799]     500/3000 steps (12.31/s, ETA 203s)
[21:37:11.606]     510/3000 steps (12.31/s, ETA 202s)
[21:37:12.460]     520/3000 steps (12.30/s, ETA 202s)
[21:37:13.298]     530/3000 steps (12.29/s, ETA 201s)
[21:37:14.106]     540/3000 steps (12.29/s, ETA 200s)
[21:37:14.903]     550/3000 steps (12.30/s, ETA 199s)
[21:37:15.725]     560/3000 steps (12.30/s, ETA 198s)
[21:37:16.589]     570/3000 steps (12.28/s, ETA 198s)
[21:37:17.356]     580/3000 steps (12.30/s, ETA 197s)
[21:37:18.179]     590/3000 steps (12.29/s, ETA 196s)
[21:37:19.072]     600/3000 steps (12.27/s, ETA 196s)
[21:37:19.970]     610/3000 steps (12.25/s, ETA 195s)
[21:37:20.820]     620/3000 steps (12.24/s, ETA 194s)
[21:37:21.615]     630/3000 steps (12.25/s, ETA 193s)
[21:37:22.439]     640/3000 steps (12.25/s, ETA 193s)
[21:37:23.239]     650/3000 steps (12.25/s, ETA 192s)
[21:37:24.111]     660/3000 steps (12.24/s, ETA 191s)
[21:37:24.885]     670/3000 steps (12.25/s, ETA 190s)
[21:37:25.776]     680/3000 steps (12.23/s, ETA 190s)
[21:37:26.552]     690/3000 steps (12.24/s, ETA 189s)
[21:37:27.313]     700/3000 steps (12.25/s, ETA 188s)
[21:37:28.136]     710/3000 steps (12.25/s, ETA 187s)
[21:37:28.884]     720/3000 steps (12.27/s, ETA 186s)
[21:37:29.716]     730/3000 steps (12.26/s, ETA 185s)
[21:37:30.546]     740/3000 steps (12.26/s, ETA 184s)
[21:37:31.339]     750/3000 steps (12.26/s, ETA 183s)
[21:37:32.341]     760/3000 steps (12.23/s, ETA 183s)
[21:37:33.198]     770/3000 steps (12.22/s, ETA 182s)
[21:37:34.052]     780/3000 steps (12.21/s, ETA 182s)
[21:37:34.936]     790/3000 steps (12.20/s, ETA 181s)
[21:37:35.737]     800/3000 steps (12.20/s, ETA 180s)
[21:37:36.604]     810/3000 steps (12.20/s, ETA 180s)
[21:37:37.390]     820/3000 steps (12.20/s, ETA 179s)
[21:37:38.204]     830/3000 steps (12.20/s, ETA 178s)
[21:37:39.039]     840/3000 steps (12.20/s, ETA 177s)
[21:37:39.857]     850/3000 steps (12.20/s, ETA 176s)
[21:37:40.661]     860/3000 steps (12.20/s, ETA 175s)
[21:37:41.428]     870/3000 steps (12.21/s, ETA 174s)
[21:37:42.266]     880/3000 steps (12.21/s, ETA 174s)
[21:37:43.031]     890/3000 steps (12.22/s, ETA 173s)
[21:37:43.868]     900/3000 steps (12.21/s, ETA 172s)
[21:37:44.609]     910/3000 steps (12.23/s, ETA 171s)
[21:37:45.249]     920/3000 steps (12.26/s, ETA 170s)
[21:37:46.097]     930/3000 steps (12.25/s, ETA 169s)
[21:37:46.862]     940/3000 steps (12.26/s, ETA 168s)
[21:37:47.613]     950/3000 steps (12.27/s, ETA 167s)
[21:37:48.510]     960/3000 steps (12.26/s, ETA 166s)
[21:37:49.259]     970/3000 steps (12.27/s, ETA 165s)
[21:37:49.982]     980/3000 steps (12.28/s, ETA 164s)
[21:37:50.730]     990/3000 steps (12.29/s, ETA 164s)
[21:37:51.540]     1000/3000 steps (12.29/s, ETA 163s)
[21:37:52.351]     1010/3000 steps (12.29/s, ETA 162s)
[21:37:53.127]     1020/3000 steps (12.30/s, ETA 161s)
[21:37:53.867]     1030/3000 steps (12.31/s, ETA 160s)
[21:37:54.672]     1040/3000 steps (12.31/s, ETA 159s)
[21:37:55.548]     1050/3000 steps (12.30/s, ETA 159s)
[21:37:56.402]     1060/3000 steps (12.29/s, ETA 158s)
[21:37:57.354]     1070/3000 steps (12.27/s, ETA 157s)
[21:37:58.140]     1080/3000 steps (12.28/s, ETA 156s)
[21:37:58.878]     1090/3000 steps (12.29/s, ETA 155s)
[21:37:59.604]     1100/3000 steps (12.30/s, ETA 154s)
[21:38:00.406]     1110/3000 steps (12.30/s, ETA 154s)
[21:38:01.232]     1120/3000 steps (12.30/s, ETA 153s)
[21:38:02.106]     1130/3000 steps (12.29/s, ETA 152s)
[21:38:02.846]     1140/3000 steps (12.30/s, ETA 151s)
[21:38:03.722]     1150/3000 steps (12.29/s, ETA 150s)
[21:38:04.636]     1160/3000 steps (12.28/s, ETA 150s)
[21:38:05.438]     1170/3000 steps (12.28/s, ETA 149s)
[21:38:06.222]     1180/3000 steps (12.29/s, ETA 148s)
[21:38:07.029]     1190/3000 steps (12.29/s, ETA 147s)
[21:38:07.809]     1200/3000 steps (12.29/s, ETA 146s)
[21:38:08.571]     1210/3000 steps (12.30/s, ETA 146s)
[21:38:09.365]     1220/3000 steps (12.30/s, ETA 145s)
[21:38:10.237]     1230/3000 steps (12.29/s, ETA 144s)
[21:38:11.015]     1240/3000 steps (12.30/s, ETA 143s)
[21:38:11.751]     1250/3000 steps (12.31/s, ETA 142s)
[21:38:12.630]     1260/3000 steps (12.30/s, ETA 141s)
[21:38:13.537]     1270/3000 steps (12.29/s, ETA 141s)
[21:38:14.297]     1280/3000 steps (12.29/s, ETA 140s)
[21:38:15.172]     1290/3000 steps (12.29/s, ETA 139s)
[21:38:15.959]     1300/3000 steps (12.29/s, ETA 138s)
[21:38:16.791]     1310/3000 steps (12.29/s, ETA 138s)
[21:38:17.520]     1320/3000 steps (12.30/s, ETA 137s)
[21:38:18.389]     1330/3000 steps (12.29/s, ETA 136s)
[21:38:19.312]     1340/3000 steps (12.28/s, ETA 135s)
[21:38:20.224]     1350/3000 steps (12.27/s, ETA 134s)
[21:38:20.968]     1360/3000 steps (12.28/s, ETA 134s)
[21:38:21.645]     1370/3000 steps (12.29/s, ETA 133s)
[21:38:22.436]     1380/3000 steps (12.29/s, ETA 132s)
[21:38:23.158]     1390/3000 steps (12.30/s, ETA 131s)
[21:38:23.892]     1400/3000 steps (12.31/s, ETA 130s)
[21:38:24.642]     1410/3000 steps (12.32/s, ETA 129s)
[21:38:25.420]     1420/3000 steps (12.32/s, ETA 128s)
[21:38:26.260]     1430/3000 steps (12.32/s, ETA 127s)
[21:38:27.087]     1440/3000 steps (12.32/s, ETA 127s)
[21:38:28.030]     1450/3000 steps (12.30/s, ETA 126s)
[21:38:28.973]     1460/3000 steps (12.29/s, ETA 125s)
[21:38:29.754]     1470/3000 steps (12.29/s, ETA 124s)
[21:38:30.547]     1480/3000 steps (12.30/s, ETA 124s)
[21:38:31.295]     1490/3000 steps (12.30/s, ETA 123s)
[21:38:32.102]     1500/3000 steps (12.30/s, ETA 122s)
[21:38:32.906]     1510/3000 steps (12.30/s, ETA 121s)
[21:38:33.832]     1520/3000 steps (12.29/s, ETA 120s)
[21:38:34.521]     1530/3000 steps (12.31/s, ETA 119s)
[21:38:35.233]     1540/3000 steps (12.32/s, ETA 119s)
[21:38:35.839]     1550/3000 steps (12.34/s, ETA 118s)
[21:38:36.701]     1560/3000 steps (12.33/s, ETA 117s)
[21:38:37.439]     1570/3000 steps (12.34/s, ETA 116s)
[21:38:38.255]     1580/3000 steps (12.34/s, ETA 115s)
[21:38:39.114]     1590/3000 steps (12.33/s, ETA 114s)
[21:38:39.878]     1600/3000 steps (12.34/s, ETA 113s)
[21:38:40.788]     1610/3000 steps (12.33/s, ETA 113s)
[21:38:41.506]     1620/3000 steps (12.34/s, ETA 112s)
[21:38:42.377]     1630/3000 steps (12.33/s, ETA 111s)
[21:38:43.190]     1640/3000 steps (12.33/s, ETA 110s)
[21:38:43.970]     1650/3000 steps (12.33/s, ETA 109s)
[21:38:44.806]     1660/3000 steps (12.33/s, ETA 109s)
[21:38:45.667]     1670/3000 steps (12.33/s, ETA 108s)
[21:38:46.566]     1680/3000 steps (12.32/s, ETA 107s)
[21:38:47.413]     1690/3000 steps (12.32/s, ETA 106s)
[21:38:48.196]     1700/3000 steps (12.32/s, ETA 106s)
[21:38:49.020]     1710/3000 steps (12.32/s, ETA 105s)
[21:38:49.795]     1720/3000 steps (12.32/s, ETA 104s)
[21:38:50.584]     1730/3000 steps (12.32/s, ETA 103s)
[21:38:51.330]     1740/3000 steps (12.33/s, ETA 102s)
[21:38:52.097]     1750/3000 steps (12.33/s, ETA 101s)
[21:38:53.001]     1760/3000 steps (12.32/s, ETA 101s)
[21:38:53.918]     1770/3000 steps (12.31/s, ETA 100s)
[21:38:54.837]     1780/3000 steps (12.31/s, ETA 99s)
[21:38:55.658]     1790/3000 steps (12.30/s, ETA 98s)
[21:38:56.430]     1800/3000 steps (12.31/s, ETA 97s)
[21:38:57.329]     1810/3000 steps (12.30/s, ETA 97s)
[21:38:58.105]     1820/3000 steps (12.30/s, ETA 96s)
[21:38:58.853]     1830/3000 steps (12.31/s, ETA 95s)
[21:38:59.695]     1840/3000 steps (12.31/s, ETA 94s)
[21:39:00.376]     1850/3000 steps (12.32/s, ETA 93s)
[21:39:01.095]     1860/3000 steps (12.33/s, ETA 92s)
[21:39:01.885]     1870/3000 steps (12.33/s, ETA 92s)
[21:39:02.622]     1880/3000 steps (12.33/s, ETA 91s)
[21:39:03.395]     1890/3000 steps (12.34/s, ETA 90s)
[21:39:04.181]     1900/3000 steps (12.34/s, ETA 89s)
[21:39:05.045]     1910/3000 steps (12.33/s, ETA 88s)
[21:39:05.813]     1920/3000 steps (12.34/s, ETA 88s)
[21:39:06.592]     1930/3000 steps (12.34/s, ETA 87s)
[21:39:07.482]     1940/3000 steps (12.33/s, ETA 86s)
[21:39:08.310]     1950/3000 steps (12.33/s, ETA 85s)
[21:39:09.098]     1960/3000 steps (12.33/s, ETA 84s)
[21:39:09.858]     1970/3000 steps (12.34/s, ETA 83s)
[21:39:10.628]     1980/3000 steps (12.34/s, ETA 83s)
[21:39:11.428]     1990/3000 steps (12.34/s, ETA 82s)
[21:39:12.295]     2000/3000 steps (12.34/s, ETA 81s)
[21:39:13.140]     2010/3000 steps (12.33/s, ETA 80s)
[21:39:13.925]     2020/3000 steps (12.34/s, ETA 79s)
[21:39:14.638]     2030/3000 steps (12.34/s, ETA 79s)
[21:39:15.426]     2040/3000 steps (12.35/s, ETA 78s)
[21:39:16.288]     2050/3000 steps (12.34/s, ETA 77s)
[21:39:17.077]     2060/3000 steps (12.34/s, ETA 76s)
[21:39:18.030]     2070/3000 steps (12.33/s, ETA 75s)
[21:39:18.876]     2080/3000 steps (12.33/s, ETA 75s)
[21:39:19.592]     2090/3000 steps (12.34/s, ETA 74s)
[21:39:20.307]     2100/3000 steps (12.34/s, ETA 73s)
[21:39:21.106]     2110/3000 steps (12.34/s, ETA 72s)
[21:39:21.922]     2120/3000 steps (12.34/s, ETA 71s)
[21:39:22.724]     2130/3000 steps (12.35/s, ETA 70s)
[21:39:23.507]     2140/3000 steps (12.35/s, ETA 70s)
[21:39:24.169]     2150/3000 steps (12.36/s, ETA 69s)
[21:39:25.007]     2160/3000 steps (12.36/s, ETA 68s)
[21:39:25.867]     2170/3000 steps (12.35/s, ETA 67s)
[21:39:26.588]     2180/3000 steps (12.36/s, ETA 66s)
[21:39:27.388]     2190/3000 steps (12.36/s, ETA 66s)
[21:39:28.231]     2200/3000 steps (12.36/s, ETA 65s)
[21:39:29.214]     2210/3000 steps (12.34/s, ETA 64s)
[21:39:30.046]     2220/3000 steps (12.34/s, ETA 63s)
[21:39:30.783]     2230/3000 steps (12.35/s, ETA 62s)
[21:39:31.741]     2240/3000 steps (12.34/s, ETA 62s)
[21:39:32.542]     2250/3000 steps (12.34/s, ETA 61s)
[21:39:33.321]     2260/3000 steps (12.34/s, ETA 60s)
[21:39:34.101]     2270/3000 steps (12.34/s, ETA 59s)
[21:39:35.101]     2280/3000 steps (12.33/s, ETA 58s)
[21:39:36.017]     2290/3000 steps (12.32/s, ETA 58s)
[21:39:36.810]     2300/3000 steps (12.32/s, ETA 57s)
[21:39:37.646]     2310/3000 steps (12.32/s, ETA 56s)
[21:39:38.472]     2320/3000 steps (12.32/s, ETA 55s)
[21:39:39.310]     2330/3000 steps (12.32/s, ETA 54s)
[21:39:40.150]     2340/3000 steps (12.32/s, ETA 54s)
[21:39:40.981]     2350/3000 steps (12.32/s, ETA 53s)
[21:39:41.850]     2360/3000 steps (12.31/s, ETA 52s)
[21:39:42.589]     2370/3000 steps (12.32/s, ETA 51s)
[21:39:43.413]     2380/3000 steps (12.32/s, ETA 50s)
[21:39:44.337]     2390/3000 steps (12.31/s, ETA 50s)
[21:39:45.198]     2400/3000 steps (12.31/s, ETA 49s)
[21:39:46.112]     2410/3000 steps (12.30/s, ETA 48s)
[21:39:46.980]     2420/3000 steps (12.30/s, ETA 47s)
[21:39:47.770]     2430/3000 steps (12.30/s, ETA 46s)
[21:39:48.570]     2440/3000 steps (12.30/s, ETA 46s)
[21:39:49.477]     2450/3000 steps (12.29/s, ETA 45s)
[21:39:50.252]     2460/3000 steps (12.30/s, ETA 44s)
[21:39:51.000]     2470/3000 steps (12.30/s, ETA 43s)
[21:39:51.825]     2480/3000 steps (12.30/s, ETA 42s)
[21:39:52.602]     2490/3000 steps (12.30/s, ETA 41s)
[21:39:53.360]     2500/3000 steps (12.30/s, ETA 41s)
[21:39:54.358]     2510/3000 steps (12.29/s, ETA 40s)
[21:39:55.134]     2520/3000 steps (12.30/s, ETA 39s)
[21:39:55.913]     2530/3000 steps (12.30/s, ETA 38s)
[21:39:56.719]     2540/3000 steps (12.30/s, ETA 37s)
[21:39:57.594]     2550/3000 steps (12.29/s, ETA 37s)
[21:39:58.401]     2560/3000 steps (12.29/s, ETA 36s)
[21:39:59.116]     2570/3000 steps (12.30/s, ETA 35s)
[21:39:59.864]     2580/3000 steps (12.30/s, ETA 34s)
[21:40:00.621]     2590/3000 steps (12.31/s, ETA 33s)
[21:40:01.423]     2600/3000 steps (12.31/s, ETA 32s)
[21:40:02.205]     2610/3000 steps (12.31/s, ETA 32s)
[21:40:02.955]     2620/3000 steps (12.31/s, ETA 31s)
[21:40:03.734]     2630/3000 steps (12.32/s, ETA 30s)
[21:40:04.462]     2640/3000 steps (12.32/s, ETA 29s)
[21:40:05.240]     2650/3000 steps (12.32/s, ETA 28s)
[21:40:06.187]     2660/3000 steps (12.31/s, ETA 28s)
[21:40:06.998]     2670/3000 steps (12.31/s, ETA 27s)
[21:40:07.770]     2680/3000 steps (12.32/s, ETA 26s)
[21:40:08.652]     2690/3000 steps (12.31/s, ETA 25s)
[21:40:09.437]     2700/3000 steps (12.31/s, ETA 24s)
[21:40:10.481]     2710/3000 steps (12.30/s, ETA 24s)
[21:40:11.227]     2720/3000 steps (12.31/s, ETA 23s)
[21:40:11.979]     2730/3000 steps (12.31/s, ETA 22s)
[21:40:12.837]     2740/3000 steps (12.31/s, ETA 21s)
[21:40:13.561]     2750/3000 steps (12.31/s, ETA 20s)
[21:40:14.456]     2760/3000 steps (12.31/s, ETA 20s)
[21:40:15.322]     2770/3000 steps (12.30/s, ETA 19s)
[21:40:16.200]     2780/3000 steps (12.30/s, ETA 18s)
[21:40:17.036]     2790/3000 steps (12.30/s, ETA 17s)
[21:40:17.761]     2800/3000 steps (12.30/s, ETA 16s)
[21:40:18.736]     2810/3000 steps (12.29/s, ETA 15s)
[21:40:19.625]     2820/3000 steps (12.29/s, ETA 15s)
[21:40:20.565]     2830/3000 steps (12.28/s, ETA 14s)
[21:40:21.347]     2840/3000 steps (12.29/s, ETA 13s)
[21:40:22.113]     2850/3000 steps (12.29/s, ETA 12s)
[21:40:22.866]     2860/3000 steps (12.29/s, ETA 11s)
[21:40:23.621]     2870/3000 steps (12.29/s, ETA 11s)
[21:40:24.540]     2880/3000 steps (12.29/s, ETA 10s)
[21:40:25.346]     2890/3000 steps (12.29/s, ETA 9s)
[21:40:26.062]     2900/3000 steps (12.29/s, ETA 8s)
[21:40:26.969]     2910/3000 steps (12.29/s, ETA 7s)
[21:40:27.777]     2920/3000 steps (12.29/s, ETA 7s)
[21:40:28.626]     2930/3000 steps (12.29/s, ETA 6s)
[21:40:29.528]     2940/3000 steps (12.28/s, ETA 5s)
[21:40:30.340]     2950/3000 steps (12.28/s, ETA 4s)
[21:40:31.119]     2960/3000 steps (12.29/s, ETA 3s)
[21:40:31.952]     2970/3000 steps (12.28/s, ETA 2s)
[21:40:32.844]     2980/3000 steps (12.28/s, ETA 2s)
[21:40:33.554]     2990/3000 steps (12.29/s, ETA 1s)
[21:40:34.296]     3000/3000 steps (12.29/s, ETA 0s)
[21:40:34.389]   Open-loop capture complete (3000 steps saved to checkpoint)
[21:40:34.389] 
  Feature matrix: (3000, 127)
[21:40:34.389] 
━━━━━━━━━━━━━━━━━━━━━━━━━━━━━━━━━━━━━━━━
[21:40:34.389]   RESULTS
[21:40:34.389] ━━━━━━━━━━━━━━━━━━━━━━━━━━━━━━━━━━━━━━━━
[21:40:34.395] 
  Approach                                 Train       Test  Feats
[21:40:34.395]   ─────────────────────────────────── ────────── ────────── ──────
[21:40:34.395]   mean_baseline                            1.000     1.0209      0
[21:40:34.443]   ladder_full                             0.6733     0.7383    127
[21:40:34.475]   ladder_spectrum_only                    0.7822     0.8892    117
[21:40:34.488]   input_window_only                       0.7051     0.7088     10
[21:40:34.511]   input_poly2                             0.6974     0.7266     65
[21:40:34.732]   ladder_top20_poly_interact              0.6808     0.7381    465
[21:40:34.732] 
  Running software ESN baseline...
[21:40:34.789]   software_esn                            0.1627     0.1972     64
[21:40:34.834]   ladder_esn                              0.8358     0.9703     64
[21:40:34.904]   ladder_plus_esn_concat                  0.4959     0.6401    191
[21:40:34.904] 
  Running enrollment-based denoising approaches...
[21:40:34.996]   ladder_census_norm                      0.6733     0.7383    127
[21:40:35.029]   ladder_im_only                          0.6781     0.7316    104
[21:40:35.067]   ladder_log_census                       0.6733     0.7383    127
[21:40:35.089]   ladder_pair_agg                         0.6935     0.7175     64
[21:40:35.114]   ladder_denoised                         0.6917     0.7184     63
[21:40:35.114]   Computing template residuals from enrollment...
[21:40:35.181]   ladder_template_resid                   0.6758     0.7296    127
[21:40:35.205]   ladder_resid_agg                        0.6931     0.7163     63
[21:40:35.237]   ladder_resid_esn                        0.1340     0.1701     64
[21:40:35.237] 
  Running closed-loop (output feedback on 11th carrier)...
[21:40:35.238]   Closed-loop: 136 readout freqs (was 117 without feedback carrier)
[21:40:35.238]   Pass 1: Open-loop capture (teacher forcing)...
[21:40:39.470]     50/3000 (4.2s)
[21:40:43.610]     100/3000 (8.4s)
[21:40:47.566]     150/3000 (12.3s)
[21:40:51.393]     200/3000 (16.2s)
[21:40:55.179]     250/3000 (19.9s)
[21:40:59.082]     300/3000 (23.8s)
[21:41:04.474]     350/3000 (29.2s)
[21:41:14.047]     400/3000 (38.8s)
[21:41:19.394]     450/3000 (44.2s)
[21:41:23.458]     500/3000 (48.2s)
[21:41:27.439]     550/3000 (52.2s)
[21:41:31.397]     600/3000 (56.2s)
[21:41:35.598]     650/3000 (60.4s)
[21:41:39.768]     700/3000 (64.5s)
[21:41:43.622]     750/3000 (68.4s)
[21:41:48.077]     800/3000 (72.8s)
[21:41:52.247]     850/3000 (77.0s)
[21:41:56.188]     900/3000 (80.9s)
[21:42:00.554]     950/3000 (85.3s)
[21:42:04.571]     1000/3000 (89.3s)
[21:42:08.503]     1050/3000 (93.3s)
[21:42:12.704]     1100/3000 (97.5s)
[21:42:16.889]     1150/3000 (101.6s)
[21:42:21.173]     1200/3000 (105.9s)
[21:42:25.169]     1250/3000 (109.9s)
[21:42:29.332]     1300/3000 (114.1s)
[21:42:33.219]     1350/3000 (118.0s)
[21:42:37.113]     1400/3000 (121.9s)
[21:42:41.287]     1450/3000 (126.0s)
[21:42:46.077]     1500/3000 (130.8s)
[21:42:54.194]     1550/3000 (139.0s)
[21:43:04.565]     1600/3000 (149.3s)
[21:43:14.895]     1650/3000 (159.7s)
[21:43:21.985]     1700/3000 (166.7s)
[21:43:26.188]     1750/3000 (170.9s)
[21:43:30.422]     1800/3000 (175.2s)
[21:43:34.471]     1850/3000 (179.2s)
[21:43:38.705]     1900/3000 (183.5s)
[21:43:42.836]     1950/3000 (187.6s)
[21:43:47.050]     2000/3000 (191.8s)
[21:43:50.987]     2050/3000 (195.7s)
[21:43:55.062]     2100/3000 (199.8s)
[21:43:59.305]     2150/3000 (204.1s)
[21:44:03.279]     2200/3000 (208.0s)
[21:44:07.363]     2250/3000 (212.1s)
[21:44:11.631]     2300/3000 (216.4s)
[21:44:15.450]     2350/3000 (220.2s)
[21:44:19.650]     2400/3000 (224.4s)
[21:44:23.902]     2450/3000 (228.7s)
[21:44:27.725]     2500/3000 (232.5s)
[21:44:31.957]     2550/3000 (236.7s)
[21:44:36.019]     2600/3000 (240.8s)
[21:44:40.196]     2650/3000 (245.0s)
[21:44:44.495]     2700/3000 (249.3s)
[21:44:48.585]     2750/3000 (253.3s)
[21:44:52.728]     2800/3000 (257.5s)
[21:44:56.828]     2850/3000 (261.6s)
[21:45:00.998]     2900/3000 (265.8s)
[21:45:04.809]     2950/3000 (269.6s)
[21:45:08.681]     3000/3000 (273.4s)
[21:45:08.702]   Pass 1 ridge α=0.001
[21:45:08.702]   Pass 2: Closed-loop capture (predicted feedback)...
[21:45:09.487]     2020/3000 (0.8s)
[21:45:10.910]     2040/3000 (2.2s)
[21:45:12.534]     2060/3000 (3.8s)
[21:45:14.191]     2080/3000 (5.5s)
[21:45:15.898]     2100/3000 (7.2s)
[21:45:17.698]     2120/3000 (9.0s)
[21:45:19.218]     2140/3000 (10.5s)
[21:45:20.928]     2160/3000 (12.2s)
[21:45:22.606]     2180/3000 (13.9s)
[21:45:24.106]     2200/3000 (15.4s)
[21:45:25.760]     2220/3000 (17.1s)
[21:45:27.545]     2240/3000 (18.8s)
[21:45:29.188]     2260/3000 (20.5s)
[21:45:31.025]     2280/3000 (22.3s)
[21:45:32.918]     2300/3000 (24.2s)
[21:45:34.589]     2320/3000 (25.9s)
[21:45:36.252]     2340/3000 (27.5s)
[21:45:37.856]     2360/3000 (29.2s)
[21:45:39.481]     2380/3000 (30.8s)
[21:45:41.312]     2400/3000 (32.6s)
[21:45:43.021]     2420/3000 (34.3s)
[21:45:44.753]     2440/3000 (36.0s)
[21:45:46.538]     2460/3000 (37.8s)
[21:45:48.135]     2480/3000 (39.4s)
[21:45:49.991]     2500/3000 (41.3s)
[21:45:51.485]     2520/3000 (42.8s)
[21:45:53.134]     2540/3000 (44.4s)
[21:45:54.859]     2560/3000 (46.2s)
[21:45:56.420]     2580/3000 (47.7s)
[21:45:58.093]     2600/3000 (49.4s)
[21:45:59.713]     2620/3000 (51.0s)
[21:46:01.295]     2640/3000 (52.6s)
[21:46:03.023]     2660/3000 (54.3s)
[21:46:04.615]     2680/3000 (55.9s)
[21:46:06.275]     2700/3000 (57.6s)
[21:46:07.834]     2720/3000 (59.1s)
[21:46:09.349]     2740/3000 (60.6s)
[21:46:10.734]     2760/3000 (62.0s)
[21:46:12.362]     2780/3000 (63.7s)
[21:46:13.987]     2800/3000 (65.3s)
[21:46:15.723]     2820/3000 (67.0s)
[21:46:17.473]     2840/3000 (68.8s)
[21:46:19.127]     2860/3000 (70.4s)
[21:46:20.830]     2880/3000 (72.1s)
[21:46:22.429]     2900/3000 (73.7s)
[21:46:24.029]     2920/3000 (75.3s)
[21:46:25.872]     2940/3000 (77.2s)
[21:46:27.399]     2960/3000 (78.7s)
[21:46:29.058]     2980/3000 (80.4s)
[21:46:30.789]     3000/3000 (82.1s)
[21:46:30.793]   ladder_feedback_openloop                0.0000     0.0000    147
[21:46:30.793]   ladder_feedback_closedloop              0.0000     1.8521    147
[21:46:30.793] 
  ★ BEST: ladder_feedback_openloop — NMSE 0.0000
[21:46:30.793]   Quality: EXCELLENT
[21:46:30.793]   ▲ BEATS previous best (0.666) by 100.0%
[21:46:30.796] 
  Saved: narma10_ladder_20260418_213615.json
