[08:09:42.034] 
======================================================================
[08:09:42.034]   NARMA-10 BENCHMARK
[08:09:42.034]   Steps: 300, Washout: 50, Seed: 42
[08:09:42.034] ======================================================================
[08:09:42.037] 
  NARMA-10 generated: 300 steps
[08:09:42.037]   u range: [0.0037, 0.4962]
[08:09:42.037]   y range: [0.0000, 0.6912]
[08:09:42.037]   y mean: 0.3856, std: 0.1040
[08:09:42.037]   Plate D: 8 modes, 7 carriers at indices [np.int64(0), np.int64(1), np.int64(2), np.int64(3), np.int64(4), np.int64(5), np.int64(7)]
[08:09:42.037] 
  Capturing 300 time steps (simulate mode)...
[08:09:42.038]     Step 50/300 done
[08:09:42.039]     Step 100/300 done
[08:09:42.040]     Step 150/300 done
[08:09:42.041]     Step 200/300 done
[08:09:42.041]     Step 250/300 done
[08:09:42.042]     Step 300/300 done
[08:09:42.042]   Capture complete: 0.0s (0 ms/step)
[08:09:42.042] 
  Building feature matrices...
[08:09:42.054]   Train: steps 50–200 (150 samples)
[08:09:42.054]   Test:  steps 200–300 (100 samples)
[08:09:42.054]   y_train mean=0.3809 std=0.0874
[08:09:42.054] 
======================================================================
[08:09:42.054]   RESULTS
[08:09:42.054] ======================================================================
[08:09:42.054] 
  Approach                    NMSE (train)    NMSE (test)   Features
[08:09:42.054]   ───────────────────────── ────────────── ────────────── ──────────
[08:09:42.054]   mean_baseline                   1.000000       1.004961          0
[08:09:42.060]   input_esn                       0.274590       0.665998         64
[08:09:42.061]   input_only                      0.975032       1.032406          7
[08:09:42.062]   input_poly                      0.731272       1.178518         35
[08:09:42.063]   input_window                    0.360221       1.061814         70
[08:09:42.064]   plate_esn                       0.444052       4.069032         64
[08:09:42.064]   plate_esn_plus                  0.323937       2.517702         72
[08:09:42.065]   plate_poly                      0.722516       1.194745         44
[08:09:42.066]   plate_raw                       0.913858       1.052955          8
[08:09:42.067]   plate_window                    0.335985       0.916042         80
[08:09:42.073]   sw_rbf_auto                     0.655374       1.151501          7
[08:09:42.075]   sw_rbf_0.1                      0.695220       1.112475          7
[08:09:42.077]   sw_rbf_window                   0.329803       1.016519         70
[08:09:42.077] 
  ─────────────────────────────────────────────────────────────────
[08:09:42.077]   Best overall:  input_esn (NMSE = 0.665998)
[08:09:42.077]   Best plate:    NMSE = 0.916042
[08:09:42.077]   Best software: NMSE = 0.665998
[08:09:42.077]   → Software wins by 37.5%
[08:09:42.077] 
  NARMA-10 quality thresholds:
[08:09:42.077]     NMSE < 0.1  → excellent reservoir
[08:09:42.077]     NMSE < 0.3  → good reservoir
[08:09:42.077]     NMSE < 0.5  → marginal reservoir
[08:09:42.077]     NMSE ≥ 1.0  → no better than predicting the mean
[08:09:42.077] 
  Total time: 0.0s
[08:09:42.077] 
  Saved: /Users/Mike/Code/wcfoma/data/results/lab/plate_exps/narma10/narma10_20260417_080942.json
