[14:34:20.577] ══════════════════════════════════════════════════════════════
[14:34:20.577]   NARMA-10 HARMONIC LADDER — Spatial Encoding of Temporal Memory
[14:34:20.577] ══════════════════════════════════════════════════════════════
[14:34:20.577] 
[14:34:20.577]   Census modes: 61
[14:34:20.577]   Carriers: [19.0, 23.9, 29.2, 29.9, 34.55, 37.0, 45.0, 49.6, 56.2, 58.5]k
[14:34:20.578]   Readout frequencies: 117
[14:34:20.578]     Carriers: 10, Ambient modes: 23, IM2: 44, IM3: 40
[14:34:20.578]   Step pairs with IM coverage: 43/45
[14:34:20.578]   Critical u(t-9)×u(t) pair: ✓ COVERED
[14:34:20.578] 
[14:34:20.578]   Generating NARMA-10 time series...
[14:34:20.581]   Steps: 360 total, 300 usable (201 train / 99 test)
[14:34:20.581] 
[14:34:20.581] ━━━━━━━━━━━━━━━━━━━━━━━━━━━━━━━━━━━━━━━━
[14:34:20.581]   SIMULATION MODE
[14:34:20.581] ━━━━━━━━━━━━━━━━━━━━━━━━━━━━━━━━━━━━━━━━
[14:34:40.271]     50/300 steps (19.7s)
[14:34:59.949]     100/300 steps (39.4s)
[14:35:18.991]     150/300 steps (58.4s)
[14:35:38.173]     200/300 steps (77.6s)
[14:35:57.228]     250/300 steps (96.6s)
[14:36:16.530]     300/300 steps (115.9s)
[14:36:16.531] 
  Feature matrix: (300, 128)
[14:36:16.531] 
━━━━━━━━━━━━━━━━━━━━━━━━━━━━━━━━━━━━━━━━
[14:36:16.531]   RESULTS
[14:36:16.531] ━━━━━━━━━━━━━━━━━━━━━━━━━━━━━━━━━━━━━━━━
[14:36:16.531] 
  Approach                                 Train       Test  Feats
[14:36:16.531]   ─────────────────────────────────── ────────── ────────── ──────
[14:36:16.531]   mean_baseline                            1.000     1.0054      0
[14:36:16.550]   ladder_full                             0.0000     0.0000    128
[14:36:16.553]   ladder_spectrum_only                    0.4478     0.9466    117
[14:36:16.556]   input_window_only                       0.0000     0.0000     11
[14:36:16.560]   input_poly2                             0.0000     0.0000     77
[14:36:16.568]   ladder_top20_poly_interact              0.0000     0.0000    496
[14:36:16.568] 
  Running software ESN baseline...
[14:36:16.582]   software_esn                            0.1028     0.1706     64
[14:36:16.588]   ladder_esn                              0.6121     0.9316     64
[14:36:16.594]   ladder_plus_esn_concat                  0.0000     0.0000    192
[14:36:16.594] 
  ★ BEST: ladder_full — NMSE 0.0000
[14:36:16.594]   Quality: EXCELLENT
[14:36:16.594]   ▲ BEATS previous best (0.666) by 100.0%
[14:36:16.596] 
  Saved: narma10_ladder_20260418_143420.json
