[08:12:48.494] 
══════════════════════════════════════════════════════════════════════
[08:12:48.494]   PLATE A (3 modes)
[08:12:48.494] ══════════════════════════════════════════════════════════════════════
[08:12:48.494] 
======================================================================
[08:12:48.494]   NARMA-10 BENCHMARK
[08:12:48.494]   Steps: 500, Washout: 50, Seed: 42
[08:12:48.494] ======================================================================
[08:12:48.497] 
  NARMA-10 generated: 500 steps
[08:12:48.497]   u range: [0.0027, 0.4996]
[08:12:48.497]   y range: [0.0000, 0.7355]
[08:12:48.497]   y mean: 0.4096, std: 0.1085
[08:12:48.497]   Plate A: 3 modes, 7 carriers at indices [0, 1, 2]
[08:12:48.497] 
  Capturing 500 time steps (simulate mode)...
[08:12:48.498]     Step 50/500 done
[08:12:48.498]     Step 100/500 done
[08:12:48.499]     Step 150/500 done
[08:12:48.499]     Step 200/500 done
[08:12:48.500]     Step 250/500 done
[08:12:48.500]     Step 300/500 done
[08:12:48.500]     Step 350/500 done
[08:12:48.501]     Step 400/500 done
[08:12:48.501]     Step 450/500 done
[08:12:48.502]     Step 500/500 done
[08:12:48.502]   Capture complete: 0.0s (0 ms/step)
[08:12:48.502] 
  Building feature matrices...
[08:12:48.517]   Train: steps 50–334 (284 samples)
[08:12:48.517]   Test:  steps 334–500 (166 samples)
[08:12:48.517]   y_train mean=0.3905 std=0.1015
[08:12:48.517] 
======================================================================
[08:12:48.517]   RESULTS
[08:12:48.517] ======================================================================
[08:12:48.517] 
  Approach                    NMSE (train)    NMSE (test)   Features
[08:12:48.517]   ───────────────────────── ────────────── ────────────── ──────────
[08:12:48.517]   mean_baseline                   1.000000       1.281570          0
[08:12:48.523]   input_esn                       0.341768       0.683558         64
[08:12:48.524]   input_only                      0.990011       1.312055          7
[08:12:48.525]   input_poly                      0.853005       1.456132         35
[08:12:48.526]   input_window                    0.578342       1.000745         70
[08:12:48.527]   plate_esn                       0.704628       1.436879         64
[08:12:48.527]   plate_esn_plus                  0.695580       1.489409         67
[08:12:48.528]   plate_poly                      0.980841       1.319194          9
[08:12:48.529]   plate_raw                       0.992659       1.297360          3
[08:12:48.529]   plate_window                    0.920785       1.471349         30
[08:12:48.536]   sw_rbf_auto                     0.758754       1.519123          7
[08:12:48.539]   sw_rbf_0.1                      0.791707       1.459962          7
[08:12:48.541]   sw_rbf_window                   0.305697       1.267075         70
[08:12:48.541] 
  ─────────────────────────────────────────────────────────────────
[08:12:48.541]   Best overall:  input_esn (NMSE = 0.683558)
[08:12:48.541]   Best plate:    NMSE = 1.297360
[08:12:48.541]   Best software: NMSE = 0.683558
[08:12:48.541]   → Software wins by 89.8%
[08:12:48.541] 
  NARMA-10 quality thresholds:
[08:12:48.541]     NMSE < 0.1  → excellent reservoir
[08:12:48.541]     NMSE < 0.3  → good reservoir
[08:12:48.541]     NMSE < 0.5  → marginal reservoir
[08:12:48.541]     NMSE ≥ 1.0  → no better than predicting the mean
[08:12:48.541] 
  Total time: 0.0s
[08:12:48.542] 
  Saved: /Users/Mike/Code/wcfoma/data/results/lab/plate_exps/narma10/narma10_20260417_081248.json
[08:12:48.542] 
══════════════════════════════════════════════════════════════════════
[08:12:48.542]   PLATE B (6 modes)
[08:12:48.542] ══════════════════════════════════════════════════════════════════════
[08:12:48.542] 
======================================================================
[08:12:48.542]   NARMA-10 BENCHMARK
[08:12:48.542]   Steps: 500, Washout: 50, Seed: 42
[08:12:48.542] ======================================================================
[08:12:48.544] 
  NARMA-10 generated: 500 steps
[08:12:48.544]   u range: [0.0027, 0.4996]
[08:12:48.544]   y range: [0.0000, 0.7355]
[08:12:48.544]   y mean: 0.4096, std: 0.1085
[08:12:48.544]   Plate B: 6 modes, 7 carriers at indices [0, 1, 2, 3, 4, 5]
[08:12:48.544] 
  Capturing 500 time steps (simulate mode)...
[08:12:48.545]     Step 50/500 done
[08:12:48.546]     Step 100/500 done
[08:12:48.546]     Step 150/500 done
[08:12:48.547]     Step 200/500 done
[08:12:48.548]     Step 250/500 done
[08:12:48.548]     Step 300/500 done
[08:12:48.549]     Step 350/500 done
[08:12:48.550]     Step 400/500 done
[08:12:48.550]     Step 450/500 done
[08:12:48.551]     Step 500/500 done
[08:12:48.551]   Capture complete: 0.0s (0 ms/step)
[08:12:48.551] 
  Building feature matrices...
[08:12:48.569]   Train: steps 50–334 (284 samples)
[08:12:48.569]   Test:  steps 334–500 (166 samples)
[08:12:48.569]   y_train mean=0.3905 std=0.1015
[08:12:48.569] 
======================================================================
[08:12:48.569]   RESULTS
[08:12:48.569] ======================================================================
[08:12:48.569] 
  Approach                    NMSE (train)    NMSE (test)   Features
[08:12:48.569]   ───────────────────────── ────────────── ────────────── ──────────
[08:12:48.569]   mean_baseline                   1.000000       1.281570          0
[08:12:48.570]   input_esn                       0.341768       0.683558         64
[08:12:48.570]   input_only                      0.990011       1.312055          7
[08:12:48.571]   input_poly                      0.853005       1.456132         35
[08:12:48.572]   input_window                    0.578342       1.000745         70
[08:12:48.573]   plate_esn                       0.702249       1.884428         64
[08:12:48.574]   plate_esn_plus                  0.637129       1.865586         70
[08:12:48.574]   plate_poly                      0.918084       1.441607         27
[08:12:48.575]   plate_raw                       0.991001       1.316580          6
[08:12:48.576]   plate_window                    0.775670       1.497326         60
[08:12:48.579]   sw_rbf_auto                     0.758754       1.519123          7
[08:12:48.581]   sw_rbf_0.1                      0.791707       1.459962          7
[08:12:48.584]   sw_rbf_window                   0.305697       1.267075         70
[08:12:48.584] 
  ─────────────────────────────────────────────────────────────────
[08:12:48.584]   Best overall:  input_esn (NMSE = 0.683558)
[08:12:48.584]   Best plate:    NMSE = 1.316580
[08:12:48.584]   Best software: NMSE = 0.683558
[08:12:48.584]   → Software wins by 92.6%
[08:12:48.584] 
  NARMA-10 quality thresholds:
[08:12:48.584]     NMSE < 0.1  → excellent reservoir
[08:12:48.584]     NMSE < 0.3  → good reservoir
[08:12:48.584]     NMSE < 0.5  → marginal reservoir
[08:12:48.584]     NMSE ≥ 1.0  → no better than predicting the mean
[08:12:48.584] 
  Total time: 0.0s
[08:12:48.585] 
  Saved: /Users/Mike/Code/wcfoma/data/results/lab/plate_exps/narma10/narma10_20260417_081248.json
[08:12:48.586] 
══════════════════════════════════════════════════════════════════════
[08:12:48.586]   PLATE C (6 modes)
[08:12:48.586] ══════════════════════════════════════════════════════════════════════
[08:12:48.586] 
======================================================================
[08:12:48.586]   NARMA-10 BENCHMARK
[08:12:48.586]   Steps: 500, Washout: 50, Seed: 42
[08:12:48.586] ======================================================================
[08:12:48.588] 
  NARMA-10 generated: 500 steps
[08:12:48.588]   u range: [0.0027, 0.4996]
[08:12:48.588]   y range: [0.0000, 0.7355]
[08:12:48.588]   y mean: 0.4096, std: 0.1085
[08:12:48.588]   Plate C: 6 modes, 7 carriers at indices [0, 1, 2, 3, 4, 5]
[08:12:48.588] 
  Capturing 500 time steps (simulate mode)...
[08:12:48.589]     Step 50/500 done
[08:12:48.589]     Step 100/500 done
[08:12:48.590]     Step 150/500 done
[08:12:48.590]     Step 200/500 done
[08:12:48.591]     Step 250/500 done
[08:12:48.592]     Step 300/500 done
[08:12:48.592]     Step 350/500 done
[08:12:48.593]     Step 400/500 done
[08:12:48.594]     Step 450/500 done
[08:12:48.594]     Step 500/500 done
[08:12:48.594]   Capture complete: 0.0s (0 ms/step)
[08:12:48.594] 
  Building feature matrices...
[08:12:48.611]   Train: steps 50–334 (284 samples)
[08:12:48.611]   Test:  steps 334–500 (166 samples)
[08:12:48.611]   y_train mean=0.3905 std=0.1015
[08:12:48.611] 
======================================================================
[08:12:48.611]   RESULTS
[08:12:48.611] ======================================================================
[08:12:48.611] 
  Approach                    NMSE (train)    NMSE (test)   Features
[08:12:48.611]   ───────────────────────── ────────────── ────────────── ──────────
[08:12:48.611]   mean_baseline                   1.000000       1.281570          0
[08:12:48.612]   input_esn                       0.341768       0.683558         64
[08:12:48.613]   input_only                      0.990011       1.312055          7
[08:12:48.614]   input_poly                      0.853005       1.456132         35
[08:12:48.614]   input_window                    0.578342       1.000745         70
[08:12:48.615]   plate_esn                       0.662956       2.260164         64
[08:12:48.616]   plate_esn_plus                  0.629571       2.107078         70
[08:12:48.617]   plate_poly                      0.917859       1.416868         27
[08:12:48.618]   plate_raw                       0.989449       1.308091          6
[08:12:48.618]   plate_window                    0.773164       1.398029         60
[08:12:48.623]   sw_rbf_auto                     0.758754       1.519123          7
[08:12:48.625]   sw_rbf_0.1                      0.791707       1.459962          7
[08:12:48.628]   sw_rbf_window                   0.305697       1.267075         70
[08:12:48.628] 
  ─────────────────────────────────────────────────────────────────
[08:12:48.628]   Best overall:  input_esn (NMSE = 0.683558)
[08:12:48.628]   Best plate:    NMSE = 1.308091
[08:12:48.628]   Best software: NMSE = 0.683558
[08:12:48.628]   → Software wins by 91.4%
[08:12:48.628] 
  NARMA-10 quality thresholds:
[08:12:48.628]     NMSE < 0.1  → excellent reservoir
[08:12:48.628]     NMSE < 0.3  → good reservoir
[08:12:48.628]     NMSE < 0.5  → marginal reservoir
[08:12:48.628]     NMSE ≥ 1.0  → no better than predicting the mean
[08:12:48.628] 
  Total time: 0.0s
[08:12:48.629] 
  Saved: /Users/Mike/Code/wcfoma/data/results/lab/plate_exps/narma10/narma10_20260417_081248.json
[08:12:48.629] 
══════════════════════════════════════════════════════════════════════
[08:12:48.629]   PLATE D (8 modes)
[08:12:48.629] ══════════════════════════════════════════════════════════════════════
[08:12:48.629] 
======================================================================
[08:12:48.629]   NARMA-10 BENCHMARK
[08:12:48.629]   Steps: 500, Washout: 50, Seed: 42
[08:12:48.629] ======================================================================
[08:12:48.631] 
  NARMA-10 generated: 500 steps
[08:12:48.631]   u range: [0.0027, 0.4996]
[08:12:48.631]   y range: [0.0000, 0.7355]
[08:12:48.631]   y mean: 0.4096, std: 0.1085
[08:12:48.631]   Plate D: 8 modes, 7 carriers at indices [np.int64(0), np.int64(1), np.int64(2), np.int64(3), np.int64(4), np.int64(5), np.int64(7)]
[08:12:48.631] 
  Capturing 500 time steps (simulate mode)...
[08:12:48.632]     Step 50/500 done
[08:12:48.633]     Step 100/500 done
[08:12:48.634]     Step 150/500 done
[08:12:48.635]     Step 200/500 done
[08:12:48.636]     Step 250/500 done
[08:12:48.636]     Step 300/500 done
[08:12:48.637]     Step 350/500 done
[08:12:48.638]     Step 400/500 done
[08:12:48.639]     Step 450/500 done
[08:12:48.640]     Step 500/500 done
[08:12:48.640]   Capture complete: 0.0s (0 ms/step)
[08:12:48.640] 
  Building feature matrices...
[08:12:48.658]   Train: steps 50–334 (284 samples)
[08:12:48.658]   Test:  steps 334–500 (166 samples)
[08:12:48.658]   y_train mean=0.3905 std=0.1015
[08:12:48.658] 
======================================================================
[08:12:48.658]   RESULTS
[08:12:48.658] ======================================================================
[08:12:48.658] 
  Approach                    NMSE (train)    NMSE (test)   Features
[08:12:48.658]   ───────────────────────── ────────────── ────────────── ──────────
[08:12:48.658]   mean_baseline                   1.000000       1.281570          0
[08:12:48.659]   input_esn                       0.341768       0.683558         64
[08:12:48.659]   input_only                      0.990011       1.312055          7
[08:12:48.660]   input_poly                      0.853005       1.456132         35
[08:12:48.661]   input_window                    0.578342       1.000745         70
[08:12:48.662]   plate_esn                       0.600968       1.627582         64
[08:12:48.663]   plate_esn_plus                  0.516986       1.981555         72
[08:12:48.663]   plate_poly                      0.838177       1.462482         44
[08:12:48.664]   plate_raw                       0.981736       1.326292          8
[08:12:48.665]   plate_window                    0.544126       1.315685         80
[08:12:48.668]   sw_rbf_auto                     0.758754       1.519123          7
[08:12:48.670]   sw_rbf_0.1                      0.791707       1.459962          7
[08:12:48.673]   sw_rbf_window                   0.305697       1.267075         70
[08:12:48.673] 
  ─────────────────────────────────────────────────────────────────
[08:12:48.673]   Best overall:  input_esn (NMSE = 0.683558)
[08:12:48.673]   Best plate:    NMSE = 1.315685
[08:12:48.673]   Best software: NMSE = 0.683558
[08:12:48.673]   → Software wins by 92.5%
[08:12:48.673] 
  NARMA-10 quality thresholds:
[08:12:48.673]     NMSE < 0.1  → excellent reservoir
[08:12:48.673]     NMSE < 0.3  → good reservoir
[08:12:48.673]     NMSE < 0.5  → marginal reservoir
[08:12:48.673]     NMSE ≥ 1.0  → no better than predicting the mean
[08:12:48.673] 
  Total time: 0.0s
[08:12:48.673] 
  Saved: /Users/Mike/Code/wcfoma/data/results/lab/plate_exps/narma10/narma10_20260417_081248.json
[08:12:48.674] 
══════════════════════════════════════════════════════════════════════
[08:12:48.674]   PLATE E (8 modes)
[08:12:48.674] ══════════════════════════════════════════════════════════════════════
[08:12:48.674] 
======================================================================
[08:12:48.674]   NARMA-10 BENCHMARK
[08:12:48.674]   Steps: 500, Washout: 50, Seed: 42
[08:12:48.674] ======================================================================
[08:12:48.676] 
  NARMA-10 generated: 500 steps
[08:12:48.676]   u range: [0.0027, 0.4996]
[08:12:48.676]   y range: [0.0000, 0.7355]
[08:12:48.676]   y mean: 0.4096, std: 0.1085
[08:12:48.676]   Plate E: 8 modes, 7 carriers at indices [np.int64(0), np.int64(1), np.int64(2), np.int64(3), np.int64(4), np.int64(5), np.int64(7)]
[08:12:48.676] 
  Capturing 500 time steps (simulate mode)...
[08:12:48.677]     Step 50/500 done
[08:12:48.677]     Step 100/500 done
[08:12:48.678]     Step 150/500 done
[08:12:48.679]     Step 200/500 done
[08:12:48.680]     Step 250/500 done
[08:12:48.681]     Step 300/500 done
[08:12:48.681]     Step 350/500 done
[08:12:48.682]     Step 400/500 done
[08:12:48.683]     Step 450/500 done
[08:12:48.684]     Step 500/500 done
[08:12:48.684]   Capture complete: 0.0s (0 ms/step)
[08:12:48.684] 
  Building feature matrices...
[08:12:48.702]   Train: steps 50–334 (284 samples)
[08:12:48.702]   Test:  steps 334–500 (166 samples)
[08:12:48.702]   y_train mean=0.3905 std=0.1015
[08:12:48.702] 
======================================================================
[08:12:48.702]   RESULTS
[08:12:48.702] ======================================================================
[08:12:48.702] 
  Approach                    NMSE (train)    NMSE (test)   Features
[08:12:48.702]   ───────────────────────── ────────────── ────────────── ──────────
[08:12:48.702]   mean_baseline                   1.000000       1.281570          0
[08:12:48.703]   input_esn                       0.341768       0.683558         64
[08:12:48.703]   input_only                      0.990011       1.312055          7
[08:12:48.704]   input_poly                      0.853005       1.456132         35
[08:12:48.705]   input_window                    0.578342       1.000745         70
[08:12:48.706]   plate_esn                       0.562330       2.727313         64
[08:12:48.707]   plate_esn_plus                  0.453791       2.744906         72
[08:12:48.707]   plate_poly                      0.815766       1.448067         44
[08:12:48.708]   plate_raw                       0.977368       1.358122          8
[08:12:48.709]   plate_window                    0.531282       1.541845         80
[08:12:48.712]   sw_rbf_auto                     0.758754       1.519123          7
[08:12:48.714]   sw_rbf_0.1                      0.791707       1.459962          7
[08:12:48.717]   sw_rbf_window                   0.305697       1.267075         70
[08:12:48.717] 
  ─────────────────────────────────────────────────────────────────
[08:12:48.717]   Best overall:  input_esn (NMSE = 0.683558)
[08:12:48.717]   Best plate:    NMSE = 1.358122
[08:12:48.717]   Best software: NMSE = 0.683558
[08:12:48.717]   → Software wins by 98.7%
[08:12:48.717] 
  NARMA-10 quality thresholds:
[08:12:48.717]     NMSE < 0.1  → excellent reservoir
[08:12:48.717]     NMSE < 0.3  → good reservoir
[08:12:48.717]     NMSE < 0.5  → marginal reservoir
[08:12:48.717]     NMSE ≥ 1.0  → no better than predicting the mean
[08:12:48.717] 
  Total time: 0.0s
[08:12:48.717] 
  Saved: /Users/Mike/Code/wcfoma/data/results/lab/plate_exps/narma10/narma10_20260417_081248.json
[08:12:48.718] 
══════════════════════════════════════════════════════════════════════
[08:12:48.718]   MULTI-PLATE ENSEMBLE (all 5 plates)
[08:12:48.718] ══════════════════════════════════════════════════════════════════════
[08:12:48.724]   Plate A: 3 modes
[08:12:48.731]   Plate B: 6 modes
[08:12:48.737]   Plate C: 6 modes
[08:12:48.745]   Plate D: 8 modes
[08:12:48.753]   Plate E: 8 modes
[08:12:48.753]   Total modes (concatenated): 31
[08:12:48.764] 
  Approach                    NMSE (train)    NMSE (test)   Features
[08:12:48.764]   ───────────────────────── ────────────── ────────────── ──────────
[08:12:48.765]   ensemble_esn                    0.631582       1.987831         64
[08:12:48.767]   ensemble_esn_plus               0.467111       2.429671         95
[08:12:48.767]   ensemble_raw                    0.948223       1.398101         31
[08:12:48.769]   ensemble_window                 0.033621       3.332867        310
[08:12:48.770]   input_esn                       0.341768       0.683558         64
[08:12:48.771]   input_only                      0.990011       1.312055          7
[08:12:48.772]   input_window                    0.578342       1.000745         70
[08:12:48.772]   single_plate_D                  0.985324       1.327294          8
[08:12:48.775]   sw_rbf_window                   0.305697       1.267075         70
[08:12:48.775] 
  ─────────────────────────────────────────────────────────────────
[08:12:48.775]   Single plate D (8 modes, 8 feat):  NMSE = 1.3273
[08:12:48.775]   5-plate ensemble (31 modes):        NMSE = 1.3981
[08:12:48.775]   Input ESN (no hardware, 64 hidden):  NMSE = 0.6836
[08:12:48.775]   → More plates did NOT help (ensemble ≥ single)
[08:12:48.775]   → Software ESN still wins by 104.5%
[08:12:48.775] 
  VERDICT: Depth (temporal memory) matters more for NARMA-10
[08:12:48.775]   Saved: /Users/Mike/Code/wcfoma/data/results/lab/plate_exps/narma10/narma10_ensemble_20260417_081248.json
