[08:11:25.860] 
══════════════════════════════════════════════════════════════════════
[08:11:25.860]   PLATE A (3 modes)
[08:11:25.860] ══════════════════════════════════════════════════════════════════════
[08:11:25.860] 
======================================================================
[08:11:25.860]   NARMA-10 BENCHMARK
[08:11:25.860]   Steps: 500, Washout: 50, Seed: 42
[08:11:25.860] ======================================================================
[08:11:25.863] 
  NARMA-10 generated: 500 steps
[08:11:25.863]   u range: [0.0027, 0.4996]
[08:11:25.863]   y range: [0.0000, 0.7355]
[08:11:25.863]   y mean: 0.4096, std: 0.1085
[08:11:25.863]   Plate A: 3 modes, 7 carriers at indices [0, 1, 2]
[08:11:25.863] 
  Capturing 500 time steps (simulate mode)...
[08:11:25.864]     Step 50/500 done
[08:11:25.864]     Step 100/500 done
[08:11:25.865]     Step 150/500 done
[08:11:25.865]     Step 200/500 done
[08:11:25.866]     Step 250/500 done
[08:11:25.866]     Step 300/500 done
[08:11:25.866]     Step 350/500 done
[08:11:25.867]     Step 400/500 done
[08:11:25.867]     Step 450/500 done
[08:11:25.868]     Step 500/500 done
[08:11:25.868]   Capture complete: 0.0s (0 ms/step)
[08:11:25.868] 
  Building feature matrices...
[08:11:25.883]   Train: steps 50–334 (284 samples)
[08:11:25.883]   Test:  steps 334–500 (166 samples)
[08:11:25.883]   y_train mean=0.3905 std=0.1015
[08:11:25.883] 
======================================================================
[08:11:25.883]   RESULTS
[08:11:25.883] ======================================================================
[08:11:25.883] 
  Approach                    NMSE (train)    NMSE (test)   Features
[08:11:25.883]   ───────────────────────── ────────────── ────────────── ──────────
[08:11:25.883]   mean_baseline                   1.000000       1.281570          0
[08:11:25.890]   input_esn                       0.341768       0.683558         64
[08:11:25.890]   input_only                      0.990011       1.312055          7
[08:11:25.891]   input_poly                      0.853005       1.456132         35
[08:11:25.892]   input_window                    0.578342       1.000745         70
[08:11:25.893]   plate_esn                       0.704628       1.436879         64
[08:11:25.893]   plate_esn_plus                  0.695580       1.489409         67
[08:11:25.894]   plate_poly                      0.980841       1.319194          9
[08:11:25.895]   plate_raw                       0.992659       1.297360          3
[08:11:25.896]   plate_window                    0.920785       1.471349         30
[08:11:25.905]   sw_rbf_auto                     0.758754       1.519123          7
[08:11:25.907]   sw_rbf_0.1                      0.791707       1.459962          7
[08:11:25.911]   sw_rbf_window                   0.305697       1.267075         70
[08:11:25.911] 
  ─────────────────────────────────────────────────────────────────
[08:11:25.911]   Best overall:  input_esn (NMSE = 0.683558)
[08:11:25.911]   Best plate:    NMSE = 1.297360
[08:11:25.911]   Best software: NMSE = 0.683558
[08:11:25.911]   → Software wins by 89.8%
[08:11:25.911] 
  NARMA-10 quality thresholds:
[08:11:25.911]     NMSE < 0.1  → excellent reservoir
[08:11:25.911]     NMSE < 0.3  → good reservoir
[08:11:25.911]     NMSE < 0.5  → marginal reservoir
[08:11:25.911]     NMSE ≥ 1.0  → no better than predicting the mean
[08:11:25.911] 
  Total time: 0.0s
[08:11:25.911] 
  Saved: /Users/Mike/Code/wcfoma/data/results/lab/plate_exps/narma10/narma10_20260417_081125.json
[08:11:25.912] 
══════════════════════════════════════════════════════════════════════
[08:11:25.912]   PLATE B (6 modes)
[08:11:25.912] ══════════════════════════════════════════════════════════════════════
[08:11:25.912] 
======================================================================
[08:11:25.912]   NARMA-10 BENCHMARK
[08:11:25.912]   Steps: 500, Washout: 50, Seed: 42
[08:11:25.912] ======================================================================
[08:11:25.915] 
  NARMA-10 generated: 500 steps
[08:11:25.915]   u range: [0.0027, 0.4996]
[08:11:25.915]   y range: [0.0000, 0.7355]
[08:11:25.915]   y mean: 0.4096, std: 0.1085
[08:11:25.915]   Plate B: 6 modes, 7 carriers at indices [0, 1, 2, 3, 4, 5]
[08:11:25.915] 
  Capturing 500 time steps (simulate mode)...
[08:11:25.916]     Step 50/500 done
[08:11:25.917]     Step 100/500 done
[08:11:25.918]     Step 150/500 done
[08:11:25.919]     Step 200/500 done
[08:11:25.920]     Step 250/500 done
[08:11:25.921]     Step 300/500 done
[08:11:25.921]     Step 350/500 done
[08:11:25.922]     Step 400/500 done
[08:11:25.923]     Step 450/500 done
[08:11:25.923]     Step 500/500 done
[08:11:25.923]   Capture complete: 0.0s (0 ms/step)
[08:11:25.923] 
  Building feature matrices...
[08:11:25.942]   Train: steps 50–334 (284 samples)
[08:11:25.942]   Test:  steps 334–500 (166 samples)
[08:11:25.942]   y_train mean=0.3905 std=0.1015
[08:11:25.942] 
======================================================================
[08:11:25.942]   RESULTS
[08:11:25.942] ======================================================================
[08:11:25.942] 
  Approach                    NMSE (train)    NMSE (test)   Features
[08:11:25.942]   ───────────────────────── ────────────── ────────────── ──────────
[08:11:25.942]   mean_baseline                   1.000000       1.281570          0
[08:11:25.943]   input_esn                       0.341768       0.683558         64
[08:11:25.944]   input_only                      0.990011       1.312055          7
[08:11:25.945]   input_poly                      0.853005       1.456132         35
[08:11:25.946]   input_window                    0.578342       1.000745         70
[08:11:25.947]   plate_esn                       0.702249       1.884428         64
[08:11:25.949]   plate_esn_plus                  0.637129       1.865586         70
[08:11:25.950]   plate_poly                      0.918084       1.441607         27
[08:11:25.951]   plate_raw                       0.991001       1.316580          6
[08:11:25.951]   plate_window                    0.775670       1.497326         60
[08:11:25.954]   sw_rbf_auto                     0.758754       1.519123          7
[08:11:25.958]   sw_rbf_0.1                      0.791707       1.459962          7
[08:11:25.961]   sw_rbf_window                   0.305697       1.267075         70
[08:11:25.961] 
  ─────────────────────────────────────────────────────────────────
[08:11:25.961]   Best overall:  input_esn (NMSE = 0.683558)
[08:11:25.961]   Best plate:    NMSE = 1.316580
[08:11:25.961]   Best software: NMSE = 0.683558
[08:11:25.961]   → Software wins by 92.6%
[08:11:25.961] 
  NARMA-10 quality thresholds:
[08:11:25.961]     NMSE < 0.1  → excellent reservoir
[08:11:25.961]     NMSE < 0.3  → good reservoir
[08:11:25.961]     NMSE < 0.5  → marginal reservoir
[08:11:25.961]     NMSE ≥ 1.0  → no better than predicting the mean
[08:11:25.961] 
  Total time: 0.0s
[08:11:25.961] 
  Saved: /Users/Mike/Code/wcfoma/data/results/lab/plate_exps/narma10/narma10_20260417_081125.json
[08:11:25.963] 
══════════════════════════════════════════════════════════════════════
[08:11:25.963]   PLATE C (6 modes)
[08:11:25.963] ══════════════════════════════════════════════════════════════════════
[08:11:25.963] 
======================================================================
[08:11:25.963]   NARMA-10 BENCHMARK
[08:11:25.963]   Steps: 500, Washout: 50, Seed: 42
[08:11:25.963] ======================================================================
[08:11:25.966] 
  NARMA-10 generated: 500 steps
[08:11:25.966]   u range: [0.0027, 0.4996]
[08:11:25.966]   y range: [0.0000, 0.7355]
[08:11:25.966]   y mean: 0.4096, std: 0.1085
[08:11:25.966]   Plate C: 6 modes, 7 carriers at indices [0, 1, 2, 3, 4, 5]
[08:11:25.966] 
  Capturing 500 time steps (simulate mode)...
[08:11:25.967]     Step 50/500 done
[08:11:25.968]     Step 100/500 done
[08:11:25.969]     Step 150/500 done
[08:11:25.970]     Step 200/500 done
[08:11:25.970]     Step 250/500 done
[08:11:25.971]     Step 300/500 done
[08:11:25.972]     Step 350/500 done
[08:11:25.972]     Step 400/500 done
[08:11:25.973]     Step 450/500 done
[08:11:25.974]     Step 500/500 done
[08:11:25.974]   Capture complete: 0.0s (0 ms/step)
[08:11:25.974] 
  Building feature matrices...
[08:11:25.993]   Train: steps 50–334 (284 samples)
[08:11:25.993]   Test:  steps 334–500 (166 samples)
[08:11:25.993]   y_train mean=0.3905 std=0.1015
[08:11:25.993] 
======================================================================
[08:11:25.993]   RESULTS
[08:11:25.993] ======================================================================
[08:11:25.993] 
  Approach                    NMSE (train)    NMSE (test)   Features
[08:11:25.993]   ───────────────────────── ────────────── ────────────── ──────────
[08:11:25.993]   mean_baseline                   1.000000       1.281570          0
[08:11:25.995]   input_esn                       0.341768       0.683558         64
[08:11:25.996]   input_only                      0.990011       1.312055          7
[08:11:25.996]   input_poly                      0.853005       1.456132         35
[08:11:25.997]   input_window                    0.578342       1.000745         70
[08:11:25.998]   plate_esn                       0.662956       2.260164         64
[08:11:25.999]   plate_esn_plus                  0.629571       2.107078         70
[08:11:26.000]   plate_poly                      0.917859       1.416868         27
[08:11:26.001]   plate_raw                       0.989449       1.308091          6
[08:11:26.001]   plate_window                    0.773164       1.398029         60
[08:11:26.004]   sw_rbf_auto                     0.758754       1.519123          7
[08:11:26.008]   sw_rbf_0.1                      0.791707       1.459962          7
[08:11:26.011]   sw_rbf_window                   0.305697       1.267075         70
[08:11:26.011] 
  ─────────────────────────────────────────────────────────────────
[08:11:26.011]   Best overall:  input_esn (NMSE = 0.683558)
[08:11:26.011]   Best plate:    NMSE = 1.308091
[08:11:26.011]   Best software: NMSE = 0.683558
[08:11:26.011]   → Software wins by 91.4%
[08:11:26.011] 
  NARMA-10 quality thresholds:
[08:11:26.011]     NMSE < 0.1  → excellent reservoir
[08:11:26.011]     NMSE < 0.3  → good reservoir
[08:11:26.011]     NMSE < 0.5  → marginal reservoir
[08:11:26.011]     NMSE ≥ 1.0  → no better than predicting the mean
[08:11:26.011] 
  Total time: 0.0s
[08:11:26.011] 
  Saved: /Users/Mike/Code/wcfoma/data/results/lab/plate_exps/narma10/narma10_20260417_081125.json
[08:11:26.013] 
══════════════════════════════════════════════════════════════════════
[08:11:26.013]   PLATE D (8 modes)
[08:11:26.013] ══════════════════════════════════════════════════════════════════════
[08:11:26.013] 
======================================================================
[08:11:26.013]   NARMA-10 BENCHMARK
[08:11:26.013]   Steps: 500, Washout: 50, Seed: 42
[08:11:26.013] ======================================================================
[08:11:26.017] 
  NARMA-10 generated: 500 steps
[08:11:26.017]   u range: [0.0027, 0.4996]
[08:11:26.017]   y range: [0.0000, 0.7355]
[08:11:26.017]   y mean: 0.4096, std: 0.1085
[08:11:26.017]   Plate D: 8 modes, 7 carriers at indices [np.int64(0), np.int64(1), np.int64(2), np.int64(3), np.int64(4), np.int64(5), np.int64(7)]
[08:11:26.017] 
  Capturing 500 time steps (simulate mode)...
[08:11:26.018]     Step 50/500 done
[08:11:26.020]     Step 100/500 done
[08:11:26.021]     Step 150/500 done
[08:11:26.022]     Step 200/500 done
[08:11:26.022]     Step 250/500 done
[08:11:26.023]     Step 300/500 done
[08:11:26.024]     Step 350/500 done
[08:11:26.025]     Step 400/500 done
[08:11:26.026]     Step 450/500 done
[08:11:26.027]     Step 500/500 done
[08:11:26.027]   Capture complete: 0.0s (0 ms/step)
[08:11:26.027] 
  Building feature matrices...
[08:11:26.047]   Train: steps 50–334 (284 samples)
[08:11:26.047]   Test:  steps 334–500 (166 samples)
[08:11:26.047]   y_train mean=0.3905 std=0.1015
[08:11:26.047] 
======================================================================
[08:11:26.047]   RESULTS
[08:11:26.047] ======================================================================
[08:11:26.047] 
  Approach                    NMSE (train)    NMSE (test)   Features
[08:11:26.047]   ───────────────────────── ────────────── ────────────── ──────────
[08:11:26.048]   mean_baseline                   1.000000       1.281570          0
[08:11:26.049]   input_esn                       0.341768       0.683558         64
[08:11:26.050]   input_only                      0.990011       1.312055          7
[08:11:26.050]   input_poly                      0.853005       1.456132         35
[08:11:26.051]   input_window                    0.578342       1.000745         70
[08:11:26.052]   plate_esn                       0.600968       1.627582         64
[08:11:26.053]   plate_esn_plus                  0.516986       1.981555         72
[08:11:26.055]   plate_poly                      0.838177       1.462482         44
[08:11:26.055]   plate_raw                       0.981736       1.326292          8
[08:11:26.057]   plate_window                    0.544126       1.315685         80
[08:11:26.060]   sw_rbf_auto                     0.758754       1.519123          7
[08:11:26.064]   sw_rbf_0.1                      0.791707       1.459962          7
[08:11:26.068]   sw_rbf_window                   0.305697       1.267075         70
[08:11:26.068] 
  ─────────────────────────────────────────────────────────────────
[08:11:26.068]   Best overall:  input_esn (NMSE = 0.683558)
[08:11:26.068]   Best plate:    NMSE = 1.315685
[08:11:26.068]   Best software: NMSE = 0.683558
[08:11:26.068]   → Software wins by 92.5%
[08:11:26.068] 
  NARMA-10 quality thresholds:
[08:11:26.068]     NMSE < 0.1  → excellent reservoir
[08:11:26.068]     NMSE < 0.3  → good reservoir
[08:11:26.068]     NMSE < 0.5  → marginal reservoir
[08:11:26.068]     NMSE ≥ 1.0  → no better than predicting the mean
[08:11:26.068] 
  Total time: 0.1s
[08:11:26.068] 
  Saved: /Users/Mike/Code/wcfoma/data/results/lab/plate_exps/narma10/narma10_20260417_081125.json
[08:11:26.070] 
══════════════════════════════════════════════════════════════════════
[08:11:26.070]   PLATE E (8 modes)
[08:11:26.070] ══════════════════════════════════════════════════════════════════════
[08:11:26.070] 
======================================================================
[08:11:26.070]   NARMA-10 BENCHMARK
[08:11:26.070]   Steps: 500, Washout: 50, Seed: 42
[08:11:26.070] ======================================================================
[08:11:26.072] 
  NARMA-10 generated: 500 steps
[08:11:26.072]   u range: [0.0027, 0.4996]
[08:11:26.072]   y range: [0.0000, 0.7355]
[08:11:26.072]   y mean: 0.4096, std: 0.1085
[08:11:26.072]   Plate E: 8 modes, 7 carriers at indices [np.int64(0), np.int64(1), np.int64(2), np.int64(3), np.int64(4), np.int64(5), np.int64(7)]
[08:11:26.072] 
  Capturing 500 time steps (simulate mode)...
[08:11:26.073]     Step 50/500 done
[08:11:26.074]     Step 100/500 done
[08:11:26.076]     Step 150/500 done
[08:11:26.076]     Step 200/500 done
[08:11:26.077]     Step 250/500 done
[08:11:26.078]     Step 300/500 done
[08:11:26.079]     Step 350/500 done
[08:11:26.080]     Step 400/500 done
[08:11:26.081]     Step 450/500 done
[08:11:26.082]     Step 500/500 done
[08:11:26.082]   Capture complete: 0.0s (0 ms/step)
[08:11:26.082] 
  Building feature matrices...
[08:11:26.101]   Train: steps 50–334 (284 samples)
[08:11:26.101]   Test:  steps 334–500 (166 samples)
[08:11:26.101]   y_train mean=0.3905 std=0.1015
[08:11:26.101] 
======================================================================
[08:11:26.101]   RESULTS
[08:11:26.101] ======================================================================
[08:11:26.101] 
  Approach                    NMSE (train)    NMSE (test)   Features
[08:11:26.101]   ───────────────────────── ────────────── ────────────── ──────────
[08:11:26.101]   mean_baseline                   1.000000       1.281570          0
[08:11:26.102]   input_esn                       0.341768       0.683558         64
[08:11:26.103]   input_only                      0.990011       1.312055          7
[08:11:26.103]   input_poly                      0.853005       1.456132         35
[08:11:26.104]   input_window                    0.578342       1.000745         70
[08:11:26.105]   plate_esn                       0.562330       2.727313         64
[08:11:26.106]   plate_esn_plus                  0.453791       2.744906         72
[08:11:26.107]   plate_poly                      0.815766       1.448067         44
[08:11:26.108]   plate_raw                       0.977368       1.358122          8
[08:11:26.109]   plate_window                    0.531282       1.541845         80
[08:11:26.112]   sw_rbf_auto                     0.758754       1.519123          7
[08:11:26.116]   sw_rbf_0.1                      0.791707       1.459962          7
[08:11:26.119]   sw_rbf_window                   0.305697       1.267075         70
[08:11:26.119] 
  ─────────────────────────────────────────────────────────────────
[08:11:26.119]   Best overall:  input_esn (NMSE = 0.683558)
[08:11:26.119]   Best plate:    NMSE = 1.358122
[08:11:26.119]   Best software: NMSE = 0.683558
[08:11:26.119]   → Software wins by 98.7%
[08:11:26.119] 
  NARMA-10 quality thresholds:
[08:11:26.119]     NMSE < 0.1  → excellent reservoir
[08:11:26.119]     NMSE < 0.3  → good reservoir
[08:11:26.119]     NMSE < 0.5  → marginal reservoir
[08:11:26.119]     NMSE ≥ 1.0  → no better than predicting the mean
[08:11:26.119] 
  Total time: 0.0s
[08:11:26.119] 
  Saved: /Users/Mike/Code/wcfoma/data/results/lab/plate_exps/narma10/narma10_20260417_081125.json
