[14:37:35.369] ══════════════════════════════════════════════════════════════
[14:37:35.369]   NARMA-10 HARMONIC LADDER — Spatial Encoding of Temporal Memory
[14:37:35.369] ══════════════════════════════════════════════════════════════
[14:37:35.369] 
[14:37:35.369]   Census modes: 61
[14:37:35.369]   Carriers: [19.0, 23.9, 29.2, 29.9, 34.55, 37.0, 45.0, 49.6, 56.2, 58.5]k
[14:37:35.370]   Readout frequencies: 117
[14:37:35.370]     Carriers: 10, Ambient modes: 23, IM2: 44, IM3: 40
[14:37:35.370]   Step pairs with IM coverage: 43/45
[14:37:35.370]   Critical u(t-9)×u(t) pair: ✓ COVERED
[14:37:35.370] 
[14:37:35.370]   Generating NARMA-10 time series...
[14:37:35.371]   Steps: 360 total, 300 usable (201 train / 99 test)
[14:37:35.371] 
[14:37:35.371] ━━━━━━━━━━━━━━━━━━━━━━━━━━━━━━━━━━━━━━━━
[14:37:35.371]   SIMULATION MODE
[14:37:35.371] ━━━━━━━━━━━━━━━━━━━━━━━━━━━━━━━━━━━━━━━━
[14:37:54.544]     50/300 steps (19.2s)
[14:38:13.566]     100/300 steps (38.2s)
[14:38:32.700]     150/300 steps (57.3s)
[14:38:51.905]     200/300 steps (76.5s)
[14:39:11.462]     250/300 steps (96.1s)
[14:39:30.666]     300/300 steps (115.3s)
[14:39:30.666] 
  Feature matrix: (300, 127)
[14:39:30.666] 
━━━━━━━━━━━━━━━━━━━━━━━━━━━━━━━━━━━━━━━━
[14:39:30.666]   RESULTS
[14:39:30.666] ━━━━━━━━━━━━━━━━━━━━━━━━━━━━━━━━━━━━━━━━
[14:39:30.667] 
  Approach                                 Train       Test  Feats
[14:39:30.667]   ─────────────────────────────────── ────────── ────────── ──────
[14:39:30.667]   mean_baseline                            1.000     1.0054      0
[14:39:30.676]   ladder_full                             0.4787     0.9149    127
[14:39:30.680]   ladder_spectrum_only                    0.4805     0.9158    117
[14:39:30.683]   input_window_only                       0.6481     0.7829     10
[14:39:30.686]   input_poly2                             0.6054     0.8333     65
[14:39:30.696]   ladder_top20_poly_interact              0.5241     0.9257    465
[14:39:30.696] 
  Running software ESN baseline...
[14:39:30.703]   software_esn                            0.1028     0.1706     64
[14:39:30.707]   ladder_esn                              0.5815     0.8561     64
[14:39:30.711]   ladder_plus_esn_concat                  0.2692     0.6973    191
[14:39:30.711] 
  ★ BEST: software_esn — NMSE 0.1706
[14:39:30.711]   Quality: GOOD
[14:39:30.711]   ▲ BEATS previous best (0.666) by 74.4%
[14:39:30.712] 
  Saved: narma10_ladder_20260418_143735.json
