[08:17:42.666] 
======================================================================
[08:17:42.666]   NARMA-10 BENCHMARK
[08:17:42.666]   Steps: 300, Washout: 50, Seed: 42
[08:17:42.666] ======================================================================
[08:17:42.669] 
  NARMA-10 generated: 300 steps
[08:17:42.669]   u range: [0.0037, 0.4962]
[08:17:42.669]   y range: [0.0000, 0.6912]
[08:17:42.669]   y mean: 0.3856, std: 0.1040
[08:17:42.670]   Plate D: 8 modes, 7 carriers at indices [np.int64(0), np.int64(1), np.int64(2), np.int64(3), np.int64(4), np.int64(5), np.int64(7)]
[08:17:42.670] 
  Capturing 300 time steps (simulate mode)...
[08:17:42.670]     Step 50/300 done
[08:17:42.671]     Step 100/300 done
[08:17:42.672]     Step 150/300 done
[08:17:42.673]     Step 200/300 done
[08:17:42.674]     Step 250/300 done
[08:17:42.675]     Step 300/300 done
[08:17:42.675]   Capture complete: 0.0s (0 ms/step)
[08:17:42.675] 
  Building feature matrices...
[08:17:42.757]   Train: steps 50–200 (150 samples)
[08:17:42.757]   Test:  steps 200–300 (100 samples)
[08:17:42.757]   y_train mean=0.3809 std=0.0874
[08:17:42.757] 
======================================================================
[08:17:42.757]   RESULTS
[08:17:42.757] ======================================================================
[08:17:42.757] 
  Approach                    NMSE (train)    NMSE (test)   Features
[08:17:42.757]   ───────────────────────── ────────────── ────────────── ──────────
[08:17:42.757]   mean_baseline                   1.000000       1.004961          0
[08:17:42.764]   input_esn                       0.274590       0.665998         64
[08:17:42.765]   input_only                      0.975032       1.032406          7
[08:17:42.766]   input_poly                      0.731272       1.178518         35
[08:17:42.767]   input_window                    0.360221       1.061814         70
[08:17:42.767]   plate_esn                       0.358963       1.636039         64
[08:17:42.768]   plate_esn_plus                  0.125962       1.751289        120
[08:17:42.773]   plate_poly                      0.000005       1.252735       1652
[08:17:42.774]   plate_raw                       0.563849       1.415673         56
[08:17:42.775]   plate_window                    0.000009       1.218706        560
[08:17:42.781]   sw_rbf_auto                     0.655374       1.151501          7
[08:17:42.783]   sw_rbf_0.1                      0.695220       1.112475          7
[08:17:42.785]   sw_rbf_window                   0.329803       1.016519         70
[08:17:42.785] 
  ─────────────────────────────────────────────────────────────────
[08:17:42.785]   Best overall:  input_esn (NMSE = 0.665998)
[08:17:42.785]   Best plate:    NMSE = 1.218706
[08:17:42.785]   Best software: NMSE = 0.665998
[08:17:42.785]   → Software wins by 83.0%
[08:17:42.785] 
  NARMA-10 quality thresholds:
[08:17:42.785]     NMSE < 0.1  → excellent reservoir
[08:17:42.785]     NMSE < 0.3  → good reservoir
[08:17:42.785]     NMSE < 0.5  → marginal reservoir
[08:17:42.785]     NMSE ≥ 1.0  → no better than predicting the mean
[08:17:42.785] 
  Total time: 0.1s
[08:17:42.785] 
  Saved: /Users/Mike/Code/wcfoma/data/results/lab/plate_exps/narma10/narma10_20260417_081742.json
