[16:32:11.757] ══════════════════════════════════════════════════════════════
[16:32:11.757]   NARMA-10 HARMONIC LADDER — Spatial Encoding of Temporal Memory
[16:32:11.757] ══════════════════════════════════════════════════════════════
[16:32:11.757] 
[16:32:11.758]   Census modes: 61
[16:32:11.758]   Carriers: [19.0, 23.9, 29.2, 29.9, 34.55, 37.0, 45.0, 49.6, 56.2, 58.5]k
[16:32:11.759]   Readout frequencies: 117
[16:32:11.759]     Carriers: 10, Ambient modes: 23, IM2: 44, IM3: 40
[16:32:11.759]   Step pairs with IM coverage: 43/45
[16:32:11.759]   Critical u(t-9)×u(t) pair: ✓ COVERED
[16:32:11.759] 
[16:32:11.759]   Generating NARMA-10 time series...
[16:32:11.771]   Steps: 3060 total, 3000 usable (2010 train / 990 test)
[16:32:11.771] 
[16:32:11.771] ━━━━━━━━━━━━━━━━━━━━━━━━━━━━━━━━━━━━━━━━
[16:32:11.771]   HARDWARE CAPTURE
[16:32:11.771] ━━━━━━━━━━━━━━━━━━━━━━━━━━━━━━━━━━━━━━━━
[16:32:12.971]   PicoScope opened (Ch A ±1V DC)
[16:32:16.066]   f_rep = 29.0 Hz
[16:32:16.066]   Enrollment prescan (noise floor + solo carriers)...
[16:32:18.657]   Enrollment done (2.6s, noise_floor max=22319, solo range=1166803–2876986)
[16:32:22.725]     10/3000 steps (2.46/s, ETA 1216s)
[16:32:26.771]     20/3000 steps (2.46/s, ETA 1209s)
[16:32:30.818]     30/3000 steps (2.47/s, ETA 1204s)
[16:32:34.814]     40/3000 steps (2.48/s, ETA 1196s)
[16:32:38.888]     50/3000 steps (2.47/s, ETA 1194s)
[16:32:42.950]     60/3000 steps (2.47/s, ETA 1190s)
[16:32:46.990]     70/3000 steps (2.47/s, ETA 1186s)
[16:32:51.045]     80/3000 steps (2.47/s, ETA 1182s)
[16:32:55.018]     90/3000 steps (2.48/s, ETA 1176s)
[16:32:59.083]     100/3000 steps (2.47/s, ETA 1172s)
[16:33:03.140]     110/3000 steps (2.47/s, ETA 1169s)
[16:33:07.201]     120/3000 steps (2.47/s, ETA 1165s)
[16:33:11.258]     130/3000 steps (2.47/s, ETA 1161s)
[16:33:15.306]     140/3000 steps (2.47/s, ETA 1157s)
[16:33:19.331]     150/3000 steps (2.47/s, ETA 1153s)
[16:33:23.371]     160/3000 steps (2.47/s, ETA 1149s)
[16:33:27.418]     170/3000 steps (2.47/s, ETA 1145s)
[16:33:31.459]     180/3000 steps (2.47/s, ETA 1141s)
[16:33:35.423]     190/3000 steps (2.48/s, ETA 1135s)
[16:33:39.361]     200/3000 steps (2.48/s, ETA 1130s)
[16:33:43.383]     210/3000 steps (2.48/s, ETA 1126s)
[16:33:47.437]     220/3000 steps (2.48/s, ETA 1122s)
[16:33:51.485]     230/3000 steps (2.48/s, ETA 1118s)
[16:33:55.520]     240/3000 steps (2.48/s, ETA 1114s)
[16:33:59.561]     250/3000 steps (2.48/s, ETA 1110s)
[16:34:03.604]     260/3000 steps (2.48/s, ETA 1106s)
[16:34:07.636]     270/3000 steps (2.48/s, ETA 1102s)
[16:34:11.680]     280/3000 steps (2.48/s, ETA 1098s)
[16:34:15.708]     290/3000 steps (2.48/s, ETA 1094s)
[16:34:19.757]     300/3000 steps (2.48/s, ETA 1090s)
[16:34:23.796]     310/3000 steps (2.48/s, ETA 1086s)
[16:34:27.817]     320/3000 steps (2.48/s, ETA 1082s)
[16:34:31.774]     330/3000 steps (2.48/s, ETA 1077s)
[16:34:35.787]     340/3000 steps (2.48/s, ETA 1073s)
[16:34:39.782]     350/3000 steps (2.48/s, ETA 1069s)
[16:34:43.817]     360/3000 steps (2.48/s, ETA 1065s)
[16:34:47.845]     370/3000 steps (2.48/s, ETA 1060s)
[16:34:51.885]     380/3000 steps (2.48/s, ETA 1056s)
[16:34:55.917]     390/3000 steps (2.48/s, ETA 1052s)
[16:34:59.953]     400/3000 steps (2.48/s, ETA 1048s)
[16:35:03.997]     410/3000 steps (2.48/s, ETA 1044s)
[16:35:08.003]     420/3000 steps (2.48/s, ETA 1040s)
[16:35:12.054]     430/3000 steps (2.48/s, ETA 1036s)
[16:35:16.102]     440/3000 steps (2.48/s, ETA 1032s)
[16:35:20.156]     450/3000 steps (2.48/s, ETA 1028s)
[16:35:24.207]     460/3000 steps (2.48/s, ETA 1025s)
[16:35:28.237]     470/3000 steps (2.48/s, ETA 1021s)
[16:35:32.279]     480/3000 steps (2.48/s, ETA 1017s)
[16:35:36.301]     490/3000 steps (2.48/s, ETA 1012s)
[16:35:40.346]     500/3000 steps (2.48/s, ETA 1008s)
[16:35:44.410]     510/3000 steps (2.48/s, ETA 1005s)
[16:35:48.424]     520/3000 steps (2.48/s, ETA 1000s)
[16:35:52.390]     530/3000 steps (2.48/s, ETA 996s)
[16:35:56.426]     540/3000 steps (2.48/s, ETA 992s)
[16:36:00.471]     550/3000 steps (2.48/s, ETA 988s)
[16:36:04.504]     560/3000 steps (2.48/s, ETA 984s)
[16:36:08.546]     570/3000 steps (2.48/s, ETA 980s)
[16:36:12.605]     580/3000 steps (2.48/s, ETA 976s)
[16:36:16.578]     590/3000 steps (2.48/s, ETA 972s)
[16:36:20.649]     600/3000 steps (2.48/s, ETA 968s)
[16:36:24.726]     610/3000 steps (2.48/s, ETA 964s)
[16:36:28.659]     620/3000 steps (2.48/s, ETA 960s)
[16:36:32.710]     630/3000 steps (2.48/s, ETA 956s)
[16:36:36.665]     640/3000 steps (2.48/s, ETA 951s)
[16:36:40.711]     650/3000 steps (2.48/s, ETA 947s)
[16:36:44.698]     660/3000 steps (2.48/s, ETA 943s)
[16:36:48.727]     670/3000 steps (2.48/s, ETA 939s)
[16:36:52.724]     680/3000 steps (2.48/s, ETA 935s)
[16:36:56.778]     690/3000 steps (2.48/s, ETA 931s)
[16:37:00.822]     700/3000 steps (2.48/s, ETA 927s)
[16:37:04.882]     710/3000 steps (2.48/s, ETA 923s)
[16:37:08.909]     720/3000 steps (2.48/s, ETA 919s)
[16:37:12.984]     730/3000 steps (2.48/s, ETA 915s)
[16:37:16.954]     740/3000 steps (2.48/s, ETA 911s)
[16:37:21.027]     750/3000 steps (2.48/s, ETA 907s)
[16:37:25.091]     760/3000 steps (2.48/s, ETA 903s)
[16:37:29.166]     770/3000 steps (2.48/s, ETA 899s)
[16:37:33.224]     780/3000 steps (2.48/s, ETA 895s)
[16:37:37.298]     790/3000 steps (2.48/s, ETA 891s)
[16:37:41.385]     800/3000 steps (2.48/s, ETA 888s)
[16:37:45.459]     810/3000 steps (2.48/s, ETA 884s)
[16:37:49.521]     820/3000 steps (2.48/s, ETA 880s)
[16:37:53.586]     830/3000 steps (2.48/s, ETA 876s)
[16:37:57.664]     840/3000 steps (2.48/s, ETA 872s)
[16:38:01.724]     850/3000 steps (2.48/s, ETA 868s)
[16:38:05.789]     860/3000 steps (2.48/s, ETA 864s)
[16:38:09.831]     870/3000 steps (2.48/s, ETA 860s)
[16:38:13.923]     880/3000 steps (2.48/s, ETA 856s)
[16:38:18.006]     890/3000 steps (2.48/s, ETA 852s)
[16:38:22.006]     900/3000 steps (2.48/s, ETA 848s)
[16:38:26.086]     910/3000 steps (2.48/s, ETA 844s)
[16:38:30.090]     920/3000 steps (2.48/s, ETA 840s)
[16:38:34.126]     930/3000 steps (2.48/s, ETA 836s)
[16:38:38.200]     940/3000 steps (2.48/s, ETA 832s)
[16:38:42.231]     950/3000 steps (2.48/s, ETA 828s)
[16:38:46.299]     960/3000 steps (2.48/s, ETA 824s)
[16:38:50.344]     970/3000 steps (2.48/s, ETA 820s)
[16:38:54.422]     980/3000 steps (2.48/s, ETA 816s)
[16:38:58.506]     990/3000 steps (2.48/s, ETA 812s)
[16:39:02.478]     1000/3000 steps (2.48/s, ETA 808s)
[16:39:06.552]     1010/3000 steps (2.48/s, ETA 804s)
[16:39:10.628]     1020/3000 steps (2.48/s, ETA 800s)
[16:39:14.651]     1030/3000 steps (2.48/s, ETA 796s)
[16:39:18.694]     1040/3000 steps (2.48/s, ETA 792s)
[16:39:22.761]     1050/3000 steps (2.48/s, ETA 788s)
[16:39:26.829]     1060/3000 steps (2.48/s, ETA 784s)
[16:39:30.915]     1070/3000 steps (2.48/s, ETA 780s)
[16:39:34.987]     1080/3000 steps (2.48/s, ETA 776s)
[16:39:39.065]     1090/3000 steps (2.47/s, ETA 772s)
[16:39:43.121]     1100/3000 steps (2.47/s, ETA 768s)
[16:39:47.124]     1110/3000 steps (2.48/s, ETA 764s)
[16:39:51.189]     1120/3000 steps (2.47/s, ETA 760s)
[16:39:55.279]     1130/3000 steps (2.47/s, ETA 756s)
[16:39:59.272]     1140/3000 steps (2.47/s, ETA 752s)
[16:40:03.351]     1150/3000 steps (2.47/s, ETA 748s)
[16:40:07.396]     1160/3000 steps (2.47/s, ETA 744s)
[16:40:11.404]     1170/3000 steps (2.47/s, ETA 739s)
[16:40:15.449]     1180/3000 steps (2.47/s, ETA 735s)
[16:40:19.517]     1190/3000 steps (2.47/s, ETA 731s)
[16:40:23.578]     1200/3000 steps (2.47/s, ETA 727s)
[16:40:27.587]     1210/3000 steps (2.47/s, ETA 723s)
[16:40:31.725]     1220/3000 steps (2.47/s, ETA 719s)
[16:40:35.875]     1230/3000 steps (2.47/s, ETA 716s)
[16:40:39.989]     1240/3000 steps (2.47/s, ETA 712s)
[16:40:44.131]     1250/3000 steps (2.47/s, ETA 708s)
[16:40:48.269]     1260/3000 steps (2.47/s, ETA 704s)
[16:40:52.420]     1270/3000 steps (2.47/s, ETA 700s)
[16:40:56.559]     1280/3000 steps (2.47/s, ETA 696s)
[16:41:00.724]     1290/3000 steps (2.47/s, ETA 692s)
[16:41:04.803]     1300/3000 steps (2.47/s, ETA 688s)
[16:41:08.857]     1310/3000 steps (2.47/s, ETA 684s)
[16:41:12.804]     1320/3000 steps (2.47/s, ETA 680s)
[16:41:16.962]     1330/3000 steps (2.47/s, ETA 676s)
[16:41:21.012]     1340/3000 steps (2.47/s, ETA 672s)
[16:41:25.151]     1350/3000 steps (2.47/s, ETA 668s)
[16:41:29.274]     1360/3000 steps (2.47/s, ETA 664s)
[16:41:33.407]     1370/3000 steps (2.47/s, ETA 660s)
[16:41:37.538]     1380/3000 steps (2.47/s, ETA 656s)
[16:41:41.539]     1390/3000 steps (2.47/s, ETA 652s)
[16:41:45.689]     1400/3000 steps (2.47/s, ETA 648s)
[16:41:49.886]     1410/3000 steps (2.47/s, ETA 644s)
[16:41:54.030]     1420/3000 steps (2.47/s, ETA 640s)
[16:41:58.189]     1430/3000 steps (2.47/s, ETA 636s)
[16:42:02.297]     1440/3000 steps (2.47/s, ETA 632s)
[16:42:06.431]     1450/3000 steps (2.47/s, ETA 628s)
[16:42:10.578]     1460/3000 steps (2.47/s, ETA 624s)
[16:42:14.709]     1470/3000 steps (2.47/s, ETA 620s)
[16:42:18.877]     1480/3000 steps (2.47/s, ETA 616s)
[16:42:23.007]     1490/3000 steps (2.47/s, ETA 612s)
[16:42:27.157]     1500/3000 steps (2.47/s, ETA 608s)
[16:42:31.292]     1510/3000 steps (2.46/s, ETA 605s)
[16:42:35.452]     1520/3000 steps (2.46/s, ETA 601s)
[16:42:39.575]     1530/3000 steps (2.46/s, ETA 597s)
[16:42:43.745]     1540/3000 steps (2.46/s, ETA 593s)
[16:42:47.893]     1550/3000 steps (2.46/s, ETA 589s)
[16:42:52.030]     1560/3000 steps (2.46/s, ETA 585s)
[16:42:56.168]     1570/3000 steps (2.46/s, ETA 581s)
[16:43:00.296]     1580/3000 steps (2.46/s, ETA 577s)
[16:43:04.510]     1590/3000 steps (2.46/s, ETA 573s)
[16:43:08.669]     1600/3000 steps (2.46/s, ETA 569s)
[16:43:12.801]     1610/3000 steps (2.46/s, ETA 565s)
[16:43:16.918]     1620/3000 steps (2.46/s, ETA 561s)
[16:43:21.075]     1630/3000 steps (2.46/s, ETA 557s)
[16:43:25.222]     1640/3000 steps (2.46/s, ETA 553s)
[16:43:29.379]     1650/3000 steps (2.46/s, ETA 549s)
[16:43:33.512]     1660/3000 steps (2.46/s, ETA 545s)
[16:43:37.624]     1670/3000 steps (2.46/s, ETA 541s)
[16:43:41.757]     1680/3000 steps (2.46/s, ETA 537s)
[16:43:45.901]     1690/3000 steps (2.46/s, ETA 533s)
[16:43:49.945]     1700/3000 steps (2.46/s, ETA 529s)
[16:43:54.017]     1710/3000 steps (2.46/s, ETA 525s)
[16:43:58.086]     1720/3000 steps (2.46/s, ETA 521s)
[16:44:02.211]     1730/3000 steps (2.46/s, ETA 516s)
[16:44:06.349]     1740/3000 steps (2.46/s, ETA 512s)
[16:44:10.509]     1750/3000 steps (2.46/s, ETA 508s)
[16:44:14.672]     1760/3000 steps (2.46/s, ETA 504s)
[16:44:18.805]     1770/3000 steps (2.46/s, ETA 500s)
[16:44:22.952]     1780/3000 steps (2.46/s, ETA 496s)
[16:44:27.086]     1790/3000 steps (2.46/s, ETA 492s)
[16:44:31.166]     1800/3000 steps (2.46/s, ETA 488s)
[16:44:35.134]     1810/3000 steps (2.46/s, ETA 484s)
[16:44:39.190]     1820/3000 steps (2.46/s, ETA 480s)
[16:44:43.331]     1830/3000 steps (2.46/s, ETA 476s)
[16:44:47.494]     1840/3000 steps (2.46/s, ETA 472s)
[16:44:51.565]     1850/3000 steps (2.46/s, ETA 468s)
[16:44:55.732]     1860/3000 steps (2.46/s, ETA 464s)
[16:44:59.843]     1870/3000 steps (2.46/s, ETA 460s)
[16:45:03.982]     1880/3000 steps (2.46/s, ETA 456s)
[16:45:08.144]     1890/3000 steps (2.46/s, ETA 452s)
[16:45:12.292]     1900/3000 steps (2.46/s, ETA 448s)
[16:45:16.430]     1910/3000 steps (2.46/s, ETA 444s)
[16:45:20.510]     1920/3000 steps (2.46/s, ETA 440s)
[16:45:24.648]     1930/3000 steps (2.46/s, ETA 436s)
[16:45:28.744]     1940/3000 steps (2.46/s, ETA 432s)
[16:45:32.826]     1950/3000 steps (2.46/s, ETA 428s)
[16:45:36.963]     1960/3000 steps (2.46/s, ETA 424s)
[16:45:41.147]     1970/3000 steps (2.45/s, ETA 420s)
[16:45:45.292]     1980/3000 steps (2.45/s, ETA 416s)
[16:45:49.425]     1990/3000 steps (2.45/s, ETA 411s)
[16:45:53.571]     2000/3000 steps (2.45/s, ETA 407s)
[16:45:57.686]     2010/3000 steps (2.45/s, ETA 403s)
[16:46:01.783]     2020/3000 steps (2.45/s, ETA 399s)
[16:46:05.935]     2030/3000 steps (2.45/s, ETA 395s)
[16:46:09.897]     2040/3000 steps (2.45/s, ETA 391s)
[16:46:14.057]     2050/3000 steps (2.45/s, ETA 387s)
[16:46:18.204]     2060/3000 steps (2.45/s, ETA 383s)
[16:46:22.276]     2070/3000 steps (2.45/s, ETA 379s)
[16:46:26.338]     2080/3000 steps (2.45/s, ETA 375s)
[16:46:30.462]     2090/3000 steps (2.45/s, ETA 371s)
[16:46:34.633]     2100/3000 steps (2.45/s, ETA 367s)
[16:46:38.777]     2110/3000 steps (2.45/s, ETA 363s)
[16:46:42.863]     2120/3000 steps (2.45/s, ETA 359s)
[16:46:47.033]     2130/3000 steps (2.45/s, ETA 355s)
[16:46:51.143]     2140/3000 steps (2.45/s, ETA 351s)
[16:46:55.292]     2150/3000 steps (2.45/s, ETA 347s)
[16:46:59.360]     2160/3000 steps (2.45/s, ETA 342s)
[16:47:03.516]     2170/3000 steps (2.45/s, ETA 338s)
[16:47:07.569]     2180/3000 steps (2.45/s, ETA 334s)
[16:47:11.734]     2190/3000 steps (2.45/s, ETA 330s)
[16:47:15.879]     2200/3000 steps (2.45/s, ETA 326s)
[16:47:20.011]     2210/3000 steps (2.45/s, ETA 322s)
[16:47:24.146]     2220/3000 steps (2.45/s, ETA 318s)
[16:47:28.194]     2230/3000 steps (2.45/s, ETA 314s)
[16:47:32.259]     2240/3000 steps (2.45/s, ETA 310s)
[16:47:36.317]     2250/3000 steps (2.45/s, ETA 306s)
[16:47:40.365]     2260/3000 steps (2.45/s, ETA 302s)
[16:47:44.506]     2270/3000 steps (2.45/s, ETA 298s)
[16:47:48.546]     2280/3000 steps (2.45/s, ETA 294s)
[16:47:52.691]     2290/3000 steps (2.45/s, ETA 290s)
[16:47:56.828]     2300/3000 steps (2.45/s, ETA 286s)
[16:48:00.979]     2310/3000 steps (2.45/s, ETA 281s)
[16:48:05.132]     2320/3000 steps (2.45/s, ETA 277s)
[16:48:09.252]     2330/3000 steps (2.45/s, ETA 273s)
[16:48:13.302]     2340/3000 steps (2.45/s, ETA 269s)
[16:48:17.461]     2350/3000 steps (2.45/s, ETA 265s)
[16:48:21.627]     2360/3000 steps (2.45/s, ETA 261s)
[16:48:25.767]     2370/3000 steps (2.45/s, ETA 257s)
[16:48:29.916]     2380/3000 steps (2.45/s, ETA 253s)
[16:48:33.972]     2390/3000 steps (2.45/s, ETA 249s)
[16:48:38.045]     2400/3000 steps (2.45/s, ETA 245s)
[16:48:42.095]     2410/3000 steps (2.45/s, ETA 241s)
[16:48:46.220]     2420/3000 steps (2.45/s, ETA 237s)
[16:48:50.379]     2430/3000 steps (2.45/s, ETA 233s)
[16:48:54.529]     2440/3000 steps (2.45/s, ETA 229s)
[16:48:58.669]     2450/3000 steps (2.45/s, ETA 224s)
[16:49:02.819]     2460/3000 steps (2.45/s, ETA 220s)
[16:49:06.965]     2470/3000 steps (2.45/s, ETA 216s)
[16:49:11.115]     2480/3000 steps (2.45/s, ETA 212s)
[16:49:15.181]     2490/3000 steps (2.45/s, ETA 208s)
[16:49:19.347]     2500/3000 steps (2.45/s, ETA 204s)
[16:49:23.497]     2510/3000 steps (2.45/s, ETA 200s)
[16:49:27.634]     2520/3000 steps (2.45/s, ETA 196s)
[16:49:31.715]     2530/3000 steps (2.45/s, ETA 192s)
[16:49:35.812]     2540/3000 steps (2.45/s, ETA 188s)
[16:49:39.945]     2550/3000 steps (2.45/s, ETA 184s)
[16:49:44.108]     2560/3000 steps (2.45/s, ETA 180s)
[16:49:48.305]     2570/3000 steps (2.45/s, ETA 176s)
[16:49:52.413]     2580/3000 steps (2.45/s, ETA 172s)
[16:49:56.565]     2590/3000 steps (2.45/s, ETA 167s)
[16:50:00.707]     2600/3000 steps (2.45/s, ETA 163s)
[16:50:04.867]     2610/3000 steps (2.45/s, ETA 159s)
[16:50:09.003]     2620/3000 steps (2.45/s, ETA 155s)
[16:50:13.155]     2630/3000 steps (2.45/s, ETA 151s)
[16:50:17.293]     2640/3000 steps (2.45/s, ETA 147s)
[16:50:21.452]     2650/3000 steps (2.45/s, ETA 143s)
[16:50:25.573]     2660/3000 steps (2.45/s, ETA 139s)
[16:50:29.671]     2670/3000 steps (2.45/s, ETA 135s)
[16:50:33.792]     2680/3000 steps (2.45/s, ETA 131s)
[16:50:37.914]     2690/3000 steps (2.45/s, ETA 127s)
[16:50:41.972]     2700/3000 steps (2.45/s, ETA 123s)
[16:50:46.096]     2710/3000 steps (2.45/s, ETA 119s)
[16:50:50.252]     2720/3000 steps (2.45/s, ETA 114s)
[16:50:54.391]     2730/3000 steps (2.45/s, ETA 110s)
[16:50:58.540]     2740/3000 steps (2.45/s, ETA 106s)
[16:51:02.668]     2750/3000 steps (2.45/s, ETA 102s)
[16:51:06.822]     2760/3000 steps (2.45/s, ETA 98s)
[16:51:10.959]     2770/3000 steps (2.45/s, ETA 94s)
[16:51:15.077]     2780/3000 steps (2.45/s, ETA 90s)
[16:51:19.215]     2790/3000 steps (2.45/s, ETA 86s)
[16:51:23.347]     2800/3000 steps (2.45/s, ETA 82s)
[16:51:27.491]     2810/3000 steps (2.45/s, ETA 78s)
[16:51:31.634]     2820/3000 steps (2.45/s, ETA 74s)
[16:51:35.793]     2830/3000 steps (2.45/s, ETA 70s)
[16:51:39.924]     2840/3000 steps (2.45/s, ETA 65s)
[16:51:43.967]     2850/3000 steps (2.45/s, ETA 61s)
[16:51:48.112]     2860/3000 steps (2.45/s, ETA 57s)
[16:51:52.177]     2870/3000 steps (2.45/s, ETA 53s)
[16:51:56.303]     2880/3000 steps (2.45/s, ETA 49s)
[16:52:00.452]     2890/3000 steps (2.45/s, ETA 45s)
[16:52:04.521]     2900/3000 steps (2.45/s, ETA 41s)
[16:52:08.673]     2910/3000 steps (2.45/s, ETA 37s)
[16:52:12.839]     2920/3000 steps (2.45/s, ETA 33s)
[16:52:16.928]     2930/3000 steps (2.45/s, ETA 29s)
[16:52:21.067]     2940/3000 steps (2.45/s, ETA 25s)
[16:52:25.096]     2950/3000 steps (2.45/s, ETA 20s)
[16:52:29.207]     2960/3000 steps (2.45/s, ETA 16s)
[16:52:33.374]     2970/3000 steps (2.45/s, ETA 12s)
[16:52:37.422]     2980/3000 steps (2.45/s, ETA 8s)
[16:52:41.462]     2990/3000 steps (2.45/s, ETA 4s)
[16:52:45.532]     3000/3000 steps (2.45/s, ETA 0s)
[16:52:45.532]   Open-loop capture complete, scope stays open for eval...
[16:52:45.532] 
  Feature matrix: (3000, 127)
[16:52:45.532] 
━━━━━━━━━━━━━━━━━━━━━━━━━━━━━━━━━━━━━━━━
[16:52:45.535]   RESULTS
[16:52:45.535] ━━━━━━━━━━━━━━━━━━━━━━━━━━━━━━━━━━━━━━━━
[16:52:45.537] 
  Approach                                 Train       Test  Feats
[16:52:45.537]   ─────────────────────────────────── ────────── ────────── ──────
[16:52:45.537]   mean_baseline                            1.000     1.0209      0
[16:52:45.606]   ladder_full                             0.6729     0.7262    127
[16:52:45.638]   ladder_spectrum_only                    0.7770     0.8467    117
[16:52:45.651]   input_window_only                       0.7051     0.7088     10
[16:52:45.673]   input_poly2                             0.6974     0.7266     65
[16:52:45.905]   ladder_top20_poly_interact              0.6825     0.7327    465
[16:52:45.905] 
  Running software ESN baseline...
[16:52:45.973]   software_esn                            0.1627     0.1972     64
[16:52:46.027]   ladder_esn                              0.7902     0.8997     64
[16:52:46.102]   ladder_plus_esn_concat                  0.4830     0.5758    191
[16:52:46.102] 
  Running enrollment-based denoising approaches...
[16:52:46.175]   ladder_census_norm                      0.6729     0.7262    127
[16:52:46.206]   ladder_im_only                          0.6813     0.7202    104
[16:52:46.243]   ladder_log_census                       0.6730     0.7263    127
[16:52:46.265]   ladder_pair_agg                         0.6912     0.7137     64
[16:52:46.292]   ladder_denoised                         0.6916     0.7145     63
[16:52:46.292]   Computing template residuals from enrollment...
[16:52:46.358]   ladder_template_resid                   0.6778     0.7204    127
[16:52:46.379]   ladder_resid_agg                        0.6931     0.7155     63
[16:52:46.409]   ladder_resid_esn                        0.1380     0.1709     64
[16:52:46.409] 
  Running closed-loop (output feedback on 11th carrier)...
[16:52:46.410]   Closed-loop: 136 readout freqs (was 117 without feedback carrier)
[16:52:46.410]   Pass 1: Open-loop capture (teacher forcing)...
[16:53:07.071]     50/3000 (20.7s)
[16:53:27.779]     100/3000 (41.4s)
[16:53:48.359]     150/3000 (61.9s)
[16:54:09.131]     200/3000 (82.7s)
[16:54:29.870]     250/3000 (103.5s)
[16:54:50.573]     300/3000 (124.2s)
[16:55:11.320]     350/3000 (144.9s)
[16:55:32.104]     400/3000 (165.7s)
[16:55:52.872]     450/3000 (186.5s)
[16:56:13.515]     500/3000 (207.1s)
[16:56:34.259]     550/3000 (227.8s)
[16:56:54.970]     600/3000 (248.6s)
[16:57:15.657]     650/3000 (269.2s)
[16:57:36.139]     700/3000 (289.7s)
[16:57:56.574]     750/3000 (310.2s)
[16:58:16.730]     800/3000 (330.3s)
[16:58:37.136]     850/3000 (350.7s)
[16:58:57.431]     900/3000 (371.0s)
[16:59:17.727]     950/3000 (391.3s)
[16:59:38.249]     1000/3000 (411.8s)
[16:59:58.657]     1050/3000 (432.2s)
[17:00:19.130]     1100/3000 (452.7s)
[17:00:39.559]     1150/3000 (473.1s)
[17:00:59.955]     1200/3000 (493.5s)
[17:01:20.196]     1250/3000 (513.8s)
[17:01:40.598]     1300/3000 (534.2s)
[17:02:01.093]     1350/3000 (554.7s)
[17:02:21.440]     1400/3000 (575.0s)
[17:02:41.857]     1450/3000 (595.4s)
[17:03:02.668]     1500/3000 (616.3s)
[17:03:23.538]     1550/3000 (637.1s)
[17:03:44.054]     1600/3000 (657.6s)
[17:04:04.909]     1650/3000 (678.5s)
[17:04:25.392]     1700/3000 (699.0s)
[17:04:46.183]     1750/3000 (719.8s)
[17:05:07.007]     1800/3000 (740.6s)
[17:05:27.727]     1850/3000 (761.3s)
[17:05:48.495]     1900/3000 (782.1s)
[17:06:09.172]     1950/3000 (802.8s)
[17:06:29.974]     2000/3000 (823.6s)
[17:06:50.595]     2050/3000 (844.2s)
[17:07:11.335]     2100/3000 (864.9s)
[17:07:32.108]     2150/3000 (885.7s)
[17:07:52.929]     2200/3000 (906.5s)
[17:08:13.801]     2250/3000 (927.4s)
[17:08:34.568]     2300/3000 (948.2s)
[17:08:55.067]     2350/3000 (968.7s)
[17:09:15.713]     2400/3000 (989.3s)
[17:09:36.395]     2450/3000 (1010.0s)
[17:09:56.866]     2500/3000 (1030.5s)
[17:10:17.657]     2550/3000 (1051.2s)
[17:10:38.078]     2600/3000 (1071.7s)
[17:10:58.854]     2650/3000 (1092.4s)
[17:11:19.470]     2700/3000 (1113.1s)
[17:11:40.087]     2750/3000 (1133.7s)
[17:12:00.896]     2800/3000 (1154.5s)
[17:12:21.714]     2850/3000 (1175.3s)
[17:12:42.383]     2900/3000 (1196.0s)
[17:13:03.044]     2950/3000 (1216.6s)
[17:13:23.813]     3000/3000 (1237.4s)
[17:13:23.856]   Pass 1 ridge α=0.001
[17:13:23.857]   Pass 2: Closed-loop capture (predicted feedback)...
[17:13:28.012]     2020/3000 (4.2s)
[17:13:36.346]     2040/3000 (12.5s)
[17:13:44.681]     2060/3000 (20.8s)
[17:13:53.034]     2080/3000 (29.2s)
[17:14:01.357]     2100/3000 (37.5s)
[17:14:09.692]     2120/3000 (45.8s)
[17:14:18.045]     2140/3000 (54.2s)
[17:14:26.371]     2160/3000 (62.5s)
[17:14:34.715]     2180/3000 (70.9s)
[17:14:43.064]     2200/3000 (79.2s)
[17:14:51.422]     2220/3000 (87.6s)
[17:14:59.695]     2240/3000 (95.8s)
[17:15:08.027]     2260/3000 (104.2s)
[17:15:16.264]     2280/3000 (112.4s)
[17:15:24.562]     2300/3000 (120.7s)
[17:15:32.881]     2320/3000 (129.0s)
[17:15:41.115]     2340/3000 (137.3s)
[17:15:49.366]     2360/3000 (145.5s)
[17:15:57.660]     2380/3000 (153.8s)
[17:16:06.042]     2400/3000 (162.2s)
[17:16:14.348]     2420/3000 (170.5s)
[17:16:22.689]     2440/3000 (178.8s)
[17:16:31.057]     2460/3000 (187.2s)
[17:16:39.422]     2480/3000 (195.6s)
[17:16:47.669]     2500/3000 (203.8s)
[17:16:55.975]     2520/3000 (212.1s)
[17:17:04.361]     2540/3000 (220.5s)
[17:17:12.721]     2560/3000 (228.9s)
[17:17:21.040]     2580/3000 (237.2s)
[17:17:29.349]     2600/3000 (245.5s)
[17:17:37.639]     2620/3000 (253.8s)
[17:17:45.947]     2640/3000 (262.1s)
[17:17:54.132]     2660/3000 (270.3s)
[17:18:02.464]     2680/3000 (278.6s)
[17:18:10.631]     2700/3000 (286.8s)
[17:18:18.974]     2720/3000 (295.1s)
[17:18:27.329]     2740/3000 (303.5s)
[17:18:35.592]     2760/3000 (311.7s)
[17:18:43.919]     2780/3000 (320.1s)
[17:18:52.290]     2800/3000 (328.4s)
[17:19:00.648]     2820/3000 (336.8s)
[17:19:08.820]     2840/3000 (345.0s)
[17:19:17.110]     2860/3000 (353.3s)
[17:19:25.419]     2880/3000 (361.6s)
[17:19:33.762]     2900/3000 (369.9s)
[17:19:41.957]     2920/3000 (378.1s)
[17:19:50.234]     2940/3000 (386.4s)
[17:19:58.588]     2960/3000 (394.7s)
[17:20:06.933]     2980/3000 (403.1s)
[17:20:15.312]     3000/3000 (411.5s)
[17:20:15.318]   ladder_feedback_openloop                0.0000     0.0000    147
[17:20:15.318]   ladder_feedback_closedloop              0.0000     1.8520    147
[17:20:15.318] 
  ★ BEST: ladder_feedback_openloop — NMSE 0.0000
[17:20:15.318]   Quality: EXCELLENT
[17:20:15.318]   ▲ BEATS previous best (0.666) by 100.0%
[17:20:15.323] 
  Saved: narma10_ladder_20260418_163211.json
