[22:47:41.493] Relay mux connected on /dev/cu.usbserial-11310
[22:47:41.497] ======================================================================
[22:47:41.497]   HARDWARE ASSOCIATIVE RECALL — 4×4 Discrimination Matrix
[22:47:41.498] ======================================================================
[22:47:41.498]   Rods: ['1', '2', '3', '4']  Patterns: ['A', 'B', 'C', 'E']
[22:47:41.498]   Strategy: template
[22:47:41.498]   Peaks per query: [10, 10, 10, 10]
[22:47:41.498]   Captures per point: 12
[22:47:41.498]   Relay mux: /dev/cu.usbserial-11310
[22:47:41.498]   Rod 1: 2 unique + 6 semi + 2 shared = 10 peaks, total_weight=21.0
[22:47:41.498]   Rod 2: 4 unique + 2 semi + 4 shared = 10 peaks, total_weight=22.0
[22:47:41.498]   Rod 3: 2 unique + 6 semi + 2 shared = 10 peaks, total_weight=21.0
[22:47:41.498]   Rod 4: 1 unique + 5 semi + 4 shared = 10 peaks, total_weight=16.0
[22:47:41.498] 
[22:47:42.665] PicoScope opened (Ch A ±1V DC)
[22:47:42.665] Phase 0: Per-relay feedthrough baselines
[22:47:42.775]   Baseline for relay 1...
[22:47:43.189]     BL R1 500 Hz → 43896
[22:47:43.514]     BL R1 613 Hz → 55445
[22:47:43.871]     BL R1 789 Hz → 87216
[22:47:44.181]     BL R1 970 Hz → 170805
[22:47:44.521]     BL R1 1060 Hz → 214419
[22:47:44.861]     BL R1 1165 Hz → 297244
[22:47:45.243]     BL R1 1370 Hz → 562584
[22:47:45.554]     BL R1 1770 Hz → 4612853
[22:47:45.850]     BL R1 2208 Hz → 10704671
[22:47:46.153]     BL R1 2442 Hz → 5266866
[22:47:46.514]     BL R1 2739 Hz → 1182925
[22:47:46.878]     BL R1 3057 Hz → 546052
[22:47:47.226]     BL R1 4194 Hz → 86116
[22:47:47.580]     BL R1 8095 Hz → 111029
[22:47:47.944]     BL R1 11653 Hz → 60997
[22:47:48.260]     BL R1 15910 Hz → 3649344
[22:47:48.363]   Baseline for relay 2...
[22:47:48.738]     BL R2 500 Hz → 40002
[22:47:49.064]     BL R2 613 Hz → 53802
[22:47:49.412]     BL R2 789 Hz → 82166
[22:47:49.761]     BL R2 970 Hz → 144314
[22:47:50.106]     BL R2 1060 Hz → 211316
[22:47:50.485]     BL R2 1165 Hz → 350987
[22:47:50.855]     BL R2 1370 Hz → 662368
[22:47:51.176]     BL R2 1770 Hz → 1585575
[22:47:51.487]     BL R2 2208 Hz → 20904670
[22:47:51.804]     BL R2 2442 Hz → 3010517
[22:47:52.159]     BL R2 2739 Hz → 952676
[22:47:52.497]     BL R2 3057 Hz → 486204
[22:47:52.811]     BL R2 4194 Hz → 89116
[22:47:53.160]     BL R2 8095 Hz → 81347
[22:47:53.498]     BL R2 11653 Hz → 62140
[22:47:53.802]     BL R2 15910 Hz → 3682102
[22:47:53.910]   Baseline for relay 3...
[22:47:54.225]     BL R3 500 Hz → 47940
[22:47:54.541]     BL R3 613 Hz → 47675
[22:47:54.874]     BL R3 789 Hz → 102456
[22:47:55.190]     BL R3 970 Hz → 197862
[22:47:55.556]     BL R3 1060 Hz → 267727
[22:47:55.876]     BL R3 1165 Hz → 461029
[22:47:56.210]     BL R3 1370 Hz → 861101
[22:47:56.530]     BL R3 1770 Hz → 3487640
[22:47:56.829]     BL R3 2208 Hz → 14809569
[22:47:57.148]     BL R3 2442 Hz → 2467889
[22:47:57.473]     BL R3 2739 Hz → 1043953
[22:47:57.804]     BL R3 3057 Hz → 506347
[22:47:58.128]     BL R3 4194 Hz → 98980
[22:47:58.456]     BL R3 8095 Hz → 71280
[22:47:58.783]     BL R3 11653 Hz → 63648
[22:47:59.106]     BL R3 15910 Hz → 2922472
[22:47:59.212]   Baseline for relay 4...
[22:47:59.561]     BL R4 500 Hz → 58700
[22:47:59.891]     BL R4 613 Hz → 61454
[22:48:00.256]     BL R4 789 Hz → 92874
[22:48:00.596]     BL R4 970 Hz → 181968
[22:48:00.924]     BL R4 1060 Hz → 246455
[22:48:01.249]     BL R4 1165 Hz → 400892
[22:48:01.594]     BL R4 1370 Hz → 855924
[22:48:01.925]     BL R4 1770 Hz → 3261278
[22:48:02.216]     BL R4 2208 Hz → 12870770
[22:48:02.560]     BL R4 2442 Hz → 2274876
[22:48:02.888]     BL R4 2739 Hz → 829420
[22:48:03.222]     BL R4 3057 Hz → 415603
[22:48:03.611]     BL R4 4194 Hz → 78802
[22:48:03.975]     BL R4 8095 Hz → 73221
[22:48:04.337]     BL R4 11653 Hz → 61105
[22:48:04.639]     BL R4 15910 Hz → 4135230
[22:48:04.694]   Baselines: 4 relays × 16 points = 64 total

[22:48:04.695] ═══ Query 1/4: Rod 1 (Pattern A, 10 peaks) ═══
[22:48:04.802]   ─── Sense Rod 1 (Pattern A) ───
[22:48:05.299]     f 1=  516.8 Hz  mag=  49022  BL= 45612  r= 1.07  w=4.0  wr=  4.30    [UNIQUE]
[22:48:05.762]     f 2=  891.3 Hz  mag= 107069  BL=134668  r= 0.80  w=2.0  wr=  1.59    [semi  ]
[22:48:06.243]     f 3= 1127.2 Hz  mag= 266131  BL=267233  r= 1.00  w=2.0  wr=  1.99    [semi  ]
[22:48:06.690]     f 4= 1825.5 Hz  mag=2705152  BL=5385996  r= 0.50  w=2.0  wr=  1.00    [semi  ]
[22:48:07.099]     f 5= 2104.9 Hz  mag=21490847  BL=9265284  r= 2.32  w=0.5  wr=  1.16**  [shared]
[22:48:07.507]     f 6= 2299.2 Hz  mag=25418930  BL=8589919  r= 2.96  w=4.0  wr= 11.84**  [UNIQUE]
[22:48:08.001]     f 7= 2644.6 Hz  mag=1548298  BL=2481920  r= 0.62  w=2.0  wr=  1.25    [semi  ]
[22:48:08.527]     f 8= 5197.8 Hz  mag=  22365  BL= 92528  r= 0.24  w=0.5  wr=  0.12    [shared]
[22:48:09.007]     f 9= 5460.7 Hz  mag=  14285  BL= 94207  r= 0.15  w=2.0  wr=  0.30    [semi  ]
[22:48:09.484]     f10= 6022.8 Hz  mag= 246702  BL= 97797  r= 2.52  w=2.0  wr=  5.05**  [semi  ]
[22:48:09.484]     → energy=51868801  mean_ratio=1.22  weighted=28.6  strong=3/10
[22:48:09.590]   ─── Sense Rod 2 (Pattern B) ───
[22:48:10.071]     f 1=  516.8 Hz  mag=  40430  BL= 42053  r= 0.96  w=4.0  wr=  3.85    [UNIQUE]
[22:48:10.509]     f 2=  891.3 Hz  mag=  99300  BL=117447  r= 0.85  w=2.0  wr=  1.69    [semi  ]
[22:48:10.972]     f 3= 1127.2 Hz  mag= 294380  BL=300378  r= 0.98  w=2.0  wr=  1.96    [semi  ]
[22:48:11.401]     f 4= 1825.5 Hz  mag=4220784  BL=4037459  r= 1.05  w=2.0  wr=  2.09    [semi  ]
[22:48:11.798]     f 5= 2104.9 Hz  mag=46408948  BL=16339916  r= 2.84  w=0.5  wr=  1.42**  [shared]
[22:48:12.216]     f 6= 2299.2 Hz  mag=5594406  BL=13945667  r= 0.40  w=4.0  wr=  1.60    [UNIQUE]
[22:48:12.677]     f 7= 2644.6 Hz  mag=1327666  BL=1607222  r= 0.83  w=2.0  wr=  1.65    [semi  ]
[22:48:13.124]     f 8= 5197.8 Hz  mag=  47624  BL= 87117  r= 0.55  w=0.5  wr=  0.27    [shared]
[22:48:13.581]     f 9= 5460.7 Hz  mag=  28692  BL= 86593  r= 0.33  w=2.0  wr=  0.66    [semi  ]
[22:48:14.036]     f10= 6022.8 Hz  mag= 640546  BL= 85473  r= 7.49  w=2.0  wr= 14.99**  [semi  ]
[22:48:14.037]     → energy=58702778  mean_ratio=1.63  weighted=30.2  strong=2/10
[22:48:14.145]   ─── Sense Rod 3 (Pattern C) ───
[22:48:14.614]     f 1=  516.8 Hz  mag=  50977  BL= 47900  r= 1.06  w=4.0  wr=  4.26    [UNIQUE]
[22:48:15.088]     f 2=  891.3 Hz  mag= 170906  BL=156617  r= 1.09  w=2.0  wr=  2.18    [semi  ]
[22:48:15.574]     f 3= 1127.2 Hz  mag= 374529  BL=390987  r= 0.96  w=2.0  wr=  1.92    [semi  ]
[22:48:15.965]     f 4= 1825.5 Hz  mag=9293932  BL=4924563  r= 1.89  w=2.0  wr=  3.77    [semi  ]
[22:48:16.358]     f 5= 2104.9 Hz  mag=27313937  BL=12134401  r= 2.25  w=0.5  wr=  1.13**  [shared]
[22:48:16.781]     f 6= 2299.2 Hz  mag=4485560  BL=10009912  r= 0.45  w=4.0  wr=  1.79    [UNIQUE]
[22:48:17.255]     f 7= 2644.6 Hz  mag=1145370  BL=1496870  r= 0.77  w=2.0  wr=  1.53    [semi  ]
[22:48:17.770]     f 8= 5197.8 Hz  mag=  36154  BL= 91851  r= 0.39  w=0.5  wr=  0.20    [shared]
[22:48:18.221]     f 9= 5460.7 Hz  mag=  64964  BL= 89984  r= 0.72  w=2.0  wr=  1.44    [semi  ]
[22:48:18.689]     f10= 6022.8 Hz  mag= 337517  BL= 85992  r= 3.92  w=2.0  wr=  7.85**  [semi  ]
[22:48:18.689]     → energy=43273846  mean_ratio=1.35  weighted=26.1  strong=2/10
[22:48:18.799]   ─── Sense Rod 4 (Pattern E) ───
[22:48:19.237]     f 1=  516.8 Hz  mag=  50200  BL= 59110  r= 0.85  w=4.0  wr=  3.40    [UNIQUE]
[22:48:19.715]     f 2=  891.3 Hz  mag= 144173  BL=143451  r= 1.01  w=2.0  wr=  2.01    [semi  ]
[22:48:20.191]     f 3= 1127.2 Hz  mag= 327536  BL=344932  r= 0.95  w=2.0  wr=  1.90    [semi  ]
[22:48:20.607]     f 4= 1825.5 Hz  mag=7918942  BL=4480867  r= 1.77  w=2.0  wr=  3.53    [semi  ]
[22:48:21.013]     f 5= 2104.9 Hz  mag=28963338  BL=10600220  r= 2.73  w=0.5  wr=  1.37**  [shared]
[22:48:21.445]     f 6= 2299.2 Hz  mag=4180650  BL=8750046  r= 0.48  w=4.0  wr=  1.91    [UNIQUE]
[22:48:21.923]     f 7= 2644.6 Hz  mag= 966782  BL=1289182  r= 0.75  w=2.0  wr=  1.50    [semi  ]
[22:48:22.409]     f 8= 5197.8 Hz  mag=  41840  BL= 77365  r= 0.54  w=0.5  wr=  0.27    [shared]
[22:48:22.906]     f 9= 5460.7 Hz  mag=  24514  BL= 76989  r= 0.32  w=2.0  wr=  0.64    [semi  ]
[22:48:23.389]     f10= 6022.8 Hz  mag=1022556  BL= 76185  r=13.42  w=2.0  wr= 26.84**  [semi  ]
[22:48:23.389]     → energy=43640532  mean_ratio=2.28  weighted=43.4  strong=2/10
[22:48:23.389] 
  Template scoring for Query 1:
[22:48:23.389]     Sense Rod 1: template_score=6.83  ◄ (diagonal)
[22:48:23.389]     Sense Rod 2: template_score=-0.92
[22:48:23.389]     Sense Rod 3: template_score=0.55
[22:48:23.390]     Sense Rod 4: template_score=4.22
[22:48:23.390]   Template: R1=+6.8◄  R2=-0.9   R3=+0.6   R4=+4.2   → R1 ✓
[22:48:23.390] 
[22:48:23.390] ═══ Query 2/4: Rod 2 (Pattern B, 10 peaks) ═══
[22:48:23.500]   ─── Sense Rod 1 (Pattern A) ───
[22:48:24.000]     f 1=  709.4 Hz  mag=  63915  BL= 72879  r= 0.88  w=4.0  wr=  3.51    [UNIQUE]
[22:48:24.473]     f 2= 1026.0 Hz  mag= 199324  BL=197919  r= 1.01  w=4.0  wr=  4.03    [UNIQUE]
[22:48:24.965]     f 3= 1203.2 Hz  mag= 335920  BL=346497  r= 0.97  w=4.0  wr=  3.88    [UNIQUE]
[22:48:25.443]     f 4= 1616.9 Hz  mag=1280148  BL=3063948  r= 0.42  w=0.5  wr=  0.21    [shared]
[22:48:25.841]     f 5= 2117.8 Hz  mag=16407669  BL=9444465  r= 1.74  w=0.5  wr=  0.87    [shared]
[22:48:26.335]     f 6= 2924.3 Hz  mag= 682313  BL=812028  r= 0.84  w=2.0  wr=  1.68    [semi  ]
[22:48:26.793]     f 7= 5689.9 Hz  mag=  12157  BL= 95671  r= 0.13  w=0.5  wr=  0.06    [shared]
[22:48:27.267]     f 8= 6303.4 Hz  mag= 417427  BL= 99589  r= 4.19  w=0.5  wr=  2.10**  [shared]
[22:48:27.751]     f 9= 6506.6 Hz  mag=1164956  BL=100887  r=11.55  w=2.0  wr= 23.09**  [semi  ]
[22:48:28.209]     f10= 6792.7 Hz  mag=  78252  BL=102714  r= 0.76  w=4.0  wr=  3.05    [UNIQUE]
[22:48:28.209]     → energy=20642081  mean_ratio=2.25  weighted=42.5  strong=2/10
[22:48:28.319]   ─── Sense Rod 2 (Pattern B) ───
[22:48:28.783]     f 1=  709.4 Hz  mag=  63718  BL= 69367  r= 0.92  w=4.0  wr=  3.67    [UNIQUE]
[22:48:29.274]     f 2= 1026.0 Hz  mag= 170758  BL=185968  r= 0.92  w=4.0  wr=  3.67    [UNIQUE]
[22:48:29.779]     f 3= 1203.2 Hz  mag= 388963  BL=408786  r= 0.95  w=4.0  wr=  3.81    [UNIQUE]
[22:48:30.209]     f 4= 1616.9 Hz  mag=2184763  BL=1232522  r= 1.77  w=0.5  wr=  0.89    [shared]
[22:48:30.617]     f 5= 2117.8 Hz  mag=52891481  BL=16908155  r= 3.13  w=0.5  wr=  1.56**  [shared]
[22:48:31.087]     f 6= 2924.3 Hz  mag= 644032  BL=681016  r= 0.95  w=2.0  wr=  1.89    [semi  ]
[22:48:31.579]     f 7= 5689.9 Hz  mag=  27994  BL= 86136  r= 0.32  w=0.5  wr=  0.16    [shared]
[22:48:32.053]     f 8= 6303.4 Hz  mag= 350340  BL= 84914  r= 4.13  w=0.5  wr=  2.06**  [shared]
[22:48:32.507]     f 9= 6506.6 Hz  mag= 595598  BL= 84510  r= 7.05  w=2.0  wr= 14.10**  [semi  ]
[22:48:32.991]     f10= 6792.7 Hz  mag= 469489  BL= 83940  r= 5.59  w=4.0  wr= 22.37**  [UNIQUE]
[22:48:32.991]     → energy=57787134  mean_ratio=2.57  weighted=54.2  strong=4/10
[22:48:33.098]   ─── Sense Rod 3 (Pattern C) ───
[22:48:33.581]     f 1=  709.4 Hz  mag= 100956  BL= 77735  r= 1.30  w=4.0  wr=  5.19    [UNIQUE]
[22:48:34.041]     f 2= 1026.0 Hz  mag= 235255  BL=241295  r= 0.97  w=4.0  wr=  3.90    [UNIQUE]
[22:48:34.569]     f 3= 1203.2 Hz  mag= 558820  BL=535291  r= 1.04  w=4.0  wr=  4.18    [UNIQUE]
[22:48:35.039]     f 4= 1616.9 Hz  mag=1427257  BL=2483199  r= 0.57  w=0.5  wr=  0.29    [shared]
[22:48:35.449]     f 5= 2117.8 Hz  mag=29631902  BL=12467417  r= 2.38  w=0.5  wr=  1.19**  [shared]
[22:48:35.923]     f 6= 2924.3 Hz  mag= 671486  BL=730866  r= 0.92  w=2.0  wr=  1.84    [semi  ]
[22:48:36.411]     f 7= 5689.9 Hz  mag= 200440  BL= 88356  r= 2.27  w=0.5  wr=  1.13**  [shared]
[22:48:36.955]     f 8= 6303.4 Hz  mag= 176350  BL= 83999  r= 2.10  w=0.5  wr=  1.05**  [shared]
[22:48:37.387]     f 9= 6506.6 Hz  mag= 105048  BL= 82557  r= 1.27  w=2.0  wr=  2.54    [semi  ]
[22:48:37.851]     f10= 6792.7 Hz  mag= 232237  BL= 80525  r= 2.88  w=4.0  wr= 11.54**  [UNIQUE]
[22:48:37.851]     → energy=33339751  mean_ratio=1.57  weighted=32.8  strong=4/10
[22:48:37.957]   ─── Sense Rod 4 (Pattern E) ───
[22:48:38.437]     f 1=  709.4 Hz  mag=  64733  BL= 78695  r= 0.82  w=4.0  wr=  3.29    [UNIQUE]
[22:48:38.967]     f 2= 1026.0 Hz  mag= 226011  BL=222058  r= 1.02  w=4.0  wr=  4.07    [UNIQUE]
[22:48:39.471]     f 3= 1203.2 Hz  mag= 459362  BL=485355  r= 0.95  w=4.0  wr=  3.79    [UNIQUE]
[22:48:39.937]     f 4= 1616.9 Hz  mag=3243101  BL=2341422  r= 1.39  w=0.5  wr=  0.69    [shared]
[22:48:40.326]     f 5= 2117.8 Hz  mag=31929974  BL=10882867  r= 2.93  w=0.5  wr=  1.47**  [shared]
[22:48:40.778]     f 6= 2924.3 Hz  mag= 546078  BL=588425  r= 0.93  w=2.0  wr=  1.86    [semi  ]
[22:48:41.290]     f 7= 5689.9 Hz  mag=  15617  BL= 76661  r= 0.20  w=0.5  wr=  0.10    [shared]
[22:48:41.724]     f 8= 6303.4 Hz  mag= 873609  BL= 75783  r=11.53  w=0.5  wr=  5.76**  [shared]
[22:48:42.206]     f 9= 6506.6 Hz  mag= 910685  BL= 75493  r=12.06  w=2.0  wr= 24.13**  [semi  ]
[22:48:42.717]     f10= 6792.7 Hz  mag= 278874  BL= 75083  r= 3.71  w=4.0  wr= 14.86**  [UNIQUE]
[22:48:42.717]     → energy=38548043  mean_ratio=3.55  weighted=60.0  strong=4/10
[22:48:42.718] 
  Template scoring for Query 2:
[22:48:42.718]     Sense Rod 1: template_score=1.42
[22:48:42.718]     Sense Rod 2: template_score=7.59  ◄ (diagonal)
[22:48:42.718]     Sense Rod 3: template_score=0.77
[22:48:42.718]     Sense Rod 4: template_score=4.11
[22:48:42.718]   Template: R1=+1.4   R2=+7.6◄  R3=+0.8   R4=+4.1   → R2 ✓
[22:48:42.718] 
[22:48:42.718] ═══ Query 3/4: Rod 3 (Pattern C, 10 peaks) ═══
[22:48:42.824]   ─── Sense Rod 1 (Pattern A) ───
[22:48:43.322]     f 1=  913.1 Hz  mag= 130352  BL=144750  r= 0.90  w=2.0  wr=  1.80    [semi  ]
[22:48:43.796]     f 2= 1536.4 Hz  mag= 837044  BL=2248810  r= 0.37  w=2.0  wr=  0.74    [semi  ]
[22:48:44.239]     f 3= 1714.2 Hz  mag=2533396  BL=4049081  r= 0.63  w=2.0  wr=  1.25    [semi  ]
[22:48:44.643]     f 4= 2001.1 Hz  mag=26927995  BL=7825066  r= 3.44  w=2.0  wr=  6.88**  [semi  ]
[22:48:45.122]     f 5= 2833.8 Hz  mag= 858562  BL=993468  r= 0.86  w=2.0  wr=  1.73    [semi  ]
[22:48:45.571]     f 6= 5575.5 Hz  mag=  12693  BL= 94940  r= 0.13  w=2.0  wr=  0.27    [semi  ]
[22:48:46.021]     f 7= 5765.3 Hz  mag=  12056  BL= 96152  r= 0.13  w=0.5  wr=  0.06    [shared]
[22:48:46.526]     f 8= 6218.2 Hz  mag= 391389  BL= 99045  r= 3.95  w=0.5  wr=  1.98**  [shared]
[22:48:47.060]     f 9= 9396.4 Hz  mag=  70019  BL= 92727  r= 0.76  w=4.0  wr=  3.02    [UNIQUE]
[22:48:47.532]     f10=13910.5 Hz  mag= 123352  BL=1963526  r= 0.06  w=4.0  wr=  0.25    [UNIQUE]
[22:48:47.532]     → energy=31896858  mean_ratio=1.12  weighted=18.0  strong=2/10
[22:48:47.638]   ─── Sense Rod 2 (Pattern B) ───
[22:48:48.165]     f 1=  913.1 Hz  mag= 116223  BL=124942  r= 0.93  w=2.0  wr=  1.86    [semi  ]
[22:48:48.663]     f 2= 1536.4 Hz  mag=1557372  BL=1046722  r= 1.49  w=2.0  wr=  2.98    [semi  ]
[22:48:49.117]     f 3= 1714.2 Hz  mag=2468781  BL=1457071  r= 1.69  w=2.0  wr=  3.39    [semi  ]
[22:48:49.543]     f 4= 2001.1 Hz  mag=39949650  BL=11772525  r= 3.39  w=2.0  wr=  6.79**  [semi  ]
[22:48:50.007]     f 5= 2833.8 Hz  mag= 713235  BL=813910  r= 0.88  w=2.0  wr=  1.75    [semi  ]
[22:48:50.521]     f 6= 5575.5 Hz  mag=  27615  BL= 86364  r= 0.32  w=2.0  wr=  0.64    [semi  ]
[22:48:50.998]     f 7= 5765.3 Hz  mag=  24075  BL= 85986  r= 0.28  w=0.5  wr=  0.14    [shared]
[22:48:51.491]     f 8= 6218.2 Hz  mag= 748944  BL= 85084  r= 8.80  w=0.5  wr=  4.40**  [shared]
[22:48:51.996]     f 9= 9396.4 Hz  mag=  56072  BL= 74321  r= 0.75  w=4.0  wr=  3.02    [UNIQUE]
[22:48:52.535]     f10=13910.5 Hz  mag= 123659  BL=1981431  r= 0.06  w=4.0  wr=  0.25    [UNIQUE]
[22:48:52.535]     → energy=45785626  mean_ratio=1.86  weighted=25.2  strong=2/10
[22:48:52.642]   ─── Sense Rod 3 (Pattern C) ───
[22:48:53.105]     f 1=  913.1 Hz  mag= 185072  BL=168123  r= 1.10  w=2.0  wr=  2.20    [semi  ]
[22:48:53.559]     f 2= 1536.4 Hz  mag=3217174  BL=1954594  r= 1.65  w=2.0  wr=  3.29    [semi  ]
[22:48:54.013]     f 3= 1714.2 Hz  mag=2649295  BL=3122043  r= 0.85  w=2.0  wr=  1.70    [semi  ]
[22:48:54.421]     f 4= 2001.1 Hz  mag=17255511  BL=9457688  r= 1.82  w=2.0  wr=  3.65    [semi  ]
[22:48:54.882]     f 5= 2833.8 Hz  mag= 832939  BL=884026  r= 0.94  w=2.0  wr=  1.88    [semi  ]
[22:48:55.361]     f 6= 5575.5 Hz  mag=  97220  BL= 89169  r= 1.09  w=2.0  wr=  2.18    [semi  ]
[22:48:55.817]     f 7= 5765.3 Hz  mag= 218762  BL= 87820  r= 2.49  w=0.5  wr=  1.25**  [shared]
[22:48:56.320]     f 8= 6218.2 Hz  mag= 193717  BL= 84604  r= 2.29  w=0.5  wr=  1.14**  [shared]
[22:48:56.817]     f 9= 9396.4 Hz  mag=  53418  BL= 68488  r= 0.78  w=4.0  wr=  3.12    [UNIQUE]
[22:48:57.285]     f10=13910.5 Hz  mag= 177577  BL=1579386  r= 0.11  w=4.0  wr=  0.45    [UNIQUE]
[22:48:57.285]     → energy=24880685  mean_ratio=1.31  weighted=20.9  strong=2/10
[22:48:57.393]   ─── Sense Rod 4 (Pattern E) ───
[22:48:57.883]     f 1=  913.1 Hz  mag= 149820  BL=154197  r= 0.97  w=2.0  wr=  1.94    [semi  ]
[22:48:58.371]     f 2= 1536.4 Hz  mag=1194872  BL=1857332  r= 0.64  w=2.0  wr=  1.29    [semi  ]
[22:48:58.833]     f 3= 1714.2 Hz  mag=1519990  BL=2926468  r= 0.52  w=2.0  wr=  1.04    [semi  ]
[22:48:59.235]     f 4= 2001.1 Hz  mag=15093493  BL=8328359  r= 1.81  w=2.0  wr=  3.62    [semi  ]
[22:48:59.717]     f 5= 2833.8 Hz  mag= 651216  BL=706318  r= 0.92  w=2.0  wr=  1.84    [semi  ]
[22:49:00.194]     f 6= 5575.5 Hz  mag=  23965  BL= 76825  r= 0.31  w=2.0  wr=  0.62    [semi  ]
[22:49:00.654]     f 7= 5765.3 Hz  mag=  12225  BL= 76553  r= 0.16  w=0.5  wr=  0.08    [shared]
[22:49:01.157]     f 8= 6218.2 Hz  mag=1362667  BL= 75905  r=17.95  w=0.5  wr=  8.98**  [shared]
[22:49:01.693]     f 9= 9396.4 Hz  mag=  64107  BL= 68789  r= 0.93  w=4.0  wr=  3.73    [UNIQUE]
[22:49:02.190]     f10=13910.5 Hz  mag= 123972  BL=2221191  r= 0.06  w=4.0  wr=  0.22    [UNIQUE]
[22:49:02.190]     → energy=20196327  mean_ratio=2.43  weighted=23.4  strong=1/10
[22:49:02.190] 
  Template scoring for Query 3:
[22:49:02.190]     Sense Rod 1: template_score=-0.75
[22:49:02.190]     Sense Rod 2: template_score=0.73
[22:49:02.190]     Sense Rod 3: template_score=10.69  ◄ (diagonal)
[22:49:02.191]     Sense Rod 4: template_score=0.05
[22:49:02.191]   Template: R1=-0.8   R2=+0.7   R3=+10.7◄  R4=+0.1   → R3 ✓
[22:49:02.191] 
[22:49:02.191] ═══ Query 4/4: Rod 4 (Pattern E, 10 peaks) ═══
[22:49:02.301]   ─── Sense Rod 1 (Pattern A) ───
[22:49:02.776]     f 1=  867.7 Hz  mag= 107610  BL=123747  r= 0.87  w=2.0  wr=  1.74    [semi  ]
[22:49:03.298]     f 2= 1094.7 Hz  mag= 248530  BL=241525  r= 1.03  w=2.0  wr=  2.06    [semi  ]
[22:49:03.765]     f 3= 1631.9 Hz  mag=1302126  BL=3216422  r= 0.40  w=0.5  wr=  0.20    [shared]
[22:49:04.243]     f 4= 1895.7 Hz  mag=2368738  BL=6360141  r= 0.37  w=2.0  wr=  0.74    [semi  ]
[22:49:04.644]     f 5= 2088.0 Hz  mag=25588171  BL=9031552  r= 2.83  w=0.5  wr=  1.42**  [shared]
[22:49:05.111]     f 6= 2584.4 Hz  mag=2059090  BL=3308255  r= 0.62  w=2.0  wr=  1.24    [semi  ]
[22:49:05.597]     f 7= 3189.9 Hz  mag= 365965  BL=492311  r= 0.74  w=4.0  wr=  2.97    [UNIQUE]
[22:49:06.063]     f 8= 5258.1 Hz  mag=  15551  BL= 92913  r= 0.17  w=0.5  wr=  0.08    [shared]
[22:49:06.557]     f 9= 5892.7 Hz  mag=  50423  BL= 96966  r= 0.52  w=2.0  wr=  1.04    [semi  ]
[22:49:07.072]     f10= 6319.8 Hz  mag= 439398  BL= 99694  r= 4.41  w=0.5  wr=  2.20**  [shared]
[22:49:07.072]     → energy=32545601  mean_ratio=1.20  weighted=13.7  strong=2/10
[22:49:07.183]   ─── Sense Rod 2 (Pattern B) ───
[22:49:07.663]     f 1=  867.7 Hz  mag=  93048  BL=109327  r= 0.85  w=2.0  wr=  1.70    [semi  ]
[22:49:08.131]     f 2= 1094.7 Hz  mag= 255662  BL=257025  r= 0.99  w=2.0  wr=  1.99    [semi  ]
[22:49:08.595]     f 3= 1631.9 Hz  mag=2009541  BL=1267277  r= 1.59  w=0.5  wr=  0.79    [shared]
[22:49:09.042]     f 4= 1895.7 Hz  mag=3626417  BL=7126783  r= 0.51  w=2.0  wr=  1.02    [semi  ]
[22:49:09.454]     f 5= 2088.0 Hz  mag=40876149  BL=15598677  r= 2.62  w=0.5  wr=  1.31**  [shared]
[22:49:09.905]     f 6= 2584.4 Hz  mag=1558310  BL=2023600  r= 0.77  w=2.0  wr=  1.54    [semi  ]
[22:49:10.403]     f 7= 3189.9 Hz  mag= 375331  BL=439806  r= 0.85  w=4.0  wr=  3.41    [UNIQUE]
[22:49:10.875]     f 8= 5258.1 Hz  mag= 136309  BL= 86996  r= 1.57  w=0.5  wr=  0.78    [shared]
[22:49:11.376]     f 9= 5892.7 Hz  mag=  54034  BL= 85732  r= 0.63  w=2.0  wr=  1.26    [semi  ]
[22:49:11.858]     f10= 6319.8 Hz  mag= 316868  BL= 84882  r= 3.73  w=0.5  wr=  1.87**  [shared]
[22:49:11.858]     → energy=49301669  mean_ratio=1.41  weighted=15.7  strong=2/10
[22:49:11.967]   ─── Sense Rod 3 (Pattern C) ───
[22:49:12.462]     f 1=  867.7 Hz  mag= 157131  BL=144151  r= 1.09  w=2.0  wr=  2.18    [semi  ]
[22:49:12.966]     f 2= 1094.7 Hz  mag= 321328  BL=330988  r= 0.97  w=2.0  wr=  1.94    [semi  ]
[22:49:13.453]     f 3= 1631.9 Hz  mag=1607457  BL=2582076  r= 0.62  w=0.5  wr=  0.31    [shared]
[22:49:13.851]     f 4= 1895.7 Hz  mag=8954799  BL=6735058  r= 1.33  w=2.0  wr=  2.66    [semi  ]
[22:49:14.254]     f 5= 2088.0 Hz  mag=24535840  BL=11699999  r= 2.10  w=0.5  wr=  1.05**  [shared]
[22:49:14.764]     f 6= 2584.4 Hz  mag=1347968  BL=1784986  r= 0.76  w=2.0  wr=  1.51    [semi  ]
[22:49:15.215]     f 7= 3189.9 Hz  mag= 374375  BL=458748  r= 0.82  w=4.0  wr=  3.26    [UNIQUE]
[22:49:15.725]     f 8= 5258.1 Hz  mag=  41625  BL= 91422  r= 0.46  w=0.5  wr=  0.23    [shared]
[22:49:16.210]     f 9= 5892.7 Hz  mag= 956296  BL= 86916  r=11.00  w=2.0  wr= 22.01**  [semi  ]
[22:49:16.672]     f10= 6319.8 Hz  mag= 159464  BL= 83883  r= 1.90  w=0.5  wr=  0.95    [shared]
[22:49:16.672]     → energy=38456283  mean_ratio=2.10  weighted=36.1  strong=2/10
[22:49:16.782]   ─── Sense Rod 4 (Pattern E) ───
[22:49:17.249]     f 1=  867.7 Hz  mag= 134138  BL=131811  r= 1.02  w=2.0  wr=  2.04    [semi  ]
[22:49:17.709]     f 2= 1094.7 Hz  mag= 282475  BL=296996  r= 0.95  w=2.0  wr=  1.90    [semi  ]
[22:49:18.158]     f 3= 1631.9 Hz  mag=2421692  BL=2431973  r= 1.00  w=0.5  wr=  0.50    [shared]
[22:49:18.566]     f 4= 1895.7 Hz  mag=19083265  BL=6017525  r= 3.17  w=2.0  wr=  6.34**  [semi  ]
[22:49:18.975]     f 5= 2088.0 Hz  mag=24928955  BL=10231521  r= 2.44  w=0.5  wr=  1.22**  [shared]
[22:49:19.509]     f 6= 2584.4 Hz  mag=1177605  BL=1581652  r= 0.74  w=2.0  wr=  1.49    [semi  ]
[22:49:19.992]     f 7= 3189.9 Hz  mag= 323935  BL=376250  r= 0.86  w=4.0  wr=  3.44    [UNIQUE]
[22:49:20.495]     f 8= 5258.1 Hz  mag=  39870  BL= 77279  r= 0.52  w=0.5  wr=  0.26    [shared]
[22:49:20.980]     f 9= 5892.7 Hz  mag= 112221  BL= 76371  r= 1.47  w=2.0  wr=  2.94    [semi  ]
[22:49:21.437]     f10= 6319.8 Hz  mag= 858002  BL= 75760  r=11.33  w=0.5  wr=  5.66**  [shared]
[22:49:21.437]     → energy=49362157  mean_ratio=2.35  weighted=25.8  strong=3/10
[22:49:21.437] 
  Template scoring for Query 4:
[22:49:21.437]     Sense Rod 1: template_score=3.57
[22:49:21.437]     Sense Rod 2: template_score=0.74
[22:49:21.437]     Sense Rod 3: template_score=0.75
[22:49:21.437]     Sense Rod 4: template_score=8.40  ◄ (diagonal)
[22:49:21.437]   Template: R1=+3.6   R2=+0.7   R3=+0.8   R4=+8.4◄  → R4 ✓
[22:49:21.437] 
[22:49:22.524] PicoScope closed
[22:49:22.524] ======================================================================
[22:49:22.524]   RESULTS
[22:49:22.524] ======================================================================
[22:49:22.524] 
  Energy Matrix (Query → Sense):
[22:49:22.524]            Rod  1    Rod  2    Rod  3    Rod  4  
[22:49:22.524]          ----------------------------------------
[22:49:22.524]   Q= 1  |51868801 ◄|58702778  |43273846  |43640532  |
[22:49:22.524]   Q= 2  |20642081  |57787134 ◄|33339751  |38548043  |
[22:49:22.524]   Q= 3  |31896858  |45785626  |24880685 ◄|20196327  |
[22:49:22.524]   Q= 4  |32545601  |49301669  |38456283  |49362157 ◄|
[22:49:22.524] 
  Ratio Matrix (Query → Sense, vs feedthrough baseline):
[22:49:22.524]            Rod  1    Rod  2    Rod  3    Rod  4  
[22:49:22.524]          ----------------------------------------
[22:49:22.524]   Q= 1  |   1.22 ◄|   1.63  |   1.35  |   2.28  |
[22:49:22.524]   Q= 2  |   2.25  |   2.57 ◄|   1.57  |   3.55  |
[22:49:22.524]   Q= 3  |   1.12  |   1.86  |   1.31 ◄|   2.43  |
[22:49:22.524]   Q= 4  |   1.20  |   1.41  |   2.10  |   2.35 ◄|
[22:49:22.524] 
  Weighted Matrix (uniqueness-weighted ratio sums):
[22:49:22.524]            Rod  1    Rod  2    Rod  3    Rod  4  
[22:49:22.524]          ----------------------------------------
[22:49:22.524]   Q= 1  |   28.6 ◄|   30.2  |   26.1  |   43.4  |
[22:49:22.524]   Q= 2  |   42.5  |   54.2 ◄|   32.9  |   60.0  |
[22:49:22.524]   Q= 3  |   18.0  |   25.2  |   20.9 ◄|   23.4  |
[22:49:22.524]   Q= 4  |   13.7  |   15.7  |   36.1  |   25.8 ◄|
[22:49:22.524] 
  Template Matrix (cross-relay normalized, enrollment-matched):
[22:49:22.524]            Rod  1    Rod  2    Rod  3    Rod  4  
[22:49:22.524]          ----------------------------------------
[22:49:22.524]   Q= 1  |   +6.8 ◄|   -0.9  |   +0.6  |   +4.2  |
[22:49:22.524]   Q= 2  |   +1.4  |   +7.6 ◄|   +0.8  |   +4.1  |
[22:49:22.524]   Q= 3  |   -0.8  |   +0.7  |  +10.7 ◄|   +0.1  |
[22:49:22.524]   Q= 4  |   +3.6  |   +0.7  |   +0.8  |   +8.4 ◄|
[22:49:22.524] 
  Diagonal Dominance (energy-based):
[22:49:22.525]     Query Rod 1: diag=51868801  best_off=58702778  dominance=-1.1 dB  ✗
[22:49:22.525]     Query Rod 2: diag=57787134  best_off=38548043  dominance=+3.5 dB  ✓
[22:49:22.525]     Query Rod 3: diag=24880685  best_off=45785626  dominance=-5.3 dB  ✗
[22:49:22.525]     Query Rod 4: diag=49362157  best_off=49301669  dominance=+0.0 dB  ✓
[22:49:22.525] 
  Diagonal Dominance (ratio-normalized):
[22:49:22.525]     Query Rod 1: diag_ratio=1.22  best_off=2.28  dominance=-5.4 dB  ✗
[22:49:22.525]     Query Rod 2: diag_ratio=2.57  best_off=3.55  dominance=-2.8 dB  ✗
[22:49:22.525]     Query Rod 3: diag_ratio=1.31  best_off=2.43  dominance=-5.4 dB  ✗
[22:49:22.525]     Query Rod 4: diag_ratio=2.35  best_off=2.10  dominance=+1.0 dB  ✓
[22:49:22.525] 
  Diagonal Dominance (weighted score):
[22:49:22.525]     Query Rod 1: diag_wtd=28.6  best_off=43.4  dominance=-3.6 dB  ✗
[22:49:22.525]     Query Rod 2: diag_wtd=54.2  best_off=60.0  dominance=-0.9 dB  ✗
[22:49:22.525]     Query Rod 3: diag_wtd=20.9  best_off=25.2  dominance=-1.6 dB  ✗
[22:49:22.525]     Query Rod 4: diag_wtd=25.8  best_off=36.1  dominance=-2.9 dB  ✗
[22:49:22.525] 
  Diagonal Dominance (template — cross-relay normalized):
[22:49:22.525]     Query Rod 1: diag=+6.83  best_off=+4.22  margin=+2.61  ✓
[22:49:22.525]     Query Rod 2: diag=+7.59  best_off=+4.11  margin=+3.48  ✓
[22:49:22.525]     Query Rod 3: diag=+10.69  best_off=+0.73  margin=+9.96  ✓
[22:49:22.525]     Query Rod 4: diag=+8.40  best_off=+3.57  margin=+4.83  ✓
[22:49:22.525] 
  ─── Summary ───
[22:49:22.525]   Strategy: template
[22:49:22.525]   Energy recall accuracy:   2/4 (50%)
[22:49:22.525]   Ratio recall accuracy:    1/4 (25%)
[22:49:22.525]   Weighted recall accuracy: 0/4 (0%)
[22:49:22.525]   Template recall accuracy: 4/4 (100%)
[22:49:22.525]   Mean energy dominance:    -0.7 dB
[22:49:22.525]   Mean ratio dominance:     -3.2 dB
[22:49:22.525]   Mean weighted dominance:  -2.3 dB
[22:49:22.525]   Mean template margin:     +5.22
[22:49:22.525]   Duration: 101.0s
[22:49:22.525] 
  ─── Overlap Analysis (explains low recall) ───
[22:49:22.526]     Q=1 vs S=2: 3/10 query peaks within 5% of sense rod's peaks (30% overlap)
[22:49:22.526]     Q=1 vs S=3: 4/10 query peaks within 5% of sense rod's peaks (40% overlap)
[22:49:22.526]     Q=1 vs S=4: 8/10 query peaks within 5% of sense rod's peaks (80% overlap)
[22:49:22.526]     Q=2 vs S=1: 3/10 query peaks within 5% of sense rod's peaks (30% overlap)
[22:49:22.526]     Q=2 vs S=3: 5/10 query peaks within 5% of sense rod's peaks (50% overlap)
[22:49:22.526]     Q=2 vs S=4: 5/10 query peaks within 5% of sense rod's peaks (50% overlap)
[22:49:22.526]     Q=3 vs S=1: 5/10 query peaks within 5% of sense rod's peaks (50% overlap)
[22:49:22.526]     Q=3 vs S=2: 5/10 query peaks within 5% of sense rod's peaks (50% overlap)
[22:49:22.526]     Q=3 vs S=4: 5/10 query peaks within 5% of sense rod's peaks (50% overlap)
[22:49:22.526]     Q=4 vs S=1: 8/10 query peaks within 5% of sense rod's peaks (80% overlap)
[22:49:22.527]     Q=4 vs S=2: 4/10 query peaks within 5% of sense rod's peaks (40% overlap)
[22:49:22.527]     Q=4 vs S=3: 5/10 query peaks within 5% of sense rod's peaks (50% overlap)
[22:49:22.593] 
Results saved to data/results/lab/associative_recall/recall_20260408_224738.json
