[22:16:27.642] Relay mux connected on /dev/cu.usbserial-11310
[22:16:27.646] ======================================================================
[22:16:27.646]   HARDWARE ASSOCIATIVE RECALL — 4×4 Discrimination Matrix
[22:16:27.646] ======================================================================
[22:16:27.646]   Rods: ['1', '2', '3', '4']  Patterns: ['A', 'B', 'C', 'E']
[22:16:27.646]   Peaks per query: 10
[22:16:27.646]   Captures per point: 12
[22:16:27.646]   Relay mux: /dev/cu.usbserial-11310
[22:16:27.646] 
[22:16:28.811] PicoScope opened (Ch A ±1V DC)
[22:16:28.812] Phase 0: Per-relay feedthrough baselines
[22:16:28.920]   Baseline for relay 1...
[22:16:29.252]     BL R1 500 Hz → 37126
[22:16:29.571]     BL R1 613 Hz → 52444
[22:16:29.892]     BL R1 789 Hz → 99621
[22:16:30.219]     BL R1 970 Hz → 160341
[22:16:30.551]     BL R1 1060 Hz → 206781
[22:16:30.868]     BL R1 1165 Hz → 279751
[22:16:31.189]     BL R1 1370 Hz → 569879
[22:16:31.496]     BL R1 1770 Hz → 5529263
[22:16:31.791]     BL R1 2208 Hz → 11054212
[22:16:32.084]     BL R1 2442 Hz → 5211221
[22:16:32.415]     BL R1 2739 Hz → 1224730
[22:16:32.728]     BL R1 3057 Hz → 534008
[22:16:33.068]     BL R1 4194 Hz → 89017
[22:16:33.410]     BL R1 8095 Hz → 106900
[22:16:33.726]     BL R1 11653 Hz → 63458
[22:16:34.028]     BL R1 15910 Hz → 3729735
[22:16:34.134]   Baseline for relay 2...
[22:16:34.506]     BL R2 500 Hz → 39082
[22:16:34.834]     BL R2 613 Hz → 55223
[22:16:35.194]     BL R2 789 Hz → 81071
[22:16:35.521]     BL R2 970 Hz → 136498
[22:16:35.842]     BL R2 1060 Hz → 199068
[22:16:36.149]     BL R2 1165 Hz → 356754
[22:16:36.489]     BL R2 1370 Hz → 656240
[22:16:36.799]     BL R2 1770 Hz → 1514996
[22:16:37.083]     BL R2 2208 Hz → 20444090
[22:16:37.400]     BL R2 2442 Hz → 2909662
[22:16:37.731]     BL R2 2739 Hz → 930609
[22:16:38.091]     BL R2 3057 Hz → 470642
[22:16:38.416]     BL R2 4194 Hz → 84314
[22:16:38.736]     BL R2 8095 Hz → 81950
[22:16:39.101]     BL R2 11653 Hz → 56819
[22:16:39.416]     BL R2 15910 Hz → 4124250
[22:16:39.522]   Baseline for relay 3...
[22:16:39.884]     BL R3 500 Hz → 46254
[22:16:40.207]     BL R3 613 Hz → 69125
[22:16:40.513]     BL R3 789 Hz → 115511
[22:16:40.827]     BL R3 970 Hz → 230530
[22:16:41.154]     BL R3 1060 Hz → 297129
[22:16:41.499]     BL R3 1165 Hz → 464994
[22:16:41.852]     BL R3 1370 Hz → 1158787
[22:16:42.150]     BL R3 1770 Hz → 2517682
[22:16:42.439]     BL R3 2208 Hz → 9257378
[22:16:42.771]     BL R3 2442 Hz → 2206408
[22:16:43.118]     BL R3 2739 Hz → 947732
[22:16:43.434]     BL R3 3057 Hz → 470316
[22:16:43.767]     BL R3 4194 Hz → 100296
[22:16:44.100]     BL R3 8095 Hz → 80070
[22:16:44.412]     BL R3 11653 Hz → 65408
[22:16:44.721]     BL R3 15910 Hz → 2862638
[22:16:44.830]   Baseline for relay 4...
[22:16:45.138]     BL R4 500 Hz → 43047
[22:16:45.453]     BL R4 613 Hz → 59501
[22:16:45.778]     BL R4 789 Hz → 96377
[22:16:46.104]     BL R4 970 Hz → 195886
[22:16:46.441]     BL R4 1060 Hz → 239307
[22:16:46.792]     BL R4 1165 Hz → 379946
[22:16:47.147]     BL R4 1370 Hz → 857699
[22:16:47.471]     BL R4 1770 Hz → 3315254
[22:16:47.765]     BL R4 2208 Hz → 13222381
[22:16:48.086]     BL R4 2442 Hz → 2304812
[22:16:48.435]     BL R4 2739 Hz → 838111
[22:16:48.753]     BL R4 3057 Hz → 427133
[22:16:49.100]     BL R4 4194 Hz → 84214
[22:16:49.450]     BL R4 8095 Hz → 75862
[22:16:49.784]     BL R4 11653 Hz → 59521
[22:16:50.086]     BL R4 15910 Hz → 4798485
[22:16:50.141]   Baselines: 4 relays × 16 points = 64 total

[22:16:50.141] ═══ Query 1/4: Rod 1 (Pattern A, 10 peaks) ═══
[22:16:50.252]   ─── Sense Rod 1 (Pattern A) ───
[22:16:50.717]     f 1=  516.8 Hz  mag=  39479  BL= 39402  ratio= 1.00    SNR= 12.2 dB
[22:16:51.184]     f 2=  891.3 Hz  mag= 103098  BL=134091  ratio= 0.77    SNR= 20.3 dB
[22:16:51.640]     f 3= 1127.2 Hz  mag= 251943  BL=253311  ratio= 0.99    SNR= 28.1 dB
[22:16:52.087]     f 4= 1825.5 Hz  mag=2987994  BL=6230462  ratio= 0.48    SNR= 50.2 dB
[22:16:52.476]     f 5= 2104.9 Hz  mag=23496952  BL=9748766  ratio= 2.41**  SNR= 67.0 dB
[22:16:52.877]     f 6= 2299.2 Hz  mag=25839588  BL=8781883  ratio= 2.94**  SNR= 68.3 dB
[22:16:53.323]     f 7= 2644.6 Hz  mag=1573617  BL=2492728  ratio= 0.63    SNR= 44.4 dB
[22:16:53.796]     f 8= 5197.8 Hz  mag=  20713  BL= 93620  ratio= 0.22    SNR=  6.6 dB
[22:16:54.227]     f 9= 5460.7 Hz  mag=  13860  BL= 94825  ratio= 0.15    SNR=  3.6 dB
[22:16:54.682]     f10= 6022.8 Hz  mag= 343365  BL= 97402  ratio= 3.53**  SNR= 30.7 dB
[22:16:54.682]     → energy=54670610  mean_ratio=1.31  strong=3/10
[22:16:54.791]   ─── Sense Rod 2 (Pattern B) ───
[22:16:55.255]     f 1=  516.8 Hz  mag=  46245  BL= 41481  ratio= 1.11    SNR= 13.7 dB
[22:16:55.735]     f 2=  891.3 Hz  mag= 105732  BL=112536  ratio= 0.94    SNR= 21.1 dB
[22:16:56.201]     f 3= 1127.2 Hz  mag= 293319  BL=299617  ratio= 0.98    SNR= 29.4 dB
[22:16:56.632]     f 4= 1825.5 Hz  mag=4374516  BL=3917383  ratio= 1.12    SNR= 53.6 dB
[22:16:57.019]     f 5= 2104.9 Hz  mag=47531376  BL=15971486  ratio= 2.98**  SNR= 73.2 dB
[22:16:57.417]     f 6= 2299.2 Hz  mag=5720992  BL=13624983  ratio= 0.42    SNR= 55.6 dB
[22:16:57.855]     f 7= 2644.6 Hz  mag=1299788  BL=1560094  ratio= 0.83    SNR= 42.4 dB
[22:16:58.336]     f 8= 5197.8 Hz  mag=  44693  BL= 83706  ratio= 0.53    SNR= 13.6 dB
[22:16:58.786]     f 9= 5460.7 Hz  mag=  23319  BL= 83546  ratio= 0.28    SNR=  7.7 dB
[22:16:59.236]     f10= 6022.8 Hz  mag= 608079  BL= 83206  ratio= 7.31**  SNR= 36.6 dB
[22:16:59.236]     → energy=60048058  mean_ratio=1.65  strong=2/10
[22:16:59.340]   ─── Sense Rod 3 (Pattern C) ───
[22:16:59.823]     f 1=  516.8 Hz  mag=  46462  BL= 49653  ratio= 0.94    SNR= 14.0 dB
[22:17:00.297]     f 2=  891.3 Hz  mag= 156934  BL=180806  ratio= 0.87    SNR= 24.4 dB
[22:17:00.780]     f 3= 1127.2 Hz  mag= 389765  BL=404169  ratio= 0.96    SNR= 32.6 dB
[22:17:01.188]     f 4= 1825.5 Hz  mag=7849425  BL=3373051  ratio= 2.33**  SNR= 58.7 dB
[22:17:01.601]     f 5= 2104.9 Hz  mag=32448883  BL=7664909  ratio= 4.23**  SNR= 71.2 dB
[22:17:02.040]     f 6= 2299.2 Hz  mag=3464844  BL=6515268  ratio= 0.53    SNR= 51.5 dB
[22:17:02.492]     f 7= 2644.6 Hz  mag=1048310  BL=1348084  ratio= 0.78    SNR= 41.6 dB
[22:17:02.997]     f 8= 5197.8 Hz  mag=  47922  BL= 95090  ratio= 0.50    SNR= 14.1 dB
[22:17:03.440]     f 9= 5460.7 Hz  mag=  66599  BL= 93727  ratio= 0.71    SNR= 17.1 dB
[22:17:03.913]     f10= 6022.8 Hz  mag= 294893  BL= 90812  ratio= 3.25**  SNR= 30.1 dB
[22:17:03.913]     → energy=45814038  mean_ratio=1.51  strong=3/10
[22:17:04.023]   ─── Sense Rod 4 (Pattern E) ───
[22:17:04.477]     f 1=  516.8 Hz  mag=  47123  BL= 45492  ratio= 1.04    SNR= 14.3 dB
[22:17:04.934]     f 2=  891.3 Hz  mag= 131276  BL=152867  ratio= 0.86    SNR= 23.1 dB
[22:17:05.390]     f 3= 1127.2 Hz  mag= 312766  BL=328987  ratio= 0.95    SNR= 31.0 dB
[22:17:05.809]     f 4= 1825.5 Hz  mag=7996446  BL=4572617  ratio= 1.75    SNR= 59.2 dB
[22:17:06.212]     f 5= 2104.9 Hz  mag=28604124  BL=10881505  ratio= 2.63**  SNR= 69.8 dB
[22:17:06.640]     f 6= 2299.2 Hz  mag=4287889  BL=8976559  ratio= 0.48    SNR= 53.8 dB
[22:17:07.137]     f 7= 2644.6 Hz  mag=1047475  BL=1304630  ratio= 0.80    SNR= 41.3 dB
[22:17:07.592]     f 8= 5197.8 Hz  mag=  43054  BL= 82065  ratio= 0.52    SNR= 13.7 dB
[22:17:08.072]     f 9= 5460.7 Hz  mag=  26636  BL= 81502  ratio= 0.33    SNR=  9.4 dB
[22:17:08.528]     f10= 6022.8 Hz  mag=1006585  BL= 80298  ratio=12.54**  SNR= 41.3 dB
[22:17:08.528]     → energy=43503375  mean_ratio=2.19  strong=2/10
[22:17:08.528] 
[22:17:08.528] ═══ Query 2/4: Rod 2 (Pattern B, 10 peaks) ═══
[22:17:08.640]   ─── Sense Rod 1 (Pattern A) ───
[22:17:09.099]     f 1=  709.4 Hz  mag=  57907  BL= 78332  ratio= 0.74    SNR= 15.8 dB
[22:17:09.555]     f 2= 1026.0 Hz  mag= 186274  BL=189211  ratio= 0.98    SNR= 26.0 dB
[22:17:09.992]     f 3= 1203.2 Hz  mag= 336052  BL=333605  ratio= 1.01    SNR= 31.0 dB
[22:17:10.458]     f 4= 1616.9 Hz  mag=1378848  BL=3632694  ratio= 0.38    SNR= 43.0 dB
[22:17:10.860]     f 5= 2117.8 Hz  mag=18174800  BL=9911273  ratio= 1.83    SNR= 65.4 dB
[22:17:11.302]     f 6= 2924.3 Hz  mag= 676041  BL=822473  ratio= 0.82    SNR= 36.7 dB
[22:17:11.775]     f 7= 5689.9 Hz  mag=  12622  BL= 95876  ratio= 0.13    SNR=  1.5 dB
[22:17:12.228]     f 8= 6303.4 Hz  mag= 440270  BL= 98689  ratio= 4.46**  SNR= 32.9 dB
[22:17:12.673]     f 9= 6506.6 Hz  mag=1153325  BL= 99620  ratio=11.58**  SNR= 41.2 dB
[22:17:13.115]     f10= 6792.7 Hz  mag=  80068  BL=100932  ratio= 0.79    SNR= 18.7 dB
[22:17:13.115]     → energy=22496206  mean_ratio=2.27  strong=2/10
[22:17:13.224]   ─── Sense Rod 2 (Pattern B) ───
[22:17:13.714]     f 1=  709.4 Hz  mag=  71705  BL= 69407  ratio= 1.03    SNR= 17.7 dB
[22:17:14.235]     f 2= 1026.0 Hz  mag= 178751  BL=175396  ratio= 1.02    SNR= 25.4 dB
[22:17:14.706]     f 3= 1203.2 Hz  mag= 403427  BL=412345  ratio= 0.98    SNR= 32.4 dB
[22:17:15.171]     f 4= 1616.9 Hz  mag=2013884  BL=1186590  ratio= 1.70    SNR= 46.1 dB
[22:17:15.582]     f 5= 2117.8 Hz  mag=54812762  BL=16528253  ratio= 3.32**  SNR= 74.9 dB
[22:17:16.030]     f 6= 2924.3 Hz  mag= 615870  BL=662737  ratio= 0.93    SNR= 36.4 dB
[22:17:16.505]     f 7= 5689.9 Hz  mag=  25730  BL= 83408  ratio= 0.31    SNR=  8.5 dB
[22:17:16.962]     f 8= 6303.4 Hz  mag= 360540  BL= 83036  ratio= 4.34**  SNR= 31.7 dB
[22:17:17.401]     f 9= 6506.6 Hz  mag= 555844  BL= 82913  ratio= 6.70**  SNR= 34.4 dB
[22:17:17.890]     f10= 6792.7 Hz  mag= 413191  BL= 82739  ratio= 4.99**  SNR= 32.6 dB
[22:17:17.890]     → energy=59451704  mean_ratio=2.53  strong=4/10
[22:17:17.998]   ─── Sense Rod 3 (Pattern C) ───
[22:17:18.490]     f 1=  709.4 Hz  mag=  95299  BL= 94579  ratio= 1.01    SNR= 20.1 dB
[22:17:18.946]     f 2= 1026.0 Hz  mag= 269631  BL=271933  ratio= 0.99    SNR= 29.2 dB
[22:17:19.390]     f 3= 1203.2 Hz  mag= 520359  BL=593776  ratio= 0.88    SNR= 35.3 dB
[22:17:19.860]     f 4= 1616.9 Hz  mag=1532810  BL=1998013  ratio= 0.77    SNR= 44.2 dB
[22:17:20.268]     f 5= 2117.8 Hz  mag=29485639  BL=7863146  ratio= 3.75**  SNR= 69.8 dB
[22:17:20.777]     f 6= 2924.3 Hz  mag= 698569  BL=669699  ratio= 1.04    SNR= 37.6 dB
[22:17:21.245]     f 7= 5689.9 Hz  mag= 175797  BL= 92538  ratio= 1.90    SNR= 25.2 dB
[22:17:21.704]     f 8= 6303.4 Hz  mag= 237862  BL= 89357  ratio= 2.66**  SNR= 28.8 dB
[22:17:22.187]     f 9= 6506.6 Hz  mag=  89956  BL= 88304  ratio= 1.02    SNR= 19.7 dB
[22:17:22.647]     f10= 6792.7 Hz  mag= 248908  BL= 86820  ratio= 2.87**  SNR= 28.7 dB
[22:17:22.647]     → energy=33354829  mean_ratio=1.69  strong=3/10
[22:17:22.752]   ─── Sense Rod 4 (Pattern E) ───
[22:17:23.196]     f 1=  709.4 Hz  mag=  74581  BL= 79736  ratio= 0.94    SNR= 17.9 dB
[22:17:23.676]     f 2= 1026.0 Hz  mag= 218147  BL=222880  ratio= 0.98    SNR= 27.7 dB
[22:17:24.121]     f 3= 1203.2 Hz  mag= 437941  BL=468627  ratio= 0.93    SNR= 33.7 dB
[22:17:24.590]     f 4= 1616.9 Hz  mag=3209800  BL=2375435  ratio= 1.35    SNR= 49.7 dB
[22:17:25.016]     f 5= 2117.8 Hz  mag=31629699  BL=11172907  ratio= 2.83**  SNR= 69.2 dB
[22:17:25.469]     f 6= 2924.3 Hz  mag= 539758  BL=598769  ratio= 0.90    SNR= 35.7 dB
[22:17:25.941]     f 7= 5689.9 Hz  mag=  17342  BL= 81011  ratio= 0.21    SNR=  5.8 dB
[22:17:26.397]     f 8= 6303.4 Hz  mag= 866644  BL= 79697  ratio=10.87**  SNR= 39.9 dB
[22:17:26.872]     f 9= 6506.6 Hz  mag= 626085  BL= 79262  ratio= 7.90**  SNR= 36.9 dB
[22:17:27.360]     f10= 6792.7 Hz  mag= 279255  BL= 78649  ratio= 3.55**  SNR= 29.8 dB
[22:17:27.360]     → energy=37899252  mean_ratio=3.05  strong=4/10
[22:17:27.360] 
[22:17:27.360] ═══ Query 3/4: Rod 3 (Pattern C, 10 peaks) ═══
[22:17:27.469]   ─── Sense Rod 1 (Pattern A) ───
[22:17:27.923]     f 1=  913.1 Hz  mag= 129545  BL=141414  ratio= 0.92    SNR= 22.1 dB
[22:17:28.358]     f 2= 1536.4 Hz  mag= 974774  BL=2634592  ratio= 0.37    SNR= 39.8 dB
[22:17:28.789]     f 3= 1714.2 Hz  mag=2748163  BL=4838948  ratio= 0.57    SNR= 49.3 dB
[22:17:29.216]     f 4= 2001.1 Hz  mag=27066942  BL=8442566  ratio= 3.21**  SNR= 68.8 dB
[22:17:29.699]     f 5= 2833.8 Hz  mag= 874522  BL=1019254  ratio= 0.86    SNR= 39.0 dB
[22:17:30.160]     f 6= 5575.5 Hz  mag=  13585  BL= 95352  ratio= 0.14    SNR=  2.9 dB
[22:17:30.611]     f 7= 5765.3 Hz  mag=  13736  BL= 96222  ratio= 0.14    SNR=  3.3 dB
[22:17:31.054]     f 8= 6218.2 Hz  mag= 361172  BL= 98298  ratio= 3.67**  SNR= 31.7 dB
[22:17:31.505]     f 9= 9396.4 Hz  mag=  70659  BL= 91009  ratio= 0.78    SNR= 17.3 dB
[22:17:31.955]     f10=13910.5 Hz  mag= 125986  BL=2007305  ratio= 0.06    SNR= 22.4 dB
[22:17:31.955]     → energy=32379085  mean_ratio=1.07  strong=2/10
[22:17:32.063]   ─── Sense Rod 2 (Pattern B) ───
[22:17:32.535]     f 1=  913.1 Hz  mag= 112243  BL=119221  ratio= 0.94    SNR= 21.2 dB
[22:17:33.020]     f 2= 1536.4 Hz  mag=1535224  BL=1013761  ratio= 1.51    SNR= 43.7 dB
[22:17:33.478]     f 3= 1714.2 Hz  mag=2201250  BL=1395463  ratio= 1.58    SNR= 46.5 dB
[22:17:33.876]     f 4= 2001.1 Hz  mag=39713359  BL=11496298  ratio= 3.45**  SNR= 73.2 dB
[22:17:34.315]     f 5= 2833.8 Hz  mag= 671489  BL=793778  ratio= 0.85    SNR= 37.1 dB
[22:17:34.764]     f 6= 5575.5 Hz  mag=  28985  BL= 83477  ratio= 0.35    SNR=  9.4 dB
[22:17:35.214]     f 7= 5765.3 Hz  mag=  18887  BL= 83362  ratio= 0.23    SNR=  5.9 dB
[22:17:35.662]     f 8= 6218.2 Hz  mag= 735699  BL= 83087  ratio= 8.85**  SNR= 37.9 dB
[22:17:36.125]     f 9= 9396.4 Hz  mag=  51025  BL= 72757  ratio= 0.70    SNR= 14.2 dB
[22:17:36.583]     f10=13910.5 Hz  mag= 126498  BL=2213356  ratio= 0.06    SNR= 22.2 dB
[22:17:36.583]     → energy=45194660  mean_ratio=1.85  strong=2/10
[22:17:36.693]   ─── Sense Rod 3 (Pattern C) ───
[22:17:37.141]     f 1=  913.1 Hz  mag= 168335  BL=194678  ratio= 0.86    SNR= 24.3 dB
[22:17:37.562]     f 2= 1536.4 Hz  mag=2979953  BL=1724528  ratio= 1.73    SNR= 49.5 dB
[22:17:37.997]     f 3= 1714.2 Hz  mag=2794096  BL=2328532  ratio= 1.20    SNR= 49.5 dB
[22:17:38.401]     f 4= 2001.1 Hz  mag=18578814  BL=6071520  ratio= 3.06**  SNR= 66.0 dB
[22:17:38.865]     f 5= 2833.8 Hz  mag= 949489  BL=805710  ratio= 1.18    SNR= 40.1 dB
[22:17:39.298]     f 6= 5575.5 Hz  mag= 105229  BL= 93132  ratio= 1.13    SNR= 21.1 dB
[22:17:39.768]     f 7= 5765.3 Hz  mag= 236599  BL= 92147  ratio= 2.57**  SNR= 28.6 dB
[22:17:40.229]     f 8= 6218.2 Hz  mag= 165598  BL= 89799  ratio= 1.84    SNR= 25.0 dB
[22:17:40.690]     f 9= 9396.4 Hz  mag=  56140  BL= 74706  ratio= 0.75    SNR= 15.8 dB
[22:17:41.159]     f10=13910.5 Hz  mag= 184216  BL=1548489  ratio= 0.12    SNR= 26.0 dB
[22:17:41.159]     → energy=26218470  mean_ratio=1.44  strong=2/10
[22:17:41.268]   ─── Sense Rod 4 (Pattern E) ───
[22:17:41.747]     f 1=  913.1 Hz  mag= 150488  BL=164868  ratio= 0.91    SNR= 24.4 dB
[22:17:42.246]     f 2= 1536.4 Hz  mag=1421889  BL=1880839  ratio= 0.76    SNR= 43.8 dB
[22:17:42.745]     f 3= 1714.2 Hz  mag=1622452  BL=2973178  ratio= 0.55    SNR= 45.4 dB
[22:17:43.157]     f 4= 2001.1 Hz  mag=15544870  BL=8539277  ratio= 1.82    SNR= 64.5 dB
[22:17:43.649]     f 5= 2833.8 Hz  mag= 644900  BL=715853  ratio= 0.90    SNR= 36.8 dB
[22:17:44.114]     f 6= 5575.5 Hz  mag=  22506  BL= 81256  ratio= 0.28    SNR=  7.6 dB
[22:17:44.575]     f 7= 5765.3 Hz  mag=  14968  BL= 80849  ratio= 0.19    SNR=  4.8 dB
[22:17:45.052]     f 8= 6218.2 Hz  mag=1337870  BL= 79880  ratio=16.75**  SNR= 43.7 dB
[22:17:45.501]     f 9= 9396.4 Hz  mag=  60184  BL= 69884  ratio= 0.86    SNR= 16.1 dB
[22:17:45.982]     f10=13910.5 Hz  mag= 116455  BL=2572103  ratio= 0.05    SNR= 22.3 dB
[22:17:45.982]     → energy=20936582  mean_ratio=2.31  strong=1/10
[22:17:45.982] 
[22:17:45.982] ═══ Query 4/4: Rod 4 (Pattern E, 10 peaks) ═══
[22:17:46.093]   ─── Sense Rod 1 (Pattern A) ───
[22:17:46.562]     f 1=  867.7 Hz  mag=  95388  BL=126157  ratio= 0.76    SNR= 20.2 dB
[22:17:47.022]     f 2= 1094.7 Hz  mag= 219879  BL=230661  ratio= 0.95    SNR= 27.0 dB
[22:17:47.486]     f 3= 1631.9 Hz  mag=1504815  BL=3819393  ratio= 0.39    SNR= 43.5 dB
[22:17:47.925]     f 4= 1895.7 Hz  mag=2381029  BL=7113959  ratio= 0.33    SNR= 47.8 dB
[22:17:48.344]     f 5= 2088.0 Hz  mag=27125388  BL=9536784  ratio= 2.84**  SNR= 68.7 dB
[22:17:48.781]     f 6= 2584.4 Hz  mag=2062070  BL=3299345  ratio= 0.62    SNR= 46.5 dB
[22:17:49.246]     f 7= 3189.9 Hz  mag= 412686  BL=482013  ratio= 0.86    SNR= 32.7 dB
[22:17:49.700]     f 8= 5258.1 Hz  mag=  17574  BL= 93897  ratio= 0.19    SNR=  5.9 dB
[22:17:50.153]     f 9= 5892.7 Hz  mag=  53195  BL= 96806  ratio= 0.55    SNR= 14.5 dB
[22:17:50.618]     f10= 6319.8 Hz  mag= 455655  BL= 98764  ratio= 4.61**  SNR= 33.4 dB
[22:17:50.618]     → energy=34327680  mean_ratio=1.21  strong=2/10
[22:17:50.724]   ─── Sense Rod 2 (Pattern B) ───
[22:17:51.213]     f 1=  867.7 Hz  mag= 108198  BL=105294  ratio= 1.03    SNR= 21.3 dB
[22:17:51.694]     f 2= 1094.7 Hz  mag= 253308  BL=250673  ratio= 1.01    SNR= 28.6 dB
[22:17:52.137]     f 3= 1631.9 Hz  mag=2504338  BL=1218919  ratio= 2.05**  SNR= 48.3 dB
[22:17:52.582]     f 4= 1895.7 Hz  mag=3524838  BL=6944342  ratio= 0.51    SNR= 51.7 dB
[22:17:52.988]     f 5= 2088.0 Hz  mag=41728741  BL=15245211  ratio= 2.74**  SNR= 72.9 dB
[22:17:53.454]     f 6= 2584.4 Hz  mag=1486163  BL=1960531  ratio= 0.76    SNR= 44.3 dB
[22:17:53.879]     f 7= 3189.9 Hz  mag= 363359  BL=425501  ratio= 0.85    SNR= 31.7 dB
[22:17:54.360]     f 8= 5258.1 Hz  mag= 103450  BL= 83669  ratio= 1.24    SNR= 20.6 dB
[22:17:54.832]     f 9= 5892.7 Hz  mag=  63271  BL= 83285  ratio= 0.76    SNR= 16.7 dB
[22:17:55.282]     f10= 6319.8 Hz  mag= 331388  BL= 83026  ratio= 3.99**  SNR= 30.6 dB
[22:17:55.282]     → energy=50467054  mean_ratio=1.49  strong=3/10
[22:17:55.387]   ─── Sense Rod 3 (Pattern C) ───
[22:17:55.849]     f 1=  867.7 Hz  mag= 157198  BL=165778  ratio= 0.95    SNR= 24.5 dB
[22:17:56.298]     f 2= 1094.7 Hz  mag= 346868  BL=352065  ratio= 0.99    SNR= 31.1 dB
[22:17:56.767]     f 3= 1631.9 Hz  mag=2179586  BL=2049169  ratio= 1.06    SNR= 47.9 dB
[22:17:57.182]     f 4= 1895.7 Hz  mag=10555891  BL=4450798  ratio= 2.37**  SNR= 61.1 dB
[22:17:57.597]     f 5= 2088.0 Hz  mag=31934089  BL=7406319  ratio= 4.31**  SNR= 71.1 dB
[22:17:58.058]     f 6= 2584.4 Hz  mag=1319546  BL=1602761  ratio= 0.82    SNR= 43.0 dB
[22:17:58.533]     f 7= 3189.9 Hz  mag= 381969  BL=427081  ratio= 0.89    SNR= 31.8 dB
[22:17:59.002]     f 8= 5258.1 Hz  mag=  43689  BL= 94777  ratio= 0.46    SNR= 13.3 dB
[22:17:59.483]     f 9= 5892.7 Hz  mag= 899280  BL= 91487  ratio= 9.83**  SNR= 40.3 dB
[22:17:59.936]     f10= 6319.8 Hz  mag= 239798  BL= 89272  ratio= 2.69**  SNR= 28.9 dB
[22:17:59.936]     → energy=48057914  mean_ratio=2.44  strong=4/10
[22:18:00.042]   ─── Sense Rod 4 (Pattern E) ───
[22:18:00.521]     f 1=  867.7 Hz  mag= 116373  BL=139865  ratio= 0.83    SNR= 21.9 dB
[22:18:00.989]     f 2= 1094.7 Hz  mag= 284433  BL=285333  ratio= 1.00    SNR= 30.5 dB
[22:18:01.433]     f 3= 1631.9 Hz  mag=2549946  BL=2467951  ratio= 1.03    SNR= 48.7 dB
[22:18:01.841]     f 4= 1895.7 Hz  mag=18948143  BL=6156870  ratio= 3.08**  SNR= 66.2 dB
[22:18:02.245]     f 5= 2088.0 Hz  mag=24557084  BL=10501387  ratio= 2.34**  SNR= 68.9 dB
[22:18:02.708]     f 6= 2584.4 Hz  mag=1201111  BL=1601399  ratio= 0.75    SNR= 42.8 dB
[22:18:03.157]     f 7= 3189.9 Hz  mag= 339597  BL=387065  ratio= 0.88    SNR= 31.1 dB
[22:18:03.649]     f 8= 5258.1 Hz  mag=  48098  BL= 81935  ratio= 0.59    SNR= 13.3 dB
[22:18:04.087]     f 9= 5892.7 Hz  mag= 109137  BL= 80577  ratio= 1.35    SNR= 20.8 dB
[22:18:04.535]     f10= 6319.8 Hz  mag= 867503  BL= 79662  ratio=10.89**  SNR= 39.4 dB
[22:18:04.535]     → energy=49021425  mean_ratio=2.27  strong=3/10
[22:18:04.535] 
[22:18:05.617] PicoScope closed
[22:18:05.617] ======================================================================
[22:18:05.617]   RESULTS
[22:18:05.617] ======================================================================
[22:18:05.617] 
  Energy Matrix (Query → Sense):
[22:18:05.617]            Rod  1    Rod  2    Rod  3    Rod  4  
[22:18:05.617]          ----------------------------------------
[22:18:05.617]   Q= 1  |54670610 ◄|60048058  |45814038  |43503375  |
[22:18:05.617]   Q= 2  |22496206  |59451704 ◄|33354829  |37899252  |
[22:18:05.617]   Q= 3  |32379085  |45194660  |26218470 ◄|20936582  |
[22:18:05.617]   Q= 4  |34327680  |50467054  |48057914  |49021424 ◄|
[22:18:05.617] 
  Ratio Matrix (Query → Sense, vs feedthrough baseline):
[22:18:05.617]            Rod  1    Rod  2    Rod  3    Rod  4  
[22:18:05.617]          ----------------------------------------
[22:18:05.617]   Q= 1  |   1.31 ◄|   1.65  |   1.51  |   2.19  |
[22:18:05.617]   Q= 2  |   2.27  |   2.53 ◄|   1.69  |   3.05  |
[22:18:05.617]   Q= 3  |   1.07  |   1.85  |   1.44 ◄|   2.31  |
[22:18:05.617]   Q= 4  |   1.21  |   1.49  |   2.44  |   2.27 ◄|
[22:18:05.617] 
  Diagonal Dominance (energy-based):
[22:18:05.618]     Query Rod 1: diag=54670610  best_off=60048058  dominance=-0.8 dB  ✗
[22:18:05.618]     Query Rod 2: diag=59451704  best_off=37899252  dominance=+3.9 dB  ✓
[22:18:05.618]     Query Rod 3: diag=26218470  best_off=45194660  dominance=-4.7 dB  ✗
[22:18:05.618]     Query Rod 4: diag=49021424  best_off=50467054  dominance=-0.3 dB  ✗
[22:18:05.618] 
  Diagonal Dominance (ratio-normalized):
[22:18:05.618]     Query Rod 1: diag_ratio=1.31  best_off=2.19  dominance=-4.5 dB  ✗
[22:18:05.618]     Query Rod 2: diag_ratio=2.53  best_off=3.05  dominance=-1.6 dB  ✗
[22:18:05.618]     Query Rod 3: diag_ratio=1.44  best_off=2.31  dominance=-4.1 dB  ✗
[22:18:05.618]     Query Rod 4: diag_ratio=2.27  best_off=2.44  dominance=-0.6 dB  ✗
[22:18:05.618] 
  ─── Summary ───
[22:18:05.618]   Energy recall accuracy: 1/4 (25%)
[22:18:05.618]   Ratio recall accuracy:  0/4 (0%)
[22:18:05.618]   Mean energy dominance:  -0.5 dB
[22:18:05.618]   Mean ratio dominance:   -2.7 dB
[22:18:05.618]   Duration: 98.0s
[22:18:05.618] 
  ─── Overlap Analysis (explains low recall) ───
[22:18:05.618]     Q=1 vs S=2: 3/10 query peaks within 5% of sense rod's peaks (30% overlap)
[22:18:05.618]     Q=1 vs S=3: 4/10 query peaks within 5% of sense rod's peaks (40% overlap)
[22:18:05.618]     Q=1 vs S=4: 8/10 query peaks within 5% of sense rod's peaks (80% overlap)
[22:18:05.618]     Q=2 vs S=1: 3/10 query peaks within 5% of sense rod's peaks (30% overlap)
[22:18:05.618]     Q=2 vs S=3: 5/10 query peaks within 5% of sense rod's peaks (50% overlap)
[22:18:05.619]     Q=2 vs S=4: 5/10 query peaks within 5% of sense rod's peaks (50% overlap)
[22:18:05.619]     Q=3 vs S=1: 5/10 query peaks within 5% of sense rod's peaks (50% overlap)
[22:18:05.619]     Q=3 vs S=2: 5/10 query peaks within 5% of sense rod's peaks (50% overlap)
[22:18:05.619]     Q=3 vs S=4: 5/10 query peaks within 5% of sense rod's peaks (50% overlap)
[22:18:05.619]     Q=4 vs S=1: 8/10 query peaks within 5% of sense rod's peaks (80% overlap)
[22:18:05.619]     Q=4 vs S=2: 4/10 query peaks within 5% of sense rod's peaks (40% overlap)
[22:18:05.619]     Q=4 vs S=3: 5/10 query peaks within 5% of sense rod's peaks (50% overlap)
[22:18:05.687] 
Results saved to data/results/lab/associative_recall/recall_20260408_221625.json
