[22:29:26.710] Relay mux connected on /dev/cu.usbserial-11310
[22:29:26.715] ======================================================================
[22:29:26.715]   HARDWARE ASSOCIATIVE RECALL — 4×4 Discrimination Matrix
[22:29:26.715] ======================================================================
[22:29:26.715]   Rods: ['1', '2', '3', '4']  Patterns: ['A', 'B', 'C', 'E']
[22:29:26.715]   Strategy: weighted
[22:29:26.715]   Peaks per query: [20, 20, 20, 20]
[22:29:26.715]   Captures per point: 12
[22:29:26.715]   Relay mux: /dev/cu.usbserial-11310
[22:29:26.715]   Rod 1: 3 unique + 8 semi + 9 shared = 20 peaks, total_weight=32.5
[22:29:26.715]   Rod 2: 3 unique + 4 semi + 13 shared = 20 peaks, total_weight=26.5
[22:29:26.715]   Rod 3: 1 unique + 8 semi + 11 shared = 20 peaks, total_weight=25.5
[22:29:26.715]   Rod 4: 2 unique + 5 semi + 13 shared = 20 peaks, total_weight=24.5
[22:29:26.715] 
[22:29:27.877] PicoScope opened (Ch A ±1V DC)
[22:29:27.880] Phase 0: Per-relay feedthrough baselines
[22:29:27.988]   Baseline for relay 1...
[22:29:28.393]     BL R1 500 Hz → 34679
[22:29:28.765]     BL R1 613 Hz → 42402
[22:29:29.084]     BL R1 789 Hz → 85420
[22:29:29.404]     BL R1 970 Hz → 163530
[22:29:29.741]     BL R1 1060 Hz → 209770
[22:29:30.057]     BL R1 1165 Hz → 294578
[22:29:30.402]     BL R1 1370 Hz → 552221
[22:29:30.702]     BL R1 1770 Hz → 5787698
[22:29:30.994]     BL R1 2208 Hz → 10990844
[22:29:31.305]     BL R1 2442 Hz → 5022639
[22:29:31.637]     BL R1 2739 Hz → 1173531
[22:29:31.949]     BL R1 3057 Hz → 531518
[22:29:32.296]     BL R1 4194 Hz → 89736
[22:29:32.610]     BL R1 7903 Hz → 124643
[22:29:32.971]     BL R1 11303 Hz → 62316
[22:29:33.303]     BL R1 14813 Hz → 256589
[22:29:33.647]     BL R1 16938 Hz → 766955
[22:29:33.976]     BL R1 22630 Hz → 51843
[22:29:34.327]     BL R1 28286 Hz → 14605
[22:29:34.648]     BL R1 33810 Hz → 390746
[22:29:34.756]   Baseline for relay 2...
[22:29:35.094]     BL R2 500 Hz → 43681
[22:29:35.455]     BL R2 613 Hz → 56046
[22:29:35.808]     BL R2 789 Hz → 75716
[22:29:36.135]     BL R2 970 Hz → 139186
[22:29:36.495]     BL R2 1060 Hz → 219200
[22:29:36.838]     BL R2 1165 Hz → 353580
[22:29:37.173]     BL R2 1370 Hz → 662895
[22:29:37.513]     BL R2 1770 Hz → 1622254
[22:29:37.799]     BL R2 2208 Hz → 20151813
[22:29:38.121]     BL R2 2442 Hz → 3009021
[22:29:38.454]     BL R2 2739 Hz → 950766
[22:29:38.792]     BL R2 3057 Hz → 476329
[22:29:39.144]     BL R2 4194 Hz → 87255
[22:29:39.457]     BL R2 7903 Hz → 87173
[22:29:39.789]     BL R2 11303 Hz → 55343
[22:29:40.165]     BL R2 14813 Hz → 257582
[22:29:40.531]     BL R2 16938 Hz → 1102761
[22:29:40.877]     BL R2 22630 Hz → 16054
[22:29:41.244]     BL R2 28286 Hz → 12214
[22:29:41.590]     BL R2 33810 Hz → 94421
[22:29:41.700]   Baseline for relay 3...
[22:29:42.027]     BL R3 500 Hz → 57578
[22:29:42.374]     BL R3 613 Hz → 61507
[22:29:42.711]     BL R3 789 Hz → 103514
[22:29:43.093]     BL R3 970 Hz → 205843
[22:29:43.425]     BL R3 1060 Hz → 267194
[22:29:43.764]     BL R3 1165 Hz → 459424
[22:29:44.088]     BL R3 1370 Hz → 809711
[22:29:44.404]     BL R3 1770 Hz → 3611736
[22:29:44.683]     BL R3 2208 Hz → 14068998
[22:29:45.047]     BL R3 2442 Hz → 2413759
[22:29:45.388]     BL R3 2739 Hz → 1048639
[22:29:45.707]     BL R3 3057 Hz → 474910
[22:29:46.009]     BL R3 4194 Hz → 97023
[22:29:46.396]     BL R3 7903 Hz → 74387
[22:29:46.745]     BL R3 11303 Hz → 58301
[22:29:47.094]     BL R3 14813 Hz → 439822
[22:29:47.388]     BL R3 16938 Hz → 4852432
[22:29:47.711]     BL R3 22630 Hz → 14357
[22:29:48.027]     BL R3 28286 Hz → 11612
[22:29:48.360]     BL R3 33810 Hz → 127253
[22:29:48.471]   Baseline for relay 4...
[22:29:48.827]     BL R4 500 Hz → 47083
[22:29:49.165]     BL R4 613 Hz → 56816
[22:29:49.506]     BL R4 789 Hz → 104364
[22:29:49.827]     BL R4 970 Hz → 180544
[22:29:50.163]     BL R4 1060 Hz → 255256
[22:29:50.497]     BL R4 1165 Hz → 392410
[22:29:50.850]     BL R4 1370 Hz → 874324
[22:29:51.173]     BL R4 1770 Hz → 3350691
[22:29:51.452]     BL R4 2208 Hz → 12162924
[22:29:51.793]     BL R4 2442 Hz → 2214530
[22:29:52.148]     BL R4 2739 Hz → 826763
[22:29:52.485]     BL R4 3057 Hz → 410188
[22:29:52.817]     BL R4 4194 Hz → 76116
[22:29:53.210]     BL R4 7903 Hz → 81202
[22:29:53.564]     BL R4 11303 Hz → 57507
[22:29:53.876]     BL R4 14813 Hz → 240223
[22:29:54.213]     BL R4 16938 Hz → 1086887
[22:29:54.545]     BL R4 22630 Hz → 19185
[22:29:54.880]     BL R4 28286 Hz → 10596
[22:29:55.236]     BL R4 33810 Hz → 143572
[22:29:55.292]   Baselines: 4 relays × 20 points = 80 total

[22:29:55.292] ═══ Query 1/4: Rod 1 (Pattern A, 20 peaks) ═══
[22:29:55.400]   ─── Sense Rod 1 (Pattern A) ───
[22:29:55.916]     f 1=  516.8 Hz  mag=  46562  BL= 35827  r= 1.30  w=4.0  wr=  5.20    [UNIQUE]
[22:29:56.432]     f 2=  891.3 Hz  mag= 117589  BL=129762  r= 0.91  w=2.0  wr=  1.81    [semi  ]
[22:29:56.931]     f 3= 1127.2 Hz  mag= 257800  BL=263848  r= 0.98  w=2.0  wr=  1.95    [semi  ]
[22:29:57.350]     f 4= 1825.5 Hz  mag=2518532  BL=6448055  r= 0.39  w=2.0  wr=  0.78    [semi  ]
[22:29:57.763]     f 5= 2104.9 Hz  mag=21423950  BL=9761434  r= 2.19  w=0.5  wr=  1.10**  [shared]
[22:29:58.167]     f 6= 2299.2 Hz  mag=24927693  BL=8669820  r= 2.88  w=4.0  wr= 11.50**  [UNIQUE]
[22:29:58.664]     f 7= 2644.6 Hz  mag=1512084  BL=2397832  r= 0.63  w=2.0  wr=  1.26    [semi  ]
[22:29:59.165]     f 8= 5197.8 Hz  mag=  24251  BL= 99185  r= 0.24  w=0.5  wr=  0.12    [shared]
[22:29:59.655]     f 9= 5460.7 Hz  mag=  11940  BL=101659  r= 0.12  w=2.0  wr=  0.23    [semi  ]
[22:30:00.126]     f10= 6022.8 Hz  mag= 250874  BL=106949  r= 2.35  w=2.0  wr=  4.69**  [semi  ]
[22:30:00.630]     f11= 6432.4 Hz  mag= 751699  BL=110804  r= 6.78  w=0.5  wr=  3.39**  [shared]
[22:30:01.100]     f12= 6798.4 Hz  mag=  64806  BL=114250  r= 0.57  w=0.5  wr=  0.28    [shared]
[22:30:01.587]     f13= 7095.9 Hz  mag= 360371  BL=117049  r= 3.08  w=2.0  wr=  6.16**  [semi  ]
[22:30:02.056]     f14= 8824.4 Hz  mag=  78857  BL=107747  r= 0.73  w=0.5  wr=  0.37    [shared]
[22:30:02.517]     f15=13209.1 Hz  mag=  97190  BL=167816  r= 0.58  w=4.0  wr=  2.32    [UNIQUE]
[22:30:02.957]     f16=17617.0 Hz  mag=1163258  BL=681631  r= 1.71  w=0.5  wr=  0.85    [shared]
[22:30:03.453]     f17=18014.2 Hz  mag= 995526  BL=631727  r= 1.58  w=0.5  wr=  0.79    [shared]
[22:30:03.983]     f18=19512.9 Hz  mag= 494425  BL=443438  r= 1.11  w=0.5  wr=  0.56    [shared]
[22:30:04.480]     f19=19965.0 Hz  mag= 789493  BL=386646  r= 2.04  w=0.5  wr=  1.02**  [shared]
[22:30:04.997]     f20=30646.0 Hz  mag=  24879  BL=175335  r= 0.14  w=2.0  wr=  0.28    [semi  ]
[22:30:04.997]     → energy=55911780  mean_ratio=1.52  weighted=44.7  strong=6/20
[22:30:05.109]   ─── Sense Rod 2 (Pattern B) ───
[22:30:05.603]     f 1=  516.8 Hz  mag=  42980  BL= 45519  r= 0.94  w=4.0  wr=  3.78    [UNIQUE]
[22:30:06.102]     f 2=  891.3 Hz  mag= 100299  BL=111748  r= 0.90  w=2.0  wr=  1.80    [semi  ]
[22:30:06.579]     f 3= 1127.2 Hz  mag= 292117  BL=304888  r= 0.96  w=2.0  wr=  1.92    [semi  ]
[22:30:06.997]     f 4= 1825.5 Hz  mag=4314674  BL=3973933  r= 1.09  w=2.0  wr=  2.17    [semi  ]
[22:30:07.407]     f 5= 2104.9 Hz  mag=47540714  BL=15773611  r= 3.01  w=0.5  wr=  1.51**  [shared]
[22:30:07.830]     f 6= 2299.2 Hz  mag=5778040  BL=13485012  r= 0.43  w=4.0  wr=  1.71    [UNIQUE]
[22:30:08.310]     f 7= 2644.6 Hz  mag=1245358  BL=1605443  r= 0.78  w=2.0  wr=  1.55    [semi  ]
[22:30:08.785]     f 8= 5197.8 Hz  mag=  50247  BL= 87233  r= 0.58  w=0.5  wr=  0.29    [shared]
[22:30:09.296]     f 9= 5460.7 Hz  mag=  29793  BL= 87227  r= 0.34  w=2.0  wr=  0.68    [semi  ]
[22:30:09.763]     f10= 6022.8 Hz  mag= 675689  BL= 87215  r= 7.75  w=2.0  wr= 15.49**  [semi  ]
[22:30:10.301]     f11= 6432.4 Hz  mag= 387663  BL= 87206  r= 4.45  w=0.5  wr=  2.22**  [shared]
[22:30:10.802]     f12= 6798.4 Hz  mag= 447078  BL= 87197  r= 5.13  w=0.5  wr=  2.56**  [shared]
[22:30:11.300]     f13= 7095.9 Hz  mag= 187725  BL= 87191  r= 2.15  w=2.0  wr=  4.31**  [semi  ]
[22:30:11.785]     f14= 8824.4 Hz  mag=  67906  BL= 78544  r= 0.86  w=0.5  wr=  0.43    [shared]
[22:30:12.295]     f15=13209.1 Hz  mag=  86552  BL=165168  r= 0.52  w=4.0  wr=  2.10    [UNIQUE]
[22:30:12.760]     f16=17617.0 Hz  mag=2647456  BL=973101  r= 2.72  w=0.5  wr=  1.36**  [shared]
[22:30:13.239]     f17=18014.2 Hz  mag=1686160  BL=897265  r= 1.88  w=0.5  wr=  0.94    [shared]
[22:30:13.723]     f18=19512.9 Hz  mag= 812290  BL=611135  r= 1.33  w=0.5  wr=  0.66    [shared]
[22:30:14.243]     f19=19965.0 Hz  mag= 814158  BL=524831  r= 1.55  w=0.5  wr=  0.78    [shared]
[22:30:14.729]     f20=30646.0 Hz  mag=  13611  BL= 47342  r= 0.29  w=2.0  wr=  0.57    [semi  ]
[22:30:14.730]     → energy=67220510  mean_ratio=1.88  weighted=46.8  strong=6/20
[22:30:14.838]   ─── Sense Rod 3 (Pattern C) ───
[22:30:15.303]     f 1=  516.8 Hz  mag=  52761  BL= 58162  r= 0.91  w=4.0  wr=  3.63    [UNIQUE]
[22:30:15.784]     f 2=  891.3 Hz  mag= 177012  BL=161605  r= 1.10  w=2.0  wr=  2.19    [semi  ]
[22:30:16.287]     f 3= 1127.2 Hz  mag= 383314  BL=389771  r= 0.98  w=2.0  wr=  1.97    [semi  ]
[22:30:16.691]     f 4= 1825.5 Hz  mag=9587281  BL=4938919  r= 1.94  w=2.0  wr=  3.88    [semi  ]
[22:30:17.090]     f 5= 2104.9 Hz  mag=27789874  BL=11598135  r= 2.40  w=0.5  wr=  1.20**  [shared]
[22:30:17.531]     f 6= 2299.2 Hz  mag=4425539  BL=9536297  r= 0.46  w=4.0  wr=  1.86    [UNIQUE]
[22:30:18.006]     f 7= 2644.6 Hz  mag=1126435  BL=1482848  r= 0.76  w=2.0  wr=  1.52    [semi  ]
[22:30:18.477]     f 8= 5197.8 Hz  mag=  37841  BL= 90895  r= 0.42  w=0.5  wr=  0.21    [shared]
[22:30:18.956]     f 9= 5460.7 Hz  mag=  65004  BL= 89291  r= 0.73  w=2.0  wr=  1.46    [semi  ]
[22:30:19.452]     f10= 6022.8 Hz  mag= 315851  BL= 85861  r= 3.68  w=2.0  wr=  7.36**  [semi  ]
[22:30:19.937]     f11= 6432.4 Hz  mag= 167702  BL= 83361  r= 2.01  w=0.5  wr=  1.01**  [shared]
[22:30:20.417]     f12= 6798.4 Hz  mag= 226350  BL= 81127  r= 2.79  w=0.5  wr=  1.40**  [shared]
[22:30:20.882]     f13= 7095.9 Hz  mag= 110677  BL= 79311  r= 1.40  w=2.0  wr=  2.79    [semi  ]
[22:30:21.352]     f14= 8824.4 Hz  mag=  65547  BL= 70026  r= 0.94  w=0.5  wr=  0.47    [shared]
[22:30:21.806]     f15=13209.1 Hz  mag= 121947  BL=265485  r= 0.46  w=4.0  wr=  1.84    [UNIQUE]
[22:30:22.281]     f16=17617.0 Hz  mag= 978222  BL=4275179  r= 0.23  w=0.5  wr=  0.11    [shared]
[22:30:22.773]     f17=18014.2 Hz  mag= 840102  BL=3937550  r= 0.21  w=0.5  wr=  0.11    [shared]
[22:30:23.229]     f18=19512.9 Hz  mag= 961411  BL=2663688  r= 0.36  w=0.5  wr=  0.18    [shared]
[22:30:23.700]     f19=19965.0 Hz  mag= 339876  BL=2279460  r= 0.15  w=0.5  wr=  0.07    [shared]
[22:30:24.168]     f20=30646.0 Hz  mag=  72011  BL= 61027  r= 1.18  w=2.0  wr=  2.36    [semi  ]
[22:30:24.168]     → energy=47844757  mean_ratio=1.15  weighted=35.6  strong=4/20
[22:30:24.276]   ─── Sense Rod 4 (Pattern E) ───
[22:30:24.788]     f 1=  516.8 Hz  mag=  53369  BL= 48529  r= 1.10  w=4.0  wr=  4.40    [UNIQUE]
[22:30:25.224]     f 2=  891.3 Hz  mag= 144368  BL=147610  r= 0.98  w=2.0  wr=  1.96    [semi  ]
[22:30:25.669]     f 3= 1127.2 Hz  mag= 318462  BL=342713  r= 0.93  w=2.0  wr=  1.86    [semi  ]
[22:30:26.076]     f 4= 1825.5 Hz  mag=8202072  BL=4469096  r= 1.84  w=2.0  wr=  3.67    [semi  ]
[22:30:26.694]     f 5= 2104.9 Hz  mag=29590819  BL=10080752  r= 2.94  w=0.5  wr=  1.47**  [shared]
[22:30:27.114]     f 6= 2299.2 Hz  mag=4172618  BL=8294011  r= 0.50  w=4.0  wr=  2.01    [UNIQUE]
[22:30:27.571]     f 7= 2644.6 Hz  mag= 966606  BL=1268175  r= 0.76  w=2.0  wr=  1.52    [semi  ]
[22:30:28.101]     f 8= 5197.8 Hz  mag=  40402  BL= 77493  r= 0.52  w=0.5  wr=  0.26    [shared]
[22:30:28.534]     f 9= 5460.7 Hz  mag=  27855  BL= 77854  r= 0.36  w=2.0  wr=  0.72    [semi  ]
[22:30:28.950]     f10= 6022.8 Hz  mag=1022833  BL= 78624  r=13.01  w=2.0  wr= 26.02**  [semi  ]
[22:30:29.372]     f11= 6432.4 Hz  mag= 179208  BL= 79186  r= 2.26  w=0.5  wr=  1.13**  [shared]
[22:30:29.833]     f12= 6798.4 Hz  mag= 263611  BL= 79688  r= 3.31  w=0.5  wr=  1.65**  [shared]
[22:30:30.253]     f13= 7095.9 Hz  mag= 155926  BL= 80096  r= 1.95  w=2.0  wr=  3.89    [semi  ]
[22:30:30.690]     f14= 8824.4 Hz  mag=  71965  BL= 74779  r= 0.96  w=0.5  wr=  0.48    [shared]
[22:30:31.121]     f15=13209.1 Hz  mag=  85429  BL=156731  r= 0.55  w=4.0  wr=  2.18    [UNIQUE]
[22:30:31.586]     f16=17617.0 Hz  mag=1493183  BL=959495  r= 1.56  w=0.5  wr=  0.78    [shared]
[22:30:32.106]     f17=18014.2 Hz  mag= 787050  BL=884984  r= 0.89  w=0.5  wr=  0.44    [shared]
[22:30:32.569]     f18=19512.9 Hz  mag= 323797  BL=603859  r= 0.54  w=0.5  wr=  0.27    [shared]
[22:30:33.057]     f19=19965.0 Hz  mag= 472114  BL=519065  r= 0.91  w=0.5  wr=  0.45    [shared]
[22:30:33.556]     f20=30646.0 Hz  mag=  52908  BL= 67418  r= 0.78  w=2.0  wr=  1.57    [semi  ]
[22:30:33.556]     → energy=48424595  mean_ratio=1.83  weighted=56.7  strong=4/20
[22:30:33.556] 
[22:30:33.556] ═══ Query 2/4: Rod 2 (Pattern B, 20 peaks) ═══
[22:30:33.660]   ─── Sense Rod 1 (Pattern A) ───
[22:30:34.128]     f 1=  709.4 Hz  mag=  59093  BL= 66008  r= 0.90  w=4.0  wr=  3.58    [UNIQUE]
[22:30:34.605]     f 2= 1026.0 Hz  mag= 202368  BL=192276  r= 1.05  w=4.0  wr=  4.21    [UNIQUE]
[22:30:35.091]     f 3= 1203.2 Hz  mag= 320124  BL=342401  r= 0.93  w=4.0  wr=  3.74    [UNIQUE]
[22:30:35.586]     f 4= 1616.9 Hz  mag=1272358  BL=3785545  r= 0.34  w=0.5  wr=  0.17    [shared]
[22:30:35.999]     f 5= 2117.8 Hz  mag=15402898  BL=9914476  r= 1.55  w=0.5  wr=  0.78    [shared]
[22:30:36.461]     f 6= 2924.3 Hz  mag= 676834  BL=799641  r= 0.85  w=2.0  wr=  1.69    [semi  ]
[22:30:36.924]     f 7= 5689.9 Hz  mag=  17265  BL=103817  r= 0.17  w=0.5  wr=  0.08    [shared]
[22:30:37.389]     f 8= 6303.4 Hz  mag= 422713  BL=109591  r= 3.86  w=0.5  wr=  1.93**  [shared]
[22:30:37.876]     f 9= 6506.6 Hz  mag=1132911  BL=111503  r=10.16  w=0.5  wr=  5.08**  [shared]
[22:30:38.373]     f10= 6792.7 Hz  mag=  73514  BL=114196  r= 0.64  w=0.5  wr=  0.32    [shared]
[22:30:38.896]     f11= 7469.2 Hz  mag= 271194  BL=120563  r= 2.25  w=2.0  wr=  4.50**  [semi  ]
[22:30:39.357]     f12=14242.5 Hz  mag= 155993  BL=225007  r= 0.69  w=2.0  wr=  1.39    [semi  ]
[22:30:39.774]     f13=16364.0 Hz  mag=1098684  BL=629116  r= 1.75  w=0.5  wr=  0.87    [shared]
[22:30:40.240]     f14=17802.2 Hz  mag= 681479  BL=658362  r= 1.04  w=0.5  wr=  0.52    [shared]
[22:30:40.706]     f15=18672.3 Hz  mag= 594558  BL=549049  r= 1.08  w=0.5  wr=  0.54    [shared]
[22:30:41.179]     f16=19440.0 Hz  mag= 537670  BL=452596  r= 1.19  w=0.5  wr=  0.59    [shared]
[22:30:41.645]     f17=19679.5 Hz  mag= 520310  BL=422514  r= 1.23  w=0.5  wr=  0.62    [shared]
[22:30:42.127]     f18=19960.4 Hz  mag= 808770  BL=387213  r= 2.09  w=0.5  wr=  1.04**  [shared]
[22:30:42.625]     f19=25707.1 Hz  mag=  12325  BL= 31582  r= 0.39  w=0.5  wr=  0.20    [shared]
[22:30:43.118]     f20=25925.0 Hz  mag=  15106  BL= 30147  r= 0.50  w=2.0  wr=  1.00    [semi  ]
[22:30:43.118]     → energy=24276167  mean_ratio=1.63  weighted=32.9  strong=4/20
[22:30:43.227]   ─── Sense Rod 2 (Pattern B) ───
[22:30:43.708]     f 1=  709.4 Hz  mag=  66593  BL= 66840  r= 1.00  w=4.0  wr=  3.99    [UNIQUE]
[22:30:44.219]     f 2= 1026.0 Hz  mag= 173404  BL=188928  r= 0.92  w=4.0  wr=  3.67    [UNIQUE]
[22:30:44.730]     f 3= 1203.2 Hz  mag= 373091  BL=410995  r= 0.91  w=4.0  wr=  3.63    [UNIQUE]
[22:30:45.208]     f 4= 1616.9 Hz  mag=2103538  BL=1255375  r= 1.68  w=0.5  wr=  0.84    [shared]
[22:30:45.612]     f 5= 2117.8 Hz  mag=54613569  BL=16318628  r= 3.35  w=0.5  wr=  1.67**  [shared]
[22:30:46.074]     f 6= 2924.3 Hz  mag= 636938  BL=674467  r= 0.94  w=2.0  wr=  1.89    [semi  ]
[22:30:46.518]     f 7= 5689.9 Hz  mag=  21745  BL= 87222  r= 0.25  w=0.5  wr=  0.12    [shared]
[22:30:47.001]     f 8= 6303.4 Hz  mag= 335110  BL= 87208  r= 3.84  w=0.5  wr=  1.92**  [shared]
[22:30:47.475]     f 9= 6506.6 Hz  mag= 641838  BL= 87204  r= 7.36  w=0.5  wr=  3.68**  [shared]
[22:30:47.932]     f10= 6792.7 Hz  mag= 441495  BL= 87198  r= 5.06  w=0.5  wr=  2.53**  [shared]
[22:30:48.387]     f11= 7469.2 Hz  mag= 112001  BL= 87183  r= 1.28  w=2.0  wr=  2.57    [semi  ]
[22:30:48.876]     f12=14242.5 Hz  mag= 154152  BL=224706  r= 0.69  w=2.0  wr=  1.37    [semi  ]
[22:30:49.337]     f13=16364.0 Hz  mag=1365390  BL=874497  r= 1.56  w=0.5  wr=  0.78    [shared]
[22:30:49.810]     f14=17802.2 Hz  mag=1054379  BL=937740  r= 1.12  w=0.5  wr=  0.56    [shared]
[22:30:50.268]     f15=18672.3 Hz  mag=1027466  BL=771624  r= 1.33  w=0.5  wr=  0.67    [shared]
[22:30:50.762]     f16=19440.0 Hz  mag= 653547  BL=625052  r= 1.05  w=0.5  wr=  0.52    [shared]
[22:30:51.272]     f17=19679.5 Hz  mag=1003625  BL=579339  r= 1.73  w=0.5  wr=  0.87    [shared]
[22:30:51.711]     f18=19960.4 Hz  mag= 819230  BL=525693  r= 1.56  w=0.5  wr=  0.78    [shared]
[22:30:52.227]     f19=25707.1 Hz  mag=  11680  BL= 13965  r= 0.84  w=0.5  wr=  0.42    [shared]
[22:30:52.745]     f20=25925.0 Hz  mag=  12187  BL= 13817  r= 0.88  w=2.0  wr=  1.76    [semi  ]
[22:30:52.745]     → energy=65620981  mean_ratio=1.87  weighted=34.2  strong=4/20
[22:30:52.855]   ─── Sense Rod 3 (Pattern C) ───
[22:30:53.351]     f 1=  709.4 Hz  mag= 100791  BL= 84558  r= 1.19  w=4.0  wr=  4.77    [UNIQUE]
[22:30:53.824]     f 2= 1026.0 Hz  mag= 237122  BL=243983  r= 0.97  w=4.0  wr=  3.89    [UNIQUE]
[22:30:54.307]     f 3= 1203.2 Hz  mag= 555766  BL=524445  r= 1.06  w=4.0  wr=  4.24    [UNIQUE]
[22:30:54.753]     f 4= 1616.9 Hz  mag=1471764  BL=2540184  r= 0.58  w=0.5  wr=  0.29    [shared]
[22:30:55.164]     f 5= 2117.8 Hz  mag=30361102  BL=11905718  r= 2.55  w=0.5  wr=  1.28**  [shared]
[22:30:55.628]     f 6= 2924.3 Hz  mag= 670780  BL=714515  r= 0.94  w=2.0  wr=  1.88    [semi  ]
[22:30:56.121]     f 7= 5689.9 Hz  mag= 204462  BL= 87892  r= 2.33  w=0.5  wr=  1.16**  [shared]
[22:30:56.589]     f 8= 6303.4 Hz  mag= 162162  BL= 84148  r= 1.93  w=0.5  wr=  0.96    [shared]
[22:30:57.056]     f 9= 6506.6 Hz  mag= 113366  BL= 82908  r= 1.37  w=0.5  wr=  0.68    [shared]
[22:30:57.544]     f10= 6792.7 Hz  mag= 222479  BL= 81161  r= 2.74  w=0.5  wr=  1.37**  [shared]
[22:30:57.986]     f11= 7469.2 Hz  mag=  88082  BL= 77033  r= 1.14  w=2.0  wr=  2.29    [semi  ]
[22:30:58.487]     f12=14242.5 Hz  mag= 245940  BL=377801  r= 0.65  w=2.0  wr=  1.30    [semi  ]
[22:30:58.923]     f13=16364.0 Hz  mag=2325072  BL=3660686  r= 0.64  w=0.5  wr=  0.32    [shared]
[22:30:59.398]     f14=17802.2 Hz  mag=1040277  BL=4117751  r= 0.25  w=0.5  wr=  0.13    [shared]
[22:30:59.844]     f15=18672.3 Hz  mag= 153742  BL=3378193  r= 0.05  w=0.5  wr=  0.02    [shared]
[22:31:00.330]     f16=19440.0 Hz  mag= 874596  BL=2725646  r= 0.32  w=0.5  wr=  0.16    [shared]
[22:31:00.818]     f17=19679.5 Hz  mag= 896187  BL=2522128  r= 0.36  w=0.5  wr=  0.18    [shared]
[22:31:01.279]     f18=19960.4 Hz  mag= 337070  BL=2283295  r= 0.15  w=0.5  wr=  0.07    [shared]
[22:31:01.720]     f19=25707.1 Hz  mag=  12471  BL= 12863  r= 0.97  w=0.5  wr=  0.48    [shared]
[22:31:02.205]     f20=25925.0 Hz  mag=  11326  BL= 12758  r= 0.89  w=2.0  wr=  1.78    [semi  ]
[22:31:02.205]     → energy=40084557  mean_ratio=1.05  weighted=27.2  strong=3/20
[22:31:02.309]   ─── Sense Rod 4 (Pattern E) ───
[22:31:02.817]     f 1=  709.4 Hz  mag=  74075  BL= 82907  r= 0.89  w=4.0  wr=  3.57    [UNIQUE]
[22:31:03.323]     f 2= 1026.0 Hz  mag= 220042  BL=226990  r= 0.97  w=4.0  wr=  3.88    [UNIQUE]
[22:31:03.822]     f 3= 1203.2 Hz  mag= 454332  BL=481864  r= 0.94  w=4.0  wr=  3.77    [UNIQUE]
[22:31:04.268]     f 4= 1616.9 Hz  mag=3179367  BL=2403678  r= 1.32  w=0.5  wr=  0.66    [shared]
[22:31:04.669]     f 5= 2117.8 Hz  mag=32069488  BL=10339949  r= 3.10  w=0.5  wr=  1.55**  [shared]
[22:31:05.142]     f 6= 2924.3 Hz  mag= 542468  BL=584162  r= 0.93  w=2.0  wr=  1.86    [semi  ]
[22:31:05.616]     f 7= 5689.9 Hz  mag=  16061  BL= 78168  r= 0.21  w=0.5  wr=  0.10    [shared]
[22:31:06.113]     f 8= 6303.4 Hz  mag= 860452  BL= 79009  r=10.89  w=0.5  wr=  5.45**  [shared]
[22:31:06.600]     f 9= 6506.6 Hz  mag= 894771  BL= 79288  r=11.29  w=0.5  wr=  5.64**  [shared]
[22:31:07.042]     f10= 6792.7 Hz  mag= 271679  BL= 79680  r= 3.41  w=0.5  wr=  1.70**  [shared]
[22:31:07.529]     f11= 7469.2 Hz  mag= 103266  BL= 80608  r= 1.28  w=2.0  wr=  2.56    [semi  ]
[22:31:08.039]     f12=14242.5 Hz  mag= 144630  BL=210521  r= 0.69  w=2.0  wr=  1.37    [semi  ]
[22:31:08.540]     f13=16364.0 Hz  mag=1423980  BL=858222  r= 1.66  w=0.5  wr=  0.83    [shared]
[22:31:08.994]     f14=17802.2 Hz  mag= 803194  BL=924752  r= 0.87  w=0.5  wr=  0.43    [shared]
[22:31:09.489]     f15=18672.3 Hz  mag=1223486  BL=761541  r= 1.61  w=0.5  wr=  0.80    [shared]
[22:31:09.964]     f16=19440.0 Hz  mag= 377856  BL=617532  r= 0.61  w=0.5  wr=  0.31    [shared]
[22:31:10.501]     f17=19679.5 Hz  mag= 270982  BL=572618  r= 0.47  w=0.5  wr=  0.24    [shared]
[22:31:10.985]     f18=19960.4 Hz  mag= 470532  BL=519911  r= 0.91  w=0.5  wr=  0.45    [shared]
[22:31:11.495]     f19=25707.1 Hz  mag=  12844  BL= 14512  r= 0.89  w=0.5  wr=  0.44    [shared]
[22:31:11.950]     f20=25925.0 Hz  mag=  13510  BL= 14181  r= 0.95  w=2.0  wr=  1.91    [semi  ]
[22:31:11.950]     → energy=43427015  mean_ratio=2.19  weighted=37.5  strong=4/20
[22:31:11.950] 
[22:31:11.950] ═══ Query 3/4: Rod 3 (Pattern C, 20 peaks) ═══
[22:31:12.059]   ─── Sense Rod 1 (Pattern A) ───
[22:31:12.542]     f 1=  913.1 Hz  mag= 131218  BL=139183  r= 0.94  w=2.0  wr=  1.89    [semi  ]
[22:31:13.024]     f 2= 1536.4 Hz  mag= 869068  BL=2731877  r= 0.32  w=2.0  wr=  0.64    [semi  ]
[22:31:13.473]     f 3= 1714.2 Hz  mag=2565999  BL=5058952  r= 0.51  w=2.0  wr=  1.01    [semi  ]
[22:31:13.885]     f 4= 2001.1 Hz  mag=29728417  BL=8531314  r= 3.48  w=2.0  wr=  6.97**  [semi  ]
[22:31:14.350]     f 5= 2833.8 Hz  mag= 881268  BL=982545  r= 0.90  w=2.0  wr=  1.79    [semi  ]
[22:31:14.835]     f 6= 5575.5 Hz  mag=  11254  BL=102739  r= 0.11  w=2.0  wr=  0.22    [semi  ]
[22:31:15.278]     f 7= 5765.3 Hz  mag=  12424  BL=104526  r= 0.12  w=0.5  wr=  0.06    [shared]
[22:31:15.800]     f 8= 6218.2 Hz  mag= 371747  BL=108789  r= 3.42  w=0.5  wr=  1.71**  [shared]
[22:31:16.307]     f 9= 9396.4 Hz  mag=  68663  BL= 97261  r= 0.71  w=4.0  wr=  2.82    [UNIQUE]
[22:31:16.771]     f10=13910.5 Hz  mag= 124847  BL=206635  r= 0.60  w=2.0  wr=  1.21    [semi  ]
[22:31:17.216]     f11=15383.8 Hz  mag= 564311  BL=393667  r= 1.43  w=0.5  wr=  0.72    [shared]
[22:31:17.688]     f12=16285.2 Hz  mag=1314405  BL=610192  r= 2.15  w=0.5  wr=  1.08**  [shared]
[22:31:18.158]     f13=17904.6 Hz  mag= 704727  BL=645489  r= 1.09  w=0.5  wr=  0.55    [shared]
[22:31:18.641]     f14=18192.2 Hz  mag=2211375  BL=609366  r= 3.63  w=0.5  wr=  1.81**  [shared]
[22:31:19.089]     f15=18375.5 Hz  mag=1216732  BL=586334  r= 2.08  w=0.5  wr=  1.04**  [shared]
[22:31:19.567]     f16=18604.9 Hz  mag= 495642  BL=557508  r= 0.89  w=0.5  wr=  0.44    [shared]
[22:31:20.070]     f17=19029.8 Hz  mag= 754856  BL=504137  r= 1.50  w=0.5  wr=  0.75    [shared]
[22:31:20.551]     f18=19480.0 Hz  mag= 517476  BL=447571  r= 1.16  w=0.5  wr=  0.58    [shared]
[22:31:21.024]     f19=25294.8 Hz  mag=  11321  BL= 34296  r= 0.33  w=0.5  wr=  0.17    [shared]
[22:31:21.521]     f20=31809.6 Hz  mag=  72656  BL=254565  r= 0.29  w=2.0  wr=  0.57    [semi  ]
[22:31:21.521]     → energy=42628407  mean_ratio=1.28  weighted=26.0  strong=5/20
[22:31:21.631]   ─── Sense Rod 2 (Pattern B) ───
[22:31:22.122]     f 1=  913.1 Hz  mag= 118467  BL=119403  r= 0.99  w=2.0  wr=  1.98    [semi  ]
[22:31:22.581]     f 2= 1536.4 Hz  mag=1562621  BL=1062299  r= 1.47  w=2.0  wr=  2.94    [semi  ]
[22:31:23.032]     f 3= 1714.2 Hz  mag=3313283  BL=1488717  r= 2.23  w=2.0  wr=  4.45**  [semi  ]
[22:31:23.446]     f 4= 2001.1 Hz  mag=40502584  BL=11392881  r= 3.56  w=2.0  wr=  7.11**  [semi  ]
[22:31:23.920]     f 5= 2833.8 Hz  mag= 728332  BL=809630  r= 0.90  w=2.0  wr=  1.80    [semi  ]
[22:31:24.427]     f 6= 5575.5 Hz  mag=  29112  BL= 87224  r= 0.33  w=2.0  wr=  0.67    [semi  ]
[22:31:24.912]     f 7= 5765.3 Hz  mag=  21020  BL= 87220  r= 0.24  w=0.5  wr=  0.12    [shared]
[22:31:25.388]     f 8= 6218.2 Hz  mag= 743586  BL= 87210  r= 8.53  w=0.5  wr=  4.26**  [shared]
[22:31:25.882]     f 9= 9396.4 Hz  mag=  56121  BL= 73189  r= 0.77  w=4.0  wr=  3.07    [UNIQUE]
[22:31:26.306]     f10=13910.5 Hz  mag= 122104  BL=205580  r= 0.59  w=2.0  wr=  1.19    [semi  ]
[22:31:26.760]     f11=15383.8 Hz  mag= 568187  BL=484587  r= 1.17  w=0.5  wr=  0.59    [shared]
[22:31:27.240]     f12=16285.2 Hz  mag=1583529  BL=843159  r= 1.88  w=0.5  wr=  0.94    [shared]
[22:31:27.756]     f13=17904.6 Hz  mag= 997886  BL=918179  r= 1.09  w=0.5  wr=  0.54    [shared]
[22:31:28.226]     f14=18192.2 Hz  mag=1142686  BL=863284  r= 1.32  w=0.5  wr=  0.66    [shared]
[22:31:28.730]     f15=18375.5 Hz  mag= 944840  BL=828284  r= 1.14  w=0.5  wr=  0.57    [shared]
[22:31:29.245]     f16=18604.9 Hz  mag= 967977  BL=784480  r= 1.23  w=0.5  wr=  0.62    [shared]
[22:31:29.726]     f17=19029.8 Hz  mag= 854424  BL=703375  r= 1.21  w=0.5  wr=  0.61    [shared]
[22:31:30.238]     f18=19480.0 Hz  mag= 737284  BL=617415  r= 1.19  w=0.5  wr=  0.60    [shared]
[22:31:30.703]     f19=25294.8 Hz  mag=  13737  BL= 14245  r= 0.96  w=0.5  wr=  0.48    [shared]
[22:31:31.169]     f20=31809.6 Hz  mag=  82958  BL= 64658  r= 1.28  w=2.0  wr=  2.57    [semi  ]
[22:31:31.169]     → energy=55090737  mean_ratio=1.60  weighted=35.8  strong=3/20
[22:31:31.289]   ─── Sense Rod 3 (Pattern C) ───
[22:31:31.760]     f 1=  913.1 Hz  mag= 183688  BL=173947  r= 1.06  w=2.0  wr=  2.11    [semi  ]
[22:31:32.189]     f 2= 1536.4 Hz  mag=3338360  BL=1976262  r= 1.69  w=2.0  wr=  3.38    [semi  ]
[22:31:32.624]     f 3= 1714.2 Hz  mag=2705638  BL=3221711  r= 0.84  w=2.0  wr=  1.68    [semi  ]
[22:31:33.036]     f 4= 2001.1 Hz  mag=17054611  BL=9125845  r= 1.87  w=2.0  wr=  3.74    [semi  ]
[22:31:33.541]     f 5= 2833.8 Hz  mag= 832629  BL=877966  r= 0.95  w=2.0  wr=  1.90    [semi  ]
[22:31:34.043]     f 6= 5575.5 Hz  mag=  96212  BL= 88590  r= 1.09  w=2.0  wr=  2.17    [semi  ]
[22:31:34.547]     f 7= 5765.3 Hz  mag= 235884  BL= 87432  r= 2.70  w=0.5  wr=  1.35**  [shared]
[22:31:35.088]     f 8= 6218.2 Hz  mag= 189161  BL= 84668  r= 2.23  w=0.5  wr=  1.12**  [shared]
[22:31:35.602]     f 9= 9396.4 Hz  mag=  58890  BL= 67320  r= 0.87  w=4.0  wr=  3.50    [UNIQUE]
[22:31:36.057]     f10=13910.5 Hz  mag= 186632  BL=341722  r= 0.55  w=2.0  wr=  1.09    [semi  ]
[22:31:36.530]     f11=15383.8 Hz  mag=1547901  BL=1624997  r= 0.95  w=0.5  wr=  0.48    [shared]
[22:31:37.001]     f12=16285.2 Hz  mag=2302132  BL=3497069  r= 0.66  w=0.5  wr=  0.33    [shared]
[22:31:37.431]     f13=17904.6 Hz  mag= 882120  BL=4030661  r= 0.22  w=0.5  wr=  0.11    [shared]
[22:31:37.901]     f14=18192.2 Hz  mag= 768550  BL=3786268  r= 0.20  w=0.5  wr=  0.10    [shared]
[22:31:38.402]     f15=18375.5 Hz  mag= 335667  BL=3630444  r= 0.09  w=0.5  wr=  0.05    [shared]
[22:31:38.922]     f16=18604.9 Hz  mag=  46982  BL=3435427  r= 0.01  w=0.5  wr=  0.01    [shared]
[22:31:39.421]     f17=19029.8 Hz  mag= 267859  BL=3074345  r= 0.09  w=0.5  wr=  0.04    [shared]
[22:31:39.914]     f18=19480.0 Hz  mag= 918306  BL=2691647  r= 0.34  w=0.5  wr=  0.17    [shared]
[22:31:40.396]     f19=25294.8 Hz  mag=  11102  BL= 13064  r= 0.85  w=0.5  wr=  0.42    [shared]
[22:31:40.871]     f20=31809.6 Hz  mag= 131348  BL= 85386  r= 1.54  w=2.0  wr=  3.08    [semi  ]
[22:31:40.871]     → energy=32093671  mean_ratio=0.94  weighted=26.8  strong=2/20
[22:31:40.981]   ─── Sense Rod 4 (Pattern E) ───
[22:31:41.457]     f 1=  913.1 Hz  mag= 150122  BL=156798  r= 0.96  w=2.0  wr=  1.91    [semi  ]
[22:31:41.936]     f 2= 1536.4 Hz  mag=1159776  BL=1905296  r= 0.61  w=2.0  wr=  1.22    [semi  ]
[22:31:42.402]     f 3= 1714.2 Hz  mag=1517734  BL=3005996  r= 0.50  w=2.0  wr=  1.01    [semi  ]
[22:31:42.794]     f 4= 2001.1 Hz  mag=15092217  BL=7997377  r= 1.89  w=2.0  wr=  3.77    [semi  ]
[22:31:43.300]     f 5= 2833.8 Hz  mag= 651408  BL=702840  r= 0.93  w=2.0  wr=  1.85    [semi  ]
[22:31:43.787]     f 6= 5575.5 Hz  mag=  23322  BL= 78011  r= 0.30  w=2.0  wr=  0.60    [semi  ]
[22:31:44.301]     f 7= 5765.3 Hz  mag=  14163  BL= 78271  r= 0.18  w=0.5  wr=  0.09    [shared]
[22:31:44.771]     f 8= 6218.2 Hz  mag=1332920  BL= 78892  r=16.90  w=0.5  wr=  8.45**  [shared]
[22:31:45.238]     f 9= 9396.4 Hz  mag=  58292  BL= 70792  r= 0.82  w=4.0  wr=  3.29    [UNIQUE]
[22:31:45.732]     f10=13910.5 Hz  mag= 126599  BL=193242  r= 0.66  w=2.0  wr=  1.31    [semi  ]
[22:31:46.249]     f11=15383.8 Hz  mag= 554857  BL=467627  r= 1.19  w=0.5  wr=  0.59    [shared]
[22:31:46.738]     f12=16285.2 Hz  mag=1707609  BL=826829  r= 2.07  w=0.5  wr=  1.03**  [shared]
[22:31:47.245]     f13=17904.6 Hz  mag= 637810  BL=905533  r= 0.70  w=0.5  wr=  0.35    [shared]
[22:31:47.699]     f14=18192.2 Hz  mag=1820298  BL=851598  r= 2.14  w=0.5  wr=  1.07**  [shared]
[22:31:48.133]     f15=18375.5 Hz  mag=2403334  BL=817210  r= 2.94  w=0.5  wr=  1.47**  [shared]
[22:31:48.617]     f16=18604.9 Hz  mag=1387214  BL=774172  r= 1.79  w=0.5  wr=  0.90    [shared]
[22:31:49.135]     f17=19029.8 Hz  mag= 898825  BL=694486  r= 1.29  w=0.5  wr=  0.65    [shared]
[22:31:49.647]     f18=19480.0 Hz  mag= 336277  BL=610029  r= 0.55  w=0.5  wr=  0.28    [shared]
[22:31:50.154]     f19=25294.8 Hz  mag=  13656  BL= 15138  r= 0.90  w=0.5  wr=  0.45    [shared]
[22:31:50.631]     f20=31809.6 Hz  mag= 392677  BL= 95428  r= 4.11  w=2.0  wr=  8.23**  [semi  ]
[22:31:50.632]     → energy=30279109  mean_ratio=2.07  weighted=38.5  strong=5/20
[22:31:50.632] 
[22:31:50.632] ═══ Query 4/4: Rod 4 (Pattern E, 20 peaks) ═══
[22:31:50.739]   ─── Sense Rod 1 (Pattern A) ───
[22:31:51.203]     f 1=  867.7 Hz  mag= 114052  BL=119557  r= 0.95  w=2.0  wr=  1.91    [semi  ]
[22:31:51.665]     f 2= 1094.7 Hz  mag= 236162  BL=237525  r= 0.99  w=2.0  wr=  1.99    [semi  ]
[22:31:52.129]     f 3= 1631.9 Hz  mag=1325102  BL=3982637  r= 0.33  w=0.5  wr=  0.17    [shared]
[22:31:52.601]     f 4= 1895.7 Hz  mag=2235079  BL=7280092  r= 0.31  w=2.0  wr=  0.61    [semi  ]
[22:31:53.006]     f 5= 2088.0 Hz  mag=24577354  BL=9561799  r= 2.57  w=0.5  wr=  1.29**  [shared]
[22:31:53.473]     f 6= 2584.4 Hz  mag=2009636  BL=3176651  r= 0.63  w=2.0  wr=  1.27    [semi  ]
[22:31:53.949]     f 7= 3189.9 Hz  mag= 377369  BL=479898  r= 0.79  w=4.0  wr=  3.15    [UNIQUE]
[22:31:54.431]     f 8= 5258.1 Hz  mag=  15904  BL= 99752  r= 0.16  w=0.5  wr=  0.08    [shared]
[22:31:54.962]     f 9= 5892.7 Hz  mag=  54697  BL=105725  r= 0.52  w=2.0  wr=  1.03    [semi  ]
[22:31:55.440]     f10= 6319.8 Hz  mag= 442309  BL=109745  r= 4.03  w=0.5  wr=  2.02**  [shared]
[22:31:55.951]     f11= 6784.7 Hz  mag=  78229  BL=114121  r= 0.69  w=0.5  wr=  0.34    [shared]
[22:31:56.495]     f12= 8336.2 Hz  mag=  95411  BL=116696  r= 0.82  w=4.0  wr=  3.27    [UNIQUE]
[22:31:56.952]     f13= 8691.0 Hz  mag=  76797  BL=110192  r= 0.70  w=0.5  wr=  0.35    [shared]
[22:31:57.436]     f14= 8911.0 Hz  mag=  92592  BL=106160  r= 0.87  w=0.5  wr=  0.44    [shared]
[22:31:57.923]     f15=15570.9 Hz  mag= 871878  BL=438601  r= 1.99  w=0.5  wr=  0.99    [shared]
[22:31:58.368]     f16=17511.6 Hz  mag=1003060  BL=694868  r= 1.44  w=0.5  wr=  0.72    [shared]
[22:31:58.843]     f17=18235.6 Hz  mag=2215994  BL=603907  r= 3.67  w=0.5  wr=  1.83**  [shared]
[22:31:59.356]     f18=19002.5 Hz  mag= 772670  BL=507558  r= 1.52  w=0.5  wr=  0.76    [shared]
[22:31:59.826]     f19=19467.0 Hz  mag= 532916  BL=449200  r= 1.19  w=0.5  wr=  0.59    [shared]
[22:32:00.333]     f20=19747.8 Hz  mag= 574821  BL=413930  r= 1.39  w=0.5  wr=  0.69    [shared]
[22:32:00.333]     → energy=37702033  mean_ratio=1.28  weighted=23.5  strong=3/20
[22:32:00.443]   ─── Sense Rod 2 (Pattern B) ───
[22:32:00.928]     f 1=  867.7 Hz  mag=  92504  BL=103455  r= 0.89  w=2.0  wr=  1.79    [semi  ]
[22:32:01.458]     f 2= 1094.7 Hz  mag= 259275  BL=263177  r= 0.99  w=2.0  wr=  1.97    [semi  ]
[22:32:01.926]     f 3= 1631.9 Hz  mag=1553890  BL=1291491  r= 1.20  w=0.5  wr=  0.60    [shared]
[22:32:02.387]     f 4= 1895.7 Hz  mag=3785487  BL=6937002  r= 0.55  w=2.0  wr=  1.09    [semi  ]
[22:32:02.799]     f 5= 2088.0 Hz  mag=42556492  BL=15062666  r= 2.83  w=0.5  wr=  1.41**  [shared]
[22:32:03.250]     f 6= 2584.4 Hz  mag=1532439  BL=2021906  r= 0.76  w=2.0  wr=  1.52    [semi  ]
[22:32:03.755]     f 7= 3189.9 Hz  mag= 359960  BL=430868  r= 0.84  w=4.0  wr=  3.34    [UNIQUE]
[22:32:04.256]     f 8= 5258.1 Hz  mag= 131993  BL= 87231  r= 1.51  w=0.5  wr=  0.76    [shared]
[22:32:04.732]     f 9= 5892.7 Hz  mag=  58720  BL= 87217  r= 0.67  w=2.0  wr=  1.35    [semi  ]
[22:32:05.216]     f10= 6319.8 Hz  mag= 308742  BL= 87208  r= 3.54  w=0.5  wr=  1.77**  [shared]
[22:32:05.711]     f11= 6784.7 Hz  mag= 442018  BL= 87198  r= 5.07  w=0.5  wr=  2.53**  [shared]
[22:32:06.178]     f12= 8336.2 Hz  mag=  76532  BL= 83115  r= 0.92  w=4.0  wr=  3.68    [UNIQUE]
[22:32:06.661]     f13= 8691.0 Hz  mag=  65479  BL= 79793  r= 0.82  w=0.5  wr=  0.41    [shared]
[22:32:07.131]     f14= 8911.0 Hz  mag=  64301  BL= 77734  r= 0.83  w=0.5  wr=  0.41    [shared]
[22:32:07.635]     f15=15570.9 Hz  mag= 870944  BL=558998  r= 1.56  w=0.5  wr=  0.78    [shared]
[22:32:08.094]     f16=17511.6 Hz  mag=2592481  BL=993216  r= 2.61  w=0.5  wr=  1.31**  [shared]
[22:32:08.541]     f17=18235.6 Hz  mag=1085151  BL=854988  r= 1.27  w=0.5  wr=  0.63    [shared]
[22:32:08.995]     f18=19002.5 Hz  mag=1022861  BL=708574  r= 1.44  w=0.5  wr=  0.72    [shared]
[22:32:09.518]     f19=19467.0 Hz  mag= 706339  BL=619890  r= 1.14  w=0.5  wr=  0.57    [shared]
[22:32:10.066]     f20=19747.8 Hz  mag= 962109  BL=566294  r= 1.70  w=0.5  wr=  0.85    [shared]
[22:32:10.067]     → energy=58527715  mean_ratio=1.56  weighted=27.5  strong=4/20
[22:32:10.176]   ─── Sense Rod 3 (Pattern C) ───
[22:32:10.716]     f 1=  867.7 Hz  mag= 160117  BL=148235  r= 1.08  w=2.0  wr=  2.16    [semi  ]
[22:32:11.214]     f 2= 1094.7 Hz  mag= 322720  BL=330104  r= 0.98  w=2.0  wr=  1.96    [semi  ]
[22:32:11.714]     f 3= 1631.9 Hz  mag=1701425  BL=2645668  r= 0.64  w=0.5  wr=  0.32    [shared]
[22:32:12.125]     f 4= 1895.7 Hz  mag=9173909  BL=6611144  r= 1.39  w=2.0  wr=  2.78    [semi  ]
[22:32:12.526]     f 5= 2088.0 Hz  mag=24852263  BL=11196909  r= 2.22  w=0.5  wr=  1.11**  [shared]
[22:32:12.977]     f 6= 2584.4 Hz  mag=1342267  BL=1759063  r= 0.76  w=2.0  wr=  1.53    [semi  ]
[22:32:13.444]     f 7= 3189.9 Hz  mag= 376403  BL=430756  r= 0.87  w=4.0  wr=  3.50    [UNIQUE]
[22:32:13.881]     f 8= 5258.1 Hz  mag=  42321  BL= 90527  r= 0.47  w=0.5  wr=  0.23    [shared]
[22:32:14.362]     f 9= 5892.7 Hz  mag= 978526  BL= 86654  r=11.29  w=2.0  wr= 22.58**  [semi  ]
[22:32:14.847]     f10= 6319.8 Hz  mag= 151869  BL= 84048  r= 1.81  w=0.5  wr=  0.90    [shared]
[22:32:15.325]     f11= 6784.7 Hz  mag= 227385  BL= 81210  r= 2.80  w=0.5  wr=  1.40**  [shared]
[22:32:15.849]     f12= 8336.2 Hz  mag=  64049  BL= 72336  r= 0.89  w=4.0  wr=  3.54    [UNIQUE]
[22:32:16.314]     f13= 8691.0 Hz  mag=  81747  BL= 70658  r= 1.16  w=0.5  wr=  0.58    [shared]
[22:32:16.792]     f14= 8911.0 Hz  mag=  55322  BL= 69617  r= 0.79  w=0.5  wr=  0.40    [shared]
[22:32:17.229]     f15=15570.9 Hz  mag=4482851  BL=2013492  r= 2.23  w=0.5  wr=  1.11**  [shared]
[22:32:17.726]     f16=17511.6 Hz  mag= 562720  BL=4364730  r= 0.13  w=0.5  wr=  0.06    [shared]
[22:32:18.205]     f17=18235.6 Hz  mag= 622267  BL=3749332  r= 0.17  w=0.5  wr=  0.08    [shared]
[22:32:18.670]     f18=19002.5 Hz  mag= 233518  BL=3097488  r= 0.08  w=0.5  wr=  0.04    [shared]
[22:32:19.148]     f19=19467.0 Hz  mag= 906606  BL=2702666  r= 0.34  w=0.5  wr=  0.17    [shared]
[22:32:19.627]     f20=19747.8 Hz  mag= 742818  BL=2464051  r= 0.30  w=0.5  wr=  0.15    [shared]
[22:32:19.627]     → energy=47081106  mean_ratio=1.52  weighted=44.6  strong=4/20
[22:32:19.732]   ─── Sense Rod 4 (Pattern E) ───
[22:32:20.249]     f 1=  867.7 Hz  mag= 132787  BL=137657  r= 0.96  w=2.0  wr=  1.93    [semi  ]
[22:32:20.698]     f 2= 1094.7 Hz  mag= 284271  BL=300142  r= 0.95  w=2.0  wr=  1.89    [semi  ]
[22:32:21.153]     f 3= 1631.9 Hz  mag=2366279  BL=2496902  r= 0.95  w=0.5  wr=  0.47    [shared]
[22:32:21.566]     f 4= 1895.7 Hz  mag=19143523  BL=5878264  r= 3.26  w=2.0  wr=  6.51**  [semi  ]
[22:32:21.969]     f 5= 2088.0 Hz  mag=25641498  BL=9742642  r= 2.63  w=0.5  wr=  1.32**  [shared]
[22:32:22.444]     f 6= 2584.4 Hz  mag=1153478  BL=1548973  r= 0.74  w=2.0  wr=  1.49    [semi  ]
[22:32:22.933]     f 7= 3189.9 Hz  mag= 325261  BL=371154  r= 0.88  w=4.0  wr=  3.51    [UNIQUE]
[22:32:23.427]     f 8= 5258.1 Hz  mag=  42714  BL= 77576  r= 0.55  w=0.5  wr=  0.28    [shared]
[22:32:23.860]     f 9= 5892.7 Hz  mag= 109754  BL= 78446  r= 1.40  w=2.0  wr=  2.80    [semi  ]
[22:32:24.329]     f10= 6319.8 Hz  mag= 834786  BL= 79031  r=10.56  w=0.5  wr=  5.28**  [shared]
[22:32:24.798]     f11= 6784.7 Hz  mag= 273588  BL= 79669  r= 3.43  w=0.5  wr=  1.72**  [shared]
[22:32:25.330]     f12= 8336.2 Hz  mag=  63127  BL= 78181  r= 0.81  w=4.0  wr=  3.23    [UNIQUE]
[22:32:25.782]     f13= 8691.0 Hz  mag=  59266  BL= 75708  r= 0.78  w=0.5  wr=  0.39    [shared]
[22:32:26.221]     f14= 8911.0 Hz  mag=  71946  BL= 74175  r= 0.97  w=0.5  wr=  0.48    [shared]
[22:32:26.688]     f15=15570.9 Hz  mag= 837091  BL=542169  r= 1.54  w=0.5  wr=  0.77    [shared]
[22:32:27.151]     f16=17511.6 Hz  mag=1828524  BL=979258  r= 1.87  w=0.5  wr=  0.93    [shared]
[22:32:27.607]     f17=18235.6 Hz  mag=2217722  BL=843447  r= 2.63  w=0.5  wr=  1.31**  [shared]
[22:32:28.084]     f18=19002.5 Hz  mag= 894256  BL=699593  r= 1.28  w=0.5  wr=  0.64    [shared]
[22:32:28.566]     f19=19467.0 Hz  mag= 341885  BL=612461  r= 0.56  w=0.5  wr=  0.28    [shared]
[22:32:29.077]     f20=19747.8 Hz  mag= 293574  BL=559802  r= 0.52  w=0.5  wr=  0.26    [shared]
[22:32:29.077]     → energy=56915330  mean_ratio=1.86  weighted=35.5  strong=5/20
[22:32:29.078] 
[22:32:30.159] PicoScope closed
[22:32:30.160] ======================================================================
[22:32:30.160]   RESULTS
[22:32:30.160] ======================================================================
[22:32:30.160] 
  Energy Matrix (Query → Sense):
[22:32:30.160]            Rod  1    Rod  2    Rod  3    Rod  4  
[22:32:30.160]          ----------------------------------------
[22:32:30.160]   Q= 1  |55911780 ◄|67220510  |47844757  |48424595  |
[22:32:30.160]   Q= 2  |24276167  |65620982 ◄|40084557  |43427015  |
[22:32:30.160]   Q= 3  |42628407  |55090737  |32093671 ◄|30279109  |
[22:32:30.160]   Q= 4  |37702033  |58527715  |47081106  |56915330 ◄|
[22:32:30.160] 
  Ratio Matrix (Query → Sense, vs feedthrough baseline):
[22:32:30.160]            Rod  1    Rod  2    Rod  3    Rod  4  
[22:32:30.160]          ----------------------------------------
[22:32:30.160]   Q= 1  |   1.52 ◄|   1.88  |   1.15  |   1.83  |
[22:32:30.160]   Q= 2  |   1.63  |   1.87 ◄|   1.05  |   2.19  |
[22:32:30.160]   Q= 3  |   1.28  |   1.60  |   0.94 ◄|   2.07  |
[22:32:30.160]   Q= 4  |   1.28  |   1.56  |   1.52  |   1.86 ◄|
[22:32:30.160] 
  Weighted Matrix (uniqueness-weighted ratio sums):
[22:32:30.160]            Rod  1    Rod  2    Rod  3    Rod  4  
[22:32:30.160]          ----------------------------------------
[22:32:30.160]   Q= 1  |   44.7 ◄|   46.8  |   35.6  |   56.7  |
[22:32:30.160]   Q= 2  |   32.9  |   34.2 ◄|   27.2  |   37.5  |
[22:32:30.160]   Q= 3  |   26.0  |   35.8  |   26.8 ◄|   38.5  |
[22:32:30.160]   Q= 4  |   23.5  |   27.5  |   44.6  |   35.5 ◄|
[22:32:30.160] 
  Diagonal Dominance (energy-based):
[22:32:30.160]     Query Rod 1: diag=55911780  best_off=67220510  dominance=-1.6 dB  ✗
[22:32:30.160]     Query Rod 2: diag=65620982  best_off=43427015  dominance=+3.6 dB  ✓
[22:32:30.160]     Query Rod 3: diag=32093671  best_off=55090737  dominance=-4.7 dB  ✗
[22:32:30.160]     Query Rod 4: diag=56915330  best_off=58527715  dominance=-0.2 dB  ✗
[22:32:30.160] 
  Diagonal Dominance (ratio-normalized):
[22:32:30.160]     Query Rod 1: diag_ratio=1.52  best_off=1.88  dominance=-1.8 dB  ✗
[22:32:30.160]     Query Rod 2: diag_ratio=1.87  best_off=2.19  dominance=-1.4 dB  ✗
[22:32:30.160]     Query Rod 3: diag_ratio=0.94  best_off=2.07  dominance=-6.9 dB  ✗
[22:32:30.160]     Query Rod 4: diag_ratio=1.86  best_off=1.56  dominance=+1.5 dB  ✓
[22:32:30.160] 
  Diagonal Dominance (weighted score):
[22:32:30.160]     Query Rod 1: diag_wtd=44.7  best_off=56.7  dominance=-2.1 dB  ✗
[22:32:30.160]     Query Rod 2: diag_wtd=34.2  best_off=37.5  dominance=-0.8 dB  ✗
[22:32:30.160]     Query Rod 3: diag_wtd=26.8  best_off=38.5  dominance=-3.1 dB  ✗
[22:32:30.160]     Query Rod 4: diag_wtd=35.5  best_off=44.6  dominance=-2.0 dB  ✗
[22:32:30.160] 
  ─── Summary ───
[22:32:30.160]   Strategy: weighted
[22:32:30.160]   Energy recall accuracy:   1/4 (25%)
[22:32:30.160]   Ratio recall accuracy:    1/4 (25%)
[22:32:30.160]   Weighted recall accuracy: 0/4 (0%)
[22:32:30.160]   Mean energy dominance:    -0.7 dB
[22:32:30.160]   Mean ratio dominance:     -2.1 dB
[22:32:30.160]   Mean weighted dominance:  -2.0 dB
[22:32:30.160]   Duration: 183.4s
[22:32:30.160] 
  ─── Overlap Analysis (explains low recall) ───
[22:32:30.160]     Q=1 vs S=2: 10/20 query peaks within 5% of sense rod's peaks (50% overlap)
[22:32:30.161]     Q=1 vs S=3: 10/20 query peaks within 5% of sense rod's peaks (50% overlap)
[22:32:30.161]     Q=1 vs S=4: 16/20 query peaks within 5% of sense rod's peaks (80% overlap)
[22:32:30.161]     Q=2 vs S=1: 11/20 query peaks within 5% of sense rod's peaks (55% overlap)
[22:32:30.161]     Q=2 vs S=3: 14/20 query peaks within 5% of sense rod's peaks (70% overlap)
[22:32:30.161]     Q=2 vs S=4: 12/20 query peaks within 5% of sense rod's peaks (60% overlap)
[22:32:30.161]     Q=3 vs S=1: 12/20 query peaks within 5% of sense rod's peaks (60% overlap)
[22:32:30.161]     Q=3 vs S=2: 14/20 query peaks within 5% of sense rod's peaks (70% overlap)
[22:32:30.161]     Q=3 vs S=4: 13/20 query peaks within 5% of sense rod's peaks (65% overlap)
[22:32:30.161]     Q=4 vs S=1: 16/20 query peaks within 5% of sense rod's peaks (80% overlap)
[22:32:30.161]     Q=4 vs S=2: 11/20 query peaks within 5% of sense rod's peaks (55% overlap)
[22:32:30.161]     Q=4 vs S=3: 11/20 query peaks within 5% of sense rod's peaks (55% overlap)
[22:32:30.241] 
Results saved to data/results/lab/associative_recall/recall_20260408_222924.json
