[22:12:58.357] Relay mux connected on /dev/cu.usbserial-11310
[22:12:58.360] ======================================================================
[22:12:58.360]   HARDWARE ASSOCIATIVE RECALL — 4×4 Discrimination Matrix
[22:12:58.360] ======================================================================
[22:12:58.360]   Rods: ['1', '2', '3', '4']  Patterns: ['A', 'B', 'C', 'E']
[22:12:58.360]   Peaks per query: 10
[22:12:58.360]   Captures per point: 12
[22:12:58.360]   Relay mux: /dev/cu.usbserial-11310
[22:12:58.360] 
[22:12:59.537] PicoScope opened (Ch A ±1V DC)
[22:12:59.538] Phase 0: Per-relay feedthrough baselines
[22:12:59.646]   Baseline for relay 1...
[22:12:59.969]     BL R1 500 Hz → 50493
[22:13:00.284]     BL R1 613 Hz → 54144
[22:13:00.639]     BL R1 789 Hz → 95742
[22:13:00.956]     BL R1 970 Hz → 164725
[22:13:01.266]     BL R1 1060 Hz → 208932
[22:13:01.597]     BL R1 1165 Hz → 287600
[22:13:01.930]     BL R1 1370 Hz → 565220
[22:13:02.230]     BL R1 1770 Hz → 5592627
[22:13:02.525]     BL R1 2208 Hz → 11052290
[22:13:02.832]     BL R1 2442 Hz → 5206592
[22:13:03.166]     BL R1 2739 Hz → 1225618
[22:13:03.502]     BL R1 3057 Hz → 539657
[22:13:03.821]     BL R1 4194 Hz → 89425
[22:13:04.149]     BL R1 8095 Hz → 105822
[22:13:04.491]     BL R1 11653 Hz → 62463
[22:13:04.806]     BL R1 15910 Hz → 3726533
[22:13:04.916]   Baseline for relay 2...
[22:13:05.231]     BL R2 500 Hz → 40455
[22:13:05.557]     BL R2 613 Hz → 50897
[22:13:05.887]     BL R2 789 Hz → 82941
[22:13:06.188]     BL R2 970 Hz → 143543
[22:13:06.543]     BL R2 1060 Hz → 211752
[22:13:06.909]     BL R2 1165 Hz → 365212
[22:13:07.236]     BL R2 1370 Hz → 655477
[22:13:07.558]     BL R2 1770 Hz → 1491886
[22:13:07.855]     BL R2 2208 Hz → 20499368
[22:13:08.185]     BL R2 2442 Hz → 2941705
[22:13:08.509]     BL R2 2739 Hz → 934281
[22:13:08.855]     BL R2 3057 Hz → 481891
[22:13:09.179]     BL R2 4194 Hz → 85164
[22:13:09.521]     BL R2 8095 Hz → 81049
[22:13:09.887]     BL R2 11653 Hz → 53211
[22:13:10.186]     BL R2 15910 Hz → 4135076
[22:13:10.295]   Baseline for relay 3...
[22:13:10.624]     BL R3 500 Hz → 49031
[22:13:10.935]     BL R3 613 Hz → 68899
[22:13:11.295]     BL R3 789 Hz → 109263
[22:13:11.609]     BL R3 970 Hz → 222468
[22:13:11.940]     BL R3 1060 Hz → 284782
[22:13:12.249]     BL R3 1165 Hz → 454862
[22:13:12.573]     BL R3 1370 Hz → 1154188
[22:13:12.888]     BL R3 1770 Hz → 2535166
[22:13:13.181]     BL R3 2208 Hz → 9257128
[22:13:13.489]     BL R3 2442 Hz → 2231782
[22:13:13.820]     BL R3 2739 Hz → 951708
[22:13:14.142]     BL R3 3057 Hz → 465560
[22:13:14.468]     BL R3 4194 Hz → 101054
[22:13:14.822]     BL R3 8095 Hz → 73522
[22:13:15.156]     BL R3 11653 Hz → 58748
[22:13:15.489]     BL R3 15910 Hz → 2858610
[22:13:15.595]   Baseline for relay 4...
[22:13:15.924]     BL R4 500 Hz → 47243
[22:13:16.242]     BL R4 613 Hz → 57454
[22:13:16.574]     BL R4 789 Hz → 89880
[22:13:16.920]     BL R4 970 Hz → 185699
[22:13:17.251]     BL R4 1060 Hz → 240028
[22:13:17.604]     BL R4 1165 Hz → 382118
[22:13:17.941]     BL R4 1370 Hz → 861857
[22:13:18.274]     BL R4 1770 Hz → 3317590
[22:13:18.561]     BL R4 2208 Hz → 13051257
[22:13:18.908]     BL R4 2442 Hz → 2271248
[22:13:19.202]     BL R4 2739 Hz → 846300
[22:13:19.535]     BL R4 3057 Hz → 426866
[22:13:19.875]     BL R4 4194 Hz → 81100
[22:13:20.203]     BL R4 8095 Hz → 70728
[22:13:20.542]     BL R4 11653 Hz → 62932
[22:13:20.854]     BL R4 15910 Hz → 4871703
[22:13:20.910]   Baselines: 4 relays × 16 points = 64 total

[22:13:20.910] ═══ Query 1/4: Rod 1 (Pattern A, 10 peaks) ═══
[22:13:21.012]   ─── Sense Rod 1 (Pattern A) ───
[22:13:21.483]     f 1=  516.8 Hz  mag=  39523  BL= 51036  ratio= 0.77    SNR= 12.0 dB
[22:13:21.936]     f 2=  891.3 Hz  mag=  98990  BL=134902  ratio= 0.73    SNR= 20.5 dB
[22:13:22.407]     f 3= 1127.2 Hz  mag= 248893  BL=259095  ratio= 0.96    SNR= 27.8 dB
[22:13:22.822]     f 4= 1825.5 Hz  mag=2975445  BL=6285540  ratio= 0.47    SNR= 50.0 dB
[22:13:23.231]     f 5= 2104.9 Hz  mag=23398991  BL=9762270  ratio= 2.40**  SNR= 67.7 dB
[22:13:23.633]     f 6= 2299.2 Hz  mag=25859329  BL=8778909  ratio= 2.95**  SNR= 68.6 dB
[22:13:24.052]     f 7= 2644.6 Hz  mag=1587720  BL=2491861  ratio= 0.64    SNR= 44.0 dB
[22:13:24.504]     f 8= 5197.8 Hz  mag=  23168  BL= 93645  ratio= 0.25    SNR=  6.0 dB
[22:13:24.952]     f 9= 5460.7 Hz  mag=  16790  BL= 94750  ratio= 0.18    SNR=  3.9 dB
[22:13:25.390]     f10= 6022.8 Hz  mag= 327980  BL= 97113  ratio= 3.38**  SNR= 31.1 dB
[22:13:25.390]     → energy=54576829  mean_ratio=1.27  strong=3/10
[22:13:25.499]   ─── Sense Rod 2 (Pattern B) ───
[22:13:25.994]     f 1=  516.8 Hz  mag=  37556  BL= 42007  ratio= 0.89    SNR= 11.9 dB
[22:13:26.456]     f 2=  891.3 Hz  mag= 107514  BL=117344  ratio= 0.92    SNR= 21.0 dB
[22:13:26.921]     f 3= 1127.2 Hz  mag= 299046  BL=309606  ratio= 0.97    SNR= 29.5 dB
[22:13:27.342]     f 4= 1825.5 Hz  mag=4386726  BL=3904221  ratio= 1.12    SNR= 53.7 dB
[22:13:27.736]     f 5= 2104.9 Hz  mag=47570787  BL=16008242  ratio= 2.97**  SNR= 73.4 dB
[22:13:28.155]     f 6= 2299.2 Hz  mag=5711621  BL=13671225  ratio= 0.42    SNR= 55.6 dB
[22:13:28.595]     f 7= 2644.6 Hz  mag=1296616  BL=1572790  ratio= 0.82    SNR= 42.3 dB
[22:13:29.075]     f 8= 5197.8 Hz  mag=  43222  BL= 84105  ratio= 0.51    SNR= 13.2 dB
[22:13:29.553]     f 9= 5460.7 Hz  mag=  25174  BL= 83827  ratio= 0.30    SNR=  8.4 dB
[22:13:30.040]     f10= 6022.8 Hz  mag= 615418  BL= 83234  ratio= 7.39**  SNR= 36.1 dB
[22:13:30.040]     → energy=60093681  mean_ratio=1.63  strong=2/10
[22:13:30.145]   ─── Sense Rod 3 (Pattern C) ───
[22:13:30.626]     f 1=  516.8 Hz  mag=  47982  BL= 51984  ratio= 0.92    SNR= 14.1 dB
[22:13:31.071]     f 2=  891.3 Hz  mag= 163590  BL=173528  ratio= 0.94    SNR= 24.7 dB
[22:13:31.512]     f 3= 1127.2 Hz  mag= 399344  BL=393235  ratio= 1.02    SNR= 32.5 dB
[22:13:31.918]     f 4= 1825.5 Hz  mag=7860152  BL=3388284  ratio= 2.32**  SNR= 58.6 dB
[22:13:32.331]     f 5= 2104.9 Hz  mag=32338178  BL=7668849  ratio= 4.22**  SNR= 70.8 dB
[22:13:32.752]     f 6= 2299.2 Hz  mag=3471828  BL=6524984  ratio= 0.53    SNR= 50.8 dB
[22:13:33.254]     f 7= 2644.6 Hz  mag=1047727  BL=1358866  ratio= 0.77    SNR= 40.7 dB
[22:13:33.721]     f 8= 5197.8 Hz  mag=  48275  BL= 93968  ratio= 0.51    SNR= 14.5 dB
[22:13:34.161]     f 9= 5460.7 Hz  mag=  67117  BL= 92112  ratio= 0.73    SNR= 17.5 dB
[22:13:34.631]     f10= 6022.8 Hz  mag= 294022  BL= 88145  ratio= 3.34**  SNR= 30.0 dB
[22:13:34.631]     → energy=45738215  mean_ratio=1.53  strong=3/10
[22:13:34.740]   ─── Sense Rod 4 (Pattern E) ───
[22:13:35.181]     f 1=  516.8 Hz  mag=  43068  BL= 48760  ratio= 0.88    SNR= 13.7 dB
[22:13:35.633]     f 2=  891.3 Hz  mag= 131706  BL=144275  ratio= 0.91    SNR= 22.7 dB
[22:13:36.093]     f 3= 1127.2 Hz  mag= 314509  BL=330632  ratio= 0.95    SNR= 30.5 dB
[22:13:36.495]     f 4= 1825.5 Hz  mag=8037603  BL=4552938  ratio= 1.77    SNR= 58.8 dB
[22:13:36.916]     f 5= 2104.9 Hz  mag=28609635  BL=10751367  ratio= 2.66**  SNR= 70.0 dB
[22:13:37.360]     f 6= 2299.2 Hz  mag=4253804  BL=8858931  ratio= 0.48    SNR= 53.1 dB
[22:13:37.840]     f 7= 2644.6 Hz  mag=1054455  BL=1299539  ratio= 0.81    SNR= 40.9 dB
[22:13:38.320]     f 8= 5197.8 Hz  mag=  41394  BL= 78431  ratio= 0.53    SNR= 13.6 dB
[22:13:38.782]     f 9= 5460.7 Hz  mag=  23893  BL= 77732  ratio= 0.31    SNR=  8.2 dB
[22:13:39.285]     f10= 6022.8 Hz  mag=1012018  BL= 76237  ratio=13.27**  SNR= 40.9 dB
[22:13:39.285]     → energy=43522086  mean_ratio=2.26  strong=2/10
[22:13:39.286] 
[22:13:39.286] ═══ Query 2/4: Rod 2 (Pattern B, 10 peaks) ═══
[22:13:39.391]   ─── Sense Rod 1 (Pattern A) ───
[22:13:39.861]     f 1=  709.4 Hz  mag=  60373  BL= 76970  ratio= 0.78    SNR= 15.9 dB
[22:13:40.329]     f 2= 1026.0 Hz  mag= 192548  BL=192207  ratio= 1.00    SNR= 26.3 dB
[22:13:40.779]     f 3= 1203.2 Hz  mag= 325919  BL=339132  ratio= 0.96    SNR= 30.5 dB
[22:13:41.226]     f 4= 1616.9 Hz  mag=1366492  BL=3670044  ratio= 0.37    SNR= 43.6 dB
[22:13:41.634]     f 5= 2117.8 Hz  mag=18206689  BL=9922857  ratio= 1.83    SNR= 65.0 dB
[22:13:42.074]     f 6= 2924.3 Hz  mag= 671570  BL=826134  ratio= 0.81    SNR= 36.9 dB
[22:13:42.607]     f 7= 5689.9 Hz  mag=  16647  BL= 95714  ratio= 0.17    SNR=  4.4 dB
[22:13:43.060]     f 8= 6303.4 Hz  mag= 425127  BL= 98293  ratio= 4.33**  SNR= 32.6 dB
[22:13:43.499]     f 9= 6506.6 Hz  mag=1153446  BL= 99147  ratio=11.63**  SNR= 41.5 dB
[22:13:43.973]     f10= 6792.7 Hz  mag=  82976  BL=100350  ratio= 0.83    SNR= 18.5 dB
[22:13:43.973]     → energy=22501787  mean_ratio=2.27  strong=2/10
[22:13:44.078]   ─── Sense Rod 2 (Pattern B) ───
[22:13:44.541]     f 1=  709.4 Hz  mag=  66908  BL= 68481  ratio= 0.98    SNR= 17.2 dB
[22:13:45.007]     f 2= 1026.0 Hz  mag= 176163  BL=185947  ratio= 0.95    SNR= 26.0 dB
[22:13:45.451]     f 3= 1203.2 Hz  mag= 401271  BL=419091  ratio= 0.96    SNR= 32.4 dB
[22:13:45.908]     f 4= 1616.9 Hz  mag=2028791  BL=1172026  ratio= 1.73    SNR= 46.3 dB
[22:13:46.314]     f 5= 2117.8 Hz  mag=54862065  BL=16567316  ratio= 3.31**  SNR= 75.0 dB
[22:13:46.758]     f 6= 2924.3 Hz  mag= 609301  BL=670821  ratio= 0.91    SNR= 35.9 dB
[22:13:47.195]     f 7= 5689.9 Hz  mag=  22934  BL= 83586  ratio= 0.27    SNR=  7.4 dB
[22:13:47.675]     f 8= 6303.4 Hz  mag= 360649  BL= 82938  ratio= 4.35**  SNR= 31.2 dB
[22:13:48.143]     f 9= 6506.6 Hz  mag= 553221  BL= 82724  ratio= 6.69**  SNR= 35.1 dB
[22:13:48.612]     f10= 6792.7 Hz  mag= 400311  BL= 82422  ratio= 4.86**  SNR= 32.1 dB
[22:13:48.612]     → energy=59481615  mean_ratio=2.50  strong=4/10
[22:13:48.722]   ─── Sense Rod 3 (Pattern C) ───
[22:13:49.208]     f 1=  709.4 Hz  mag= 105449  BL= 91049  ratio= 1.16    SNR= 20.9 dB
[22:13:49.651]     f 2= 1026.0 Hz  mag= 272098  BL=261207  ratio= 1.04    SNR= 29.2 dB
[22:13:50.124]     f 3= 1203.2 Hz  mag= 523575  BL=584672  ratio= 0.90    SNR= 35.2 dB
[22:13:50.590]     f 4= 1616.9 Hz  mag=1541888  BL=2007052  ratio= 0.77    SNR= 44.2 dB
[22:13:51.006]     f 5= 2117.8 Hz  mag=29415693  BL=7866564  ratio= 3.74**  SNR= 69.9 dB
[22:13:51.476]     f 6= 2924.3 Hz  mag= 694700  BL=668589  ratio= 1.04    SNR= 37.6 dB
[22:13:51.944]     f 7= 5689.9 Hz  mag= 173958  BL= 90494  ratio= 1.92    SNR= 25.3 dB
[22:13:52.428]     f 8= 6303.4 Hz  mag= 258926  BL= 86164  ratio= 3.01**  SNR= 28.8 dB
[22:13:52.906]     f 9= 6506.6 Hz  mag=  89180  BL= 84730  ratio= 1.05    SNR= 19.9 dB
[22:13:53.343]     f10= 6792.7 Hz  mag= 245292  BL= 82710  ratio= 2.97**  SNR= 28.1 dB
[22:13:53.343]     → energy=33320758  mean_ratio=1.76  strong=3/10
[22:13:53.451]   ─── Sense Rod 4 (Pattern E) ───
[22:13:53.947]     f 1=  709.4 Hz  mag=  65602  BL= 75247  ratio= 0.87    SNR= 17.1 dB
[22:13:54.420]     f 2= 1026.0 Hz  mag= 219430  BL=219474  ratio= 1.00    SNR= 27.7 dB
[22:13:54.903]     f 3= 1203.2 Hz  mag= 436746  BL=471167  ratio= 0.93    SNR= 34.3 dB
[22:13:55.346]     f 4= 1616.9 Hz  mag=3234994  BL=2378468  ratio= 1.36    SNR= 51.2 dB
[22:13:55.757]     f 5= 2117.8 Hz  mag=31672316  BL=11037666  ratio= 2.87**  SNR= 71.2 dB
[22:13:56.267]     f 6= 2924.3 Hz  mag= 541366  BL=602034  ratio= 0.90    SNR= 35.7 dB
[22:13:56.743]     f 7= 5689.9 Hz  mag=  18243  BL= 77122  ratio= 0.24    SNR=  5.6 dB
[22:13:57.213]     f 8= 6303.4 Hz  mag= 867486  BL= 75491  ratio=11.49**  SNR= 39.5 dB
[22:13:57.666]     f 9= 6506.6 Hz  mag= 640533  BL= 74951  ratio= 8.55**  SNR= 36.8 dB
[22:13:58.129]     f10= 6792.7 Hz  mag= 272627  BL= 74190  ratio= 3.67**  SNR= 29.2 dB
[22:13:58.129]     → energy=37969345  mean_ratio=3.19  strong=4/10
[22:13:58.129] 
[22:13:58.129] ═══ Query 3/4: Rod 3 (Pattern C, 10 peaks) ═══
[22:13:58.236]   ─── Sense Rod 1 (Pattern A) ───
[22:13:58.662]     f 1=  913.1 Hz  mag= 123281  BL=143222  ratio= 0.86    SNR= 22.1 dB
[22:13:59.112]     f 2= 1536.4 Hz  mag= 970550  BL=2658252  ratio= 0.37    SNR= 40.5 dB
[22:13:59.543]     f 3= 1714.2 Hz  mag=2776192  BL=4892844  ratio= 0.57    SNR= 49.0 dB
[22:13:59.956]     f 4= 2001.1 Hz  mag=27064250  BL=8471505  ratio= 3.19**  SNR= 69.0 dB
[22:14:00.381]     f 5= 2833.8 Hz  mag= 874808  BL=1021558  ratio= 0.86    SNR= 39.3 dB
[22:14:00.847]     f 6= 5575.5 Hz  mag=  18289  BL= 95233  ratio= 0.19    SNR=  5.3 dB
[22:14:01.283]     f 7= 5765.3 Hz  mag=  15498  BL= 96031  ratio= 0.16    SNR=  3.7 dB
[22:14:01.749]     f 8= 6218.2 Hz  mag= 351419  BL= 97935  ratio= 3.59**  SNR= 31.2 dB
[22:14:02.181]     f 9= 9396.4 Hz  mag=  69819  BL= 89961  ratio= 0.78    SNR= 16.7 dB
[22:14:02.631]     f10=13910.5 Hz  mag= 126738  BL=2005140  ratio= 0.06    SNR= 22.5 dB
[22:14:02.632]     → energy=32390844  mean_ratio=1.06  strong=2/10
[22:14:02.741]   ─── Sense Rod 2 (Pattern B) ───
[22:14:03.184]     f 1=  913.1 Hz  mag= 111222  BL=124653  ratio= 0.89    SNR= 21.6 dB
[22:14:03.613]     f 2= 1536.4 Hz  mag=1551905  BL=1003694  ratio= 1.55    SNR= 44.0 dB
[22:14:04.072]     f 3= 1714.2 Hz  mag=2194835  BL=1375463  ratio= 1.60    SNR= 47.1 dB
[22:14:04.483]     f 4= 2001.1 Hz  mag=39896807  BL=11514522  ratio= 3.46**  SNR= 71.9 dB
[22:14:04.951]     f 5= 2833.8 Hz  mag= 673724  BL=799703  ratio= 0.84    SNR= 37.4 dB
[22:14:05.450]     f 6= 5575.5 Hz  mag=  24223  BL= 83706  ratio= 0.29    SNR=  8.2 dB
[22:14:05.946]     f 7= 5765.3 Hz  mag=  19250  BL= 83506  ratio= 0.23    SNR=  6.3 dB
[22:14:06.399]     f 8= 6218.2 Hz  mag= 743307  BL= 83028  ratio= 8.95**  SNR= 38.0 dB
[22:14:06.861]     f 9= 9396.4 Hz  mag=  55715  BL= 70866  ratio= 0.79    SNR= 15.3 dB
[22:14:07.354]     f10=13910.5 Hz  mag= 123613  BL=2217401  ratio= 0.06    SNR= 22.8 dB
[22:14:07.354]     → energy=45394601  mean_ratio=1.87  strong=2/10
[22:14:07.461]   ─── Sense Rod 3 (Pattern C) ───
[22:14:07.919]     f 1=  913.1 Hz  mag= 164527  BL=187182  ratio= 0.88    SNR= 24.6 dB
[22:14:08.357]     f 2= 1536.4 Hz  mag=2977232  BL=1729123  ratio= 1.72    SNR= 49.7 dB
[22:14:08.778]     f 3= 1714.2 Hz  mag=2812125  BL=2342942  ratio= 1.20    SNR= 49.5 dB
[22:14:09.189]     f 4= 2001.1 Hz  mag=18576345  BL=6079653  ratio= 3.06**  SNR= 66.1 dB
[22:14:09.687]     f 5= 2833.8 Hz  mag= 948750  BL=807088  ratio= 1.18    SNR= 40.5 dB
[22:14:10.160]     f 6= 5575.5 Hz  mag= 108898  BL= 91302  ratio= 1.19    SNR= 21.3 dB
[22:14:10.615]     f 7= 5765.3 Hz  mag= 232153  BL= 89962  ratio= 2.58**  SNR= 27.3 dB
[22:14:11.069]     f 8= 6218.2 Hz  mag= 169647  BL= 86765  ratio= 1.96    SNR= 25.3 dB
[22:14:11.561]     f 9= 9396.4 Hz  mag=  54887  BL= 68117  ratio= 0.81    SNR= 15.2 dB
[22:14:12.047]     f10=13910.5 Hz  mag= 182895  BL=1543224  ratio= 0.12    SNR= 26.1 dB
[22:14:12.047]     → energy=26227458  mean_ratio=1.47  strong=2/10
[22:14:12.153]   ─── Sense Rod 4 (Pattern E) ───
[22:14:12.646]     f 1=  913.1 Hz  mag= 157654  BL=155832  ratio= 1.01    SNR= 24.4 dB
[22:14:13.097]     f 2= 1536.4 Hz  mag=1441764  BL=1884239  ratio= 0.77    SNR= 44.3 dB
[22:14:13.567]     f 3= 1714.2 Hz  mag=1627577  BL=2975767  ratio= 0.55    SNR= 44.5 dB
[22:14:13.961]     f 4= 2001.1 Hz  mag=15556209  BL=8450148  ratio= 1.84    SNR= 64.6 dB
[22:14:14.442]     f 5= 2833.8 Hz  mag= 653049  BL=721527  ratio= 0.91    SNR= 36.3 dB
[22:14:14.923]     f 6= 5575.5 Hz  mag=  24455  BL= 77426  ratio= 0.32    SNR=  8.6 dB
[22:14:15.416]     f 7= 5765.3 Hz  mag=  15688  BL= 76922  ratio= 0.20    SNR=  4.7 dB
[22:14:15.891]     f 8= 6218.2 Hz  mag=1340275  BL= 75717  ratio=17.70**  SNR= 43.7 dB
[22:14:16.379]     f 9= 9396.4 Hz  mag=  58323  BL= 67876  ratio= 0.86    SNR= 16.1 dB
[22:14:16.883]     f10=13910.5 Hz  mag= 124750  BL=2612525  ratio= 0.05    SNR= 23.0 dB
[22:14:16.883]     → energy=20999744  mean_ratio=2.42  strong=1/10
[22:14:16.883] 
[22:14:16.883] ═══ Query 4/4: Rod 4 (Pattern E, 10 peaks) ═══
[22:14:16.992]   ─── Sense Rod 1 (Pattern A) ───
[22:14:17.437]     f 1=  867.7 Hz  mag=  99684  BL=125889  ratio= 0.79    SNR= 19.5 dB
[22:14:17.902]     f 2= 1094.7 Hz  mag= 224222  BL=234677  ratio= 0.96    SNR= 27.0 dB
[22:14:18.352]     f 3= 1631.9 Hz  mag=1501148  BL=3859304  ratio= 0.39    SNR= 43.3 dB
[22:14:18.781]     f 4= 1895.7 Hz  mag=2383991  BL=7158597  ratio= 0.33    SNR= 47.1 dB
[22:14:19.191]     f 5= 2088.0 Hz  mag=27066191  BL=9552793  ratio= 2.83**  SNR= 68.4 dB
[22:14:19.634]     f 6= 2584.4 Hz  mag=2052920  BL=3297362  ratio= 0.62    SNR= 46.4 dB
[22:14:20.070]     f 7= 3189.9 Hz  mag= 409368  BL=487050  ratio= 0.84    SNR= 32.3 dB
[22:14:20.532]     f 8= 5258.1 Hz  mag=  18574  BL= 93899  ratio= 0.20    SNR=  5.2 dB
[22:14:21.008]     f 9= 5892.7 Hz  mag=  53677  BL= 96566  ratio= 0.56    SNR= 14.9 dB
[22:14:21.502]     f10= 6319.8 Hz  mag= 447898  BL= 98361  ratio= 4.55**  SNR= 33.8 dB
[22:14:21.502]     → energy=34257672  mean_ratio=1.21  strong=2/10
[22:14:21.612]   ─── Sense Rod 2 (Pattern B) ───
[22:14:22.073]     f 1=  867.7 Hz  mag= 102469  BL=109426  ratio= 0.94    SNR= 20.4 dB
[22:14:22.535]     f 2= 1094.7 Hz  mag= 256260  BL=261974  ratio= 0.98    SNR= 27.5 dB
[22:14:22.972]     f 3= 1631.9 Hz  mag=2513716  BL=1203513  ratio= 2.09**  SNR= 49.2 dB
[22:14:23.474]     f 4= 1895.7 Hz  mag=3516848  BL=6943715  ratio= 0.51    SNR= 50.1 dB
[22:14:23.860]     f 5= 2088.0 Hz  mag=41741850  BL=15278959  ratio= 2.73**  SNR= 73.1 dB
[22:14:24.348]     f 6= 2584.4 Hz  mag=1492414  BL=1978967  ratio= 0.75    SNR= 42.8 dB
[22:14:24.833]     f 7= 3189.9 Hz  mag= 346769  BL=435535  ratio= 0.80    SNR= 29.9 dB
[22:14:25.260]     f 8= 5258.1 Hz  mag= 106888  BL= 84041  ratio= 1.27    SNR= 20.7 dB
[22:14:25.706]     f 9= 5892.7 Hz  mag=  61394  BL= 83372  ratio= 0.74    SNR= 15.8 dB
[22:14:26.158]     f10= 6319.8 Hz  mag= 330454  BL= 82921  ratio= 3.99**  SNR= 30.9 dB
[22:14:26.158]     → energy=50469061  mean_ratio=1.48  strong=3/10
[22:14:26.264]   ─── Sense Rod 3 (Pattern C) ───
[22:14:26.750]     f 1=  867.7 Hz  mag= 155132  BL=158738  ratio= 0.98    SNR= 24.7 dB
[22:14:27.196]     f 2= 1094.7 Hz  mag= 358841  BL=340443  ratio= 1.05    SNR= 31.6 dB
[22:14:27.632]     f 3= 1631.9 Hz  mag=2167241  BL=2059040  ratio= 1.05    SNR= 47.3 dB
[22:14:28.043]     f 4= 1895.7 Hz  mag=10510952  BL=4463195  ratio= 2.36**  SNR= 61.3 dB
[22:14:28.440]     f 5= 2088.0 Hz  mag=31865952  BL=7410940  ratio= 4.30**  SNR= 70.4 dB
[22:14:28.886]     f 6= 2584.4 Hz  mag=1323266  BL=1617873  ratio= 0.82    SNR= 43.3 dB
[22:14:29.334]     f 7= 3189.9 Hz  mag= 360175  BL=422970  ratio= 0.85    SNR= 31.8 dB
[22:14:29.801]     f 8= 5258.1 Hz  mag=  44198  BL= 93542  ratio= 0.47    SNR= 13.9 dB
[22:14:30.335]     f 9= 5892.7 Hz  mag= 895551  BL= 89063  ratio=10.06**  SNR= 39.4 dB
[22:14:30.796]     f10= 6319.8 Hz  mag= 257125  BL= 86049  ratio= 2.99**  SNR= 28.6 dB
[22:14:30.796]     → energy=47938432  mean_ratio=2.49  strong=4/10
[22:14:30.907]   ─── Sense Rod 4 (Pattern E) ───
[22:14:31.421]     f 1=  867.7 Hz  mag= 122547  BL=131756  ratio= 0.93    SNR= 22.3 dB
[22:14:31.900]     f 2= 1094.7 Hz  mag= 276914  BL=286529  ratio= 0.97    SNR= 29.8 dB
[22:14:32.330]     f 3= 1631.9 Hz  mag=2584031  BL=2470915  ratio= 1.05    SNR= 48.6 dB
[22:14:32.730]     f 4= 1895.7 Hz  mag=19022077  BL=6109453  ratio= 3.11**  SNR= 66.7 dB
[22:14:33.185]     f 5= 2088.0 Hz  mag=24594903  BL=10377903  ratio= 2.37**  SNR= 67.8 dB
[22:14:33.634]     f 6= 2584.4 Hz  mag=1204153  BL=1587860  ratio= 0.76    SNR= 42.0 dB
[22:14:34.126]     f 7= 3189.9 Hz  mag= 333419  BL=386465  ratio= 0.86    SNR= 30.9 dB
[22:14:34.575]     f 8= 5258.1 Hz  mag=  45145  BL= 78270  ratio= 0.58    SNR= 13.4 dB
[22:14:35.017]     f 9= 5892.7 Hz  mag= 109604  BL= 76583  ratio= 1.43    SNR= 21.4 dB
[22:14:35.477]     f10= 6319.8 Hz  mag= 864218  BL= 75447  ratio=11.45**  SNR= 39.3 dB
[22:14:35.477]     → energy=49157012  mean_ratio=2.35  strong=3/10
[22:14:35.477] 
[22:14:36.560] PicoScope closed
[22:14:36.560] ======================================================================
[22:14:36.560]   RESULTS
[22:14:36.560] ======================================================================
[22:14:36.560] 
  Energy Matrix (Query → Sense):
[22:14:36.560]            Rod  1    Rod  2    Rod  3    Rod  4  
[22:14:36.560]          ----------------------------------------
[22:14:36.560]   Q= 1  |54576828 ◄|60093681  |45738215  |43522086  |
[22:14:36.560]   Q= 2  |22501787  |59481616 ◄|33320758  |37969345  |
[22:14:36.560]   Q= 3  |32390844  |45394601  |26227458 ◄|20999744  |
[22:14:36.560]   Q= 4  |34257672  |50469061  |47938432  |49157012 ◄|
[22:14:36.560] 
  Ratio Matrix (Query → Sense, vs feedthrough baseline):
[22:14:36.560]            Rod  1    Rod  2    Rod  3    Rod  4  
[22:14:36.560]          ----------------------------------------
[22:14:36.560]   Q= 1  |   1.27 ◄|   1.63  |   1.53  |   2.26  |
[22:14:36.560]   Q= 2  |   2.27  |   2.50 ◄|   1.76  |   3.19  |
[22:14:36.560]   Q= 3  |   1.06  |   1.87  |   1.47 ◄|   2.42  |
[22:14:36.560]   Q= 4  |   1.21  |   1.48  |   2.49  |   2.35 ◄|
[22:14:36.560] 
  Diagonal Dominance:
[22:14:36.561]     Query Rod 1: diag=54576828  best_off=60093681  dominance=-0.8 dB  ✗
[22:14:36.561]     Query Rod 2: diag=59481616  best_off=37969345  dominance=+3.9 dB  ✓
[22:14:36.561]     Query Rod 3: diag=26227458  best_off=45394601  dominance=-4.8 dB  ✗
[22:14:36.561]     Query Rod 4: diag=49157012  best_off=50469061  dominance=-0.2 dB  ✗
[22:14:36.561] 
  Recall accuracy: 1/4 (25%)
[22:14:36.561]   Mean diagonal dominance: -0.5 dB
[22:14:36.561]   Duration: 98.2s
[22:14:36.627] 
Results saved to data/results/lab/associative_recall/recall_20260408_221255.json
