[22:52:50.491] Relay mux connected on /dev/cu.usbserial-11310
[22:52:50.492] ======================================================================
[22:52:50.492]   HARDWARE ASSOCIATIVE RECALL — 4×4 Discrimination Matrix
[22:52:50.492] ======================================================================
[22:52:50.492]   Rods: ['1', '2', '3', '4']  Patterns: ['A', 'B', 'C', 'E']
[22:52:50.492]   Strategy: template
[22:52:50.492]   Peaks per query: [10, 10, 10, 10]
[22:52:50.492]   Captures per point: 12
[22:52:50.492]   Relay mux: /dev/cu.usbserial-11310
[22:52:50.492]   Rod 1: 2 unique + 6 semi + 2 shared = 10 peaks, total_weight=21.0
[22:52:50.492]   Rod 2: 4 unique + 2 semi + 4 shared = 10 peaks, total_weight=22.0
[22:52:50.492]   Rod 3: 2 unique + 6 semi + 2 shared = 10 peaks, total_weight=21.0
[22:52:50.492]   Rod 4: 1 unique + 5 semi + 4 shared = 10 peaks, total_weight=16.0
[22:52:50.492] 
[22:52:51.634] PicoScope opened (Ch A ±1V DC)
[22:52:51.636] Phase 0: Per-relay feedthrough baselines
[22:52:51.743]   Baseline for relay 1...
[22:52:52.090]     BL R1 500 Hz → 46924
[22:52:52.408]     BL R1 613 Hz → 50605
[22:52:52.738]     BL R1 789 Hz → 100115
[22:52:53.082]     BL R1 970 Hz → 174594
[22:52:53.430]     BL R1 1060 Hz → 224541
[22:52:53.768]     BL R1 1165 Hz → 301819
[22:52:54.109]     BL R1 1370 Hz → 537626
[22:52:54.423]     BL R1 1770 Hz → 4565034
[22:52:54.721]     BL R1 2208 Hz → 10769791
[22:52:55.018]     BL R1 2442 Hz → 5238169
[22:52:55.342]     BL R1 2739 Hz → 1184055
[22:52:55.740]     BL R1 3057 Hz → 534829
[22:52:56.051]     BL R1 4194 Hz → 89069
[22:52:56.392]     BL R1 8095 Hz → 113602
[22:52:56.754]     BL R1 11653 Hz → 61067
[22:52:57.060]     BL R1 15910 Hz → 3635364
[22:52:57.170]   Baseline for relay 2...
[22:52:57.495]     BL R2 500 Hz → 38889
[22:52:57.825]     BL R2 613 Hz → 54918
[22:52:58.197]     BL R2 789 Hz → 79959
[22:52:58.541]     BL R2 970 Hz → 137317
[22:52:58.872]     BL R2 1060 Hz → 212007
[22:52:59.202]     BL R2 1165 Hz → 353822
[22:52:59.539]     BL R2 1370 Hz → 660834
[22:52:59.873]     BL R2 1770 Hz → 1585287
[22:53:00.155]     BL R2 2208 Hz → 20714185
[22:53:00.507]     BL R2 2442 Hz → 2995501
[22:53:00.834]     BL R2 2739 Hz → 952029
[22:53:01.174]     BL R2 3057 Hz → 481389
[22:53:01.503]     BL R2 4194 Hz → 89008
[22:53:01.841]     BL R2 8095 Hz → 83947
[22:53:02.163]     BL R2 11653 Hz → 55111
[22:53:02.490]     BL R2 15910 Hz → 3691513
[22:53:02.596]   Baseline for relay 3...
[22:53:02.926]     BL R3 500 Hz → 50440
[22:53:03.240]     BL R3 613 Hz → 61479
[22:53:03.561]     BL R3 789 Hz → 111286
[22:53:03.886]     BL R3 970 Hz → 210007
[22:53:04.221]     BL R3 1060 Hz → 269609
[22:53:04.590]     BL R3 1165 Hz → 455266
[22:53:04.945]     BL R3 1370 Hz → 804553
[22:53:05.257]     BL R3 1770 Hz → 3522048
[22:53:05.548]     BL R3 2208 Hz → 14664122
[22:53:05.865]     BL R3 2442 Hz → 2439458
[22:53:06.201]     BL R3 2739 Hz → 1065640
[22:53:06.590]     BL R3 3057 Hz → 493997
[22:53:06.924]     BL R3 4194 Hz → 98409
[22:53:07.286]     BL R3 8095 Hz → 74802
[22:53:07.595]     BL R3 11653 Hz → 62045
[22:53:07.923]     BL R3 15910 Hz → 2923005
[22:53:08.033]   Baseline for relay 4...
[22:53:08.375]     BL R4 500 Hz → 53232
[22:53:08.704]     BL R4 613 Hz → 52664
[22:53:09.049]     BL R4 789 Hz → 92415
[22:53:09.362]     BL R4 970 Hz → 186517
[22:53:09.700]     BL R4 1060 Hz → 247534
[22:53:10.059]     BL R4 1165 Hz → 386314
[22:53:10.424]     BL R4 1370 Hz → 858956
[22:53:10.738]     BL R4 1770 Hz → 3282266
[22:53:11.034]     BL R4 2208 Hz → 12699633
[22:53:11.371]     BL R4 2442 Hz → 2258231
[22:53:11.696]     BL R4 2739 Hz → 837763
[22:53:12.048]     BL R4 3057 Hz → 417527
[22:53:12.402]     BL R4 4194 Hz → 80490
[22:53:12.757]     BL R4 8095 Hz → 80605
[22:53:13.137]     BL R4 11653 Hz → 61512
[22:53:13.452]     BL R4 15910 Hz → 4127112
[22:53:13.508]   Baselines: 4 relays × 16 points = 64 total

[22:53:13.508] ═══ Query 1/4: Rod 1 (Pattern A, 10 peaks) ═══
[22:53:13.618]   ─── Sense Rod 1 (Pattern A) ───
[22:53:14.121]     f 1=  516.8 Hz  mag=  45229  BL= 47471  r= 0.95  w=4.0  wr=  3.81    [UNIQUE]
[22:53:14.581]     f 2=  891.3 Hz  mag= 109333  BL=142396  r= 0.77  w=2.0  wr=  1.54    [semi  ]
[22:53:15.073]     f 3= 1127.2 Hz  mag= 278874  BL=273818  r= 1.02  w=2.0  wr=  2.04    [semi  ]
[22:53:15.542]     f 4= 1825.5 Hz  mag=2684961  BL=5352511  r= 0.50  w=2.0  wr=  1.00    [semi  ]
[22:53:15.948]     f 5= 2104.9 Hz  mag=21483067  BL=9303718  r= 2.31  w=0.5  wr=  1.15**  [shared]
[22:53:16.350]     f 6= 2299.2 Hz  mag=25445054  BL=8618553  r= 2.95  w=4.0  wr= 11.81**  [UNIQUE]
[22:53:16.854]     f 7= 2644.6 Hz  mag=1552659  BL=2473562  r= 0.63  w=2.0  wr=  1.26    [semi  ]
[22:53:17.314]     f 8= 5197.8 Hz  mag=  23083  BL= 95383  r= 0.24  w=0.5  wr=  0.12    [shared]
[22:53:17.775]     f 9= 5460.7 Hz  mag=  16389  BL= 97037  r= 0.17  w=2.0  wr=  0.34    [semi  ]
[22:53:18.250]     f10= 6022.8 Hz  mag= 243986  BL=100572  r= 2.43  w=2.0  wr=  4.85**  [semi  ]
[22:53:18.250]     → energy=51882634  mean_ratio=1.20  weighted=27.9  strong=3/10
[22:53:18.353]   ─── Sense Rod 2 (Pattern B) ───
[22:53:18.803]     f 1=  516.8 Hz  mag=  47525  BL= 41271  r= 1.15  w=4.0  wr=  4.61    [UNIQUE]
[22:53:19.323]     f 2=  891.3 Hz  mag=  89490  BL=112520  r= 0.80  w=2.0  wr=  1.59    [semi  ]
[22:53:19.797]     f 3= 1127.2 Hz  mag= 293066  BL=302436  r= 0.97  w=2.0  wr=  1.94    [semi  ]
[22:53:20.226]     f 4= 1825.5 Hz  mag=4224172  BL=4013031  r= 1.05  w=2.0  wr=  2.11    [semi  ]
[22:53:20.636]     f 5= 2104.9 Hz  mag=46337314  BL=16194370  r= 2.86  w=0.5  wr=  1.43**  [shared]
[22:53:21.054]     f 6= 2299.2 Hz  mag=5598296  BL=13823421  r= 0.40  w=4.0  wr=  1.62    [UNIQUE]
[22:53:21.557]     f 7= 2644.6 Hz  mag=1324544  BL=1602004  r= 0.83  w=2.0  wr=  1.65    [semi  ]
[22:53:22.081]     f 8= 5197.8 Hz  mag=  49542  BL= 87705  r= 0.56  w=0.5  wr=  0.28    [shared]
[22:53:22.583]     f 9= 5460.7 Hz  mag=  27277  BL= 87364  r= 0.31  w=2.0  wr=  0.62    [semi  ]
[22:53:23.073]     f10= 6022.8 Hz  mag= 654182  BL= 86635  r= 7.55  w=2.0  wr= 15.10**  [semi  ]
[22:53:23.073]     → energy=58645406  mean_ratio=1.65  weighted=31.0  strong=2/10
[22:53:23.181]   ─── Sense Rod 3 (Pattern C) ───
[22:53:23.621]     f 1=  516.8 Hz  mag=  49981  BL= 52080  r= 0.96  w=4.0  wr=  3.84    [UNIQUE]
[22:53:24.152]     f 2=  891.3 Hz  mag= 179524  BL=167329  r= 1.07  w=2.0  wr=  2.15    [semi  ]
[22:53:24.710]     f 3= 1127.2 Hz  mag= 387794  BL=387994  r= 1.00  w=2.0  wr=  2.00    [semi  ]
[22:53:25.119]     f 4= 1825.5 Hz  mag=9351951  BL=4936145  r= 1.89  w=2.0  wr=  3.79    [semi  ]
[22:53:25.533]     f 5= 2104.9 Hz  mag=27235285  BL=12031451  r= 2.26  w=0.5  wr=  1.13**  [shared]
[22:53:25.956]     f 6= 2299.2 Hz  mag=4448363  BL=9909973  r= 0.45  w=4.0  wr=  1.80    [UNIQUE]
[22:53:26.454]     f 7= 2644.6 Hz  mag=1153998  BL=1502616  r= 0.77  w=2.0  wr=  1.54    [semi  ]
[22:53:26.959]     f 8= 5197.8 Hz  mag=  38299  BL= 92333  r= 0.41  w=0.5  wr=  0.21    [shared]
[22:53:27.439]     f 9= 5460.7 Hz  mag=  65575  BL= 90742  r= 0.72  w=2.0  wr=  1.45    [semi  ]
[22:53:27.885]     f10= 6022.8 Hz  mag= 333887  BL= 87340  r= 3.82  w=2.0  wr=  7.65**  [semi  ]
[22:53:27.885]     → energy=43244658  mean_ratio=1.34  weighted=25.5  strong=2/10
[22:53:27.992]   ─── Sense Rod 4 (Pattern E) ───
[22:53:28.468]     f 1=  516.8 Hz  mag=  45583  BL= 53148  r= 0.86  w=4.0  wr=  3.43    [UNIQUE]
[22:53:28.972]     f 2=  891.3 Hz  mag= 145356  BL=145835  r= 1.00  w=2.0  wr=  1.99    [semi  ]
[22:53:29.420]     f 3= 1127.2 Hz  mag= 326401  BL=336028  r= 0.97  w=2.0  wr=  1.94    [semi  ]
[22:53:29.816]     f 4= 1825.5 Hz  mag=7952079  BL=4477472  r= 1.78  w=2.0  wr=  3.55    [semi  ]
[22:53:30.229]     f 5= 2104.9 Hz  mag=29007622  BL=10474479  r= 2.77  w=0.5  wr=  1.38**  [shared]
[22:53:30.659]     f 6= 2299.2 Hz  mag=4174063  BL=8638991  r= 0.48  w=4.0  wr=  1.93    [UNIQUE]
[22:53:31.158]     f 7= 2644.6 Hz  mag= 969221  BL=1289576  r= 0.75  w=2.0  wr=  1.50    [semi  ]
[22:53:31.657]     f 8= 5197.8 Hz  mag=  38487  BL= 80520  r= 0.48  w=0.5  wr=  0.24    [shared]
[22:53:32.128]     f 9= 5460.7 Hz  mag=  22897  BL= 80528  r= 0.28  w=2.0  wr=  0.57    [semi  ]
[22:53:32.626]     f10= 6022.8 Hz  mag=1016535  BL= 80544  r=12.62  w=2.0  wr= 25.24**  [semi  ]
[22:53:32.626]     → energy=43698245  mean_ratio=2.20  weighted=41.8  strong=2/10
[22:53:32.627] 
  Template scoring for Query 1:
[22:53:32.627]     Sense Rod 1: template_score=6.87  ◄ (diagonal)
[22:53:32.627]     Sense Rod 2: template_score=-0.94
[22:53:32.627]     Sense Rod 3: template_score=0.60
[22:53:32.627]     Sense Rod 4: template_score=4.16
[22:53:32.627]   Template: R1=+6.9◄  R2=-0.9   R3=+0.6   R4=+4.2   → R1 ✓
[22:53:32.627] 
[22:53:32.627] ═══ Query 2/4: Rod 2 (Pattern B, 10 peaks) ═══
[22:53:32.735]   ─── Sense Rod 1 (Pattern A) ───
[22:53:33.197]     f 1=  709.4 Hz  mag=  75488  BL= 77773  r= 0.97  w=4.0  wr=  3.88    [UNIQUE]
[22:53:33.689]     f 2= 1026.0 Hz  mag= 206469  BL=205645  r= 1.00  w=4.0  wr=  4.02    [UNIQUE]
[22:53:34.176]     f 3= 1203.2 Hz  mag= 341472  BL=345590  r= 0.99  w=4.0  wr=  3.95    [UNIQUE]
[22:53:34.639]     f 4= 1616.9 Hz  mag=1281994  BL=3024872  r= 0.42  w=0.5  wr=  0.21    [shared]
[22:53:35.048]     f 5= 2117.8 Hz  mag=16354175  BL=9486221  r= 1.72  w=0.5  wr=  0.86    [shared]
[22:53:35.562]     f 6= 2924.3 Hz  mag= 684847  BL=805964  r= 0.85  w=2.0  wr=  1.70    [semi  ]
[22:53:36.051]     f 7= 5689.9 Hz  mag=  11679  BL= 98479  r= 0.12  w=0.5  wr=  0.06    [shared]
[22:53:36.548]     f 8= 6303.4 Hz  mag= 429079  BL=102337  r= 4.19  w=0.5  wr=  2.10**  [shared]
[22:53:37.009]     f 9= 6506.6 Hz  mag=1171070  BL=103615  r=11.30  w=2.0  wr= 22.60**  [semi  ]
[22:53:37.486]     f10= 6792.7 Hz  mag=  71949  BL=105415  r= 0.68  w=4.0  wr=  2.73    [UNIQUE]
[22:53:37.486]     → energy=20628222  mean_ratio=2.23  weighted=42.1  strong=2/10
[22:53:37.596]   ─── Sense Rod 2 (Pattern B) ───
[22:53:38.094]     f 1=  709.4 Hz  mag=  67751  BL= 68659  r= 0.99  w=4.0  wr=  3.95    [UNIQUE]
[22:53:38.577]     f 2= 1026.0 Hz  mag= 176964  BL=183750  r= 0.96  w=4.0  wr=  3.85    [UNIQUE]
[22:53:38.993]     f 3= 1203.2 Hz  mag= 392787  BL=410810  r= 0.96  w=4.0  wr=  3.82    [UNIQUE]
[22:53:39.473]     f 4= 1616.9 Hz  mag=2202194  BL=1231757  r= 1.79  w=0.5  wr=  0.89    [shared]
[22:53:39.878]     f 5= 2117.8 Hz  mag=52800522  BL=16757015  r= 3.15  w=0.5  wr=  1.58**  [shared]
[22:53:40.353]     f 6= 2924.3 Hz  mag= 640262  BL=677941  r= 0.94  w=2.0  wr=  1.89    [semi  ]
[22:53:40.842]     f 7= 5689.9 Hz  mag=  25548  BL= 87067  r= 0.29  w=0.5  wr=  0.15    [shared]
[22:53:41.319]     f 8= 6303.4 Hz  mag= 351626  BL= 86271  r= 4.08  w=0.5  wr=  2.04**  [shared]
[22:53:41.784]     f 9= 6506.6 Hz  mag= 599380  BL= 86007  r= 6.97  w=2.0  wr= 13.94**  [semi  ]
[22:53:42.273]     f10= 6792.7 Hz  mag= 468828  BL= 85636  r= 5.47  w=4.0  wr= 21.90**  [UNIQUE]
[22:53:42.274]     → energy=57725864  mean_ratio=2.56  weighted=54.0  strong=4/10
[22:53:42.384]   ─── Sense Rod 3 (Pattern C) ───
[22:53:42.842]     f 1=  709.4 Hz  mag=  90176  BL= 88810  r= 1.02  w=4.0  wr=  4.06    [UNIQUE]
[22:53:43.325]     f 2= 1026.0 Hz  mag= 230155  BL=247060  r= 0.93  w=4.0  wr=  3.73    [UNIQUE]
[22:53:43.796]     f 3= 1203.2 Hz  mag= 551460  BL=520101  r= 1.06  w=4.0  wr=  4.24    [UNIQUE]
[22:53:44.244]     f 4= 1616.9 Hz  mag=1437420  BL=2482823  r= 0.58  w=0.5  wr=  0.29    [shared]
[22:53:44.651]     f 5= 2117.8 Hz  mag=29440121  BL=12359176  r= 2.38  w=0.5  wr=  1.19**  [shared]
[22:53:45.114]     f 6= 2924.3 Hz  mag= 670758  BL=732731  r= 0.92  w=2.0  wr=  1.83    [semi  ]
[22:53:45.617]     f 7= 5689.9 Hz  mag= 202467  BL= 89355  r= 2.27  w=0.5  wr=  1.13**  [shared]
[22:53:46.132]     f 8= 6303.4 Hz  mag= 164393  BL= 85642  r= 1.92  w=0.5  wr=  0.96    [shared]
[22:53:46.645]     f 9= 6506.6 Hz  mag= 109478  BL= 84412  r= 1.30  w=2.0  wr=  2.59    [semi  ]
[22:53:47.117]     f10= 6792.7 Hz  mag= 232256  BL= 82681  r= 2.81  w=4.0  wr= 11.24**  [UNIQUE]
[22:53:47.117]     → energy=33128684  mean_ratio=1.52  weighted=31.3  strong=3/10
[22:53:47.227]   ─── Sense Rod 4 (Pattern E) ───
[22:53:47.723]     f 1=  709.4 Hz  mag=  75074  BL= 74477  r= 1.01  w=4.0  wr=  4.03    [UNIQUE]
[22:53:48.182]     f 2= 1026.0 Hz  mag= 219388  BL=224450  r= 0.98  w=4.0  wr=  3.91    [UNIQUE]
[22:53:48.652]     f 3= 1203.2 Hz  mag= 449699  BL=474046  r= 0.95  w=4.0  wr=  3.79    [UNIQUE]
[22:53:49.096]     f 4= 1616.9 Hz  mag=3253512  BL=2355543  r= 1.38  w=0.5  wr=  0.69    [shared]
[22:53:49.511]     f 5= 2117.8 Hz  mag=31874638  BL=10751475  r= 2.96  w=0.5  wr=  1.48**  [shared]
[22:53:50.011]     f 6= 2924.3 Hz  mag= 546851  BL=593029  r= 0.92  w=2.0  wr=  1.84    [semi  ]
[22:53:50.515]     f 7= 5689.9 Hz  mag=  16520  BL= 80534  r= 0.21  w=0.5  wr=  0.10    [shared]
[22:53:51.033]     f 8= 6303.4 Hz  mag= 881120  BL= 80552  r=10.94  w=0.5  wr=  5.47**  [shared]
[22:53:51.544]     f 9= 6506.6 Hz  mag= 915687  BL= 80558  r=11.37  w=2.0  wr= 22.73**  [semi  ]
[22:53:52.055]     f10= 6792.7 Hz  mag= 282640  BL= 80567  r= 3.51  w=4.0  wr= 14.03**  [UNIQUE]
[22:53:52.055]     → energy=38515130  mean_ratio=3.42  weighted=58.1  strong=4/10
[22:53:52.055] 
  Template scoring for Query 2:
[22:53:52.063]     Sense Rod 1: template_score=1.38
[22:53:52.063]     Sense Rod 2: template_score=7.61  ◄ (diagonal)
[22:53:52.063]     Sense Rod 3: template_score=0.83
[22:53:52.063]     Sense Rod 4: template_score=4.11
[22:53:52.063]   Template: R1=+1.4   R2=+7.6◄  R3=+0.8   R4=+4.1   → R2 ✓
[22:53:52.063] 
[22:53:52.063] ═══ Query 3/4: Rod 3 (Pattern C, 10 peaks) ═══
[22:53:52.169]   ─── Sense Rod 1 (Pattern A) ───
[22:53:52.687]     f 1=  913.1 Hz  mag= 124452  BL=151379  r= 0.82  w=2.0  wr=  1.64    [semi  ]
[22:53:53.166]     f 2= 1536.4 Hz  mag= 859406  BL=2214334  r= 0.39  w=2.0  wr=  0.78    [semi  ]
[22:53:53.613]     f 3= 1714.2 Hz  mag=2518369  BL=4004445  r= 0.63  w=2.0  wr=  1.26    [semi  ]
[22:53:54.019]     f 4= 2001.1 Hz  mag=26745299  BL=7836799  r= 3.41  w=2.0  wr=  6.83**  [semi  ]
[22:53:54.464]     f 5= 2833.8 Hz  mag= 869439  BL=990923  r= 0.88  w=2.0  wr=  1.75    [semi  ]
[22:53:54.910]     f 6= 5575.5 Hz  mag=  12436  BL= 97759  r= 0.13  w=2.0  wr=  0.25    [semi  ]
[22:53:55.377]     f 7= 5765.3 Hz  mag=  13938  BL= 98953  r= 0.14  w=0.5  wr=  0.07    [shared]
[22:53:55.875]     f 8= 6218.2 Hz  mag= 387600  BL=101801  r= 3.81  w=0.5  wr=  1.90**  [shared]
[22:53:56.394]     f 9= 9396.4 Hz  mag=  68404  BL= 94385  r= 0.72  w=4.0  wr=  2.90    [UNIQUE]
[22:53:56.896]     f10=13910.5 Hz  mag= 123008  BL=1956147  r= 0.06  w=4.0  wr=  0.25    [UNIQUE]
[22:53:56.897]     → energy=31722351  mean_ratio=1.10  weighted=17.6  strong=2/10
[22:53:57.007]   ─── Sense Rod 2 (Pattern B) ───
[22:53:57.494]     f 1=  913.1 Hz  mag= 121373  BL=119438  r= 1.02  w=2.0  wr=  2.03    [semi  ]
[22:53:57.952]     f 2= 1536.4 Hz  mag=1540552  BL=1045706  r= 1.47  w=2.0  wr=  2.95    [semi  ]
[22:53:58.406]     f 3= 1714.2 Hz  mag=2495080  BL=1456609  r= 1.71  w=2.0  wr=  3.43    [semi  ]
[22:53:58.808]     f 4= 2001.1 Hz  mag=39878765  BL=11671945  r= 3.42  w=2.0  wr=  6.83**  [semi  ]
[22:53:59.298]     f 5= 2833.8 Hz  mag= 728983  BL=812023  r= 0.90  w=2.0  wr=  1.80    [semi  ]
[22:53:59.745]     f 6= 5575.5 Hz  mag=  30569  BL= 87215  r= 0.35  w=2.0  wr=  0.70    [semi  ]
[22:54:00.227]     f 7= 5765.3 Hz  mag=  21198  BL= 86969  r= 0.24  w=0.5  wr=  0.12    [shared]
[22:54:00.726]     f 8= 6218.2 Hz  mag= 764662  BL= 86381  r= 8.85  w=0.5  wr=  4.43**  [shared]
[22:54:01.198]     f 9= 9396.4 Hz  mag=  54970  BL= 73399  r= 0.75  w=4.0  wr=  3.00    [UNIQUE]
[22:54:01.679]     f10=13910.5 Hz  mag= 129912  BL=1983118  r= 0.07  w=4.0  wr=  0.26    [UNIQUE]
[22:54:01.679]     → energy=45766062  mean_ratio=1.88  weighted=25.5  strong=2/10
[22:54:01.785]   ─── Sense Rod 3 (Pattern C) ───
[22:54:02.247]     f 1=  913.1 Hz  mag= 191806  BL=179236  r= 1.07  w=2.0  wr=  2.14    [semi  ]
[22:54:02.716]     f 2= 1536.4 Hz  mag=3216786  BL=1935913  r= 1.66  w=2.0  wr=  3.32    [semi  ]
[22:54:03.183]     f 3= 1714.2 Hz  mag=2705529  BL=3143790  r= 0.86  w=2.0  wr=  1.72    [semi  ]
[22:54:03.593]     f 4= 2001.1 Hz  mag=17219680  BL=9397258  r= 1.83  w=2.0  wr=  3.66    [semi  ]
[22:54:04.060]     f 5= 2833.8 Hz  mag= 830995  BL=895588  r= 0.93  w=2.0  wr=  1.86    [semi  ]
[22:54:04.541]     f 6= 5575.5 Hz  mag=  96432  BL= 90048  r= 1.07  w=2.0  wr=  2.14    [semi  ]
[22:54:05.008]     f 7= 5765.3 Hz  mag= 220013  BL= 88899  r= 2.47  w=0.5  wr=  1.24**  [shared]
[22:54:05.499]     f 8= 6218.2 Hz  mag= 190749  BL= 86157  r= 2.21  w=0.5  wr=  1.11**  [shared]
[22:54:05.986]     f 9= 9396.4 Hz  mag=  57684  BL= 70135  r= 0.82  w=4.0  wr=  3.29    [UNIQUE]
[22:54:06.464]     f10=13910.5 Hz  mag= 187852  BL=1578916  r= 0.12  w=4.0  wr=  0.48    [UNIQUE]
[22:54:06.464]     → energy=24917525  mean_ratio=1.31  weighted=21.0  strong=2/10
[22:54:06.575]   ─── Sense Rod 4 (Pattern E) ───
[22:54:07.042]     f 1=  913.1 Hz  mag= 152333  BL=157185  r= 0.97  w=2.0  wr=  1.94    [semi  ]
[22:54:07.539]     f 2= 1536.4 Hz  mag=1208641  BL=1867839  r= 0.65  w=2.0  wr=  1.29    [semi  ]
[22:54:08.042]     f 3= 1714.2 Hz  mag=1519585  BL=2944957  r= 0.52  w=2.0  wr=  1.03    [semi  ]
[22:54:08.453]     f 4= 2001.1 Hz  mag=15048593  BL=8248039  r= 1.82  w=2.0  wr=  3.65    [semi  ]
[22:54:08.899]     f 5= 2833.8 Hz  mag= 646856  BL=712751  r= 0.91  w=2.0  wr=  1.82    [semi  ]
[22:54:09.411]     f 6= 5575.5 Hz  mag=  23574  BL= 80531  r= 0.29  w=2.0  wr=  0.59    [semi  ]
[22:54:09.900]     f 7= 5765.3 Hz  mag=  13410  BL= 80536  r= 0.17  w=0.5  wr=  0.08    [shared]
[22:54:10.372]     f 8= 6218.2 Hz  mag=1360312  BL= 80550  r=16.89  w=0.5  wr=  8.44**  [shared]
[22:54:10.852]     f 9= 9396.4 Hz  mag=  59865  BL= 73621  r= 0.81  w=4.0  wr=  3.25    [UNIQUE]
[22:54:11.375]     f10=13910.5 Hz  mag= 122842  BL=2217078  r= 0.06  w=4.0  wr=  0.22    [UNIQUE]
[22:54:11.375]     → energy=20156012  mean_ratio=2.31  weighted=22.3  strong=1/10
[22:54:11.375] 
  Template scoring for Query 3:
[22:54:11.375]     Sense Rod 1: template_score=-0.79
[22:54:11.375]     Sense Rod 2: template_score=0.77
[22:54:11.375]     Sense Rod 3: template_score=10.76  ◄ (diagonal)
[22:54:11.376]     Sense Rod 4: template_score=0.09
[22:54:11.376]   Template: R1=-0.8   R2=+0.8   R3=+10.8◄  R4=+0.1   → R3 ✓
[22:54:11.376] 
[22:54:11.376] ═══ Query 4/4: Rod 4 (Pattern E, 10 peaks) ═══
[22:54:11.485]   ─── Sense Rod 1 (Pattern A) ───
[22:54:11.975]     f 1=  867.7 Hz  mag= 100788  BL=132665  r= 0.76  w=2.0  wr=  1.52    [semi  ]
[22:54:12.443]     f 2= 1094.7 Hz  mag= 245426  BL=249831  r= 0.98  w=2.0  wr=  1.96    [semi  ]
[22:54:12.932]     f 3= 1631.9 Hz  mag=1303554  BL=3176486  r= 0.41  w=0.5  wr=  0.21    [shared]
[22:54:13.412]     f 4= 1895.7 Hz  mag=2347880  BL=6344716  r= 0.37  w=2.0  wr=  0.74    [semi  ]
[22:54:13.826]     f 5= 2088.0 Hz  mag=25649751  BL=9065653  r= 2.83  w=0.5  wr=  1.41**  [shared]
[22:54:14.326]     f 6= 2584.4 Hz  mag=2042571  BL=3293862  r= 0.62  w=2.0  wr=  1.24    [semi  ]
[22:54:14.774]     f 7= 3189.9 Hz  mag= 365586  BL=482744  r= 0.76  w=4.0  wr=  3.03    [UNIQUE]
[22:54:15.246]     f 8= 5258.1 Hz  mag=  18400  BL= 95763  r= 0.19  w=0.5  wr=  0.10    [shared]
[22:54:15.748]     f 9= 5892.7 Hz  mag=  54978  BL= 99754  r= 0.55  w=2.0  wr=  1.10    [semi  ]
[22:54:16.196]     f10= 6319.8 Hz  mag= 442622  BL=102440  r= 4.32  w=0.5  wr=  2.16**  [shared]
[22:54:16.196]     → energy=32571557  mean_ratio=1.18  weighted=13.5  strong=2/10
[22:54:16.303]   ─── Sense Rod 2 (Pattern B) ───
[22:54:16.795]     f 1=  867.7 Hz  mag=  94105  BL=105026  r= 0.90  w=2.0  wr=  1.79    [semi  ]
[22:54:17.266]     f 2= 1094.7 Hz  mag= 248978  BL=258418  r= 0.96  w=2.0  wr=  1.93    [semi  ]
[22:54:17.693]     f 3= 1631.9 Hz  mag=2007937  BL=1266559  r= 1.59  w=0.5  wr=  0.79    [shared]
[22:54:18.129]     f 4= 1895.7 Hz  mag=3621616  BL=7071941  r= 0.51  w=2.0  wr=  1.02    [semi  ]
[22:54:18.542]     f 5= 2088.0 Hz  mag=40785772  BL=15460429  r= 2.64  w=0.5  wr=  1.32**  [shared]
[22:54:18.997]     f 6= 2584.4 Hz  mag=1542940  BL=2015475  r= 0.77  w=2.0  wr=  1.53    [semi  ]
[22:54:19.490]     f 7= 3189.9 Hz  mag= 377590  BL=435541  r= 0.87  w=4.0  wr=  3.47    [UNIQUE]
[22:54:19.926]     f 8= 5258.1 Hz  mag= 141648  BL= 87627  r= 1.62  w=0.5  wr=  0.81    [shared]
[22:54:20.406]     f 9= 5892.7 Hz  mag=  53331  BL= 86804  r= 0.61  w=2.0  wr=  1.23    [semi  ]
[22:54:20.858]     f10= 6319.8 Hz  mag= 331879  BL= 86250  r= 3.85  w=0.5  wr=  1.92**  [shared]
[22:54:20.858]     → energy=49205796  mean_ratio=1.43  weighted=15.8  strong=2/10
[22:54:20.967]   ─── Sense Rod 3 (Pattern C) ───
[22:54:21.425]     f 1=  867.7 Hz  mag= 156744  BL=154430  r= 1.01  w=2.0  wr=  2.03    [semi  ]
[22:54:21.925]     f 2= 1094.7 Hz  mag= 320768  BL=330368  r= 0.97  w=2.0  wr=  1.94    [semi  ]
[22:54:22.393]     f 3= 1631.9 Hz  mag=1625792  BL=2585125  r= 0.63  w=0.5  wr=  0.31    [shared]
[22:54:22.799]     f 4= 1895.7 Hz  mag=8948721  BL=6717878  r= 1.33  w=2.0  wr=  2.66    [semi  ]
[22:54:23.208]     f 5= 2088.0 Hz  mag=24334623  BL=11603950  r= 2.10  w=0.5  wr=  1.05**  [shared]
[22:54:23.665]     f 6= 2584.4 Hz  mag=1345921  BL=1780591  r= 0.76  w=2.0  wr=  1.51    [semi  ]
[22:54:24.135]     f 7= 3189.9 Hz  mag= 382209  BL=447775  r= 0.85  w=4.0  wr=  3.41    [UNIQUE]
[22:54:24.613]     f 8= 5258.1 Hz  mag=  39166  BL= 91968  r= 0.43  w=0.5  wr=  0.21    [shared]
[22:54:25.086]     f 9= 5892.7 Hz  mag= 942082  BL= 88128  r=10.69  w=2.0  wr= 21.38**  [semi  ]
[22:54:25.605]     f10= 6319.8 Hz  mag= 149383  BL= 85543  r= 1.75  w=0.5  wr=  0.87    [shared]
[22:54:25.605]     → energy=38245408  mean_ratio=2.05  weighted=35.4  strong=2/10
[22:54:25.713]   ─── Sense Rod 4 (Pattern E) ───
[22:54:26.200]     f 1=  867.7 Hz  mag= 133872  BL=133540  r= 1.00  w=2.0  wr=  2.00    [semi  ]
[22:54:26.697]     f 2= 1094.7 Hz  mag= 284436  BL=292952  r= 0.97  w=2.0  wr=  1.94    [semi  ]
[22:54:27.149]     f 3= 1631.9 Hz  mag=2445586  BL=2446770  r= 1.00  w=0.5  wr=  0.50    [shared]
[22:54:27.549]     f 4= 1895.7 Hz  mag=19070342  BL=5983407  r= 3.19  w=2.0  wr=  6.37**  [semi  ]
[22:54:27.955]     f 5= 2088.0 Hz  mag=24813342  BL=10113152  r= 2.45  w=0.5  wr=  1.23**  [shared]
[22:54:28.423]     f 6= 2584.4 Hz  mag=1171554  BL=1576991  r= 0.74  w=2.0  wr=  1.49    [semi  ]
[22:54:28.899]     f 7= 3189.9 Hz  mag= 329113  BL=378146  r= 0.87  w=4.0  wr=  3.48    [UNIQUE]
[22:54:29.395]     f 8= 5258.1 Hz  mag=  42207  BL= 80522  r= 0.52  w=0.5  wr=  0.26    [shared]
[22:54:29.886]     f 9= 5892.7 Hz  mag= 106096  BL= 80540  r= 1.32  w=2.0  wr=  2.63    [semi  ]
[22:54:30.359]     f10= 6319.8 Hz  mag= 866215  BL= 80553  r=10.75  w=0.5  wr=  5.38**  [shared]
[22:54:30.359]     → energy=49262762  mean_ratio=2.28  weighted=25.3  strong=3/10
[22:54:30.359] 
  Template scoring for Query 4:
[22:54:30.359]     Sense Rod 1: template_score=3.58
[22:54:30.359]     Sense Rod 2: template_score=0.76
[22:54:30.359]     Sense Rod 3: template_score=0.74
[22:54:30.360]     Sense Rod 4: template_score=8.43  ◄ (diagonal)
[22:54:30.360]   Template: R1=+3.6   R2=+0.8   R3=+0.7   R4=+8.4◄  → R4 ✓
[22:54:30.360] 
[22:54:31.449] PicoScope closed
[22:54:31.449] ======================================================================
[22:54:31.449]   RESULTS
[22:54:31.449] ======================================================================
[22:54:31.449] 
  Energy Matrix (Query → Sense):
[22:54:31.449]            Rod  1    Rod  2    Rod  3    Rod  4  
[22:54:31.449]          ----------------------------------------
[22:54:31.449]   Q= 1  |51882634 ◄|58645406  |43244658  |43698245  |
[22:54:31.449]   Q= 2  |20628222  |57725864 ◄|33128684  |38515130  |
[22:54:31.449]   Q= 3  |31722351  |45766062  |24917525 ◄|20156012  |
[22:54:31.449]   Q= 4  |32571557  |49205796  |38245408  |49262762 ◄|
[22:54:31.449] 
  Ratio Matrix (Query → Sense, vs feedthrough baseline):
[22:54:31.449]            Rod  1    Rod  2    Rod  3    Rod  4  
[22:54:31.449]          ----------------------------------------
[22:54:31.449]   Q= 1  |   1.20 ◄|   1.65  |   1.34  |   2.20  |
[22:54:31.449]   Q= 2  |   2.23  |   2.56 ◄|   1.52  |   3.42  |
[22:54:31.449]   Q= 3  |   1.10  |   1.88  |   1.31 ◄|   2.31  |
[22:54:31.449]   Q= 4  |   1.18  |   1.43  |   2.05  |   2.28 ◄|
[22:54:31.449] 
  Weighted Matrix (uniqueness-weighted ratio sums):
[22:54:31.449]            Rod  1    Rod  2    Rod  3    Rod  4  
[22:54:31.449]          ----------------------------------------
[22:54:31.449]   Q= 1  |   27.9 ◄|   30.9  |   25.5  |   41.8  |
[22:54:31.449]   Q= 2  |   42.1  |   54.0 ◄|   31.3  |   58.1  |
[22:54:31.449]   Q= 3  |   17.6  |   25.5  |   21.0 ◄|   22.3  |
[22:54:31.449]   Q= 4  |   13.5  |   15.8  |   35.4  |   25.3 ◄|
[22:54:31.449] 
  Template Matrix (cross-relay normalized, enrollment-matched):
[22:54:31.449]            Rod  1    Rod  2    Rod  3    Rod  4  
[22:54:31.449]          ----------------------------------------
[22:54:31.449]   Q= 1  |   +6.9 ◄|   -0.9  |   +0.6  |   +4.2  |
[22:54:31.449]   Q= 2  |   +1.4  |   +7.6 ◄|   +0.8  |   +4.1  |
[22:54:31.450]   Q= 3  |   -0.8  |   +0.8  |  +10.8 ◄|   +0.1  |
[22:54:31.450]   Q= 4  |   +3.6  |   +0.8  |   +0.7  |   +8.4 ◄|
[22:54:31.450] 
  Diagonal Dominance (energy-based):
[22:54:31.450]     Query Rod 1: diag=51882634  best_off=58645406  dominance=-1.1 dB  ✗
[22:54:31.450]     Query Rod 2: diag=57725864  best_off=38515130  dominance=+3.5 dB  ✓
[22:54:31.450]     Query Rod 3: diag=24917525  best_off=45766062  dominance=-5.3 dB  ✗
[22:54:31.450]     Query Rod 4: diag=49262762  best_off=49205796  dominance=+0.0 dB  ✓
[22:54:31.450] 
  Diagonal Dominance (ratio-normalized):
[22:54:31.450]     Query Rod 1: diag_ratio=1.20  best_off=2.20  dominance=-5.3 dB  ✗
[22:54:31.450]     Query Rod 2: diag_ratio=2.56  best_off=3.42  dominance=-2.5 dB  ✗
[22:54:31.450]     Query Rod 3: diag_ratio=1.31  best_off=2.31  dominance=-4.9 dB  ✗
[22:54:31.450]     Query Rod 4: diag_ratio=2.28  best_off=2.05  dominance=+0.9 dB  ✓
[22:54:31.450] 
  Diagonal Dominance (weighted score):
[22:54:31.450]     Query Rod 1: diag_wtd=27.9  best_off=41.8  dominance=-3.5 dB  ✗
[22:54:31.450]     Query Rod 2: diag_wtd=54.0  best_off=58.1  dominance=-0.6 dB  ✗
[22:54:31.450]     Query Rod 3: diag_wtd=21.0  best_off=25.5  dominance=-1.7 dB  ✗
[22:54:31.450]     Query Rod 4: diag_wtd=25.3  best_off=35.4  dominance=-2.9 dB  ✗
[22:54:31.450] 
  Diagonal Dominance (template — cross-relay normalized):
[22:54:31.450]     Query Rod 1: diag=+6.87  best_off=+4.16  margin=+2.71  ✓
[22:54:31.450]     Query Rod 2: diag=+7.61  best_off=+4.11  margin=+3.50  ✓
[22:54:31.450]     Query Rod 3: diag=+10.76  best_off=+0.77  margin=+9.99  ✓
[22:54:31.450]     Query Rod 4: diag=+8.43  best_off=+3.58  margin=+4.85  ✓
[22:54:31.450] 
  ─── Summary ───
[22:54:31.450]   Strategy: template
[22:54:31.450]   Energy recall accuracy:   2/4 (50%)
[22:54:31.450]   Ratio recall accuracy:    1/4 (25%)
[22:54:31.450]   Weighted recall accuracy: 0/4 (0%)
[22:54:31.450]   Template recall accuracy: 4/4 (100%)
[22:54:31.450]   Mean energy dominance:    -0.7 dB
[22:54:31.450]   Mean ratio dominance:     -2.9 dB
[22:54:31.450]   Mean weighted dominance:  -2.2 dB
[22:54:31.450]   Mean template margin:     +5.26
[22:54:31.451]   Duration: 101.0s
[22:54:31.451] 
  ─── Overlap Analysis (explains low recall) ───
[22:54:31.451]     Q=1 vs S=2: 3/10 query peaks within 5% of sense rod's peaks (30% overlap)
[22:54:31.451]     Q=1 vs S=3: 4/10 query peaks within 5% of sense rod's peaks (40% overlap)
[22:54:31.451]     Q=1 vs S=4: 8/10 query peaks within 5% of sense rod's peaks (80% overlap)
[22:54:31.451]     Q=2 vs S=1: 3/10 query peaks within 5% of sense rod's peaks (30% overlap)
[22:54:31.451]     Q=2 vs S=3: 5/10 query peaks within 5% of sense rod's peaks (50% overlap)
[22:54:31.451]     Q=2 vs S=4: 5/10 query peaks within 5% of sense rod's peaks (50% overlap)
[22:54:31.451]     Q=3 vs S=1: 5/10 query peaks within 5% of sense rod's peaks (50% overlap)
[22:54:31.451]     Q=3 vs S=2: 5/10 query peaks within 5% of sense rod's peaks (50% overlap)
[22:54:31.451]     Q=3 vs S=4: 5/10 query peaks within 5% of sense rod's peaks (50% overlap)
[22:54:31.451]     Q=4 vs S=1: 8/10 query peaks within 5% of sense rod's peaks (80% overlap)
[22:54:31.451]     Q=4 vs S=2: 4/10 query peaks within 5% of sense rod's peaks (40% overlap)
[22:54:31.452]     Q=4 vs S=3: 5/10 query peaks within 5% of sense rod's peaks (50% overlap)
[22:54:31.521] 
Results saved to data/results/lab/associative_recall/recall_20260408_225247.json
