[22:09:46.235] Relay mux connected on /dev/cu.usbserial-11310
[22:09:46.239] ======================================================================
[22:09:46.239]   HARDWARE ASSOCIATIVE RECALL — 4×4 Discrimination Matrix
[22:09:46.239] ======================================================================
[22:09:46.239]   Rods: ['1', '2', '3', '4']  Patterns: ['A', 'B', 'C', 'E']
[22:09:46.239]   Peaks per query: 10
[22:09:46.239]   Captures per point: 12
[22:09:46.239]   Relay mux: /dev/cu.usbserial-11310
[22:09:46.239] 
[22:09:47.403] PicoScope opened (Ch A ±1V DC)
[22:09:47.404] Phase 0: Feedthrough baseline
[22:09:47.405]   Measuring feedthrough baseline at 16 points...
[22:09:47.824]     BL 500 Hz → 618679 (noise=4859)
[22:09:48.204]     BL 613 Hz → 263396 (noise=4935)
[22:09:48.607]     BL 789 Hz → 309852 (noise=4907)
[22:09:48.989]     BL 970 Hz → 334260 (noise=4889)
[22:09:49.421]     BL 1060 Hz → 229640 (noise=4848)
[22:09:49.772]     BL 1165 Hz → 151338 (noise=4766)
[22:09:50.122]     BL 1370 Hz → 116936 (noise=4885)
[22:09:50.523]     BL 1770 Hz → 376721 (noise=4798)
[22:09:50.938]     BL 2208 Hz → 1112218 (noise=4795)
[22:09:51.356]     BL 2442 Hz → 324964 (noise=4740)
[22:09:51.738]     BL 2739 Hz → 109998 (noise=4905)
[22:09:52.071]     BL 3057 Hz → 136463 (noise=5129)
[22:09:52.487]     BL 4194 Hz → 52470 (noise=5084)
[22:09:52.876]     BL 8095 Hz → 24754 (noise=5074)
[22:09:53.274]     BL 11653 Hz → 16512 (noise=4925)
[22:09:53.674]     BL 15910 Hz → 487282 (noise=5000)
[22:09:53.675]   Baseline: 16 points measured

[22:09:53.675] ═══ Query 1/4: Rod 1 (Pattern A, 10 peaks) ═══
[22:09:53.779]   ─── Sense Rod 1 (Pattern A) ───
[22:09:54.250]     f 1=  516.8 Hz  mag=  37669  BL=565877  ratio= 0.07    SNR= 12.1 dB
[22:09:54.700]     f 2=  891.3 Hz  mag= 102639  BL=323708  ratio= 0.32    SNR= 20.5 dB
[22:09:55.149]     f 3= 1127.2 Hz  mag= 252289  BL=179710  ratio= 1.40    SNR= 28.4 dB
[22:09:55.574]     f 4= 1825.5 Hz  mag=2503542  BL=470067  ratio= 5.33**  SNR= 47.6 dB
[22:09:55.969]     f 5= 2104.9 Hz  mag=19911890  BL=938433  ratio=21.22**  SNR= 66.0 dB
[22:09:56.380]     f 6= 2299.2 Hz  mag=25289379  BL=806056  ratio=31.37**  SNR= 68.3 dB
[22:09:56.862]     f 7= 2644.6 Hz  mag=1553315  BL=178373  ratio= 8.71**  SNR= 44.2 dB
[22:09:57.285]     f 8= 5197.8 Hz  mag=  25356  BL= 45337  ratio= 0.56    SNR=  8.0 dB
[22:09:57.757]     f 9= 5460.7 Hz  mag=  15505  BL= 43469  ratio= 0.36    SNR=  3.6 dB
[22:09:58.221]     f10= 6022.8 Hz  mag= 335102  BL= 39475  ratio= 8.49**  SNR= 30.9 dB
[22:09:58.222]     → energy=50026687  mean_ratio=7.78  strong=5/10
[22:09:58.327]   ─── Sense Rod 2 (Pattern B) ───
[22:09:58.797]     f 1=  516.8 Hz  mag=  39673  BL=565877  ratio= 0.07    SNR= 12.8 dB
[22:09:59.255]     f 2=  891.3 Hz  mag= 100518  BL=323708  ratio= 0.31    SNR= 20.2 dB
[22:09:59.704]     f 3= 1127.2 Hz  mag= 303866  BL=179710  ratio= 1.69    SNR= 30.4 dB
[22:10:00.138]     f 4= 1825.5 Hz  mag=4390944  BL=470067  ratio= 9.34**  SNR= 53.7 dB
[22:10:00.543]     f 5= 2104.9 Hz  mag=47023478  BL=938433  ratio=50.11**  SNR= 73.4 dB
[22:10:00.953]     f 6= 2299.2 Hz  mag=5590701  BL=806056  ratio= 6.94**  SNR= 55.0 dB
[22:10:01.429]     f 7= 2644.6 Hz  mag=1304685  BL=178373  ratio= 7.31**  SNR= 43.0 dB
[22:10:01.909]     f 8= 5197.8 Hz  mag=  49773  BL= 45337  ratio= 1.10    SNR= 14.5 dB
[22:10:02.350]     f 9= 5460.7 Hz  mag=  26168  BL= 43469  ratio= 0.60    SNR=  8.4 dB
[22:10:02.844]     f10= 6022.8 Hz  mag= 610345  BL= 39475  ratio=15.46**  SNR= 36.3 dB
[22:10:02.844]     → energy=59440151  mean_ratio=9.29  strong=5/10
[22:10:02.954]   ─── Sense Rod 3 (Pattern C) ───
[22:10:03.416]     f 1=  516.8 Hz  mag=  57104  BL=565877  ratio= 0.10    SNR= 15.6 dB
[22:10:03.880]     f 2=  891.3 Hz  mag= 163030  BL=323708  ratio= 0.50    SNR= 24.9 dB
[22:10:04.355]     f 3= 1127.2 Hz  mag= 406468  BL=179710  ratio= 2.26**  SNR= 32.7 dB
[22:10:04.758]     f 4= 1825.5 Hz  mag=7602747  BL=470067  ratio=16.17**  SNR= 58.0 dB
[22:10:05.145]     f 5= 2104.9 Hz  mag=34386796  BL=938433  ratio=36.64**  SNR= 70.1 dB
[22:10:05.572]     f 6= 2299.2 Hz  mag=3401181  BL=806056  ratio= 4.22**  SNR= 51.7 dB
[22:10:06.021]     f 7= 2644.6 Hz  mag=1079779  BL=178373  ratio= 6.05**  SNR= 41.3 dB
[22:10:06.482]     f 8= 5197.8 Hz  mag=  45881  BL= 45337  ratio= 1.01    SNR= 13.8 dB
[22:10:06.973]     f 9= 5460.7 Hz  mag=  70335  BL= 43469  ratio= 1.62    SNR= 17.0 dB
[22:10:07.420]     f10= 6022.8 Hz  mag= 285646  BL= 39475  ratio= 7.24**  SNR= 29.4 dB
[22:10:07.420]     → energy=47498968  mean_ratio=7.58  strong=6/10
[22:10:07.527]   ─── Sense Rod 4 (Pattern E) ───
[22:10:07.993]     f 1=  516.8 Hz  mag=  54099  BL=565877  ratio= 0.10    SNR= 15.6 dB
[22:10:08.458]     f 2=  891.3 Hz  mag= 150345  BL=323708  ratio= 0.46    SNR= 24.2 dB
[22:10:08.935]     f 3= 1127.2 Hz  mag= 321562  BL=179710  ratio= 1.79    SNR= 31.2 dB
[22:10:09.350]     f 4= 1825.5 Hz  mag=8168792  BL=470067  ratio=17.38**  SNR= 59.1 dB
[22:10:09.754]     f 5= 2104.9 Hz  mag=29091825  BL=938433  ratio=31.00**  SNR= 70.2 dB
[22:10:10.191]     f 6= 2299.2 Hz  mag=4226237  BL=806056  ratio= 5.24**  SNR= 53.4 dB
[22:10:10.631]     f 7= 2644.6 Hz  mag=1012224  BL=178373  ratio= 5.67**  SNR= 41.0 dB
[22:10:11.103]     f 8= 5197.8 Hz  mag=  45592  BL= 45337  ratio= 1.01    SNR= 14.0 dB
[22:10:11.594]     f 9= 5460.7 Hz  mag=  28529  BL= 43469  ratio= 0.66    SNR=  9.9 dB
[22:10:12.072]     f10= 6022.8 Hz  mag=1021924  BL= 39475  ratio=25.89**  SNR= 41.1 dB
[22:10:12.072]     → energy=44121129  mean_ratio=8.92  strong=5/10
[22:10:12.072] 
[22:10:12.072] ═══ Query 2/4: Rod 2 (Pattern B, 10 peaks) ═══
[22:10:12.182]   ─── Sense Rod 1 (Pattern A) ───
[22:10:12.621]     f 1=  709.4 Hz  mag=  57648  BL=288888  ratio= 0.20    SNR= 15.0 dB
[22:10:13.076]     f 2= 1026.0 Hz  mag= 198475  BL=269220  ratio= 0.74    SNR= 25.9 dB
[22:10:13.559]     f 3= 1203.2 Hz  mag= 326445  BL=144952  ratio= 2.25**  SNR= 30.5 dB
[22:10:14.010]     f 4= 1616.9 Hz  mag=1295098  BL=277374  ratio= 4.67**  SNR= 42.7 dB
[22:10:14.429]     f 5= 2117.8 Hz  mag=14563888  BL=960067  ratio=15.17**  SNR= 63.2 dB
[22:10:14.876]     f 6= 2924.3 Hz  mag= 684085  BL=125411  ratio= 5.45**  SNR= 36.8 dB
[22:10:15.315]     f 7= 5689.9 Hz  mag=  16324  BL= 41840  ratio= 0.39    SNR=  4.0 dB
[22:10:15.780]     f 8= 6303.4 Hz  mag= 440901  BL= 37481  ratio=11.76**  SNR= 33.2 dB
[22:10:16.238]     f 9= 6506.6 Hz  mag=1150225  BL= 36037  ratio=31.92**  SNR= 41.6 dB
[22:10:16.713]     f10= 6792.7 Hz  mag=  79422  BL= 34004  ratio= 2.34**  SNR= 18.2 dB
[22:10:16.713]     → energy=18812510  mean_ratio=7.49  strong=7/10
[22:10:16.824]   ─── Sense Rod 2 (Pattern B) ───
[22:10:17.328]     f 1=  709.4 Hz  mag=  73079  BL=288888  ratio= 0.25    SNR= 16.9 dB
[22:10:17.790]     f 2= 1026.0 Hz  mag= 183351  BL=269220  ratio= 0.68    SNR= 25.4 dB
[22:10:18.247]     f 3= 1203.2 Hz  mag= 401545  BL=144952  ratio= 2.77**  SNR= 32.3 dB
[22:10:18.696]     f 4= 1616.9 Hz  mag=2713023  BL=277374  ratio= 9.78**  SNR= 49.0 dB
[22:10:19.102]     f 5= 2117.8 Hz  mag=54496235  BL=960067  ratio=56.76**  SNR= 75.3 dB
[22:10:19.552]     f 6= 2924.3 Hz  mag= 597345  BL=125411  ratio= 4.76**  SNR= 35.9 dB
[22:10:19.993]     f 7= 5689.9 Hz  mag=  23988  BL= 41840  ratio= 0.57    SNR=  7.8 dB
[22:10:20.463]     f 8= 6303.4 Hz  mag= 381252  BL= 37481  ratio=10.17**  SNR= 31.9 dB
[22:10:20.967]     f 9= 6506.6 Hz  mag= 568307  BL= 36037  ratio=15.77**  SNR= 35.4 dB
[22:10:21.438]     f10= 6792.7 Hz  mag= 400214  BL= 34004  ratio=11.77**  SNR= 32.1 dB
[22:10:21.438]     → energy=59838338  mean_ratio=11.33  strong=7/10
[22:10:21.545]   ─── Sense Rod 3 (Pattern C) ───
[22:10:22.025]     f 1=  709.4 Hz  mag= 101824  BL=288888  ratio= 0.35    SNR= 20.4 dB
[22:10:22.493]     f 2= 1026.0 Hz  mag= 271208  BL=269220  ratio= 1.01    SNR= 28.8 dB
[22:10:22.931]     f 3= 1203.2 Hz  mag= 528948  BL=144952  ratio= 3.65**  SNR= 34.7 dB
[22:10:23.398]     f 4= 1616.9 Hz  mag=1569230  BL=277374  ratio= 5.66**  SNR= 44.5 dB
[22:10:23.812]     f 5= 2117.8 Hz  mag=31285515  BL=960067  ratio=32.59**  SNR= 70.7 dB
[22:10:24.286]     f 6= 2924.3 Hz  mag= 693477  BL=125411  ratio= 5.53**  SNR= 36.0 dB
[22:10:24.707]     f 7= 5689.9 Hz  mag= 173371  BL= 41840  ratio= 4.14**  SNR= 24.4 dB
[22:10:25.155]     f 8= 6303.4 Hz  mag= 234118  BL= 37481  ratio= 6.25**  SNR= 28.3 dB
[22:10:25.623]     f 9= 6506.6 Hz  mag=  93338  BL= 36037  ratio= 2.59**  SNR= 20.1 dB
[22:10:26.101]     f10= 6792.7 Hz  mag= 236476  BL= 34004  ratio= 6.95**  SNR= 28.2 dB
[22:10:26.101]     → energy=35187503  mean_ratio=6.87  strong=8/10
[22:10:26.208]   ─── Sense Rod 4 (Pattern E) ───
[22:10:26.680]     f 1=  709.4 Hz  mag=  73451  BL=288888  ratio= 0.25    SNR= 18.1 dB
[22:10:27.159]     f 2= 1026.0 Hz  mag= 215749  BL=269220  ratio= 0.80    SNR= 27.2 dB
[22:10:27.623]     f 3= 1203.2 Hz  mag= 461886  BL=144952  ratio= 3.19**  SNR= 33.7 dB
[22:10:28.042]     f 4= 1616.9 Hz  mag=3252563  BL=277374  ratio=11.73**  SNR= 50.6 dB
[22:10:28.453]     f 5= 2117.8 Hz  mag=32179303  BL=960067  ratio=33.52**  SNR= 70.9 dB
[22:10:28.943]     f 6= 2924.3 Hz  mag= 535714  BL=125411  ratio= 4.27**  SNR= 35.5 dB
[22:10:29.442]     f 7= 5689.9 Hz  mag=  18712  BL= 41840  ratio= 0.45    SNR=  6.0 dB
[22:10:29.896]     f 8= 6303.4 Hz  mag= 850114  BL= 37481  ratio=22.68**  SNR= 39.6 dB
[22:10:30.349]     f 9= 6506.6 Hz  mag= 809880  BL= 36037  ratio=22.47**  SNR= 39.3 dB
[22:10:30.849]     f10= 6792.7 Hz  mag= 262579  BL= 34004  ratio= 7.72**  SNR= 29.0 dB
[22:10:30.849]     → energy=38659951  mean_ratio=10.71  strong=7/10
[22:10:30.850] 
[22:10:30.850] ═══ Query 3/4: Rod 3 (Pattern C, 10 peaks) ═══
[22:10:30.955]   ─── Sense Rod 1 (Pattern A) ───
[22:10:31.426]     f 1=  913.1 Hz  mag= 118636  BL=326652  ratio= 0.36    SNR= 21.7 dB
[22:10:31.909]     f 2= 1536.4 Hz  mag= 943249  BL=225091  ratio= 4.19**  SNR= 40.1 dB
[22:10:32.355]     f 3= 1714.2 Hz  mag=2603700  BL=340561  ratio= 7.65**  SNR= 48.2 dB
[22:10:32.755]     f 4= 2001.1 Hz  mag=28034463  BL=764548  ratio=36.67**  SNR= 69.2 dB
[22:10:33.223]     f 5= 2833.8 Hz  mag= 886093  BL=117871  ratio= 7.52**  SNR= 38.2 dB
[22:10:33.651]     f 6= 5575.5 Hz  mag=  15338  BL= 42653  ratio= 0.36    SNR=  4.2 dB
[22:10:34.104]     f 7= 5765.3 Hz  mag=  17023  BL= 41304  ratio= 0.41    SNR=  4.7 dB
[22:10:34.564]     f 8= 6218.2 Hz  mag= 371046  BL= 38086  ratio= 9.74**  SNR= 31.5 dB
[22:10:34.996]     f 9= 9396.4 Hz  mag=  70696  BL= 21739  ratio= 3.25**  SNR= 16.9 dB
[22:10:35.449]     f10=13910.5 Hz  mag= 131782  BL=266113  ratio= 0.50    SNR= 22.5 dB
[22:10:35.449]     → energy=33192027  mean_ratio=7.06  strong=6/10
[22:10:35.558]   ─── Sense Rod 2 (Pattern B) ───
[22:10:35.997]     f 1=  913.1 Hz  mag= 114539  BL=326652  ratio= 0.35    SNR= 21.6 dB
[22:10:36.446]     f 2= 1536.4 Hz  mag=1516220  BL=225091  ratio= 6.74**  SNR= 44.0 dB
[22:10:36.885]     f 3= 1714.2 Hz  mag=1246627  BL=340561  ratio= 3.66**  SNR= 42.3 dB
[22:10:37.295]     f 4= 2001.1 Hz  mag=37842789  BL=764548  ratio=49.50**  SNR= 72.1 dB
[22:10:37.768]     f 5= 2833.8 Hz  mag= 667342  BL=117871  ratio= 5.66**  SNR= 37.5 dB
[22:10:38.228]     f 6= 5575.5 Hz  mag=  24434  BL= 42653  ratio= 0.57    SNR=  8.4 dB
[22:10:38.661]     f 7= 5765.3 Hz  mag=  17029  BL= 41304  ratio= 0.41    SNR=  5.4 dB
[22:10:39.117]     f 8= 6218.2 Hz  mag= 754692  BL= 38086  ratio=19.82**  SNR= 38.0 dB
[22:10:39.581]     f 9= 9396.4 Hz  mag=  56798  BL= 21739  ratio= 2.61**  SNR= 15.4 dB
[22:10:40.068]     f10=13910.5 Hz  mag= 121794  BL=266113  ratio= 0.46    SNR= 21.9 dB
[22:10:40.068]     → energy=42362263  mean_ratio=8.98  strong=6/10
[22:10:40.177]   ─── Sense Rod 3 (Pattern C) ───
[22:10:40.631]     f 1=  913.1 Hz  mag= 176354  BL=326652  ratio= 0.54    SNR= 25.5 dB
[22:10:41.060]     f 2= 1536.4 Hz  mag=2988019  BL=225091  ratio=13.27**  SNR= 49.8 dB
[22:10:41.496]     f 3= 1714.2 Hz  mag=2788441  BL=340561  ratio= 8.19**  SNR= 49.6 dB
[22:10:41.911]     f 4= 2001.1 Hz  mag=18794554  BL=764548  ratio=24.58**  SNR= 65.7 dB
[22:10:42.396]     f 5= 2833.8 Hz  mag= 942809  BL=117871  ratio= 8.00**  SNR= 40.5 dB
[22:10:42.850]     f 6= 5575.5 Hz  mag= 107318  BL= 42653  ratio= 2.52**  SNR= 21.3 dB
[22:10:43.315]     f 7= 5765.3 Hz  mag= 247566  BL= 41304  ratio= 5.99**  SNR= 28.8 dB
[22:10:43.777]     f 8= 6218.2 Hz  mag= 164866  BL= 38086  ratio= 4.33**  SNR= 25.3 dB
[22:10:44.283]     f 9= 9396.4 Hz  mag=  53410  BL= 21739  ratio= 2.46**  SNR= 15.4 dB
[22:10:44.734]     f10=13910.5 Hz  mag= 174092  BL=266113  ratio= 0.65    SNR= 25.8 dB
[22:10:44.735]     → energy=26437428  mean_ratio=7.05  strong=8/10
[22:10:44.842]   ─── Sense Rod 4 (Pattern E) ───
[22:10:45.283]     f 1=  913.1 Hz  mag= 152823  BL=326652  ratio= 0.47    SNR= 24.3 dB
[22:10:45.731]     f 2= 1536.4 Hz  mag=1392165  BL=225091  ratio= 6.18**  SNR= 43.5 dB
[22:10:46.220]     f 3= 1714.2 Hz  mag=1674185  BL=340561  ratio= 4.92**  SNR= 45.8 dB
[22:10:46.624]     f 4= 2001.1 Hz  mag=15657255  BL=764548  ratio=20.48**  SNR= 64.9 dB
[22:10:47.100]     f 5= 2833.8 Hz  mag= 645113  BL=117871  ratio= 5.47**  SNR= 36.9 dB
[22:10:47.548]     f 6= 5575.5 Hz  mag=  25678  BL= 42653  ratio= 0.60    SNR=  9.2 dB
[22:10:48.020]     f 7= 5765.3 Hz  mag=  19433  BL= 41304  ratio= 0.47    SNR=  6.5 dB
[22:10:48.482]     f 8= 6218.2 Hz  mag=1324721  BL= 38086  ratio=34.78**  SNR= 43.1 dB
[22:10:48.945]     f 9= 9396.4 Hz  mag=  61053  BL= 21739  ratio= 2.81**  SNR= 16.5 dB
[22:10:49.417]     f10=13910.5 Hz  mag= 122102  BL=266113  ratio= 0.46    SNR= 22.6 dB
[22:10:49.417]     → energy=21074528  mean_ratio=7.66  strong=6/10
[22:10:49.418] 
[22:10:49.418] ═══ Query 4/4: Rod 4 (Pattern E, 10 peaks) ═══
[22:10:49.525]   ─── Sense Rod 1 (Pattern A) ───
[22:10:50.004]     f 1=  867.7 Hz  mag= 122958  BL=320519  ratio= 0.38    SNR= 22.1 dB
[22:10:50.483]     f 2= 1094.7 Hz  mag= 240742  BL=204015  ratio= 1.18    SNR= 27.8 dB
[22:10:50.930]     f 3= 1631.9 Hz  mag=1444902  BL=287154  ratio= 5.03**  SNR= 43.2 dB
[22:10:51.376]     f 4= 1895.7 Hz  mag=2500472  BL=587681  ratio= 4.25**  SNR= 48.2 dB
[22:10:51.780]     f 5= 2088.0 Hz  mag=25455768  BL=910214  ratio=27.97**  SNR= 68.0 dB
[22:10:52.249]     f 6= 2584.4 Hz  mag=2055880  BL=221869  ratio= 9.27**  SNR= 46.6 dB
[22:10:52.720]     f 7= 3189.9 Hz  mag= 404546  BL=126649  ratio= 3.19**  SNR= 32.1 dB
[22:10:53.193]     f 8= 5258.1 Hz  mag=  18466  BL= 44908  ratio= 0.41    SNR=  5.5 dB
[22:10:53.629]     f 9= 5892.7 Hz  mag=  58075  BL= 40399  ratio= 1.44    SNR= 15.2 dB
[22:10:54.061]     f10= 6319.8 Hz  mag= 456686  BL= 37365  ratio=12.22**  SNR= 33.4 dB
[22:10:54.061]     → energy=32758493  mean_ratio=6.53  strong=6/10
[22:10:54.167]   ─── Sense Rod 2 (Pattern B) ───
[22:10:54.634]     f 1=  867.7 Hz  mag= 105598  BL=320519  ratio= 0.33    SNR= 20.7 dB
[22:10:55.081]     f 2= 1094.7 Hz  mag= 252708  BL=204015  ratio= 1.24    SNR= 28.3 dB
[22:10:55.513]     f 3= 1631.9 Hz  mag=3420560  BL=287154  ratio=11.91**  SNR= 51.3 dB
[22:10:55.962]     f 4= 1895.7 Hz  mag=3445644  BL=587681  ratio= 5.86**  SNR= 50.6 dB
[22:10:56.373]     f 5= 2088.0 Hz  mag=40528588  BL=910214  ratio=44.53**  SNR= 72.4 dB
[22:10:56.846]     f 6= 2584.4 Hz  mag=1569424  BL=221869  ratio= 7.07**  SNR= 44.4 dB
[22:10:57.318]     f 7= 3189.9 Hz  mag= 369304  BL=126649  ratio= 2.92**  SNR= 31.8 dB
[22:10:57.816]     f 8= 5258.1 Hz  mag= 120196  BL= 44908  ratio= 2.68**  SNR= 21.5 dB
[22:10:58.306]     f 9= 5892.7 Hz  mag=  64041  BL= 40399  ratio= 1.59    SNR= 16.2 dB
[22:10:58.746]     f10= 6319.8 Hz  mag= 323239  BL= 37365  ratio= 8.65**  SNR= 30.7 dB
[22:10:58.746]     → energy=50199302  mean_ratio=8.68  strong=7/10
[22:10:58.853]   ─── Sense Rod 3 (Pattern C) ───
[22:10:59.336]     f 1=  867.7 Hz  mag= 152004  BL=320519  ratio= 0.47    SNR= 24.2 dB
[22:10:59.813]     f 2= 1094.7 Hz  mag= 342039  BL=204015  ratio= 1.68    SNR= 31.6 dB
[22:11:00.234]     f 3= 1631.9 Hz  mag=2201174  BL=287154  ratio= 7.67**  SNR= 47.3 dB
[22:11:00.647]     f 4= 1895.7 Hz  mag=10887863  BL=587681  ratio=18.53**  SNR= 61.3 dB
[22:11:01.050]     f 5= 2088.0 Hz  mag=33077807  BL=910214  ratio=36.34**  SNR= 71.1 dB
[22:11:01.521]     f 6= 2584.4 Hz  mag=1346144  BL=221869  ratio= 6.07**  SNR= 43.5 dB
[22:11:01.988]     f 7= 3189.9 Hz  mag= 371283  BL=126649  ratio= 2.93**  SNR= 32.3 dB
[22:11:02.439]     f 8= 5258.1 Hz  mag=  43372  BL= 44908  ratio= 0.97    SNR= 13.5 dB
[22:11:02.929]     f 9= 5892.7 Hz  mag= 895498  BL= 40399  ratio=22.17**  SNR= 39.8 dB
[22:11:03.432]     f10= 6319.8 Hz  mag= 247692  BL= 37365  ratio= 6.63**  SNR= 28.2 dB
[22:11:03.432]     → energy=49564874  mean_ratio=10.34  strong=7/10
[22:11:03.541]   ─── Sense Rod 4 (Pattern E) ───
[22:11:03.987]     f 1=  867.7 Hz  mag= 131899  BL=320519  ratio= 0.41    SNR= 23.0 dB
[22:11:04.499]     f 2= 1094.7 Hz  mag= 268441  BL=204015  ratio= 1.32    SNR= 29.5 dB
[22:11:04.945]     f 3= 1631.9 Hz  mag=2695945  BL=287154  ratio= 9.39**  SNR= 49.6 dB
[22:11:05.358]     f 4= 1895.7 Hz  mag=19227809  BL=587681  ratio=32.72**  SNR= 66.5 dB
[22:11:05.775]     f 5= 2088.0 Hz  mag=24731985  BL=910214  ratio=27.17**  SNR= 68.9 dB
[22:11:06.235]     f 6= 2584.4 Hz  mag=1190572  BL=221869  ratio= 5.37**  SNR= 42.6 dB
[22:11:06.723]     f 7= 3189.9 Hz  mag= 328597  BL=126649  ratio= 2.59**  SNR= 31.3 dB
[22:11:07.182]     f 8= 5258.1 Hz  mag=  45490  BL= 44908  ratio= 1.01    SNR= 13.6 dB
[22:11:07.645]     f 9= 5892.7 Hz  mag= 111802  BL= 40399  ratio= 2.77**  SNR= 22.0 dB
[22:11:08.100]     f10= 6319.8 Hz  mag= 846447  BL= 37365  ratio=22.65**  SNR= 39.2 dB
[22:11:08.100]     → energy=49578988  mean_ratio=10.54  strong=7/10
[22:11:08.100] 
[22:11:09.179] PicoScope closed
[22:11:09.179] ======================================================================
[22:11:09.179]   RESULTS
[22:11:09.179] ======================================================================
[22:11:09.179] 
  Energy Matrix (Query → Sense):
[22:11:09.179]            Rod  1    Rod  2    Rod  3    Rod  4  
[22:11:09.179]          ----------------------------------------
[22:11:09.179]   Q= 1  |50026687 ◄|59440151  |47498968  |44121129  |
[22:11:09.179]   Q= 2  |18812510  |59838338 ◄|35187503  |38659951  |
[22:11:09.179]   Q= 3  |33192027  |42362263  |26437428 ◄|21074528  |
[22:11:09.179]   Q= 4  |32758493  |50199302  |49564874  |49578988 ◄|
[22:11:09.179] 
  Ratio Matrix (Query → Sense, vs feedthrough baseline):
[22:11:09.179]            Rod  1    Rod  2    Rod  3    Rod  4  
[22:11:09.179]          ----------------------------------------
[22:11:09.179]   Q= 1  |   7.78 ◄|   9.29  |   7.58  |   8.92  |
[22:11:09.179]   Q= 2  |   7.49  |  11.33 ◄|   6.87  |  10.71  |
[22:11:09.179]   Q= 3  |   7.06  |   8.98  |   7.05 ◄|   7.66  |
[22:11:09.179]   Q= 4  |   6.53  |   8.68  |  10.34  |  10.54 ◄|
[22:11:09.179] 
  Diagonal Dominance:
[22:11:09.179]     Query Rod 1: diag=50026687  best_off=59440151  dominance=-1.5 dB  ✗
[22:11:09.179]     Query Rod 2: diag=59838338  best_off=38659951  dominance=+3.8 dB  ✓
[22:11:09.179]     Query Rod 3: diag=26437428  best_off=42362263  dominance=-4.1 dB  ✗
[22:11:09.179]     Query Rod 4: diag=49578988  best_off=50199302  dominance=-0.1 dB  ✗
[22:11:09.179] 
  Recall accuracy: 1/4 (25%)
[22:11:09.179]   Mean diagonal dominance: -0.5 dB
[22:11:09.179]   Duration: 82.9s
[22:11:09.243] 
Results saved to data/results/lab/associative_recall/recall_20260408_220943.json
