[22:50:55.036] Relay mux connected on /dev/cu.usbserial-11310
[22:50:55.037] ======================================================================
[22:50:55.037]   HARDWARE ASSOCIATIVE RECALL — 4×4 Discrimination Matrix
[22:50:55.037] ======================================================================
[22:50:55.037]   Rods: ['1', '2', '3', '4']  Patterns: ['A', 'B', 'C', 'E']
[22:50:55.037]   Strategy: template
[22:50:55.037]   Peaks per query: [10, 10, 10, 10]
[22:50:55.037]   Captures per point: 12
[22:50:55.037]   Relay mux: /dev/cu.usbserial-11310
[22:50:55.037]   Rod 1: 2 unique + 6 semi + 2 shared = 10 peaks, total_weight=21.0
[22:50:55.037]   Rod 2: 4 unique + 2 semi + 4 shared = 10 peaks, total_weight=22.0
[22:50:55.037]   Rod 3: 2 unique + 6 semi + 2 shared = 10 peaks, total_weight=21.0
[22:50:55.037]   Rod 4: 1 unique + 5 semi + 4 shared = 10 peaks, total_weight=16.0
[22:50:55.037] 
[22:50:56.186] PicoScope opened (Ch A ±1V DC)
[22:50:56.187] Phase 0: Per-relay feedthrough baselines
[22:50:56.297]   Baseline for relay 1...
[22:50:56.665]     BL R1 500 Hz → 44505
[22:50:56.986]     BL R1 613 Hz → 47602
[22:50:57.334]     BL R1 789 Hz → 90071
[22:50:57.700]     BL R1 970 Hz → 166028
[22:50:58.018]     BL R1 1060 Hz → 215474
[22:50:58.349]     BL R1 1165 Hz → 301611
[22:50:58.686]     BL R1 1370 Hz → 555883
[22:50:58.999]     BL R1 1770 Hz → 4582553
[22:50:59.284]     BL R1 2208 Hz → 10768538
[22:50:59.579]     BL R1 2442 Hz → 5243825
[22:50:59.960]     BL R1 2739 Hz → 1194540
[22:51:00.273]     BL R1 3057 Hz → 536091
[22:51:00.615]     BL R1 4194 Hz → 89258
[22:51:00.958]     BL R1 8095 Hz → 115272
[22:51:01.349]     BL R1 11653 Hz → 64933
[22:51:01.663]     BL R1 15910 Hz → 3638154
[22:51:01.770]   Baseline for relay 2...
[22:51:02.132]     BL R2 500 Hz → 44260
[22:51:02.464]     BL R2 613 Hz → 52196
[22:51:02.846]     BL R2 789 Hz → 79984
[22:51:03.188]     BL R2 970 Hz → 143062
[22:51:03.494]     BL R2 1060 Hz → 214885
[22:51:03.831]     BL R2 1165 Hz → 348792
[22:51:04.183]     BL R2 1370 Hz → 664084
[22:51:04.514]     BL R2 1770 Hz → 1581505
[22:51:04.805]     BL R2 2208 Hz → 20814616
[22:51:05.140]     BL R2 2442 Hz → 2996429
[22:51:05.463]     BL R2 2739 Hz → 942133
[22:51:05.793]     BL R2 3057 Hz → 469236
[22:51:06.158]     BL R2 4194 Hz → 82545
[22:51:06.527]     BL R2 8095 Hz → 82218
[22:51:06.868]     BL R2 11653 Hz → 57137
[22:51:07.177]     BL R2 15910 Hz → 3688090
[22:51:07.286]   Baseline for relay 3...
[22:51:07.611]     BL R3 500 Hz → 51834
[22:51:07.931]     BL R3 613 Hz → 65952
[22:51:08.226]     BL R3 789 Hz → 109366
[22:51:08.526]     BL R3 970 Hz → 204982
[22:51:08.848]     BL R3 1060 Hz → 269424
[22:51:09.189]     BL R3 1165 Hz → 466223
[22:51:09.509]     BL R3 1370 Hz → 842662
[22:51:09.834]     BL R3 1770 Hz → 3481050
[22:51:10.130]     BL R3 2208 Hz → 14769288
[22:51:10.432]     BL R3 2442 Hz → 2435363
[22:51:10.777]     BL R3 2739 Hz → 1055466
[22:51:11.123]     BL R3 3057 Hz → 493991
[22:51:11.459]     BL R3 4194 Hz → 96149
[22:51:11.790]     BL R3 8095 Hz → 71158
[22:51:12.134]     BL R3 11653 Hz → 60482
[22:51:12.442]     BL R3 15910 Hz → 2926950
[22:51:12.550]   Baseline for relay 4...
[22:51:12.895]     BL R4 500 Hz → 41011
[22:51:13.243]     BL R4 613 Hz → 52751
[22:51:13.571]     BL R4 789 Hz → 96650
[22:51:13.906]     BL R4 970 Hz → 187815
[22:51:14.251]     BL R4 1060 Hz → 254363
[22:51:14.596]     BL R4 1165 Hz → 393121
[22:51:14.930]     BL R4 1370 Hz → 862307
[22:51:15.261]     BL R4 1770 Hz → 3256205
[22:51:15.542]     BL R4 2208 Hz → 12853704
[22:51:15.857]     BL R4 2442 Hz → 2280772
[22:51:16.181]     BL R4 2739 Hz → 837851
[22:51:16.538]     BL R4 3057 Hz → 415362
[22:51:16.889]     BL R4 4194 Hz → 87738
[22:51:17.245]     BL R4 8095 Hz → 71924
[22:51:17.582]     BL R4 11653 Hz → 62319
[22:51:17.896]     BL R4 15910 Hz → 4126080
[22:51:17.952]   Baselines: 4 relays × 16 points = 64 total

[22:51:17.953] ═══ Query 1/4: Rod 1 (Pattern A, 10 peaks) ═══
[22:51:18.063]   ─── Sense Rod 1 (Pattern A) ───
[22:51:18.538]     f 1=  516.8 Hz  mag=  46692  BL= 44966  r= 1.04  w=4.0  wr=  4.15    [UNIQUE]
[22:51:19.009]     f 2=  891.3 Hz  mag= 104705  BL=133191  r= 0.79  w=2.0  wr=  1.57    [semi  ]
[22:51:19.494]     f 3= 1127.2 Hz  mag= 267087  BL=270400  r= 0.99  w=2.0  wr=  1.98    [semi  ]
[22:51:19.946]     f 4= 1825.5 Hz  mag=2678779  BL=5367647  r= 0.50  w=2.0  wr=  1.00    [semi  ]
[22:51:20.352]     f 5= 2104.9 Hz  mag=21635757  BL=9306901  r= 2.32  w=0.5  wr=  1.16**  [shared]
[22:51:20.743]     f 6= 2299.2 Hz  mag=25498241  BL=8619987  r= 2.96  w=4.0  wr= 11.83**  [UNIQUE]
[22:51:21.250]     f 7= 2644.6 Hz  mag=1551045  BL=2482512  r= 0.62  w=2.0  wr=  1.25    [semi  ]
[22:51:21.750]     f 8= 5197.8 Hz  mag=  20501  BL= 95954  r= 0.21  w=0.5  wr=  0.11    [shared]
[22:51:22.247]     f 9= 5460.7 Hz  mag=  16495  BL= 97707  r= 0.17  w=2.0  wr=  0.34    [semi  ]
[22:51:22.740]     f10= 6022.8 Hz  mag= 245070  BL=101455  r= 2.42  w=2.0  wr=  4.83**  [semi  ]
[22:51:22.740]     → energy=52064373  mean_ratio=1.20  weighted=28.2  strong=3/10
[22:51:22.851]   ─── Sense Rod 2 (Pattern B) ───
[22:51:23.315]     f 1=  516.8 Hz  mag=  53721  BL= 45439  r= 1.18  w=4.0  wr=  4.73    [UNIQUE]
[22:51:23.817]     f 2=  891.3 Hz  mag=  99152  BL=115792  r= 0.86  w=2.0  wr=  1.71    [semi  ]
[22:51:24.295]     f 3= 1127.2 Hz  mag= 299756  BL=300272  r= 1.00  w=2.0  wr=  2.00    [semi  ]
[22:51:24.732]     f 4= 1825.5 Hz  mag=4208269  BL=4022475  r= 1.05  w=2.0  wr=  2.09    [semi  ]
[22:51:25.141]     f 5= 2104.9 Hz  mag=46211907  BL=16270178  r= 2.84  w=0.5  wr=  1.42**  [shared]
[22:51:25.554]     f 6= 2299.2 Hz  mag=5601339  BL=13885155  r= 0.40  w=4.0  wr=  1.61    [UNIQUE]
[22:51:26.012]     f 7= 2644.6 Hz  mag=1338074  BL=1595551  r= 0.84  w=2.0  wr=  1.68    [semi  ]
[22:51:26.499]     f 8= 5197.8 Hz  mag=  49302  BL= 82461  r= 0.60  w=0.5  wr=  0.30    [shared]
[22:51:26.958]     f 9= 5460.7 Hz  mag=  26000  BL= 82439  r= 0.32  w=2.0  wr=  0.63    [semi  ]
[22:51:27.418]     f10= 6022.8 Hz  mag= 662614  BL= 82392  r= 8.04  w=2.0  wr= 16.08**  [semi  ]
[22:51:27.419]     → energy=58550133  mean_ratio=1.71  weighted=32.3  strong=2/10
[22:51:27.529]   ─── Sense Rod 3 (Pattern C) ───
[22:51:28.027]     f 1=  516.8 Hz  mag=  48492  BL= 53932  r= 0.90  w=4.0  wr=  3.60    [UNIQUE]
[22:51:28.527]     f 2=  891.3 Hz  mag= 178698  BL=163646  r= 1.09  w=2.0  wr=  2.18    [semi  ]
[22:51:28.978]     f 3= 1127.2 Hz  mag= 388001  BL=394914  r= 0.98  w=2.0  wr=  1.96    [semi  ]
[22:51:29.389]     f 4= 1825.5 Hz  mag=9304783  BL=4913697  r= 1.89  w=2.0  wr=  3.79    [semi  ]
[22:51:29.802]     f 5= 2104.9 Hz  mag=27153437  BL=12102081  r= 2.24  w=0.5  wr=  1.12**  [shared]
[22:51:30.241]     f 6= 2299.2 Hz  mag=4456281  BL=9972647  r= 0.45  w=4.0  wr=  1.79    [UNIQUE]
[22:51:30.707]     f 7= 2644.6 Hz  mag=1164525  BL=1494375  r= 0.78  w=2.0  wr=  1.56    [semi  ]
[22:51:31.176]     f 8= 5197.8 Hz  mag=  34168  BL= 89716  r= 0.38  w=0.5  wr=  0.19    [shared]
[22:51:31.694]     f 9= 5460.7 Hz  mag=  62544  BL= 88032  r= 0.71  w=2.0  wr=  1.42    [semi  ]
[22:51:32.164]     f10= 6022.8 Hz  mag= 321952  BL= 84431  r= 3.81  w=2.0  wr=  7.63**  [semi  ]
[22:51:32.164]     → energy=43112880  mean_ratio=1.32  weighted=25.2  strong=2/10
[22:51:32.273]   ─── Sense Rod 4 (Pattern E) ───
[22:51:32.770]     f 1=  516.8 Hz  mag=  51540  BL= 42756  r= 1.21  w=4.0  wr=  4.82    [UNIQUE]
[22:51:33.290]     f 2=  891.3 Hz  mag= 138663  BL=148403  r= 0.93  w=2.0  wr=  1.87    [semi  ]
[22:51:33.790]     f 3= 1127.2 Hz  mag= 322264  BL=342843  r= 0.94  w=2.0  wr=  1.88    [semi  ]
[22:51:34.187]     f 4= 1825.5 Hz  mag=7917668  BL=4474272  r= 1.77  w=2.0  wr=  3.54    [semi  ]
[22:51:34.588]     f 5= 2104.9 Hz  mag=28927223  BL=10585988  r= 2.73  w=0.5  wr=  1.37**  [shared]
[22:51:35.011]     f 6= 2299.2 Hz  mag=4154017  BL=8741910  r= 0.48  w=4.0  wr=  1.90    [UNIQUE]
[22:51:35.507]     f 7= 2644.6 Hz  mag= 973119  BL=1296806  r= 0.75  w=2.0  wr=  1.50    [semi  ]
[22:51:35.957]     f 8= 5197.8 Hz  mag=  38288  BL= 83668  r= 0.46  w=0.5  wr=  0.23    [shared]
[22:51:36.408]     f 9= 5460.7 Hz  mag=  23706  BL= 82602  r= 0.29  w=2.0  wr=  0.57    [semi  ]
[22:51:36.861]     f10= 6022.8 Hz  mag=1015613  BL= 80323  r=12.64  w=2.0  wr= 25.29**  [semi  ]
[22:51:36.861]     → energy=43562101  mean_ratio=2.22  weighted=43.0  strong=2/10
[22:51:36.861] 
  Template scoring for Query 1:
[22:51:36.861]     Sense Rod 1: template_score=6.78  ◄ (diagonal)
[22:51:36.861]     Sense Rod 2: template_score=-1.00
[22:51:36.862]     Sense Rod 3: template_score=0.61
[22:51:36.862]     Sense Rod 4: template_score=4.13
[22:51:36.862]   Template: R1=+6.8◄  R2=-1.0   R3=+0.6   R4=+4.1   → R1 ✓
[22:51:36.862] 
[22:51:36.862] ═══ Query 2/4: Rod 2 (Pattern B, 10 peaks) ═══
[22:51:36.969]   ─── Sense Rod 1 (Pattern A) ───
[22:51:37.476]     f 1=  709.4 Hz  mag=  65807  BL= 70906  r= 0.93  w=4.0  wr=  3.71    [UNIQUE]
[22:51:37.974]     f 2= 1026.0 Hz  mag= 199712  BL=196767  r= 1.01  w=4.0  wr=  4.06    [UNIQUE]
[22:51:38.477]     f 3= 1203.2 Hz  mag= 326779  BL=348809  r= 0.94  w=4.0  wr=  3.75    [UNIQUE]
[22:51:38.945]     f 4= 1616.9 Hz  mag=1279420  BL=3042672  r= 0.42  w=0.5  wr=  0.21    [shared]
[22:51:39.351]     f 5= 2117.8 Hz  mag=16428862  BL=9488851  r= 1.73  w=0.5  wr=  0.87    [shared]
[22:51:39.905]     f 6= 2924.3 Hz  mag= 678383  BL=811078  r= 0.84  w=2.0  wr=  1.67    [semi  ]
[22:51:40.384]     f 7= 5689.9 Hz  mag=  13694  BL= 99236  r= 0.14  w=0.5  wr=  0.07    [shared]
[22:51:40.891]     f 8= 6303.4 Hz  mag= 429932  BL=103327  r= 4.16  w=0.5  wr=  2.08**  [shared]
[22:51:41.340]     f 9= 6506.6 Hz  mag=1171524  BL=104682  r=11.19  w=2.0  wr= 22.38**  [semi  ]
[22:51:41.805]     f10= 6792.7 Hz  mag=  74361  BL=106590  r= 0.70  w=4.0  wr=  2.79    [UNIQUE]
[22:51:41.805]     → energy=20668473  mean_ratio=2.21  weighted=41.6  strong=2/10
[22:51:41.915]   ─── Sense Rod 2 (Pattern B) ───
[22:51:42.367]     f 1=  709.4 Hz  mag=  70640  BL= 67444  r= 1.05  w=4.0  wr=  4.19    [UNIQUE]
[22:51:42.785]     f 2= 1026.0 Hz  mag= 172020  BL=187712  r= 0.92  w=4.0  wr=  3.67    [UNIQUE]
[22:51:43.269]     f 3= 1203.2 Hz  mag= 400528  BL=407317  r= 0.98  w=4.0  wr=  3.93    [UNIQUE]
[22:51:43.724]     f 4= 1616.9 Hz  mag=2184878  BL=1230664  r= 1.78  w=0.5  wr=  0.89    [shared]
[22:51:44.118]     f 5= 2117.8 Hz  mag=52731304  BL=16835888  r= 3.13  w=0.5  wr=  1.57**  [shared]
[22:51:44.606]     f 6= 2924.3 Hz  mag= 629935  BL=666731  r= 0.94  w=2.0  wr=  1.89    [semi  ]
[22:51:45.091]     f 7= 5689.9 Hz  mag=  24636  BL= 82420  r= 0.30  w=0.5  wr=  0.15    [shared]
[22:51:45.608]     f 8= 6303.4 Hz  mag= 350827  BL= 82368  r= 4.26  w=0.5  wr=  2.13**  [shared]
[22:51:46.112]     f 9= 6506.6 Hz  mag= 602635  BL= 82351  r= 7.32  w=2.0  wr= 14.64**  [semi  ]
[22:51:46.556]     f10= 6792.7 Hz  mag= 465222  BL= 82327  r= 5.65  w=4.0  wr= 22.60**  [UNIQUE]
[22:51:46.556]     → energy=57632626  mean_ratio=2.63  weighted=55.7  strong=4/10
[22:51:46.663]   ─── Sense Rod 3 (Pattern C) ───
[22:51:47.156]     f 1=  709.4 Hz  mag=  90439  BL= 89775  r= 1.01  w=4.0  wr=  4.03    [UNIQUE]
[22:51:47.606]     f 2= 1026.0 Hz  mag= 241024  BL=245044  r= 0.98  w=4.0  wr=  3.93    [UNIQUE]
[22:51:48.056]     f 3= 1203.2 Hz  mag= 566750  BL=536098  r= 1.06  w=4.0  wr=  4.23    [UNIQUE]
[22:51:48.519]     f 4= 1616.9 Hz  mag=1446626  BL=2472077  r= 0.59  w=0.5  wr=  0.29    [shared]
[22:51:48.921]     f 5= 2117.8 Hz  mag=29415008  BL=12434105  r= 2.37  w=0.5  wr=  1.18**  [shared]
[22:51:49.386]     f 6= 2924.3 Hz  mag= 670641  BL=728478  r= 0.92  w=2.0  wr=  1.84    [semi  ]
[22:51:49.904]     f 7= 5689.9 Hz  mag= 196854  BL= 86563  r= 2.27  w=0.5  wr=  1.14**  [shared]
[22:51:50.384]     f 8= 6303.4 Hz  mag= 164393  BL= 82633  r= 1.99  w=0.5  wr=  0.99    [shared]
[22:51:50.853]     f 9= 6506.6 Hz  mag= 112969  BL= 81331  r= 1.39  w=2.0  wr=  2.78    [semi  ]
[22:51:51.303]     f10= 6792.7 Hz  mag= 232695  BL= 79498  r= 2.93  w=4.0  wr= 11.71**  [UNIQUE]
[22:51:51.303]     → energy=33137398  mean_ratio=1.55  weighted=32.1  strong=3/10
[22:51:51.414]   ─── Sense Rod 4 (Pattern E) ───
[22:51:51.948]     f 1=  709.4 Hz  mag=  77063  BL= 76840  r= 1.00  w=4.0  wr=  4.01    [UNIQUE]
[22:51:52.406]     f 2= 1026.0 Hz  mag= 227906  BL=229186  r= 0.99  w=4.0  wr=  3.98    [UNIQUE]
[22:51:52.885]     f 3= 1203.2 Hz  mag= 457159  BL=480212  r= 0.95  w=4.0  wr=  3.81    [UNIQUE]
[22:51:53.342]     f 4= 1616.9 Hz  mag=3248333  BL=2340730  r= 1.39  w=0.5  wr=  0.69    [shared]
[22:51:53.754]     f 5= 2117.8 Hz  mag=31877298  BL=10868282  r= 2.93  w=0.5  wr=  1.47**  [shared]
[22:51:54.218]     f 6= 2924.3 Hz  mag= 539892  BL=591805  r= 0.91  w=2.0  wr=  1.82    [semi  ]
[22:51:54.721]     f 7= 5689.9 Hz  mag=  15714  BL= 81673  r= 0.19  w=0.5  wr=  0.10    [shared]
[22:51:55.223]     f 8= 6303.4 Hz  mag= 878459  BL= 79185  r=11.09  w=0.5  wr=  5.55**  [shared]
[22:51:55.817]     f 9= 6506.6 Hz  mag= 910834  BL= 78362  r=11.62  w=2.0  wr= 23.25**  [semi  ]
[22:51:56.292]     f10= 6792.7 Hz  mag= 275099  BL= 77202  r= 3.56  w=4.0  wr= 14.25**  [UNIQUE]
[22:51:56.292]     → energy=38507756  mean_ratio=3.47  weighted=58.9  strong=4/10
[22:51:56.292] 
  Template scoring for Query 2:
[22:51:56.292]     Sense Rod 1: template_score=1.43
[22:51:56.292]     Sense Rod 2: template_score=7.61  ◄ (diagonal)
[22:51:56.292]     Sense Rod 3: template_score=0.78
[22:51:56.292]     Sense Rod 4: template_score=4.07
[22:51:56.292]   Template: R1=+1.4   R2=+7.6◄  R3=+0.8   R4=+4.1   → R2 ✓
[22:51:56.292] 
[22:51:56.292] ═══ Query 3/4: Rod 3 (Pattern C, 10 peaks) ═══
[22:51:56.403]   ─── Sense Rod 1 (Pattern A) ───
[22:51:56.889]     f 1=  913.1 Hz  mag= 129648  BL=142352  r= 0.91  w=2.0  wr=  1.82    [semi  ]
[22:51:57.384]     f 2= 1536.4 Hz  mag= 841184  BL=2232284  r= 0.38  w=2.0  wr=  0.75    [semi  ]
[22:51:57.836]     f 3= 1714.2 Hz  mag=2538268  BL=4022066  r= 0.63  w=2.0  wr=  1.26    [semi  ]
[22:51:58.253]     f 4= 2001.1 Hz  mag=26563996  BL=7844419  r= 3.39  w=2.0  wr=  6.77**  [semi  ]
[22:51:58.716]     f 5= 2833.8 Hz  mag= 869964  BL=998665  r= 0.87  w=2.0  wr=  1.74    [semi  ]
[22:51:59.167]     f 6= 5575.5 Hz  mag=  13828  BL= 98472  r= 0.14  w=2.0  wr=  0.28    [semi  ]
[22:51:59.657]     f 7= 5765.3 Hz  mag=  13564  BL= 99738  r= 0.14  w=0.5  wr=  0.07    [shared]
[22:52:00.156]     f 8= 6218.2 Hz  mag= 374330  BL=102759  r= 3.64  w=0.5  wr=  1.82**  [shared]
[22:52:00.659]     f 9= 9396.4 Hz  mag=  72768  BL= 96858  r= 0.75  w=4.0  wr=  3.01    [UNIQUE]
[22:52:01.136]     f10=13910.5 Hz  mag= 125220  BL=1959442  r= 0.06  w=4.0  wr=  0.26    [UNIQUE]
[22:52:01.136]     → energy=31542769  mean_ratio=1.09  weighted=17.8  strong=2/10
[22:52:01.244]   ─── Sense Rod 2 (Pattern B) ───
[22:52:01.680]     f 1=  913.1 Hz  mag= 121615  BL=123400  r= 0.99  w=2.0  wr=  1.97    [semi  ]
[22:52:02.182]     f 2= 1536.4 Hz  mag=1546590  BL=1046029  r= 1.48  w=2.0  wr=  2.96    [semi  ]
[22:52:02.656]     f 3= 1714.2 Hz  mag=2466266  BL=1453805  r= 1.70  w=2.0  wr=  3.39    [semi  ]
[22:52:03.063]     f 4= 2001.1 Hz  mag=40006781  BL=11723115  r= 3.41  w=2.0  wr=  6.83**  [semi  ]
[22:52:03.549]     f 5= 2833.8 Hz  mag= 725543  BL=801455  r= 0.91  w=2.0  wr=  1.81    [semi  ]
[22:52:04.040]     f 6= 5575.5 Hz  mag=  29494  BL= 82429  r= 0.36  w=2.0  wr=  0.72    [semi  ]
[22:52:04.560]     f 7= 5765.3 Hz  mag=  23117  BL= 82413  r= 0.28  w=0.5  wr=  0.14    [shared]
[22:52:05.050]     f 8= 6218.2 Hz  mag= 755555  BL= 82375  r= 9.17  w=0.5  wr=  4.59**  [shared]
[22:52:05.532]     f 9= 9396.4 Hz  mag=  52022  BL= 73043  r= 0.71  w=4.0  wr=  2.85    [UNIQUE]
[22:52:06.018]     f10=13910.5 Hz  mag= 121453  BL=1982255  r= 0.06  w=4.0  wr=  0.25    [UNIQUE]
[22:52:06.018]     → energy=45848436  mean_ratio=1.91  weighted=25.5  strong=2/10
[22:52:06.129]   ─── Sense Rod 3 (Pattern C) ───
[22:52:06.631]     f 1=  913.1 Hz  mag= 173146  BL=175178  r= 0.99  w=2.0  wr=  1.98    [semi  ]
[22:52:07.102]     f 2= 1536.4 Hz  mag=3218970  BL=1941087  r= 1.66  w=2.0  wr=  3.32    [semi  ]
[22:52:07.554]     f 3= 1714.2 Hz  mag=2716628  BL=3113803  r= 0.87  w=2.0  wr=  1.74    [semi  ]
[22:52:07.952]     f 4= 2001.1 Hz  mag=17231121  BL=9433332  r= 1.83  w=2.0  wr=  3.65    [semi  ]
[22:52:08.412]     f 5= 2833.8 Hz  mag= 834479  BL=888438  r= 0.94  w=2.0  wr=  1.88    [semi  ]
[22:52:08.933]     f 6= 5575.5 Hz  mag=  93740  BL= 87297  r= 1.07  w=2.0  wr=  2.15    [semi  ]
[22:52:09.398]     f 7= 5765.3 Hz  mag= 222927  BL= 86081  r= 2.59  w=0.5  wr=  1.29**  [shared]
[22:52:09.896]     f 8= 6218.2 Hz  mag= 189494  BL= 83179  r= 2.28  w=0.5  wr=  1.14**  [shared]
[22:52:10.366]     f 9= 9396.4 Hz  mag=  58666  BL= 67252  r= 0.87  w=4.0  wr=  3.49    [UNIQUE]
[22:52:10.796]     f10=13910.5 Hz  mag= 185219  BL=1580273  r= 0.12  w=4.0  wr=  0.47    [UNIQUE]
[22:52:10.796]     → energy=24924390  mean_ratio=1.32  weighted=21.1  strong=2/10
[22:52:10.907]   ─── Sense Rod 4 (Pattern E) ───
[22:52:11.366]     f 1=  913.1 Hz  mag= 148246  BL=159399  r= 0.93  w=2.0  wr=  1.86    [semi  ]
[22:52:11.827]     f 2= 1536.4 Hz  mag=1207085  BL=1858945  r= 0.65  w=2.0  wr=  1.30    [semi  ]
[22:52:12.298]     f 3= 1714.2 Hz  mag=1508245  BL=2922989  r= 0.52  w=2.0  wr=  1.03    [semi  ]
[22:52:12.721]     f 4= 2001.1 Hz  mag=15071963  BL=8316962  r= 1.81  w=2.0  wr=  3.62    [semi  ]
[22:52:13.246]     f 5= 2833.8 Hz  mag= 651297  BL=712169  r= 0.91  w=2.0  wr=  1.83    [semi  ]
[22:52:13.712]     f 6= 5575.5 Hz  mag=  25370  BL= 82137  r= 0.31  w=2.0  wr=  0.62    [semi  ]
[22:52:14.198]     f 7= 5765.3 Hz  mag=  18464  BL= 81367  r= 0.23  w=0.5  wr=  0.11    [shared]
[22:52:14.663]     f 8= 6218.2 Hz  mag=1354827  BL= 79531  r=17.04  w=0.5  wr=  8.52**  [shared]
[22:52:15.178]     f 9= 9396.4 Hz  mag=  59310  BL= 68410  r= 0.87  w=4.0  wr=  3.47    [UNIQUE]
[22:52:15.666]     f10=13910.5 Hz  mag= 122862  BL=2216910  r= 0.06  w=4.0  wr=  0.22    [UNIQUE]
[22:52:15.666]     → energy=20167670  mean_ratio=2.33  weighted=22.6  strong=1/10
[22:52:15.666] 
  Template scoring for Query 3:
[22:52:15.666]     Sense Rod 1: template_score=-0.73
[22:52:15.666]     Sense Rod 2: template_score=0.74
[22:52:15.666]     Sense Rod 3: template_score=10.62  ◄ (diagonal)
[22:52:15.666]     Sense Rod 4: template_score=0.13
[22:52:15.666]   Template: R1=-0.7   R2=+0.7   R3=+10.6◄  R4=+0.1   → R3 ✓
[22:52:15.666] 
[22:52:15.666] ═══ Query 4/4: Rod 4 (Pattern E, 10 peaks) ═══
[22:52:15.775]   ─── Sense Rod 1 (Pattern A) ───
[22:52:16.279]     f 1=  867.7 Hz  mag= 106733  BL=123267  r= 0.87  w=2.0  wr=  1.73    [semi  ]
[22:52:16.772]     f 2= 1094.7 Hz  mag= 236303  BL=243663  r= 0.97  w=2.0  wr=  1.94    [semi  ]
[22:52:17.217]     f 3= 1631.9 Hz  mag=1313237  BL=3194259  r= 0.41  w=0.5  wr=  0.21    [shared]
[22:52:17.665]     f 4= 1895.7 Hz  mag=2352596  BL=6356850  r= 0.37  w=2.0  wr=  0.74    [semi  ]
[22:52:18.063]     f 5= 2088.0 Hz  mag=25556768  BL=9069556  r= 2.82  w=0.5  wr=  1.41**  [shared]
[22:52:18.546]     f 6= 2584.4 Hz  mag=2061156  BL=3301835  r= 0.62  w=2.0  wr=  1.25    [semi  ]
[22:52:19.007]     f 7= 3189.9 Hz  mag= 365782  BL=483881  r= 0.76  w=4.0  wr=  3.02    [UNIQUE]
[22:52:19.480]     f 8= 5258.1 Hz  mag=  19110  BL= 96356  r= 0.20  w=0.5  wr=  0.10    [shared]
[22:52:19.944]     f 9= 5892.7 Hz  mag=  50013  BL=100588  r= 0.50  w=2.0  wr=  0.99    [semi  ]
[22:52:20.431]     f10= 6319.8 Hz  mag= 431173  BL=103436  r= 4.17  w=0.5  wr=  2.08**  [shared]
[22:52:20.431]     → energy=32492870  mean_ratio=1.17  weighted=13.5  strong=2/10
[22:52:20.542]   ─── Sense Rod 2 (Pattern B) ───
[22:52:21.016]     f 1=  867.7 Hz  mag=  93017  BL=107551  r= 0.86  w=2.0  wr=  1.73    [semi  ]
[22:52:21.495]     f 2= 1094.7 Hz  mag= 242557  BL=258708  r= 0.94  w=2.0  wr=  1.88    [semi  ]
[22:52:21.964]     f 3= 1631.9 Hz  mag=1981420  BL=1265201  r= 1.57  w=0.5  wr=  0.78    [shared]
[22:52:22.394]     f 4= 1895.7 Hz  mag=3636297  BL=7098050  r= 0.51  w=2.0  wr=  1.02    [semi  ]
[22:52:22.801]     f 5= 2088.0 Hz  mag=40840874  BL=15532238  r= 2.63  w=0.5  wr=  1.31**  [shared]
[22:52:23.297]     f 6= 2584.4 Hz  mag=1555640  BL=2011212  r= 0.77  w=2.0  wr=  1.55    [semi  ]
[22:52:23.764]     f 7= 3189.9 Hz  mag= 371067  BL=424053  r= 0.88  w=4.0  wr=  3.50    [UNIQUE]
[22:52:24.203]     f 8= 5258.1 Hz  mag= 138666  BL= 82456  r= 1.68  w=0.5  wr=  0.84    [shared]
[22:52:24.674]     f 9= 5892.7 Hz  mag=  54948  BL= 82403  r= 0.67  w=2.0  wr=  1.33    [semi  ]
[22:52:25.185]     f10= 6319.8 Hz  mag= 313025  BL= 82367  r= 3.80  w=0.5  wr=  1.90**  [shared]
[22:52:25.186]     → energy=49227511  mean_ratio=1.43  weighted=15.8  strong=2/10
[22:52:25.296]   ─── Sense Rod 3 (Pattern C) ───
[22:52:25.746]     f 1=  867.7 Hz  mag= 160254  BL=151154  r= 1.06  w=2.0  wr=  2.12    [semi  ]
[22:52:26.196]     f 2= 1094.7 Hz  mag= 311991  BL=333829  r= 0.93  w=2.0  wr=  1.87    [semi  ]
[22:52:26.696]     f 3= 1631.9 Hz  mag=1636614  BL=2571400  r= 0.64  w=0.5  wr=  0.32    [shared]
[22:52:27.100]     f 4= 1895.7 Hz  mag=8939736  BL=6718804  r= 1.33  w=2.0  wr=  2.66    [semi  ]
[22:52:27.498]     f 5= 2088.0 Hz  mag=24357944  BL=11668971  r= 2.09  w=0.5  wr=  1.04**  [shared]
[22:52:27.993]     f 6= 2584.4 Hz  mag=1356984  BL=1773580  r= 0.77  w=2.0  wr=  1.53    [semi  ]
[22:52:28.496]     f 7= 3189.9 Hz  mag= 378751  BL=447505  r= 0.85  w=4.0  wr=  3.39    [UNIQUE]
[22:52:28.940]     f 8= 5258.1 Hz  mag=  40912  BL= 89330  r= 0.46  w=0.5  wr=  0.23    [shared]
[22:52:29.416]     f 9= 5892.7 Hz  mag= 946692  BL= 85264  r=11.10  w=2.0  wr= 22.21**  [semi  ]
[22:52:29.909]     f10= 6319.8 Hz  mag= 151854  BL= 82528  r= 1.84  w=0.5  wr=  0.92    [shared]
[22:52:29.909]     → energy=38281731  mean_ratio=2.11  weighted=36.3  strong=2/10
[22:52:30.020]   ─── Sense Rod 4 (Pattern E) ───
[22:52:30.487]     f 1=  867.7 Hz  mag= 132760  BL=136492  r= 0.97  w=2.0  wr=  1.95    [semi  ]
[22:52:30.947]     f 2= 1094.7 Hz  mag= 286733  BL=299773  r= 0.96  w=2.0  wr=  1.91    [semi  ]
[22:52:31.401]     f 3= 1631.9 Hz  mag=2428872  BL=2430849  r= 1.00  w=0.5  wr=  0.50    [shared]
[22:52:31.798]     f 4= 1895.7 Hz  mag=19083132  BL=6009012  r= 3.18  w=2.0  wr=  6.35**  [semi  ]
[22:52:32.206]     f 5= 2088.0 Hz  mag=24874262  BL=10217749  r= 2.43  w=0.5  wr=  1.22**  [shared]
[22:52:32.711]     f 6= 2584.4 Hz  mag=1175222  BL=1588764  r= 0.74  w=2.0  wr=  1.48    [semi  ]
[22:52:33.252]     f 7= 3189.9 Hz  mag= 330045  BL=377081  r= 0.88  w=4.0  wr=  3.50    [UNIQUE]
[22:52:33.765]     f 8= 5258.1 Hz  mag=  40762  BL= 83423  r= 0.49  w=0.5  wr=  0.24    [shared]
[22:52:34.229]     f 9= 5892.7 Hz  mag= 113640  BL= 80851  r= 1.41  w=2.0  wr=  2.81    [semi  ]
[22:52:34.703]     f10= 6319.8 Hz  mag= 857942  BL= 79119  r=10.84  w=0.5  wr=  5.42**  [shared]
[22:52:34.703]     → energy=49323370  mean_ratio=2.29  weighted=25.4  strong=3/10
[22:52:34.703] 
  Template scoring for Query 4:
[22:52:34.703]     Sense Rod 1: template_score=3.58
[22:52:34.703]     Sense Rod 2: template_score=0.75
[22:52:34.703]     Sense Rod 3: template_score=0.73
[22:52:34.703]     Sense Rod 4: template_score=8.45  ◄ (diagonal)
[22:52:34.703]   Template: R1=+3.6   R2=+0.8   R3=+0.7   R4=+8.4◄  → R4 ✓
[22:52:34.703] 
[22:52:35.786] PicoScope closed
[22:52:35.786] ======================================================================
[22:52:35.786]   RESULTS
[22:52:35.786] ======================================================================
[22:52:35.787] 
  Energy Matrix (Query → Sense):
[22:52:35.787]            Rod  1    Rod  2    Rod  3    Rod  4  
[22:52:35.787]          ----------------------------------------
[22:52:35.787]   Q= 1  |52064373 ◄|58550133  |43112880  |43562101  |
[22:52:35.787]   Q= 2  |20668474  |57632626 ◄|33137398  |38507756  |
[22:52:35.787]   Q= 3  |31542769  |45848436  |24924390 ◄|20167670  |
[22:52:35.787]   Q= 4  |32492870  |49227511  |38281731  |49323370 ◄|
[22:52:35.787] 
  Ratio Matrix (Query → Sense, vs feedthrough baseline):
[22:52:35.787]            Rod  1    Rod  2    Rod  3    Rod  4  
[22:52:35.787]          ----------------------------------------
[22:52:35.787]   Q= 1  |   1.20 ◄|   1.71  |   1.32  |   2.22  |
[22:52:35.787]   Q= 2  |   2.21  |   2.63 ◄|   1.55  |   3.47  |
[22:52:35.787]   Q= 3  |   1.09  |   1.91  |   1.32 ◄|   2.33  |
[22:52:35.787]   Q= 4  |   1.17  |   1.43  |   2.11  |   2.29 ◄|
[22:52:35.787] 
  Weighted Matrix (uniqueness-weighted ratio sums):
[22:52:35.787]            Rod  1    Rod  2    Rod  3    Rod  4  
[22:52:35.787]          ----------------------------------------
[22:52:35.787]   Q= 1  |   28.2 ◄|   32.3  |   25.2  |   43.0  |
[22:52:35.787]   Q= 2  |   41.6  |   55.6 ◄|   32.1  |   58.9  |
[22:52:35.787]   Q= 3  |   17.8  |   25.5  |   21.1 ◄|   22.6  |
[22:52:35.787]   Q= 4  |   13.5  |   15.8  |   36.3  |   25.4 ◄|
[22:52:35.787] 
  Template Matrix (cross-relay normalized, enrollment-matched):
[22:52:35.787]            Rod  1    Rod  2    Rod  3    Rod  4  
[22:52:35.787]          ----------------------------------------
[22:52:35.787]   Q= 1  |   +6.8 ◄|   -1.0  |   +0.6  |   +4.1  |
[22:52:35.787]   Q= 2  |   +1.4  |   +7.6 ◄|   +0.8  |   +4.1  |
[22:52:35.787]   Q= 3  |   -0.7  |   +0.7  |  +10.6 ◄|   +0.1  |
[22:52:35.787]   Q= 4  |   +3.6  |   +0.8  |   +0.7  |   +8.4 ◄|
[22:52:35.787] 
  Diagonal Dominance (energy-based):
[22:52:35.788]     Query Rod 1: diag=52064373  best_off=58550133  dominance=-1.0 dB  ✗
[22:52:35.788]     Query Rod 2: diag=57632626  best_off=38507756  dominance=+3.5 dB  ✓
[22:52:35.788]     Query Rod 3: diag=24924390  best_off=45848436  dominance=-5.3 dB  ✗
[22:52:35.788]     Query Rod 4: diag=49323370  best_off=49227511  dominance=+0.0 dB  ✓
[22:52:35.788] 
  Diagonal Dominance (ratio-normalized):
[22:52:35.788]     Query Rod 1: diag_ratio=1.20  best_off=2.22  dominance=-5.3 dB  ✗
[22:52:35.788]     Query Rod 2: diag_ratio=2.63  best_off=3.47  dominance=-2.4 dB  ✗
[22:52:35.788]     Query Rod 3: diag_ratio=1.32  best_off=2.33  dominance=-4.9 dB  ✗
[22:52:35.788]     Query Rod 4: diag_ratio=2.29  best_off=2.11  dominance=+0.7 dB  ✓
[22:52:35.788] 
  Diagonal Dominance (weighted score):
[22:52:35.788]     Query Rod 1: diag_wtd=28.2  best_off=43.0  dominance=-3.7 dB  ✗
[22:52:35.788]     Query Rod 2: diag_wtd=55.6  best_off=58.9  dominance=-0.5 dB  ✗
[22:52:35.788]     Query Rod 3: diag_wtd=21.1  best_off=25.5  dominance=-1.6 dB  ✗
[22:52:35.788]     Query Rod 4: diag_wtd=25.4  best_off=36.3  dominance=-3.1 dB  ✗
[22:52:35.788] 
  Diagonal Dominance (template — cross-relay normalized):
[22:52:35.788]     Query Rod 1: diag=+6.78  best_off=+4.13  margin=+2.65  ✓
[22:52:35.788]     Query Rod 2: diag=+7.61  best_off=+4.07  margin=+3.54  ✓
[22:52:35.788]     Query Rod 3: diag=+10.62  best_off=+0.74  margin=+9.88  ✓
[22:52:35.788]     Query Rod 4: diag=+8.45  best_off=+3.58  margin=+4.87  ✓
[22:52:35.788] 
  ─── Summary ───
[22:52:35.789]   Strategy: template
[22:52:35.789]   Energy recall accuracy:   2/4 (50%)
[22:52:35.789]   Ratio recall accuracy:    1/4 (25%)
[22:52:35.789]   Weighted recall accuracy: 0/4 (0%)
[22:52:35.789]   Template recall accuracy: 4/4 (100%)
[22:52:35.789]   Mean energy dominance:    -0.7 dB
[22:52:35.789]   Mean ratio dominance:     -3.0 dB
[22:52:35.789]   Mean weighted dominance:  -2.2 dB
[22:52:35.789]   Mean template margin:     +5.23
[22:52:35.789]   Duration: 100.7s
[22:52:35.789] 
  ─── Overlap Analysis (explains low recall) ───
[22:52:35.789]     Q=1 vs S=2: 3/10 query peaks within 5% of sense rod's peaks (30% overlap)
[22:52:35.789]     Q=1 vs S=3: 4/10 query peaks within 5% of sense rod's peaks (40% overlap)
[22:52:35.789]     Q=1 vs S=4: 8/10 query peaks within 5% of sense rod's peaks (80% overlap)
[22:52:35.789]     Q=2 vs S=1: 3/10 query peaks within 5% of sense rod's peaks (30% overlap)
[22:52:35.789]     Q=2 vs S=3: 5/10 query peaks within 5% of sense rod's peaks (50% overlap)
[22:52:35.789]     Q=2 vs S=4: 5/10 query peaks within 5% of sense rod's peaks (50% overlap)
[22:52:35.789]     Q=3 vs S=1: 5/10 query peaks within 5% of sense rod's peaks (50% overlap)
[22:52:35.789]     Q=3 vs S=2: 5/10 query peaks within 5% of sense rod's peaks (50% overlap)
[22:52:35.789]     Q=3 vs S=4: 5/10 query peaks within 5% of sense rod's peaks (50% overlap)
[22:52:35.789]     Q=4 vs S=1: 8/10 query peaks within 5% of sense rod's peaks (80% overlap)
[22:52:35.789]     Q=4 vs S=2: 4/10 query peaks within 5% of sense rod's peaks (40% overlap)
[22:52:35.790]     Q=4 vs S=3: 5/10 query peaks within 5% of sense rod's peaks (50% overlap)
[22:52:35.859] 
Results saved to data/results/lab/associative_recall/recall_20260408_225052.json
